Jan 14, 2022 2:43:06 PM edu.yu.cs.com3800.LoggingServer initializeLogging
FINE: Initialized at: 1642189386494 for server 0 

Jan 14, 2022 2:43:06 PM edu.yu.cs.com3800.UDPMessageReceiver run
FINE: Waiting for packet
Jan 14, 2022 2:43:06 PM edu.yu.cs.com3800.UDPMessageReceiver run
FINE: UDP packet received:
Message Type: ELECTION
Sender Host: localhost
Sender port: 1010
Receiver Host: localhost
Receiver port: 990
Request ID: -1
Error Occurred: false
Message Contents: 
	Leader voted for: 2
	Sender server state: O
	Sender server ID: 2
	Sender peer epoch: 0
Jan 14, 2022 2:43:06 PM edu.yu.cs.com3800.UDPMessageReceiver run
FINE: Waiting for packet
Jan 14, 2022 2:43:07 PM edu.yu.cs.com3800.UDPMessageReceiver run
FINE: UDP packet received:
Message Type: ELECTION
Sender Host: localhost
Sender port: 1000
Receiver Host: localhost
Receiver port: 990
Request ID: -1
Error Occurred: false
Message Contents: 
	Leader voted for: 1
	Sender server state: O
	Sender server ID: 1
	Sender peer epoch: 0
Jan 14, 2022 2:43:07 PM edu.yu.cs.com3800.UDPMessageReceiver run
FINE: Waiting for packet
Jan 14, 2022 2:43:07 PM edu.yu.cs.com3800.UDPMessageReceiver run
FINE: UDP packet received:
Message Type: ELECTION
Sender Host: localhost
Sender port: 1000
Receiver Host: localhost
Receiver port: 990
Request ID: -1
Error Occurred: false
Message Contents: 
	Leader voted for: 2
	Sender server state: O
	Sender server ID: 1
	Sender peer epoch: 0
Jan 14, 2022 2:43:07 PM edu.yu.cs.com3800.UDPMessageReceiver run
FINE: Waiting for packet
Jan 14, 2022 2:43:07 PM edu.yu.cs.com3800.UDPMessageReceiver run
FINE: UDP packet received:
Message Type: ELECTION
Sender Host: localhost
Sender port: 1060
Receiver Host: localhost
Receiver port: 990
Request ID: -1
Error Occurred: false
Message Contents: 
	Leader voted for: 7
	Sender server state: O
	Sender server ID: 7
	Sender peer epoch: 0
Jan 14, 2022 2:43:07 PM edu.yu.cs.com3800.UDPMessageReceiver run
FINE: Waiting for packet
Jan 14, 2022 2:43:07 PM edu.yu.cs.com3800.UDPMessageReceiver run
FINE: UDP packet received:
Message Type: ELECTION
Sender Host: localhost
Sender port: 1040
Receiver Host: localhost
Receiver port: 990
Request ID: -1
Error Occurred: false
Message Contents: 
	Leader voted for: 5
	Sender server state: O
	Sender server ID: 5
	Sender peer epoch: 0
Jan 14, 2022 2:43:07 PM edu.yu.cs.com3800.UDPMessageReceiver run
FINE: Waiting for packet
Jan 14, 2022 2:43:07 PM edu.yu.cs.com3800.UDPMessageReceiver run
FINE: UDP packet received:
Message Type: ELECTION
Sender Host: localhost
Sender port: 1000
Receiver Host: localhost
Receiver port: 990
Request ID: -1
Error Occurred: false
Message Contents: 
	Leader voted for: 7
	Sender server state: O
	Sender server ID: 1
	Sender peer epoch: 0
Jan 14, 2022 2:43:07 PM edu.yu.cs.com3800.UDPMessageReceiver run
FINE: Waiting for packet
Jan 14, 2022 2:43:07 PM edu.yu.cs.com3800.UDPMessageReceiver run
FINE: UDP packet received:
Message Type: ELECTION
Sender Host: localhost
Sender port: 1010
Receiver Host: localhost
Receiver port: 990
Request ID: -1
Error Occurred: false
Message Contents: 
	Leader voted for: 7
	Sender server state: O
	Sender server ID: 2
	Sender peer epoch: 0
Jan 14, 2022 2:43:07 PM edu.yu.cs.com3800.UDPMessageReceiver run
FINE: Waiting for packet
Jan 14, 2022 2:43:07 PM edu.yu.cs.com3800.UDPMessageReceiver run
FINE: UDP packet received:
Message Type: ELECTION
Sender Host: localhost
Sender port: 1020
Receiver Host: localhost
Receiver port: 990
Request ID: -1
Error Occurred: false
Message Contents: 
	Leader voted for: 3
	Sender server state: O
	Sender server ID: 3
	Sender peer epoch: 0
Jan 14, 2022 2:43:07 PM edu.yu.cs.com3800.UDPMessageReceiver run
FINE: Waiting for packet
Jan 14, 2022 2:43:07 PM edu.yu.cs.com3800.UDPMessageReceiver run
FINE: UDP packet received:
Message Type: ELECTION
Sender Host: localhost
Sender port: 1050
Receiver Host: localhost
Receiver port: 990
Request ID: -1
Error Occurred: false
Message Contents: 
	Leader voted for: 6
	Sender server state: O
	Sender server ID: 6
	Sender peer epoch: 0
Jan 14, 2022 2:43:07 PM edu.yu.cs.com3800.UDPMessageReceiver run
FINE: Waiting for packet
Jan 14, 2022 2:43:07 PM edu.yu.cs.com3800.UDPMessageReceiver run
FINE: UDP packet received:
Message Type: ELECTION
Sender Host: localhost
Sender port: 1050
Receiver Host: localhost
Receiver port: 990
Request ID: -1
Error Occurred: false
Message Contents: 
	Leader voted for: 7
	Sender server state: O
	Sender server ID: 6
	Sender peer epoch: 0
Jan 14, 2022 2:43:07 PM edu.yu.cs.com3800.UDPMessageReceiver run
FINE: Waiting for packet
Jan 14, 2022 2:43:07 PM edu.yu.cs.com3800.UDPMessageReceiver run
FINE: UDP packet received:
Message Type: ELECTION
Sender Host: localhost
Sender port: 1030
Receiver Host: localhost
Receiver port: 990
Request ID: -1
Error Occurred: false
Message Contents: 
	Leader voted for: 4
	Sender server state: O
	Sender server ID: 4
	Sender peer epoch: 0
Jan 14, 2022 2:43:07 PM edu.yu.cs.com3800.UDPMessageReceiver run
FINE: Waiting for packet
Jan 14, 2022 2:43:07 PM edu.yu.cs.com3800.UDPMessageReceiver run
FINE: UDP packet received:
Message Type: ELECTION
Sender Host: localhost
Sender port: 1030
Receiver Host: localhost
Receiver port: 990
Request ID: -1
Error Occurred: false
Message Contents: 
	Leader voted for: 7
	Sender server state: O
	Sender server ID: 4
	Sender peer epoch: 0
Jan 14, 2022 2:43:07 PM edu.yu.cs.com3800.UDPMessageReceiver run
FINE: Waiting for packet
Jan 14, 2022 2:43:07 PM edu.yu.cs.com3800.UDPMessageReceiver run
FINE: UDP packet received:
Message Type: ELECTION
Sender Host: localhost
Sender port: 1020
Receiver Host: localhost
Receiver port: 990
Request ID: -1
Error Occurred: false
Message Contents: 
	Leader voted for: 7
	Sender server state: O
	Sender server ID: 3
	Sender peer epoch: 0
Jan 14, 2022 2:43:07 PM edu.yu.cs.com3800.UDPMessageReceiver run
FINE: Waiting for packet
Jan 14, 2022 2:43:07 PM edu.yu.cs.com3800.UDPMessageReceiver run
FINE: UDP packet received:
Message Type: ELECTION
Sender Host: localhost
Sender port: 1040
Receiver Host: localhost
Receiver port: 990
Request ID: -1
Error Occurred: false
Message Contents: 
	Leader voted for: 7
	Sender server state: O
	Sender server ID: 5
	Sender peer epoch: 0
Jan 14, 2022 2:43:07 PM edu.yu.cs.com3800.UDPMessageReceiver run
FINE: Waiting for packet
Jan 14, 2022 2:43:10 PM edu.yu.cs.com3800.UDPMessageReceiver run
FINE: UDP packet received:
Message Type: GOSSIP
Sender Host: localhost
Sender port: 1060
Receiver Host: localhost
Receiver port: 990
Request ID: -1
Error Occurred: false
Message Contents: 
	Server: 3
	  Heartbeat: 1	Server: 6
	  Heartbeat: 2	Server: 7
	  Heartbeat: 2
Jan 14, 2022 2:43:10 PM edu.yu.cs.com3800.UDPMessageReceiver run
FINE: Waiting for packet
Jan 14, 2022 2:43:12 PM edu.yu.cs.com3800.UDPMessageReceiver run
FINE: UDP packet received:
Message Type: GOSSIP
Sender Host: localhost
Sender port: 1020
Receiver Host: localhost
Receiver port: 990
Request ID: -1
Error Occurred: false
Message Contents: 
	Server: 1
	  Heartbeat: 2	Server: 2
	  Heartbeat: 1	Server: 3
	  Heartbeat: 3	Server: 4
	  Heartbeat: 1	Server: 5
	  Heartbeat: 2
Jan 14, 2022 2:43:12 PM edu.yu.cs.com3800.UDPMessageReceiver run
FINE: Waiting for packet
Jan 14, 2022 2:43:14 PM edu.yu.cs.com3800.UDPMessageReceiver run
FINE: UDP packet received:
Message Type: GOSSIP
Sender Host: localhost
Sender port: 1010
Receiver Host: localhost
Receiver port: 990
Request ID: -1
Error Occurred: false
Message Contents: 
	Server: 0
	  Heartbeat: 2	Server: 2
	  Heartbeat: 4	Server: 6
	  Heartbeat: 1	Server: 7
	  Heartbeat: 1
Jan 14, 2022 2:43:14 PM edu.yu.cs.com3800.UDPMessageReceiver run
FINE: Waiting for packet
Jan 14, 2022 2:43:14 PM edu.yu.cs.com3800.UDPMessageReceiver run
FINE: UDP packet received:
Message Type: GOSSIP
Sender Host: localhost
Sender port: 1040
Receiver Host: localhost
Receiver port: 990
Request ID: -1
Error Occurred: false
Message Contents: 
	Server: 0
	  Heartbeat: 2	Server: 1
	  Heartbeat: 3	Server: 2
	  Heartbeat: 3	Server: 3
	  Heartbeat: 2	Server: 4
	  Heartbeat: 2	Server: 5
	  Heartbeat: 4	Server: 6
	  Heartbeat: 1	Server: 7
	  Heartbeat: 1
Jan 14, 2022 2:43:14 PM edu.yu.cs.com3800.UDPMessageReceiver run
FINE: Waiting for packet
Jan 14, 2022 2:43:17 PM edu.yu.cs.com3800.UDPMessageReceiver run
FINE: Waiting for packet
Jan 14, 2022 2:43:20 PM edu.yu.cs.com3800.UDPMessageReceiver run
FINE: Waiting for packet
Jan 14, 2022 2:43:21 PM edu.yu.cs.com3800.UDPMessageReceiver run
FINE: UDP packet received:
Message Type: GOSSIP
Sender Host: localhost
Sender port: 1030
Receiver Host: localhost
Receiver port: 990
Request ID: -1
Error Occurred: false
Message Contents: 
	Server: 0
	  Heartbeat: 4	Server: 1
	  Heartbeat: 5	Server: 2
	  Heartbeat: 1	Server: 3
	  Heartbeat: 3	Server: 4
	  Heartbeat: 7	Server: 5
	  Heartbeat: 3	Server: 6
	  Heartbeat: 2	Server: 7
	  Heartbeat: 4
Jan 14, 2022 2:43:21 PM edu.yu.cs.com3800.UDPMessageReceiver run
FINE: Waiting for packet
Jan 14, 2022 2:43:21 PM edu.yu.cs.com3800.UDPMessageReceiver run
FINE: UDP packet received:
Message Type: GOSSIP
Sender Host: localhost
Sender port: 1060
Receiver Host: localhost
Receiver port: 990
Request ID: -1
Error Occurred: false
Message Contents: 
	Server: 0
	  Heartbeat: 6	Server: 1
	  Heartbeat: 6	Server: 2
	  Heartbeat: 7	Server: 3
	  Heartbeat: 5	Server: 4
	  Heartbeat: 6	Server: 5
	  Heartbeat: 6	Server: 6
	  Heartbeat: 7	Server: 7
	  Heartbeat: 7
Jan 14, 2022 2:43:21 PM edu.yu.cs.com3800.UDPMessageReceiver run
FINE: Waiting for packet
Jan 14, 2022 2:43:24 PM edu.yu.cs.com3800.UDPMessageReceiver run
FINE: Waiting for packet
Jan 14, 2022 2:43:27 PM edu.yu.cs.com3800.UDPMessageReceiver run
FINE: UDP packet received:
Message Type: GOSSIP
Sender Host: localhost
Sender port: 1010
Receiver Host: localhost
Receiver port: 990
Request ID: -1
Error Occurred: false
Message Contents: 
	Server: 0
	  Heartbeat: 7	Server: 1
	  Heartbeat: 7	Server: 2
	  Heartbeat: 10	Server: 3
	  Heartbeat: 7	Server: 4
	  Heartbeat: 6	Server: 5
	  Heartbeat: 8	Server: 6
	  Heartbeat: 8	Server: 7
	  Heartbeat: 6
Jan 14, 2022 2:43:27 PM edu.yu.cs.com3800.UDPMessageReceiver run
FINE: Waiting for packet
Jan 14, 2022 2:43:30 PM edu.yu.cs.com3800.UDPMessageReceiver run
FINE: Waiting for packet
Jan 14, 2022 2:43:33 PM edu.yu.cs.com3800.UDPMessageReceiver run
FINE: UDP packet received:
Message Type: GOSSIP
Sender Host: localhost
Sender port: 1050
Receiver Host: localhost
Receiver port: 990
Request ID: -1
Error Occurred: false
Message Contents: 
	Server: 0
	  Heartbeat: 10	Server: 1
	  Heartbeat: 11	Server: 2
	  Heartbeat: 9	Server: 3
	  Heartbeat: 12	Server: 4
	  Heartbeat: 10	Server: 5
	  Heartbeat: 11	Server: 6
	  Heartbeat: 13	Server: 7
	  Heartbeat: 10
Jan 14, 2022 2:43:33 PM edu.yu.cs.com3800.UDPMessageReceiver run
FINE: Waiting for packet
Jan 14, 2022 2:43:33 PM edu.yu.cs.com3800.UDPMessageReceiver run
FINE: UDP packet received:
Message Type: GOSSIP
Sender Host: localhost
Sender port: 1020
Receiver Host: localhost
Receiver port: 990
Request ID: -1
Error Occurred: false
Message Contents: 
	Server: 0
	  Heartbeat: 10	Server: 1
	  Heartbeat: 10	Server: 2
	  Heartbeat: 12	Server: 3
	  Heartbeat: 13	Server: 4
	  Heartbeat: 9	Server: 5
	  Heartbeat: 9	Server: 6
	  Heartbeat: 10	Server: 7
	  Heartbeat: 11
Jan 14, 2022 2:43:33 PM edu.yu.cs.com3800.UDPMessageReceiver run
FINE: Waiting for packet
Jan 14, 2022 2:43:33 PM edu.yu.cs.com3800.UDPMessageReceiver run
FINE: UDP packet received:
Message Type: GOSSIP
Sender Host: localhost
Sender port: 1060
Receiver Host: localhost
Receiver port: 990
Request ID: -1
Error Occurred: false
Message Contents: 
	Server: 0
	  Heartbeat: 12	Server: 1
	  Heartbeat: 10	Server: 2
	  Heartbeat: 11	Server: 3
	  Heartbeat: 9	Server: 4
	  Heartbeat: 11	Server: 5
	  Heartbeat: 8	Server: 6
	  Heartbeat: 9	Server: 7
	  Heartbeat: 13
Jan 14, 2022 2:43:33 PM edu.yu.cs.com3800.UDPMessageReceiver run
FINE: Waiting for packet
Jan 14, 2022 2:43:34 PM edu.yu.cs.com3800.UDPMessageReceiver run
FINE: UDP packet received:
Message Type: GOSSIP
Sender Host: localhost
Sender port: 1000
Receiver Host: localhost
Receiver port: 990
Request ID: -1
Error Occurred: false
Message Contents: 
	Server: 0
	  Heartbeat: 12	Server: 1
	  Heartbeat: 13	Server: 2
	  Heartbeat: 13	Server: 3
	  Heartbeat: 11	Server: 4
	  Heartbeat: 12	Server: 5
	  Heartbeat: 12	Server: 6
	  Heartbeat: 12	Server: 7
	  Heartbeat: 12
Jan 14, 2022 2:43:34 PM edu.yu.cs.com3800.UDPMessageReceiver run
FINE: Waiting for packet
Jan 14, 2022 2:43:35 PM edu.yu.cs.com3800.UDPMessageReceiver run
FINE: UDP packet received:
Message Type: GOSSIP
Sender Host: localhost
Sender port: 1020
Receiver Host: localhost
Receiver port: 990
Request ID: -1
Error Occurred: false
Message Contents: 
	Server: 0
	  Heartbeat: 13	Server: 1
	  Heartbeat: 11	Server: 2
	  Heartbeat: 12	Server: 3
	  Heartbeat: 14	Server: 4
	  Heartbeat: 11	Server: 5
	  Heartbeat: 11	Server: 6
	  Heartbeat: 13	Server: 7
	  Heartbeat: 13
Jan 14, 2022 2:43:35 PM edu.yu.cs.com3800.UDPMessageReceiver run
FINE: Waiting for packet
Jan 14, 2022 2:43:35 PM edu.yu.cs.com3800.UDPMessageReceiver run
FINE: UDP packet received:
Message Type: GOSSIP
Sender Host: localhost
Sender port: 1050
Receiver Host: localhost
Receiver port: 990
Request ID: -1
Error Occurred: false
Message Contents: 
	Server: 0
	  Heartbeat: 10	Server: 1
	  Heartbeat: 11	Server: 2
	  Heartbeat: 9	Server: 3
	  Heartbeat: 12	Server: 4
	  Heartbeat: 10	Server: 5
	  Heartbeat: 13	Server: 6
	  Heartbeat: 14	Server: 7
	  Heartbeat: 10
Jan 14, 2022 2:43:35 PM edu.yu.cs.com3800.UDPMessageReceiver run
FINE: Waiting for packet
Jan 14, 2022 2:43:38 PM edu.yu.cs.com3800.UDPMessageReceiver run
FINE: UDP packet received:
Message Type: GOSSIP
Sender Host: localhost
Sender port: 1040
Receiver Host: localhost
Receiver port: 990
Request ID: -1
Error Occurred: false
Message Contents: 
	Server: 0
	  Heartbeat: 14	Server: 1
	  Heartbeat: 13	Server: 2
	  Heartbeat: 13	Server: 3
	  Heartbeat: 15	Server: 4
	  Heartbeat: 12	Server: 5
	  Heartbeat: 15	Server: 6
	  Heartbeat: 14	Server: 7
	  Heartbeat: 13
Jan 14, 2022 2:43:38 PM edu.yu.cs.com3800.UDPMessageReceiver run
FINE: Waiting for packet
Jan 14, 2022 2:43:41 PM edu.yu.cs.com3800.UDPMessageReceiver run
FINE: Waiting for packet
Jan 14, 2022 2:43:42 PM edu.yu.cs.com3800.UDPMessageReceiver run
FINE: UDP packet received:
Message Type: GOSSIP
Sender Host: localhost
Sender port: 1030
Receiver Host: localhost
Receiver port: 990
Request ID: -1
Error Occurred: false
Message Contents: 
	Server: 0
	  Heartbeat: 17	Server: 1
	  Heartbeat: 17	Server: 2
	  Heartbeat: 15	Server: 3
	  Heartbeat: 17	Server: 4
	  Heartbeat: 17	Server: 5
	  Heartbeat: 16	Server: 6
	  Heartbeat: 17	Server: 7
	  Heartbeat: 17
Jan 14, 2022 2:43:42 PM edu.yu.cs.com3800.UDPMessageReceiver run
FINE: Waiting for packet
Jan 14, 2022 2:43:45 PM edu.yu.cs.com3800.UDPMessageReceiver run
FINE: Waiting for packet
Jan 14, 2022 2:43:47 PM edu.yu.cs.com3800.UDPMessageReceiver run
FINE: UDP packet received:
Message Type: GOSSIP
Sender Host: localhost
Sender port: 1050
Receiver Host: localhost
Receiver port: 990
Request ID: -1
Error Occurred: false
Message Contents: 
	Server: 0
	  Heartbeat: 15	Server: 1
	  Heartbeat: 13	Server: 2
	  Heartbeat: 13	Server: 3
	  Heartbeat: 16	Server: 4
	  Heartbeat: 16	Server: 5
	  Heartbeat: 16	Server: 6
	  Heartbeat: 20	Server: 7
	  Heartbeat: 13
Jan 14, 2022 2:43:47 PM edu.yu.cs.com3800.UDPMessageReceiver run
FINE: Waiting for packet
Jan 14, 2022 2:43:48 PM edu.yu.cs.com3800.UDPMessageReceiver run
FINE: UDP packet received:
Message Type: GOSSIP
Sender Host: localhost
Sender port: 1000
Receiver Host: localhost
Receiver port: 990
Request ID: -1
Error Occurred: false
Message Contents: 
	Server: 0
	  Heartbeat: 16	Server: 1
	  Heartbeat: 20	Server: 2
	  Heartbeat: 13	Server: 3
	  Heartbeat: 16	Server: 4
	  Heartbeat: 16	Server: 5
	  Heartbeat: 16	Server: 6
	  Heartbeat: 17	Server: 7
	  Heartbeat: 13
Jan 14, 2022 2:43:48 PM edu.yu.cs.com3800.UDPMessageReceiver run
FINE: Waiting for packet
Jan 14, 2022 2:43:48 PM edu.yu.cs.com3800.UDPMessageReceiver run
FINE: UDP packet received:
Message Type: GOSSIP
Sender Host: localhost
Sender port: 1040
Receiver Host: localhost
Receiver port: 990
Request ID: -1
Error Occurred: false
Message Contents: 
	Server: 0
	  Heartbeat: 19	Server: 1
	  Heartbeat: 18	Server: 2
	  Heartbeat: 15	Server: 3
	  Heartbeat: 19	Server: 4
	  Heartbeat: 19	Server: 5
	  Heartbeat: 20	Server: 6
	  Heartbeat: 19	Server: 7
	  Heartbeat: 17
Jan 14, 2022 2:43:48 PM edu.yu.cs.com3800.UDPMessageReceiver run
FINE: Waiting for packet
Jan 14, 2022 2:43:50 PM edu.yu.cs.com3800.UDPMessageReceiver run
FINE: UDP packet received:
Message Type: GOSSIP
Sender Host: localhost
Sender port: 1030
Receiver Host: localhost
Receiver port: 990
Request ID: -1
Error Occurred: false
Message Contents: 
	Server: 0
	  Heartbeat: 19	Server: 1
	  Heartbeat: 19	Server: 2
	  Heartbeat: 15	Server: 3
	  Heartbeat: 19	Server: 4
	  Heartbeat: 21	Server: 5
	  Heartbeat: 19	Server: 6
	  Heartbeat: 19	Server: 7
	  Heartbeat: 20
Jan 14, 2022 2:43:50 PM edu.yu.cs.com3800.UDPMessageReceiver run
FINE: Waiting for packet
Jan 14, 2022 2:43:53 PM edu.yu.cs.com3800.UDPMessageReceiver run
FINE: Waiting for packet
Jan 14, 2022 2:43:53 PM edu.yu.cs.com3800.UDPMessageReceiver run
FINE: UDP packet received:
Message Type: GOSSIP
Sender Host: localhost
Sender port: 1050
Receiver Host: localhost
Receiver port: 990
Request ID: -1
Error Occurred: false
Message Contents: 
	Server: 0
	  Heartbeat: 15	Server: 1
	  Heartbeat: 13	Server: 2
	  Heartbeat: 13	Server: 3
	  Heartbeat: 16	Server: 4
	  Heartbeat: 16	Server: 5
	  Heartbeat: 16	Server: 6
	  Heartbeat: 23	Server: 7
	  Heartbeat: 13
Jan 14, 2022 2:43:53 PM edu.yu.cs.com3800.UDPMessageReceiver run
FINE: Waiting for packet
Jan 14, 2022 2:43:56 PM edu.yu.cs.com3800.UDPMessageReceiver run
FINE: Waiting for packet
Jan 14, 2022 2:43:57 PM edu.yu.cs.com3800.UDPMessageReceiver run
FINE: UDP packet received:
Message Type: GOSSIP
Sender Host: localhost
Sender port: 1050
Receiver Host: localhost
Receiver port: 990
Request ID: -1
Error Occurred: false
Message Contents: 
	Server: 0
	  Heartbeat: 22	Server: 1
	  Heartbeat: 24	Server: 2
	  Heartbeat: 15	Server: 3
	  Heartbeat: 22	Server: 4
	  Heartbeat: 23	Server: 5
	  Heartbeat: 24	Server: 6
	  Heartbeat: 25	Server: 7
	  Heartbeat: 24
Jan 14, 2022 2:43:57 PM edu.yu.cs.com3800.UDPMessageReceiver run
FINE: Waiting for packet
Jan 14, 2022 2:43:58 PM edu.yu.cs.com3800.UDPMessageReceiver run
FINE: UDP packet received:
Message Type: GOSSIP
Sender Host: localhost
Sender port: 1000
Receiver Host: localhost
Receiver port: 990
Request ID: -1
Error Occurred: false
Message Contents: 
	Server: 0
	  Heartbeat: 23	Server: 1
	  Heartbeat: 25	Server: 2
	  Heartbeat: 15	Server: 3
	  Heartbeat: 24	Server: 4
	  Heartbeat: 22	Server: 5
	  Heartbeat: 23	Server: 6
	  Heartbeat: 23	Server: 7
	  Heartbeat: 23
Jan 14, 2022 2:43:58 PM edu.yu.cs.com3800.UDPMessageReceiver run
FINE: Waiting for packet
Jan 14, 2022 2:43:58 PM edu.yu.cs.com3800.UDPMessageReceiver run
FINE: UDP packet received:
Message Type: GOSSIP
Sender Host: localhost
Sender port: 1040
Receiver Host: localhost
Receiver port: 990
Request ID: -1
Error Occurred: false
Message Contents: 
	Server: 0
	  Heartbeat: 22	Server: 1
	  Heartbeat: 23	Server: 2
	  Heartbeat: 15	Server: 3
	  Heartbeat: 22	Server: 4
	  Heartbeat: 24	Server: 5
	  Heartbeat: 25	Server: 6
	  Heartbeat: 24	Server: 7
	  Heartbeat: 24
Jan 14, 2022 2:43:58 PM edu.yu.cs.com3800.UDPMessageReceiver run
FINE: Waiting for packet
Jan 14, 2022 2:44:00 PM edu.yu.cs.com3800.UDPMessageReceiver run
FINE: UDP packet received:
Message Type: GOSSIP
Sender Host: localhost
Sender port: 1060
Receiver Host: localhost
Receiver port: 990
Request ID: -1
Error Occurred: false
Message Contents: 
	Server: 0
	  Heartbeat: 25	Server: 1
	  Heartbeat: 25	Server: 2
	  Heartbeat: 15	Server: 3
	  Heartbeat: 24	Server: 4
	  Heartbeat: 23	Server: 5
	  Heartbeat: 24	Server: 6
	  Heartbeat: 25	Server: 7
	  Heartbeat: 26
Jan 14, 2022 2:44:00 PM edu.yu.cs.com3800.UDPMessageReceiver run
FINE: Waiting for packet
Jan 14, 2022 2:44:02 PM edu.yu.cs.com3800.UDPMessageReceiver run
FINE: UDP packet received:
Message Type: GOSSIP
Sender Host: localhost
Sender port: 1000
Receiver Host: localhost
Receiver port: 990
Request ID: -1
Error Occurred: false
Message Contents: 
	Server: 0
	  Heartbeat: 23	Server: 1
	  Heartbeat: 27	Server: 2
	  Heartbeat: 15	Server: 3
	  Heartbeat: 24	Server: 4
	  Heartbeat: 22	Server: 5
	  Heartbeat: 23	Server: 6
	  Heartbeat: 23	Server: 7
	  Heartbeat: 23
Jan 14, 2022 2:44:02 PM edu.yu.cs.com3800.UDPMessageReceiver run
FINE: Waiting for packet
Jan 14, 2022 2:44:05 PM edu.yu.cs.com3800.UDPMessageReceiver run
FINE: Waiting for packet
Jan 14, 2022 2:44:05 PM edu.yu.cs.com3800.UDPMessageReceiver run
FINE: UDP packet received:
Message Type: GOSSIP
Sender Host: localhost
Sender port: 1050
Receiver Host: localhost
Receiver port: 990
Request ID: -1
Error Occurred: false
Message Contents: 
	Server: 0
	  Heartbeat: 27	Server: 1
	  Heartbeat: 28	Server: 2
	  Heartbeat: 15	Server: 3
	  Heartbeat: 27	Server: 4
	  Heartbeat: 28	Server: 5
	  Heartbeat: 28	Server: 6
	  Heartbeat: 29	Server: 7
	  Heartbeat: 28
Jan 14, 2022 2:44:05 PM edu.yu.cs.com3800.UDPMessageReceiver run
FINE: Waiting for packet
Jan 14, 2022 2:44:08 PM edu.yu.cs.com3800.UDPMessageReceiver run
FINE: Waiting for packet
Jan 14, 2022 2:44:09 PM edu.yu.cs.com3800.UDPMessageReceiver run
FINE: UDP packet received:
Message Type: GOSSIP
Sender Host: localhost
Sender port: 1050
Receiver Host: localhost
Receiver port: 990
Request ID: -1
Error Occurred: false
Message Contents: 
	Server: 0
	  Heartbeat: 29	Server: 1
	  Heartbeat: 29	Server: 2
	  Heartbeat: 15	Server: 3
	  Heartbeat: 29	Server: 4
	  Heartbeat: 28	Server: 5
	  Heartbeat: 29	Server: 6
	  Heartbeat: 31	Server: 7
	  Heartbeat: 30
Jan 14, 2022 2:44:09 PM edu.yu.cs.com3800.UDPMessageReceiver run
FINE: Waiting for packet
Jan 14, 2022 2:44:12 PM edu.yu.cs.com3800.UDPMessageReceiver run
FINE: Waiting for packet
Jan 14, 2022 2:44:14 PM edu.yu.cs.com3800.UDPMessageReceiver run
FINE: UDP packet received:
Message Type: GOSSIP
Sender Host: localhost
Sender port: 1000
Receiver Host: localhost
Receiver port: 990
Request ID: -1
Error Occurred: false
Message Contents: 
	Server: 0
	  Heartbeat: 30	Server: 1
	  Heartbeat: 33	Server: 3
	  Heartbeat: 30	Server: 4
	  Heartbeat: 31	Server: 5
	  Heartbeat: 31	Server: 6
	  Heartbeat: 30	Server: 7
	  Heartbeat: 29
Jan 14, 2022 2:44:14 PM edu.yu.cs.com3800.UDPMessageReceiver run
FINE: Waiting for packet
Jan 14, 2022 2:44:14 PM edu.yu.cs.com3800.UDPMessageReceiver run
FINE: UDP packet received:
Message Type: GOSSIP
Sender Host: localhost
Sender port: 1020
Receiver Host: localhost
Receiver port: 990
Request ID: -1
Error Occurred: false
Message Contents: 
	Server: 0
	  Heartbeat: 30	Server: 1
	  Heartbeat: 32	Server: 2
	  Heartbeat: 15	Server: 3
	  Heartbeat: 33	Server: 4
	  Heartbeat: 31	Server: 5
	  Heartbeat: 31	Server: 6
	  Heartbeat: 30	Server: 7
	  Heartbeat: 29
Jan 14, 2022 2:44:14 PM edu.yu.cs.com3800.UDPMessageReceiver run
FINE: Waiting for packet
Jan 14, 2022 2:44:16 PM edu.yu.cs.com3800.UDPMessageReceiver run
FINE: UDP packet received:
Message Type: GOSSIP
Sender Host: localhost
Sender port: 1030
Receiver Host: localhost
Receiver port: 990
Request ID: -1
Error Occurred: false
Message Contents: 
	Server: 0
	  Heartbeat: 32	Server: 1
	  Heartbeat: 32	Server: 2
	  Heartbeat: 15	Server: 3
	  Heartbeat: 32	Server: 4
	  Heartbeat: 34	Server: 5
	  Heartbeat: 33	Server: 6
	  Heartbeat: 33	Server: 7
	  Heartbeat: 33
Jan 14, 2022 2:44:16 PM edu.yu.cs.com3800.UDPMessageReceiver run
FINE: Waiting for packet
Jan 14, 2022 2:44:17 PM edu.yu.cs.com3800.UDPMessageReceiver run
FINE: UDP packet received:
Message Type: GOSSIP
Sender Host: localhost
Sender port: 1050
Receiver Host: localhost
Receiver port: 990
Request ID: -1
Error Occurred: false
Message Contents: 
	Server: 0
	  Heartbeat: 34	Server: 1
	  Heartbeat: 34	Server: 3
	  Heartbeat: 33	Server: 4
	  Heartbeat: 34	Server: 5
	  Heartbeat: 33	Server: 6
	  Heartbeat: 35	Server: 7
	  Heartbeat: 34
Jan 14, 2022 2:44:17 PM edu.yu.cs.com3800.UDPMessageReceiver run
FINE: Waiting for packet
Jan 14, 2022 2:44:18 PM edu.yu.cs.com3800.UDPMessageReceiver run
FINE: UDP packet received:
Message Type: GOSSIP
Sender Host: localhost
Sender port: 1060
Receiver Host: localhost
Receiver port: 990
Request ID: -1
Error Occurred: false
Message Contents: 
	Server: 0
	  Heartbeat: 32	Server: 1
	  Heartbeat: 30	Server: 2
	  Heartbeat: 15	Server: 3
	  Heartbeat: 31	Server: 4
	  Heartbeat: 32	Server: 5
	  Heartbeat: 34	Server: 6
	  Heartbeat: 32	Server: 7
	  Heartbeat: 35
Jan 14, 2022 2:44:18 PM edu.yu.cs.com3800.UDPMessageReceiver run
FINE: Waiting for packet
Jan 14, 2022 2:44:21 PM edu.yu.cs.com3800.UDPMessageReceiver run
FINE: Waiting for packet
Jan 14, 2022 2:44:24 PM edu.yu.cs.com3800.UDPMessageReceiver run
FINE: UDP packet received:
Message Type: GOSSIP
Sender Host: localhost
Sender port: 1050
Receiver Host: localhost
Receiver port: 990
Request ID: -1
Error Occurred: false
Message Contents: 
	Server: 0
	  Heartbeat: 34	Server: 1
	  Heartbeat: 35	Server: 2
	  Heartbeat: 15	Server: 3
	  Heartbeat: 34	Server: 4
	  Heartbeat: 34	Server: 5
	  Heartbeat: 35	Server: 6
	  Heartbeat: 38	Server: 7
	  Heartbeat: 34
Jan 14, 2022 2:44:24 PM edu.yu.cs.com3800.UDPMessageReceiver run
FINE: Waiting for packet
Jan 14, 2022 2:44:27 PM edu.yu.cs.com3800.UDPMessageReceiver run
FINE: Waiting for packet
Jan 14, 2022 2:44:27 PM edu.yu.cs.com3800.UDPMessageReceiver run
FINE: UDP packet received:
Message Type: GOSSIP
Sender Host: localhost
Sender port: 1020
Receiver Host: localhost
Receiver port: 990
Request ID: -1
Error Occurred: false
Message Contents: 
	Server: 0
	  Heartbeat: 37	Server: 1
	  Heartbeat: 37	Server: 2
	  Heartbeat: 15	Server: 3
	  Heartbeat: 39	Server: 4
	  Heartbeat: 38	Server: 5
	  Heartbeat: 38	Server: 6
	  Heartbeat: 37	Server: 7
	  Heartbeat: 35
Jan 14, 2022 2:44:27 PM edu.yu.cs.com3800.UDPMessageReceiver run
FINE: Waiting for packet
Jan 14, 2022 2:44:28 PM edu.yu.cs.com3800.UDPMessageReceiver run
FINE: UDP packet received:
Message Type: GOSSIP
Sender Host: localhost
Sender port: 1050
Receiver Host: localhost
Receiver port: 990
Request ID: -1
Error Occurred: false
Message Contents: 
	Server: 0
	  Heartbeat: 39	Server: 1
	  Heartbeat: 35	Server: 2
	  Heartbeat: 15	Server: 3
	  Heartbeat: 34	Server: 4
	  Heartbeat: 34	Server: 5
	  Heartbeat: 35	Server: 6
	  Heartbeat: 40	Server: 7
	  Heartbeat: 35
Jan 14, 2022 2:44:28 PM edu.yu.cs.com3800.UDPMessageReceiver run
FINE: Waiting for packet
Jan 14, 2022 2:44:31 PM edu.yu.cs.com3800.UDPMessageReceiver run
FINE: Waiting for packet
Jan 14, 2022 2:44:34 PM edu.yu.cs.com3800.UDPMessageReceiver run
FINE: Waiting for packet
Jan 14, 2022 2:44:37 PM edu.yu.cs.com3800.UDPMessageReceiver run
FINE: Waiting for packet
Jan 14, 2022 2:44:37 PM edu.yu.cs.com3800.UDPMessageReceiver run
FINE: UDP packet received:
Message Type: GOSSIP
Sender Host: localhost
Sender port: 1020
Receiver Host: localhost
Receiver port: 990
Request ID: -1
Error Occurred: false
Message Contents: 
	Server: 0
	  Heartbeat: 42	Server: 1
	  Heartbeat: 42	Server: 2
	  Heartbeat: 15	Server: 3
	  Heartbeat: 44	Server: 4
	  Heartbeat: 41	Server: 5
	  Heartbeat: 40	Server: 6
	  Heartbeat: 44	Server: 7
	  Heartbeat: 35
Jan 14, 2022 2:44:37 PM edu.yu.cs.com3800.UDPMessageReceiver run
FINE: Waiting for packet
Jan 14, 2022 2:44:39 PM edu.yu.cs.com3800.UDPMessageReceiver run
FINE: UDP packet received:
Message Type: ELECTION
Sender Host: localhost
Sender port: 1000
Receiver Host: localhost
Receiver port: 990
Request ID: -1
Error Occurred: false
Message Contents: 
	Leader voted for: 7
	Sender server state: F
	Sender server ID: 1
	Sender peer epoch: 0
Jan 14, 2022 2:44:39 PM edu.yu.cs.com3800.UDPMessageReceiver run
FINE: Waiting for packet
Jan 14, 2022 2:44:39 PM edu.yu.cs.com3800.UDPMessageReceiver run
FINE: UDP packet received:
Message Type: ELECTION
Sender Host: localhost
Sender port: 1020
Receiver Host: localhost
Receiver port: 990
Request ID: -1
Error Occurred: false
Message Contents: 
	Leader voted for: 7
	Sender server state: F
	Sender server ID: 3
	Sender peer epoch: 0
Jan 14, 2022 2:44:39 PM edu.yu.cs.com3800.UDPMessageReceiver run
FINE: Waiting for packet
Jan 14, 2022 2:44:39 PM edu.yu.cs.com3800.UDPMessageReceiver run
FINE: UDP packet received:
Message Type: ELECTION
Sender Host: localhost
Sender port: 1030
Receiver Host: localhost
Receiver port: 990
Request ID: -1
Error Occurred: false
Message Contents: 
	Leader voted for: 7
	Sender server state: F
	Sender server ID: 4
	Sender peer epoch: 0
Jan 14, 2022 2:44:39 PM edu.yu.cs.com3800.UDPMessageReceiver run
FINE: Waiting for packet
Jan 14, 2022 2:44:39 PM edu.yu.cs.com3800.UDPMessageReceiver run
FINE: UDP packet received:
Message Type: ELECTION
Sender Host: localhost
Sender port: 1040
Receiver Host: localhost
Receiver port: 990
Request ID: -1
Error Occurred: false
Message Contents: 
	Leader voted for: 7
	Sender server state: F
	Sender server ID: 5
	Sender peer epoch: 0
Jan 14, 2022 2:44:39 PM edu.yu.cs.com3800.UDPMessageReceiver run
FINE: Waiting for packet
Jan 14, 2022 2:44:39 PM edu.yu.cs.com3800.UDPMessageReceiver run
FINE: UDP packet received:
Message Type: ELECTION
Sender Host: localhost
Sender port: 1050
Receiver Host: localhost
Receiver port: 990
Request ID: -1
Error Occurred: false
Message Contents: 
	Leader voted for: 7
	Sender server state: F
	Sender server ID: 6
	Sender peer epoch: 0
Jan 14, 2022 2:44:39 PM edu.yu.cs.com3800.UDPMessageReceiver run
FINE: Waiting for packet
Jan 14, 2022 2:44:39 PM edu.yu.cs.com3800.UDPMessageReceiver run
FINE: UDP packet received:
Message Type: ELECTION
Sender Host: localhost
Sender port: 1020
Receiver Host: localhost
Receiver port: 990
Request ID: -1
Error Occurred: false
Message Contents: 
	Leader voted for: 3
	Sender server state: O
	Sender server ID: 3
	Sender peer epoch: 1
Jan 14, 2022 2:44:39 PM edu.yu.cs.com3800.UDPMessageReceiver run
FINE: Waiting for packet
Jan 14, 2022 2:44:39 PM edu.yu.cs.com3800.UDPMessageReceiver run
FINE: UDP packet received:
Message Type: ELECTION
Sender Host: localhost
Sender port: 1000
Receiver Host: localhost
Receiver port: 990
Request ID: -1
Error Occurred: false
Message Contents: 
	Leader voted for: 7
	Sender server state: F
	Sender server ID: 1
	Sender peer epoch: 0
Jan 14, 2022 2:44:39 PM edu.yu.cs.com3800.UDPMessageReceiver run
FINE: Waiting for packet
Jan 14, 2022 2:44:39 PM edu.yu.cs.com3800.UDPMessageReceiver run
FINE: UDP packet received:
Message Type: ELECTION
Sender Host: localhost
Sender port: 1030
Receiver Host: localhost
Receiver port: 990
Request ID: -1
Error Occurred: false
Message Contents: 
	Leader voted for: 7
	Sender server state: F
	Sender server ID: 4
	Sender peer epoch: 0
Jan 14, 2022 2:44:39 PM edu.yu.cs.com3800.UDPMessageReceiver run
FINE: Waiting for packet
Jan 14, 2022 2:44:39 PM edu.yu.cs.com3800.UDPMessageReceiver run
FINE: UDP packet received:
Message Type: ELECTION
Sender Host: localhost
Sender port: 1040
Receiver Host: localhost
Receiver port: 990
Request ID: -1
Error Occurred: false
Message Contents: 
	Leader voted for: 7
	Sender server state: F
	Sender server ID: 5
	Sender peer epoch: 0
Jan 14, 2022 2:44:39 PM edu.yu.cs.com3800.UDPMessageReceiver run
FINE: Waiting for packet
Jan 14, 2022 2:44:39 PM edu.yu.cs.com3800.UDPMessageReceiver run
FINE: UDP packet received:
Message Type: ELECTION
Sender Host: localhost
Sender port: 1050
Receiver Host: localhost
Receiver port: 990
Request ID: -1
Error Occurred: false
Message Contents: 
	Leader voted for: 7
	Sender server state: F
	Sender server ID: 6
	Sender peer epoch: 0
Jan 14, 2022 2:44:39 PM edu.yu.cs.com3800.UDPMessageReceiver run
FINE: Waiting for packet
Jan 14, 2022 2:44:41 PM edu.yu.cs.com3800.UDPMessageReceiver run
FINE: UDP packet received:
Message Type: ELECTION
Sender Host: localhost
Sender port: 1000
Receiver Host: localhost
Receiver port: 990
Request ID: -1
Error Occurred: false
Message Contents: 
	Leader voted for: 1
	Sender server state: O
	Sender server ID: 1
	Sender peer epoch: 1
Jan 14, 2022 2:44:41 PM edu.yu.cs.com3800.UDPMessageReceiver run
FINE: Waiting for packet
Jan 14, 2022 2:44:41 PM edu.yu.cs.com3800.UDPMessageReceiver run
FINE: UDP packet received:
Message Type: ELECTION
Sender Host: localhost
Sender port: 1000
Receiver Host: localhost
Receiver port: 990
Request ID: -1
Error Occurred: false
Message Contents: 
	Leader voted for: 3
	Sender server state: O
	Sender server ID: 1
	Sender peer epoch: 1
Jan 14, 2022 2:44:41 PM edu.yu.cs.com3800.UDPMessageReceiver run
FINE: Waiting for packet
Jan 14, 2022 2:44:42 PM edu.yu.cs.com3800.UDPMessageReceiver run
FINE: UDP packet received:
Message Type: ELECTION
Sender Host: localhost
Sender port: 1040
Receiver Host: localhost
Receiver port: 990
Request ID: -1
Error Occurred: false
Message Contents: 
	Leader voted for: 5
	Sender server state: O
	Sender server ID: 5
	Sender peer epoch: 1
Jan 14, 2022 2:44:42 PM edu.yu.cs.com3800.UDPMessageReceiver run
FINE: Waiting for packet
Jan 14, 2022 2:44:42 PM edu.yu.cs.com3800.UDPMessageReceiver run
FINE: UDP packet received:
Message Type: ELECTION
Sender Host: localhost
Sender port: 1000
Receiver Host: localhost
Receiver port: 990
Request ID: -1
Error Occurred: false
Message Contents: 
	Leader voted for: 5
	Sender server state: O
	Sender server ID: 1
	Sender peer epoch: 1
Jan 14, 2022 2:44:42 PM edu.yu.cs.com3800.UDPMessageReceiver run
FINE: Waiting for packet
Jan 14, 2022 2:44:42 PM edu.yu.cs.com3800.UDPMessageReceiver run
FINE: UDP packet received:
Message Type: ELECTION
Sender Host: localhost
Sender port: 1020
Receiver Host: localhost
Receiver port: 990
Request ID: -1
Error Occurred: false
Message Contents: 
	Leader voted for: 3
	Sender server state: E
	Sender server ID: 3
	Sender peer epoch: 1
Jan 14, 2022 2:44:42 PM edu.yu.cs.com3800.UDPMessageReceiver run
FINE: Waiting for packet
Jan 14, 2022 2:44:42 PM edu.yu.cs.com3800.UDPMessageReceiver run
FINE: UDP packet received:
Message Type: ELECTION
Sender Host: localhost
Sender port: 1030
Receiver Host: localhost
Receiver port: 990
Request ID: -1
Error Occurred: false
Message Contents: 
	Leader voted for: 7
	Sender server state: F
	Sender server ID: 4
	Sender peer epoch: 0
Jan 14, 2022 2:44:42 PM edu.yu.cs.com3800.UDPMessageReceiver run
FINE: Waiting for packet
Jan 14, 2022 2:44:42 PM edu.yu.cs.com3800.UDPMessageReceiver run
FINE: UDP packet received:
Message Type: ELECTION
Sender Host: localhost
Sender port: 1050
Receiver Host: localhost
Receiver port: 990
Request ID: -1
Error Occurred: false
Message Contents: 
	Leader voted for: 7
	Sender server state: F
	Sender server ID: 6
	Sender peer epoch: 0
Jan 14, 2022 2:44:42 PM edu.yu.cs.com3800.UDPMessageReceiver run
FINE: Waiting for packet
Jan 14, 2022 2:44:42 PM edu.yu.cs.com3800.UDPMessageReceiver run
FINE: UDP packet received:
Message Type: GOSSIP
Sender Host: localhost
Sender port: 1050
Receiver Host: localhost
Receiver port: 990
Request ID: -1
Error Occurred: false
Message Contents: 
	Server: 0
	  Heartbeat: 46	Server: 1
	  Heartbeat: 46	Server: 2
	  Heartbeat: 15	Server: 3
	  Heartbeat: 46	Server: 4
	  Heartbeat: 45	Server: 5
	  Heartbeat: 45	Server: 6
	  Heartbeat: 47	Server: 7
	  Heartbeat: 35
Jan 14, 2022 2:44:42 PM edu.yu.cs.com3800.UDPMessageReceiver run
FINE: Waiting for packet
Jan 14, 2022 2:44:43 PM edu.yu.cs.com3800.UDPMessageReceiver run
FINE: UDP packet received:
Message Type: GOSSIP
Sender Host: localhost
Sender port: 1000
Receiver Host: localhost
Receiver port: 990
Request ID: -1
Error Occurred: false
Message Contents: 
	Server: 0
	  Heartbeat: 44	Server: 1
	  Heartbeat: 47	Server: 2
	  Heartbeat: 15	Server: 3
	  Heartbeat: 43	Server: 4
	  Heartbeat: 46	Server: 5
	  Heartbeat: 46	Server: 6
	  Heartbeat: 43	Server: 7
	  Heartbeat: 35
Jan 14, 2022 2:44:43 PM edu.yu.cs.com3800.UDPMessageReceiver run
FINE: Waiting for packet
Jan 14, 2022 2:44:43 PM edu.yu.cs.com3800.UDPMessageReceiver run
FINE: UDP packet received:
Message Type: ELECTION
Sender Host: localhost
Sender port: 1030
Receiver Host: localhost
Receiver port: 990
Request ID: -1
Error Occurred: false
Message Contents: 
	Leader voted for: 4
	Sender server state: O
	Sender server ID: 4
	Sender peer epoch: 1
Jan 14, 2022 2:44:43 PM edu.yu.cs.com3800.UDPMessageReceiver run
FINE: Waiting for packet
Jan 14, 2022 2:44:43 PM edu.yu.cs.com3800.UDPMessageReceiver run
FINE: UDP packet received:
Message Type: ELECTION
Sender Host: localhost
Sender port: 1030
Receiver Host: localhost
Receiver port: 990
Request ID: -1
Error Occurred: false
Message Contents: 
	Leader voted for: 5
	Sender server state: O
	Sender server ID: 4
	Sender peer epoch: 1
Jan 14, 2022 2:44:43 PM edu.yu.cs.com3800.UDPMessageReceiver run
FINE: Waiting for packet
Jan 14, 2022 2:44:46 PM edu.yu.cs.com3800.UDPMessageReceiver run
FINE: Waiting for packet
Jan 14, 2022 2:44:48 PM edu.yu.cs.com3800.UDPMessageReceiver run
FINE: UDP packet received:
Message Type: GOSSIP
Sender Host: localhost
Sender port: 1020
Receiver Host: localhost
Receiver port: 990
Request ID: -1
Error Occurred: false
Message Contents: 
	Server: 0
	  Heartbeat: 49	Server: 1
	  Heartbeat: 47	Server: 2
	  Heartbeat: 15	Server: 3
	  Heartbeat: 49	Server: 4
	  Heartbeat: 47	Server: 5
	  Heartbeat: 47	Server: 6
	  Heartbeat: 47	Server: 7
	  Heartbeat: 35
Jan 14, 2022 2:44:48 PM edu.yu.cs.com3800.UDPMessageReceiver run
FINE: Waiting for packet
Jan 14, 2022 2:44:48 PM edu.yu.cs.com3800.UDPMessageReceiver run
FINE: UDP packet received:
Message Type: GOSSIP
Sender Host: localhost
Sender port: 1040
Receiver Host: localhost
Receiver port: 990
Request ID: -1
Error Occurred: false
Message Contents: 
	Server: 0
	  Heartbeat: 48	Server: 1
	  Heartbeat: 47	Server: 2
	  Heartbeat: 15	Server: 3
	  Heartbeat: 47	Server: 4
	  Heartbeat: 49	Server: 5
	  Heartbeat: 49	Server: 6
	  Heartbeat: 48	Server: 7
	  Heartbeat: 35
Jan 14, 2022 2:44:48 PM edu.yu.cs.com3800.UDPMessageReceiver run
FINE: Waiting for packet
Jan 14, 2022 2:44:48 PM edu.yu.cs.com3800.UDPMessageReceiver run
FINE: UDP packet received:
Message Type: ELECTION
Sender Host: localhost
Sender port: 1050
Receiver Host: localhost
Receiver port: 990
Request ID: -1
Error Occurred: false
Message Contents: 
	Leader voted for: 6
	Sender server state: O
	Sender server ID: 6
	Sender peer epoch: 1
Jan 14, 2022 2:44:48 PM edu.yu.cs.com3800.UDPMessageReceiver sendElectionReply
FINE: Election reply sent:
Message Type: ELECTION
Sender Host: localhost
Sender port: 990
Receiver Host: localhost
Receiver port: 1050
Request ID: -1
Error Occurred: false
Message Contents: 
	Leader voted for: 5
	Sender server state: F
	Sender server ID: 0
	Sender peer epoch: 1
Jan 14, 2022 2:44:48 PM edu.yu.cs.com3800.UDPMessageReceiver run
FINE: Waiting for packet
Jan 14, 2022 2:44:51 PM edu.yu.cs.com3800.UDPMessageReceiver run
FINE: Waiting for packet
Jan 14, 2022 2:44:52 PM edu.yu.cs.com3800.UDPMessageReceiver run
FINE: UDP packet received:
Message Type: GOSSIP
Sender Host: localhost
Sender port: 1050
Receiver Host: localhost
Receiver port: 990
Request ID: -1
Error Occurred: false
Message Contents: 
	Server: 0
	  Heartbeat: 48	Server: 1
	  Heartbeat: 50	Server: 2
	  Heartbeat: 15	Server: 3
	  Heartbeat: 48	Server: 4
	  Heartbeat: 49	Server: 5
	  Heartbeat: 50	Server: 6
	  Heartbeat: 52	Server: 7
	  Heartbeat: 35
Jan 14, 2022 2:44:52 PM edu.yu.cs.com3800.UDPMessageReceiver run
FINE: Waiting for packet
Jan 14, 2022 2:44:54 PM edu.yu.cs.com3800.UDPMessageReceiver run
FINE: UDP packet received:
Message Type: GOSSIP
Sender Host: localhost
Sender port: 1050
Receiver Host: localhost
Receiver port: 990
Request ID: -1
Error Occurred: false
Message Contents: 
	Server: 0
	  Heartbeat: 51	Server: 1
	  Heartbeat: 51	Server: 2
	  Heartbeat: 15	Server: 3
	  Heartbeat: 51	Server: 4
	  Heartbeat: 52	Server: 5
	  Heartbeat: 50	Server: 6
	  Heartbeat: 53	Server: 7
	  Heartbeat: 35
Jan 14, 2022 2:44:54 PM edu.yu.cs.com3800.UDPMessageReceiver run
FINE: Waiting for packet
Jan 14, 2022 2:44:57 PM edu.yu.cs.com3800.UDPMessageReceiver run
FINE: Waiting for packet
Jan 14, 2022 2:44:58 PM edu.yu.cs.com3800.UDPMessageReceiver run
FINE: UDP packet received:
Message Type: GOSSIP
Sender Host: localhost
Sender port: 1020
Receiver Host: localhost
Receiver port: 990
Request ID: -1
Error Occurred: false
Message Contents: 
	Server: 0
	  Heartbeat: 52	Server: 1
	  Heartbeat: 52	Server: 2
	  Heartbeat: 15	Server: 3
	  Heartbeat: 54	Server: 4
	  Heartbeat: 53	Server: 5
	  Heartbeat: 53	Server: 6
	  Heartbeat: 52	Server: 7
	  Heartbeat: 35
Jan 14, 2022 2:44:58 PM edu.yu.cs.com3800.UDPMessageReceiver run
FINE: Waiting for packet
Jan 14, 2022 2:44:59 PM edu.yu.cs.com3800.UDPMessageReceiver run
FINE: UDP packet received:
Message Type: GOSSIP
Sender Host: localhost
Sender port: 1000
Receiver Host: localhost
Receiver port: 990
Request ID: -1
Error Occurred: false
Message Contents: 
	Server: 0
	  Heartbeat: 53	Server: 1
	  Heartbeat: 55	Server: 3
	  Heartbeat: 51	Server: 4
	  Heartbeat: 52	Server: 5
	  Heartbeat: 50	Server: 6
	  Heartbeat: 53	Server: 7
	  Heartbeat: 35
Jan 14, 2022 2:44:59 PM edu.yu.cs.com3800.UDPMessageReceiver run
FINE: Waiting for packet
Jan 14, 2022 2:45:00 PM edu.yu.cs.com3800.UDPMessageReceiver run
FINE: UDP packet received:
Message Type: GOSSIP
Sender Host: localhost
Sender port: 1020
Receiver Host: localhost
Receiver port: 990
Request ID: -1
Error Occurred: false
Message Contents: 
	Server: 0
	  Heartbeat: 52	Server: 1
	  Heartbeat: 52	Server: 2
	  Heartbeat: 15	Server: 3
	  Heartbeat: 55	Server: 4
	  Heartbeat: 53	Server: 5
	  Heartbeat: 53	Server: 6
	  Heartbeat: 52
Jan 14, 2022 2:45:00 PM edu.yu.cs.com3800.UDPMessageReceiver run
FINE: Waiting for packet
Jan 14, 2022 2:45:00 PM edu.yu.cs.com3800.UDPMessageReceiver run
FINE: UDP packet received:
Message Type: GOSSIP
Sender Host: localhost
Sender port: 1050
Receiver Host: localhost
Receiver port: 990
Request ID: -1
Error Occurred: false
Message Contents: 
	Server: 0
	  Heartbeat: 54	Server: 1
	  Heartbeat: 54	Server: 2
	  Heartbeat: 15	Server: 3
	  Heartbeat: 53	Server: 4
	  Heartbeat: 55	Server: 5
	  Heartbeat: 54	Server: 6
	  Heartbeat: 56	Server: 7
	  Heartbeat: 35
Jan 14, 2022 2:45:00 PM edu.yu.cs.com3800.UDPMessageReceiver run
FINE: Waiting for packet
Jan 14, 2022 2:45:03 PM edu.yu.cs.com3800.UDPMessageReceiver run
FINE: Exiting UDPMessageReceiver.run()
