Jan 14, 2022 2:43:07 PM edu.yu.cs.com3800.LoggingServer initializeLogging
FINE: Initialized at: 1642189387451 for server 7 

Jan 14, 2022 2:43:07 PM edu.yu.cs.com3800.UDPMessageReceiver run
FINE: Waiting for packet
Jan 14, 2022 2:43:07 PM edu.yu.cs.com3800.UDPMessageReceiver run
FINE: UDP packet received:
Message Type: ELECTION
Sender Host: localhost
Sender port: 1040
Receiver Host: localhost
Receiver port: 1060
Request ID: -1
Error Occurred: false
Message Contents: 
	Leader voted for: 5
	Sender server state: O
	Sender server ID: 5
	Sender peer epoch: 0
Jan 14, 2022 2:43:07 PM edu.yu.cs.com3800.UDPMessageReceiver run
FINE: Waiting for packet
Jan 14, 2022 2:43:07 PM edu.yu.cs.com3800.UDPMessageReceiver run
FINE: UDP packet received:
Message Type: ELECTION
Sender Host: localhost
Sender port: 1000
Receiver Host: localhost
Receiver port: 1060
Request ID: -1
Error Occurred: false
Message Contents: 
	Leader voted for: 7
	Sender server state: O
	Sender server ID: 1
	Sender peer epoch: 0
Jan 14, 2022 2:43:07 PM edu.yu.cs.com3800.UDPMessageReceiver run
FINE: Waiting for packet
Jan 14, 2022 2:43:07 PM edu.yu.cs.com3800.UDPMessageReceiver run
FINE: UDP packet received:
Message Type: ELECTION
Sender Host: localhost
Sender port: 1050
Receiver Host: localhost
Receiver port: 1060
Request ID: -1
Error Occurred: false
Message Contents: 
	Leader voted for: 6
	Sender server state: O
	Sender server ID: 6
	Sender peer epoch: 0
Jan 14, 2022 2:43:07 PM edu.yu.cs.com3800.UDPMessageReceiver run
FINE: Waiting for packet
Jan 14, 2022 2:43:07 PM edu.yu.cs.com3800.UDPMessageReceiver run
FINE: UDP packet received:
Message Type: ELECTION
Sender Host: localhost
Sender port: 990
Receiver Host: localhost
Receiver port: 1060
Request ID: -1
Error Occurred: false
Message Contents: 
	Leader voted for: 7
	Sender server state: B
	Sender server ID: 0
	Sender peer epoch: 0
Jan 14, 2022 2:43:07 PM edu.yu.cs.com3800.UDPMessageReceiver run
FINE: Waiting for packet
Jan 14, 2022 2:43:07 PM edu.yu.cs.com3800.UDPMessageReceiver run
FINE: UDP packet received:
Message Type: ELECTION
Sender Host: localhost
Sender port: 1050
Receiver Host: localhost
Receiver port: 1060
Request ID: -1
Error Occurred: false
Message Contents: 
	Leader voted for: 7
	Sender server state: O
	Sender server ID: 6
	Sender peer epoch: 0
Jan 14, 2022 2:43:07 PM edu.yu.cs.com3800.UDPMessageReceiver run
FINE: Waiting for packet
Jan 14, 2022 2:43:07 PM edu.yu.cs.com3800.UDPMessageReceiver run
FINE: UDP packet received:
Message Type: ELECTION
Sender Host: localhost
Sender port: 1010
Receiver Host: localhost
Receiver port: 1060
Request ID: -1
Error Occurred: false
Message Contents: 
	Leader voted for: 7
	Sender server state: O
	Sender server ID: 2
	Sender peer epoch: 0
Jan 14, 2022 2:43:07 PM edu.yu.cs.com3800.UDPMessageReceiver run
FINE: Waiting for packet
Jan 14, 2022 2:43:07 PM edu.yu.cs.com3800.UDPMessageReceiver run
FINE: UDP packet received:
Message Type: ELECTION
Sender Host: localhost
Sender port: 1030
Receiver Host: localhost
Receiver port: 1060
Request ID: -1
Error Occurred: false
Message Contents: 
	Leader voted for: 4
	Sender server state: O
	Sender server ID: 4
	Sender peer epoch: 0
Jan 14, 2022 2:43:07 PM edu.yu.cs.com3800.UDPMessageReceiver run
FINE: Waiting for packet
Jan 14, 2022 2:43:07 PM edu.yu.cs.com3800.UDPMessageReceiver run
FINE: UDP packet received:
Message Type: ELECTION
Sender Host: localhost
Sender port: 1030
Receiver Host: localhost
Receiver port: 1060
Request ID: -1
Error Occurred: false
Message Contents: 
	Leader voted for: 7
	Sender server state: O
	Sender server ID: 4
	Sender peer epoch: 0
Jan 14, 2022 2:43:07 PM edu.yu.cs.com3800.UDPMessageReceiver run
FINE: Waiting for packet
Jan 14, 2022 2:43:07 PM edu.yu.cs.com3800.UDPMessageReceiver run
FINE: UDP packet received:
Message Type: ELECTION
Sender Host: localhost
Sender port: 1020
Receiver Host: localhost
Receiver port: 1060
Request ID: -1
Error Occurred: false
Message Contents: 
	Leader voted for: 3
	Sender server state: O
	Sender server ID: 3
	Sender peer epoch: 0
Jan 14, 2022 2:43:07 PM edu.yu.cs.com3800.UDPMessageReceiver run
FINE: Waiting for packet
Jan 14, 2022 2:43:07 PM edu.yu.cs.com3800.UDPMessageReceiver run
FINE: UDP packet received:
Message Type: ELECTION
Sender Host: localhost
Sender port: 1020
Receiver Host: localhost
Receiver port: 1060
Request ID: -1
Error Occurred: false
Message Contents: 
	Leader voted for: 7
	Sender server state: O
	Sender server ID: 3
	Sender peer epoch: 0
Jan 14, 2022 2:43:07 PM edu.yu.cs.com3800.UDPMessageReceiver run
FINE: Waiting for packet
Jan 14, 2022 2:43:07 PM edu.yu.cs.com3800.UDPMessageReceiver run
FINE: UDP packet received:
Message Type: ELECTION
Sender Host: localhost
Sender port: 1040
Receiver Host: localhost
Receiver port: 1060
Request ID: -1
Error Occurred: false
Message Contents: 
	Leader voted for: 7
	Sender server state: O
	Sender server ID: 5
	Sender peer epoch: 0
Jan 14, 2022 2:43:07 PM edu.yu.cs.com3800.UDPMessageReceiver run
FINE: Waiting for packet
Jan 14, 2022 2:43:08 PM edu.yu.cs.com3800.UDPMessageReceiver run
FINE: UDP packet received:
Message Type: GOSSIP
Sender Host: localhost
Sender port: 1020
Receiver Host: localhost
Receiver port: 1060
Request ID: -1
Error Occurred: false
Message Contents: 
	Server: 3
	  Heartbeat: 1
Jan 14, 2022 2:43:08 PM edu.yu.cs.com3800.UDPMessageReceiver run
FINE: Waiting for packet
Jan 14, 2022 2:43:10 PM edu.yu.cs.com3800.UDPMessageReceiver run
FINE: UDP packet received:
Message Type: GOSSIP
Sender Host: localhost
Sender port: 1050
Receiver Host: localhost
Receiver port: 1060
Request ID: -1
Error Occurred: false
Message Contents: 
	Server: 6
	  Heartbeat: 2
Jan 14, 2022 2:43:10 PM edu.yu.cs.com3800.UDPMessageReceiver run
FINE: Waiting for packet
Jan 14, 2022 2:43:13 PM edu.yu.cs.com3800.UDPMessageReceiver run
FINE: Waiting for packet
Jan 14, 2022 2:43:16 PM edu.yu.cs.com3800.UDPMessageReceiver run
FINE: Waiting for packet
Jan 14, 2022 2:43:19 PM edu.yu.cs.com3800.UDPMessageReceiver run
FINE: UDP packet received:
Message Type: GOSSIP
Sender Host: localhost
Sender port: 1010
Receiver Host: localhost
Receiver port: 1060
Request ID: -1
Error Occurred: false
Message Contents: 
	Server: 0
	  Heartbeat: 5	Server: 1
	  Heartbeat: 3	Server: 2
	  Heartbeat: 6	Server: 3
	  Heartbeat: 3	Server: 4
	  Heartbeat: 2	Server: 5
	  Heartbeat: 4	Server: 6
	  Heartbeat: 2	Server: 7
	  Heartbeat: 5
Jan 14, 2022 2:43:19 PM edu.yu.cs.com3800.UDPMessageReceiver run
FINE: Waiting for packet
Jan 14, 2022 2:43:21 PM edu.yu.cs.com3800.UDPMessageReceiver run
FINE: UDP packet received:
Message Type: GOSSIP
Sender Host: localhost
Sender port: 1010
Receiver Host: localhost
Receiver port: 1060
Request ID: -1
Error Occurred: false
Message Contents: 
	Server: 0
	  Heartbeat: 6	Server: 1
	  Heartbeat: 6	Server: 2
	  Heartbeat: 7	Server: 3
	  Heartbeat: 5	Server: 4
	  Heartbeat: 6	Server: 5
	  Heartbeat: 6	Server: 6
	  Heartbeat: 7	Server: 7
	  Heartbeat: 5
Jan 14, 2022 2:43:21 PM edu.yu.cs.com3800.UDPMessageReceiver run
FINE: Waiting for packet
Jan 14, 2022 2:43:23 PM edu.yu.cs.com3800.UDPMessageReceiver run
FINE: UDP packet received:
Message Type: GOSSIP
Sender Host: localhost
Sender port: 1010
Receiver Host: localhost
Receiver port: 1060
Request ID: -1
Error Occurred: false
Message Contents: 
	Server: 0
	  Heartbeat: 7	Server: 1
	  Heartbeat: 7	Server: 2
	  Heartbeat: 8	Server: 3
	  Heartbeat: 7	Server: 4
	  Heartbeat: 6	Server: 5
	  Heartbeat: 6	Server: 6
	  Heartbeat: 7	Server: 7
	  Heartbeat: 5
Jan 14, 2022 2:43:23 PM edu.yu.cs.com3800.UDPMessageReceiver run
FINE: Waiting for packet
Jan 14, 2022 2:43:25 PM edu.yu.cs.com3800.UDPMessageReceiver run
FINE: UDP packet received:
Message Type: GOSSIP
Sender Host: localhost
Sender port: 1000
Receiver Host: localhost
Receiver port: 1060
Request ID: -1
Error Occurred: false
Message Contents: 
	Server: 0
	  Heartbeat: 8	Server: 1
	  Heartbeat: 9	Server: 2
	  Heartbeat: 8	Server: 3
	  Heartbeat: 9	Server: 4
	  Heartbeat: 9	Server: 5
	  Heartbeat: 7	Server: 6
	  Heartbeat: 9	Server: 7
	  Heartbeat: 9
Jan 14, 2022 2:43:25 PM edu.yu.cs.com3800.UDPMessageReceiver run
FINE: Waiting for packet
Jan 14, 2022 2:43:27 PM edu.yu.cs.com3800.UDPMessageReceiver run
FINE: UDP packet received:
Message Type: GOSSIP
Sender Host: localhost
Sender port: 990
Receiver Host: localhost
Receiver port: 1060
Request ID: -1
Error Occurred: false
Message Contents: 
	Server: 0
	  Heartbeat: 10	Server: 1
	  Heartbeat: 6	Server: 2
	  Heartbeat: 7	Server: 3
	  Heartbeat: 5	Server: 4
	  Heartbeat: 7	Server: 5
	  Heartbeat: 6	Server: 6
	  Heartbeat: 7	Server: 7
	  Heartbeat: 7
Jan 14, 2022 2:43:27 PM edu.yu.cs.com3800.UDPMessageReceiver run
FINE: Waiting for packet
Jan 14, 2022 2:43:27 PM edu.yu.cs.com3800.UDPMessageReceiver run
FINE: UDP packet received:
Message Type: GOSSIP
Sender Host: localhost
Sender port: 1000
Receiver Host: localhost
Receiver port: 1060
Request ID: -1
Error Occurred: false
Message Contents: 
	Server: 0
	  Heartbeat: 8	Server: 1
	  Heartbeat: 10	Server: 2
	  Heartbeat: 8	Server: 3
	  Heartbeat: 9	Server: 4
	  Heartbeat: 9	Server: 5
	  Heartbeat: 7	Server: 6
	  Heartbeat: 9	Server: 7
	  Heartbeat: 9
Jan 14, 2022 2:43:27 PM edu.yu.cs.com3800.UDPMessageReceiver run
FINE: Waiting for packet
Jan 14, 2022 2:43:29 PM edu.yu.cs.com3800.UDPMessageReceiver run
FINE: UDP packet received:
Message Type: GOSSIP
Sender Host: localhost
Sender port: 1030
Receiver Host: localhost
Receiver port: 1060
Request ID: -1
Error Occurred: false
Message Contents: 
	Server: 0
	  Heartbeat: 7	Server: 1
	  Heartbeat: 8	Server: 2
	  Heartbeat: 11	Server: 3
	  Heartbeat: 9	Server: 4
	  Heartbeat: 11	Server: 5
	  Heartbeat: 8	Server: 6
	  Heartbeat: 8	Server: 7
	  Heartbeat: 8
Jan 14, 2022 2:43:29 PM edu.yu.cs.com3800.UDPMessageReceiver run
FINE: Waiting for packet
Jan 14, 2022 2:43:31 PM edu.yu.cs.com3800.UDPMessageReceiver run
FINE: UDP packet received:
Message Type: GOSSIP
Sender Host: localhost
Sender port: 990
Receiver Host: localhost
Receiver port: 1060
Request ID: -1
Error Occurred: false
Message Contents: 
	Server: 0
	  Heartbeat: 12	Server: 1
	  Heartbeat: 7	Server: 2
	  Heartbeat: 10	Server: 3
	  Heartbeat: 7	Server: 4
	  Heartbeat: 7	Server: 5
	  Heartbeat: 8	Server: 6
	  Heartbeat: 8	Server: 7
	  Heartbeat: 7
Jan 14, 2022 2:43:31 PM edu.yu.cs.com3800.UDPMessageReceiver run
FINE: Waiting for packet
Jan 14, 2022 2:43:33 PM edu.yu.cs.com3800.UDPMessageReceiver run
FINE: UDP packet received:
Message Type: GOSSIP
Sender Host: localhost
Sender port: 1030
Receiver Host: localhost
Receiver port: 1060
Request ID: -1
Error Occurred: false
Message Contents: 
	Server: 0
	  Heartbeat: 12	Server: 1
	  Heartbeat: 10	Server: 2
	  Heartbeat: 11	Server: 3
	  Heartbeat: 9	Server: 4
	  Heartbeat: 13	Server: 5
	  Heartbeat: 8	Server: 6
	  Heartbeat: 9	Server: 7
	  Heartbeat: 12
Jan 14, 2022 2:43:33 PM edu.yu.cs.com3800.UDPMessageReceiver run
FINE: Waiting for packet
Jan 14, 2022 2:43:35 PM edu.yu.cs.com3800.UDPMessageReceiver run
FINE: UDP packet received:
Message Type: GOSSIP
Sender Host: localhost
Sender port: 1010
Receiver Host: localhost
Receiver port: 1060
Request ID: -1
Error Occurred: false
Message Contents: 
	Server: 0
	  Heartbeat: 11	Server: 1
	  Heartbeat: 12	Server: 2
	  Heartbeat: 14	Server: 3
	  Heartbeat: 10	Server: 4
	  Heartbeat: 10	Server: 5
	  Heartbeat: 10	Server: 6
	  Heartbeat: 11	Server: 7
	  Heartbeat: 11
Jan 14, 2022 2:43:35 PM edu.yu.cs.com3800.UDPMessageReceiver run
FINE: Waiting for packet
Jan 14, 2022 2:43:35 PM edu.yu.cs.com3800.UDPMessageReceiver run
FINE: UDP packet received:
Message Type: GOSSIP
Sender Host: localhost
Sender port: 1040
Receiver Host: localhost
Receiver port: 1060
Request ID: -1
Error Occurred: false
Message Contents: 
	Server: 0
	  Heartbeat: 14	Server: 1
	  Heartbeat: 13	Server: 2
	  Heartbeat: 13	Server: 3
	  Heartbeat: 14	Server: 4
	  Heartbeat: 12	Server: 5
	  Heartbeat: 14	Server: 6
	  Heartbeat: 14	Server: 7
	  Heartbeat: 13
Jan 14, 2022 2:43:35 PM edu.yu.cs.com3800.UDPMessageReceiver run
FINE: Waiting for packet
Jan 14, 2022 2:43:37 PM edu.yu.cs.com3800.UDPMessageReceiver run
FINE: UDP packet received:
Message Type: GOSSIP
Sender Host: localhost
Sender port: 1010
Receiver Host: localhost
Receiver port: 1060
Request ID: -1
Error Occurred: false
Message Contents: 
	Server: 0
	  Heartbeat: 12	Server: 1
	  Heartbeat: 14	Server: 2
	  Heartbeat: 15	Server: 3
	  Heartbeat: 11	Server: 4
	  Heartbeat: 14	Server: 5
	  Heartbeat: 12	Server: 6
	  Heartbeat: 12	Server: 7
	  Heartbeat: 14
Jan 14, 2022 2:43:37 PM edu.yu.cs.com3800.UDPMessageReceiver run
FINE: Waiting for packet
Jan 14, 2022 2:43:37 PM edu.yu.cs.com3800.UDPMessageReceiver run
FINE: UDP packet received:
Message Type: GOSSIP
Sender Host: localhost
Sender port: 1000
Receiver Host: localhost
Receiver port: 1060
Request ID: -1
Error Occurred: false
Message Contents: 
	Server: 0
	  Heartbeat: 12	Server: 1
	  Heartbeat: 15	Server: 2
	  Heartbeat: 13	Server: 3
	  Heartbeat: 11	Server: 4
	  Heartbeat: 12	Server: 5
	  Heartbeat: 12	Server: 6
	  Heartbeat: 12	Server: 7
	  Heartbeat: 12
Jan 14, 2022 2:43:37 PM edu.yu.cs.com3800.UDPMessageReceiver run
FINE: Waiting for packet
Jan 14, 2022 2:43:40 PM edu.yu.cs.com3800.UDPMessageReceiver run
FINE: Waiting for packet
Jan 14, 2022 2:43:43 PM edu.yu.cs.com3800.UDPMessageReceiver run
FINE: Waiting for packet
Jan 14, 2022 2:43:44 PM edu.yu.cs.com3800.UDPMessageReceiver run
FINE: UDP packet received:
Message Type: GOSSIP
Sender Host: localhost
Sender port: 1030
Receiver Host: localhost
Receiver port: 1060
Request ID: -1
Error Occurred: false
Message Contents: 
	Server: 0
	  Heartbeat: 17	Server: 1
	  Heartbeat: 17	Server: 2
	  Heartbeat: 15	Server: 3
	  Heartbeat: 17	Server: 4
	  Heartbeat: 18	Server: 5
	  Heartbeat: 16	Server: 6
	  Heartbeat: 17	Server: 7
	  Heartbeat: 17
Jan 14, 2022 2:43:44 PM edu.yu.cs.com3800.UDPMessageReceiver run
FINE: Waiting for packet
Jan 14, 2022 2:43:46 PM edu.yu.cs.com3800.UDPMessageReceiver run
FINE: UDP packet received:
Message Type: GOSSIP
Sender Host: localhost
Sender port: 1000
Receiver Host: localhost
Receiver port: 1060
Request ID: -1
Error Occurred: false
Message Contents: 
	Server: 0
	  Heartbeat: 16	Server: 1
	  Heartbeat: 19	Server: 2
	  Heartbeat: 13	Server: 3
	  Heartbeat: 16	Server: 4
	  Heartbeat: 16	Server: 5
	  Heartbeat: 16	Server: 6
	  Heartbeat: 17	Server: 7
	  Heartbeat: 13
Jan 14, 2022 2:43:46 PM edu.yu.cs.com3800.UDPMessageReceiver run
FINE: Waiting for packet
Jan 14, 2022 2:43:46 PM edu.yu.cs.com3800.UDPMessageReceiver run
FINE: UDP packet received:
Message Type: GOSSIP
Sender Host: localhost
Sender port: 1040
Receiver Host: localhost
Receiver port: 1060
Request ID: -1
Error Occurred: false
Message Contents: 
	Server: 0
	  Heartbeat: 19	Server: 1
	  Heartbeat: 18	Server: 2
	  Heartbeat: 15	Server: 3
	  Heartbeat: 19	Server: 4
	  Heartbeat: 19	Server: 5
	  Heartbeat: 19	Server: 6
	  Heartbeat: 19	Server: 7
	  Heartbeat: 17
Jan 14, 2022 2:43:46 PM edu.yu.cs.com3800.UDPMessageReceiver run
FINE: Waiting for packet
Jan 14, 2022 2:43:47 PM edu.yu.cs.com3800.UDPMessageReceiver run
FINE: UDP packet received:
Message Type: GOSSIP
Sender Host: localhost
Sender port: 1020
Receiver Host: localhost
Receiver port: 1060
Request ID: -1
Error Occurred: false
Message Contents: 
	Server: 0
	  Heartbeat: 16	Server: 1
	  Heartbeat: 18	Server: 2
	  Heartbeat: 15	Server: 3
	  Heartbeat: 20	Server: 4
	  Heartbeat: 16	Server: 5
	  Heartbeat: 16	Server: 6
	  Heartbeat: 18	Server: 7
	  Heartbeat: 16
Jan 14, 2022 2:43:47 PM edu.yu.cs.com3800.UDPMessageReceiver run
FINE: Waiting for packet
Jan 14, 2022 2:43:48 PM edu.yu.cs.com3800.UDPMessageReceiver run
FINE: UDP packet received:
Message Type: GOSSIP
Sender Host: localhost
Sender port: 990
Receiver Host: localhost
Receiver port: 1060
Request ID: -1
Error Occurred: false
Message Contents: 
	Server: 0
	  Heartbeat: 20	Server: 1
	  Heartbeat: 20	Server: 2
	  Heartbeat: 15	Server: 3
	  Heartbeat: 17	Server: 4
	  Heartbeat: 17	Server: 5
	  Heartbeat: 16	Server: 6
	  Heartbeat: 20	Server: 7
	  Heartbeat: 17
Jan 14, 2022 2:43:48 PM edu.yu.cs.com3800.UDPMessageReceiver run
FINE: Waiting for packet
Jan 14, 2022 2:43:49 PM edu.yu.cs.com3800.UDPMessageReceiver run
FINE: UDP packet received:
Message Type: GOSSIP
Sender Host: localhost
Sender port: 1050
Receiver Host: localhost
Receiver port: 1060
Request ID: -1
Error Occurred: false
Message Contents: 
	Server: 0
	  Heartbeat: 15	Server: 1
	  Heartbeat: 13	Server: 2
	  Heartbeat: 13	Server: 3
	  Heartbeat: 16	Server: 4
	  Heartbeat: 16	Server: 5
	  Heartbeat: 16	Server: 6
	  Heartbeat: 21	Server: 7
	  Heartbeat: 13
Jan 14, 2022 2:43:49 PM edu.yu.cs.com3800.UDPMessageReceiver run
FINE: Waiting for packet
Jan 14, 2022 2:43:50 PM edu.yu.cs.com3800.UDPMessageReceiver run
FINE: UDP packet received:
Message Type: GOSSIP
Sender Host: localhost
Sender port: 1040
Receiver Host: localhost
Receiver port: 1060
Request ID: -1
Error Occurred: false
Message Contents: 
	Server: 0
	  Heartbeat: 21	Server: 1
	  Heartbeat: 20	Server: 2
	  Heartbeat: 15	Server: 3
	  Heartbeat: 21	Server: 4
	  Heartbeat: 20	Server: 5
	  Heartbeat: 21	Server: 6
	  Heartbeat: 21	Server: 7
	  Heartbeat: 21
Jan 14, 2022 2:43:50 PM edu.yu.cs.com3800.UDPMessageReceiver run
FINE: Waiting for packet
Jan 14, 2022 2:43:52 PM edu.yu.cs.com3800.UDPMessageReceiver run
FINE: UDP packet received:
Message Type: GOSSIP
Sender Host: localhost
Sender port: 1020
Receiver Host: localhost
Receiver port: 1060
Request ID: -1
Error Occurred: false
Message Contents: 
	Server: 0
	  Heartbeat: 19	Server: 1
	  Heartbeat: 19	Server: 2
	  Heartbeat: 15	Server: 3
	  Heartbeat: 22	Server: 4
	  Heartbeat: 20	Server: 5
	  Heartbeat: 19	Server: 6
	  Heartbeat: 19	Server: 7
	  Heartbeat: 20
Jan 14, 2022 2:43:52 PM edu.yu.cs.com3800.UDPMessageReceiver run
FINE: Waiting for packet
Jan 14, 2022 2:43:52 PM edu.yu.cs.com3800.UDPMessageReceiver run
FINE: UDP packet received:
Message Type: GOSSIP
Sender Host: localhost
Sender port: 990
Receiver Host: localhost
Receiver port: 1060
Request ID: -1
Error Occurred: false
Message Contents: 
	Server: 0
	  Heartbeat: 22	Server: 1
	  Heartbeat: 20	Server: 2
	  Heartbeat: 15	Server: 3
	  Heartbeat: 19	Server: 4
	  Heartbeat: 21	Server: 5
	  Heartbeat: 20	Server: 6
	  Heartbeat: 20	Server: 7
	  Heartbeat: 20
Jan 14, 2022 2:43:52 PM edu.yu.cs.com3800.UDPMessageReceiver run
FINE: Waiting for packet
Jan 14, 2022 2:43:54 PM edu.yu.cs.com3800.UDPMessageReceiver run
FINE: UDP packet received:
Message Type: GOSSIP
Sender Host: localhost
Sender port: 1030
Receiver Host: localhost
Receiver port: 1060
Request ID: -1
Error Occurred: false
Message Contents: 
	Server: 0
	  Heartbeat: 22	Server: 1
	  Heartbeat: 23	Server: 2
	  Heartbeat: 15	Server: 3
	  Heartbeat: 22	Server: 4
	  Heartbeat: 23	Server: 5
	  Heartbeat: 22	Server: 6
	  Heartbeat: 21	Server: 7
	  Heartbeat: 23
Jan 14, 2022 2:43:54 PM edu.yu.cs.com3800.UDPMessageReceiver run
FINE: Waiting for packet
Jan 14, 2022 2:43:55 PM edu.yu.cs.com3800.UDPMessageReceiver run
FINE: UDP packet received:
Message Type: GOSSIP
Sender Host: localhost
Sender port: 1050
Receiver Host: localhost
Receiver port: 1060
Request ID: -1
Error Occurred: false
Message Contents: 
	Server: 0
	  Heartbeat: 15	Server: 1
	  Heartbeat: 13	Server: 2
	  Heartbeat: 13	Server: 3
	  Heartbeat: 16	Server: 4
	  Heartbeat: 16	Server: 5
	  Heartbeat: 16	Server: 6
	  Heartbeat: 24	Server: 7
	  Heartbeat: 13
Jan 14, 2022 2:43:55 PM edu.yu.cs.com3800.UDPMessageReceiver run
FINE: Waiting for packet
Jan 14, 2022 2:43:56 PM edu.yu.cs.com3800.UDPMessageReceiver run
FINE: UDP packet received:
Message Type: GOSSIP
Sender Host: localhost
Sender port: 990
Receiver Host: localhost
Receiver port: 1060
Request ID: -1
Error Occurred: false
Message Contents: 
	Server: 0
	  Heartbeat: 24	Server: 1
	  Heartbeat: 20	Server: 2
	  Heartbeat: 15	Server: 3
	  Heartbeat: 19	Server: 4
	  Heartbeat: 21	Server: 5
	  Heartbeat: 20	Server: 6
	  Heartbeat: 23	Server: 7
	  Heartbeat: 20
Jan 14, 2022 2:43:56 PM edu.yu.cs.com3800.UDPMessageReceiver run
FINE: Waiting for packet
Jan 14, 2022 2:43:58 PM edu.yu.cs.com3800.UDPMessageReceiver run
FINE: UDP packet received:
Message Type: GOSSIP
Sender Host: localhost
Sender port: 990
Receiver Host: localhost
Receiver port: 1060
Request ID: -1
Error Occurred: false
Message Contents: 
	Server: 0
	  Heartbeat: 25	Server: 1
	  Heartbeat: 25	Server: 2
	  Heartbeat: 15	Server: 3
	  Heartbeat: 24	Server: 4
	  Heartbeat: 23	Server: 5
	  Heartbeat: 24	Server: 6
	  Heartbeat: 25	Server: 7
	  Heartbeat: 24
Jan 14, 2022 2:43:58 PM edu.yu.cs.com3800.UDPMessageReceiver run
FINE: Waiting for packet
Jan 14, 2022 2:44:00 PM edu.yu.cs.com3800.UDPMessageReceiver run
FINE: UDP packet received:
Message Type: GOSSIP
Sender Host: localhost
Sender port: 990
Receiver Host: localhost
Receiver port: 1060
Request ID: -1
Error Occurred: false
Message Contents: 
	Server: 0
	  Heartbeat: 26	Server: 1
	  Heartbeat: 25	Server: 2
	  Heartbeat: 15	Server: 3
	  Heartbeat: 24	Server: 4
	  Heartbeat: 24	Server: 5
	  Heartbeat: 25	Server: 6
	  Heartbeat: 25	Server: 7
	  Heartbeat: 26
Jan 14, 2022 2:44:00 PM edu.yu.cs.com3800.UDPMessageReceiver run
FINE: Waiting for packet
Jan 14, 2022 2:44:02 PM edu.yu.cs.com3800.UDPMessageReceiver run
FINE: UDP packet received:
Message Type: GOSSIP
Sender Host: localhost
Sender port: 990
Receiver Host: localhost
Receiver port: 1060
Request ID: -1
Error Occurred: false
Message Contents: 
	Server: 0
	  Heartbeat: 27	Server: 1
	  Heartbeat: 27	Server: 3
	  Heartbeat: 24	Server: 4
	  Heartbeat: 24	Server: 5
	  Heartbeat: 25	Server: 6
	  Heartbeat: 25	Server: 7
	  Heartbeat: 26
Jan 14, 2022 2:44:02 PM edu.yu.cs.com3800.UDPMessageReceiver run
FINE: Waiting for packet
Jan 14, 2022 2:44:02 PM edu.yu.cs.com3800.UDPMessageReceiver run
FINE: UDP packet received:
Message Type: GOSSIP
Sender Host: localhost
Sender port: 1020
Receiver Host: localhost
Receiver port: 1060
Request ID: -1
Error Occurred: false
Message Contents: 
	Server: 0
	  Heartbeat: 24	Server: 1
	  Heartbeat: 24	Server: 2
	  Heartbeat: 15	Server: 3
	  Heartbeat: 27	Server: 4
	  Heartbeat: 26	Server: 5
	  Heartbeat: 26	Server: 6
	  Heartbeat: 26	Server: 7
	  Heartbeat: 25
Jan 14, 2022 2:44:02 PM edu.yu.cs.com3800.UDPMessageReceiver run
FINE: Waiting for packet
Jan 14, 2022 2:44:04 PM edu.yu.cs.com3800.UDPMessageReceiver run
FINE: UDP packet received:
Message Type: GOSSIP
Sender Host: localhost
Sender port: 1020
Receiver Host: localhost
Receiver port: 1060
Request ID: -1
Error Occurred: false
Message Contents: 
	Server: 0
	  Heartbeat: 24	Server: 1
	  Heartbeat: 24	Server: 2
	  Heartbeat: 15	Server: 3
	  Heartbeat: 28	Server: 4
	  Heartbeat: 26	Server: 5
	  Heartbeat: 26	Server: 6
	  Heartbeat: 26	Server: 7
	  Heartbeat: 25
Jan 14, 2022 2:44:04 PM edu.yu.cs.com3800.UDPMessageReceiver run
FINE: Waiting for packet
Jan 14, 2022 2:44:06 PM edu.yu.cs.com3800.UDPMessageReceiver run
FINE: UDP packet received:
Message Type: GOSSIP
Sender Host: localhost
Sender port: 1020
Receiver Host: localhost
Receiver port: 1060
Request ID: -1
Error Occurred: false
Message Contents: 
	Server: 0
	  Heartbeat: 24	Server: 1
	  Heartbeat: 24	Server: 2
	  Heartbeat: 15	Server: 3
	  Heartbeat: 29	Server: 4
	  Heartbeat: 26	Server: 5
	  Heartbeat: 26	Server: 6
	  Heartbeat: 26	Server: 7
	  Heartbeat: 25
Jan 14, 2022 2:44:06 PM edu.yu.cs.com3800.UDPMessageReceiver run
FINE: Waiting for packet
Jan 14, 2022 2:44:06 PM edu.yu.cs.com3800.UDPMessageReceiver run
FINE: UDP packet received:
Message Type: GOSSIP
Sender Host: localhost
Sender port: 990
Receiver Host: localhost
Receiver port: 1060
Request ID: -1
Error Occurred: false
Message Contents: 
	Server: 0
	  Heartbeat: 29	Server: 1
	  Heartbeat: 28	Server: 2
	  Heartbeat: 15	Server: 3
	  Heartbeat: 27	Server: 4
	  Heartbeat: 28	Server: 5
	  Heartbeat: 28	Server: 6
	  Heartbeat: 29	Server: 7
	  Heartbeat: 28
Jan 14, 2022 2:44:06 PM edu.yu.cs.com3800.UDPMessageReceiver run
FINE: Waiting for packet
Jan 14, 2022 2:44:08 PM edu.yu.cs.com3800.UDPMessageReceiver run
FINE: UDP packet received:
Message Type: GOSSIP
Sender Host: localhost
Sender port: 1030
Receiver Host: localhost
Receiver port: 1060
Request ID: -1
Error Occurred: false
Message Contents: 
	Server: 0
	  Heartbeat: 24	Server: 1
	  Heartbeat: 28	Server: 2
	  Heartbeat: 15	Server: 3
	  Heartbeat: 26	Server: 4
	  Heartbeat: 30	Server: 5
	  Heartbeat: 27	Server: 6
	  Heartbeat: 26	Server: 7
	  Heartbeat: 25
Jan 14, 2022 2:44:08 PM edu.yu.cs.com3800.UDPMessageReceiver run
FINE: Waiting for packet
Jan 14, 2022 2:44:08 PM edu.yu.cs.com3800.UDPMessageReceiver run
FINE: UDP packet received:
Message Type: GOSSIP
Sender Host: localhost
Sender port: 1040
Receiver Host: localhost
Receiver port: 1060
Request ID: -1
Error Occurred: false
Message Contents: 
	Server: 0
	  Heartbeat: 27	Server: 1
	  Heartbeat: 28	Server: 2
	  Heartbeat: 15	Server: 3
	  Heartbeat: 28	Server: 4
	  Heartbeat: 29	Server: 5
	  Heartbeat: 30	Server: 6
	  Heartbeat: 28	Server: 7
	  Heartbeat: 29
Jan 14, 2022 2:44:08 PM edu.yu.cs.com3800.UDPMessageReceiver run
FINE: Waiting for packet
Jan 14, 2022 2:44:11 PM edu.yu.cs.com3800.UDPMessageReceiver run
FINE: Waiting for packet
Jan 14, 2022 2:44:12 PM edu.yu.cs.com3800.UDPMessageReceiver run
FINE: UDP packet received:
Message Type: GOSSIP
Sender Host: localhost
Sender port: 1040
Receiver Host: localhost
Receiver port: 1060
Request ID: -1
Error Occurred: false
Message Contents: 
	Server: 0
	  Heartbeat: 32	Server: 1
	  Heartbeat: 29	Server: 2
	  Heartbeat: 15	Server: 3
	  Heartbeat: 29	Server: 4
	  Heartbeat: 29	Server: 5
	  Heartbeat: 32	Server: 6
	  Heartbeat: 31	Server: 7
	  Heartbeat: 30
Jan 14, 2022 2:44:12 PM edu.yu.cs.com3800.UDPMessageReceiver run
FINE: Waiting for packet
Jan 14, 2022 2:44:15 PM edu.yu.cs.com3800.UDPMessageReceiver run
FINE: Waiting for packet
Jan 14, 2022 2:44:16 PM edu.yu.cs.com3800.UDPMessageReceiver run
FINE: UDP packet received:
Message Type: GOSSIP
Sender Host: localhost
Sender port: 1040
Receiver Host: localhost
Receiver port: 1060
Request ID: -1
Error Occurred: false
Message Contents: 
	Server: 0
	  Heartbeat: 32	Server: 1
	  Heartbeat: 30	Server: 2
	  Heartbeat: 15	Server: 3
	  Heartbeat: 31	Server: 4
	  Heartbeat: 32	Server: 5
	  Heartbeat: 34	Server: 6
	  Heartbeat: 32	Server: 7
	  Heartbeat: 33
Jan 14, 2022 2:44:16 PM edu.yu.cs.com3800.UDPMessageReceiver run
FINE: Waiting for packet
Jan 14, 2022 2:44:18 PM edu.yu.cs.com3800.UDPMessageReceiver run
FINE: UDP packet received:
Message Type: GOSSIP
Sender Host: localhost
Sender port: 1030
Receiver Host: localhost
Receiver port: 1060
Request ID: -1
Error Occurred: false
Message Contents: 
	Server: 0
	  Heartbeat: 32	Server: 1
	  Heartbeat: 32	Server: 2
	  Heartbeat: 15	Server: 3
	  Heartbeat: 32	Server: 4
	  Heartbeat: 35	Server: 5
	  Heartbeat: 33	Server: 6
	  Heartbeat: 33	Server: 7
	  Heartbeat: 33
Jan 14, 2022 2:44:18 PM edu.yu.cs.com3800.UDPMessageReceiver run
FINE: Waiting for packet
Jan 14, 2022 2:44:20 PM edu.yu.cs.com3800.UDPMessageReceiver run
FINE: UDP packet received:
Message Type: GOSSIP
Sender Host: localhost
Sender port: 1000
Receiver Host: localhost
Receiver port: 1060
Request ID: -1
Error Occurred: false
Message Contents: 
	Server: 0
	  Heartbeat: 35	Server: 1
	  Heartbeat: 36	Server: 2
	  Heartbeat: 15	Server: 3
	  Heartbeat: 35	Server: 4
	  Heartbeat: 34	Server: 5
	  Heartbeat: 34	Server: 6
	  Heartbeat: 35	Server: 7
	  Heartbeat: 35
Jan 14, 2022 2:44:20 PM edu.yu.cs.com3800.UDPMessageReceiver run
FINE: Exiting UDPMessageReceiver.run()
