Jan 14, 2022 2:43:06 PM edu.yu.cs.com3800.LoggingServer initializeLogging
FINE: Initialized at: 1642189386689 for server 2 

Jan 14, 2022 2:43:06 PM edu.yu.cs.com3800.UDPMessageSender run
FINE: Message sent:
Message Type: ELECTION
Sender Host: localhost
Sender port: 1010
Receiver Host: localhost
Receiver port: 990
Request ID: -1
Error Occurred: false
Message Contents: 
	Leader voted for: 2
	Sender server state: O
	Sender server ID: 2
	Sender peer epoch: 0
Jan 14, 2022 2:43:06 PM edu.yu.cs.com3800.UDPMessageSender run
FINE: Message sent:
Message Type: ELECTION
Sender Host: localhost
Sender port: 1010
Receiver Host: localhost
Receiver port: 1000
Request ID: -1
Error Occurred: false
Message Contents: 
	Leader voted for: 2
	Sender server state: O
	Sender server ID: 2
	Sender peer epoch: 0
Jan 14, 2022 2:43:06 PM edu.yu.cs.com3800.UDPMessageSender run
FINE: Message sent:
Message Type: ELECTION
Sender Host: localhost
Sender port: 1010
Receiver Host: localhost
Receiver port: 1020
Request ID: -1
Error Occurred: false
Message Contents: 
	Leader voted for: 2
	Sender server state: O
	Sender server ID: 2
	Sender peer epoch: 0
Jan 14, 2022 2:43:06 PM edu.yu.cs.com3800.UDPMessageSender run
FINE: Message sent:
Message Type: ELECTION
Sender Host: localhost
Sender port: 1010
Receiver Host: localhost
Receiver port: 1030
Request ID: -1
Error Occurred: false
Message Contents: 
	Leader voted for: 2
	Sender server state: O
	Sender server ID: 2
	Sender peer epoch: 0
Jan 14, 2022 2:43:06 PM edu.yu.cs.com3800.UDPMessageSender run
FINE: Message sent:
Message Type: ELECTION
Sender Host: localhost
Sender port: 1010
Receiver Host: localhost
Receiver port: 1040
Request ID: -1
Error Occurred: false
Message Contents: 
	Leader voted for: 2
	Sender server state: O
	Sender server ID: 2
	Sender peer epoch: 0
Jan 14, 2022 2:43:06 PM edu.yu.cs.com3800.UDPMessageSender run
FINE: Message sent:
Message Type: ELECTION
Sender Host: localhost
Sender port: 1010
Receiver Host: localhost
Receiver port: 1050
Request ID: -1
Error Occurred: false
Message Contents: 
	Leader voted for: 2
	Sender server state: O
	Sender server ID: 2
	Sender peer epoch: 0
Jan 14, 2022 2:43:06 PM edu.yu.cs.com3800.UDPMessageSender run
FINE: Message sent:
Message Type: ELECTION
Sender Host: localhost
Sender port: 1010
Receiver Host: localhost
Receiver port: 1060
Request ID: -1
Error Occurred: false
Message Contents: 
	Leader voted for: 2
	Sender server state: O
	Sender server ID: 2
	Sender peer epoch: 0
Jan 14, 2022 2:43:07 PM edu.yu.cs.com3800.UDPMessageSender run
FINE: Message sent:
Message Type: ELECTION
Sender Host: localhost
Sender port: 1010
Receiver Host: localhost
Receiver port: 990
Request ID: -1
Error Occurred: false
Message Contents: 
	Leader voted for: 7
	Sender server state: O
	Sender server ID: 2
	Sender peer epoch: 0
Jan 14, 2022 2:43:07 PM edu.yu.cs.com3800.UDPMessageSender run
FINE: Message sent:
Message Type: ELECTION
Sender Host: localhost
Sender port: 1010
Receiver Host: localhost
Receiver port: 1000
Request ID: -1
Error Occurred: false
Message Contents: 
	Leader voted for: 7
	Sender server state: O
	Sender server ID: 2
	Sender peer epoch: 0
Jan 14, 2022 2:43:07 PM edu.yu.cs.com3800.UDPMessageSender run
FINE: Message sent:
Message Type: ELECTION
Sender Host: localhost
Sender port: 1010
Receiver Host: localhost
Receiver port: 1020
Request ID: -1
Error Occurred: false
Message Contents: 
	Leader voted for: 7
	Sender server state: O
	Sender server ID: 2
	Sender peer epoch: 0
Jan 14, 2022 2:43:07 PM edu.yu.cs.com3800.UDPMessageSender run
FINE: Message sent:
Message Type: ELECTION
Sender Host: localhost
Sender port: 1010
Receiver Host: localhost
Receiver port: 1030
Request ID: -1
Error Occurred: false
Message Contents: 
	Leader voted for: 7
	Sender server state: O
	Sender server ID: 2
	Sender peer epoch: 0
Jan 14, 2022 2:43:07 PM edu.yu.cs.com3800.UDPMessageSender run
FINE: Message sent:
Message Type: ELECTION
Sender Host: localhost
Sender port: 1010
Receiver Host: localhost
Receiver port: 1040
Request ID: -1
Error Occurred: false
Message Contents: 
	Leader voted for: 7
	Sender server state: O
	Sender server ID: 2
	Sender peer epoch: 0
Jan 14, 2022 2:43:07 PM edu.yu.cs.com3800.UDPMessageSender run
FINE: Message sent:
Message Type: ELECTION
Sender Host: localhost
Sender port: 1010
Receiver Host: localhost
Receiver port: 1050
Request ID: -1
Error Occurred: false
Message Contents: 
	Leader voted for: 7
	Sender server state: O
	Sender server ID: 2
	Sender peer epoch: 0
Jan 14, 2022 2:43:07 PM edu.yu.cs.com3800.UDPMessageSender run
FINE: Message sent:
Message Type: ELECTION
Sender Host: localhost
Sender port: 1010
Receiver Host: localhost
Receiver port: 1060
Request ID: -1
Error Occurred: false
Message Contents: 
	Leader voted for: 7
	Sender server state: O
	Sender server ID: 2
	Sender peer epoch: 0
Jan 14, 2022 2:43:08 PM edu.yu.cs.com3800.UDPMessageSender run
FINE: Message sent:
Message Type: GOSSIP
Sender Host: localhost
Sender port: 1010
Receiver Host: localhost
Receiver port: 1040
Request ID: -1
Error Occurred: false
Message Contents: 
	Server: 2
	  Heartbeat: 1
Jan 14, 2022 2:43:10 PM edu.yu.cs.com3800.UDPMessageSender run
FINE: Message sent:
Message Type: GOSSIP
Sender Host: localhost
Sender port: 1010
Receiver Host: localhost
Receiver port: 1050
Request ID: -1
Error Occurred: false
Message Contents: 
	Server: 0
	  Heartbeat: 1	Server: 2
	  Heartbeat: 2	Server: 6
	  Heartbeat: 1	Server: 7
	  Heartbeat: 1
Jan 14, 2022 2:43:12 PM edu.yu.cs.com3800.UDPMessageSender run
FINE: Message sent:
Message Type: GOSSIP
Sender Host: localhost
Sender port: 1010
Receiver Host: localhost
Receiver port: 1040
Request ID: -1
Error Occurred: false
Message Contents: 
	Server: 0
	  Heartbeat: 2	Server: 2
	  Heartbeat: 3	Server: 6
	  Heartbeat: 1	Server: 7
	  Heartbeat: 1
Jan 14, 2022 2:43:14 PM edu.yu.cs.com3800.UDPMessageSender run
FINE: Message sent:
Message Type: GOSSIP
Sender Host: localhost
Sender port: 1010
Receiver Host: localhost
Receiver port: 990
Request ID: -1
Error Occurred: false
Message Contents: 
	Server: 0
	  Heartbeat: 2	Server: 2
	  Heartbeat: 4	Server: 6
	  Heartbeat: 1	Server: 7
	  Heartbeat: 1
Jan 14, 2022 2:43:17 PM edu.yu.cs.com3800.UDPMessageSender run
FINE: Message sent:
Message Type: GOSSIP
Sender Host: localhost
Sender port: 1010
Receiver Host: localhost
Receiver port: 1050
Request ID: -1
Error Occurred: false
Message Contents: 
	Server: 0
	  Heartbeat: 2	Server: 2
	  Heartbeat: 5	Server: 6
	  Heartbeat: 1	Server: 7
	  Heartbeat: 1
Jan 14, 2022 2:43:19 PM edu.yu.cs.com3800.UDPMessageSender run
FINE: Message sent:
Message Type: GOSSIP
Sender Host: localhost
Sender port: 1010
Receiver Host: localhost
Receiver port: 1060
Request ID: -1
Error Occurred: false
Message Contents: 
	Server: 0
	  Heartbeat: 5	Server: 1
	  Heartbeat: 3	Server: 2
	  Heartbeat: 6	Server: 3
	  Heartbeat: 3	Server: 4
	  Heartbeat: 2	Server: 5
	  Heartbeat: 4	Server: 6
	  Heartbeat: 2	Server: 7
	  Heartbeat: 5
Jan 14, 2022 2:43:21 PM edu.yu.cs.com3800.UDPMessageSender run
FINE: Message sent:
Message Type: GOSSIP
Sender Host: localhost
Sender port: 1010
Receiver Host: localhost
Receiver port: 1060
Request ID: -1
Error Occurred: false
Message Contents: 
	Server: 0
	  Heartbeat: 6	Server: 1
	  Heartbeat: 6	Server: 2
	  Heartbeat: 7	Server: 3
	  Heartbeat: 5	Server: 4
	  Heartbeat: 6	Server: 5
	  Heartbeat: 6	Server: 6
	  Heartbeat: 7	Server: 7
	  Heartbeat: 5
Jan 14, 2022 2:43:23 PM edu.yu.cs.com3800.UDPMessageSender run
FINE: Message sent:
Message Type: GOSSIP
Sender Host: localhost
Sender port: 1010
Receiver Host: localhost
Receiver port: 1060
Request ID: -1
Error Occurred: false
Message Contents: 
	Server: 0
	  Heartbeat: 7	Server: 1
	  Heartbeat: 7	Server: 2
	  Heartbeat: 8	Server: 3
	  Heartbeat: 7	Server: 4
	  Heartbeat: 6	Server: 5
	  Heartbeat: 6	Server: 6
	  Heartbeat: 7	Server: 7
	  Heartbeat: 5
Jan 14, 2022 2:43:25 PM edu.yu.cs.com3800.UDPMessageSender run
FINE: Message sent:
Message Type: GOSSIP
Sender Host: localhost
Sender port: 1010
Receiver Host: localhost
Receiver port: 1050
Request ID: -1
Error Occurred: false
Message Contents: 
	Server: 0
	  Heartbeat: 7	Server: 1
	  Heartbeat: 7	Server: 2
	  Heartbeat: 9	Server: 3
	  Heartbeat: 7	Server: 4
	  Heartbeat: 6	Server: 5
	  Heartbeat: 8	Server: 6
	  Heartbeat: 8	Server: 7
	  Heartbeat: 6
Jan 14, 2022 2:43:27 PM edu.yu.cs.com3800.UDPMessageSender run
FINE: Message sent:
Message Type: GOSSIP
Sender Host: localhost
Sender port: 1010
Receiver Host: localhost
Receiver port: 990
Request ID: -1
Error Occurred: false
Message Contents: 
	Server: 0
	  Heartbeat: 7	Server: 1
	  Heartbeat: 7	Server: 2
	  Heartbeat: 10	Server: 3
	  Heartbeat: 7	Server: 4
	  Heartbeat: 6	Server: 5
	  Heartbeat: 8	Server: 6
	  Heartbeat: 8	Server: 7
	  Heartbeat: 6
Jan 14, 2022 2:43:29 PM edu.yu.cs.com3800.UDPMessageSender run
FINE: Message sent:
Message Type: GOSSIP
Sender Host: localhost
Sender port: 1010
Receiver Host: localhost
Receiver port: 1030
Request ID: -1
Error Occurred: false
Message Contents: 
	Server: 0
	  Heartbeat: 7	Server: 1
	  Heartbeat: 7	Server: 2
	  Heartbeat: 11	Server: 3
	  Heartbeat: 7	Server: 4
	  Heartbeat: 6	Server: 5
	  Heartbeat: 8	Server: 6
	  Heartbeat: 8	Server: 7
	  Heartbeat: 6
Jan 14, 2022 2:43:31 PM edu.yu.cs.com3800.UDPMessageSender run
FINE: Message sent:
Message Type: GOSSIP
Sender Host: localhost
Sender port: 1010
Receiver Host: localhost
Receiver port: 1020
Request ID: -1
Error Occurred: false
Message Contents: 
	Server: 0
	  Heartbeat: 10	Server: 1
	  Heartbeat: 10	Server: 2
	  Heartbeat: 12	Server: 3
	  Heartbeat: 9	Server: 4
	  Heartbeat: 9	Server: 5
	  Heartbeat: 8	Server: 6
	  Heartbeat: 9	Server: 7
	  Heartbeat: 11
Jan 14, 2022 2:43:33 PM edu.yu.cs.com3800.UDPMessageSender run
FINE: Message sent:
Message Type: GOSSIP
Sender Host: localhost
Sender port: 1010
Receiver Host: localhost
Receiver port: 1000
Request ID: -1
Error Occurred: false
Message Contents: 
	Server: 0
	  Heartbeat: 11	Server: 1
	  Heartbeat: 12	Server: 2
	  Heartbeat: 13	Server: 3
	  Heartbeat: 10	Server: 4
	  Heartbeat: 10	Server: 5
	  Heartbeat: 10	Server: 6
	  Heartbeat: 11	Server: 7
	  Heartbeat: 11
Jan 14, 2022 2:43:35 PM edu.yu.cs.com3800.UDPMessageSender run
FINE: Message sent:
Message Type: GOSSIP
Sender Host: localhost
Sender port: 1010
Receiver Host: localhost
Receiver port: 1060
Request ID: -1
Error Occurred: false
Message Contents: 
	Server: 0
	  Heartbeat: 11	Server: 1
	  Heartbeat: 12	Server: 2
	  Heartbeat: 14	Server: 3
	  Heartbeat: 10	Server: 4
	  Heartbeat: 10	Server: 5
	  Heartbeat: 10	Server: 6
	  Heartbeat: 11	Server: 7
	  Heartbeat: 11
Jan 14, 2022 2:43:37 PM edu.yu.cs.com3800.UDPMessageSender run
FINE: Message sent:
Message Type: GOSSIP
Sender Host: localhost
Sender port: 1010
Receiver Host: localhost
Receiver port: 1060
Request ID: -1
Error Occurred: false
Message Contents: 
	Server: 0
	  Heartbeat: 12	Server: 1
	  Heartbeat: 14	Server: 2
	  Heartbeat: 15	Server: 3
	  Heartbeat: 11	Server: 4
	  Heartbeat: 14	Server: 5
	  Heartbeat: 12	Server: 6
	  Heartbeat: 12	Server: 7
	  Heartbeat: 14
Jan 14, 2022 2:43:38 PM edu.yu.cs.com3800.UDPMessageSender run
FINE: Exiting UDPMessageSender.run()
