Jan 14, 2022 2:43:07 PM edu.yu.cs.com3800.LoggingServer initializeLogging
FINE: Initialized at: 1642189387293 for server 5 

Jan 14, 2022 2:43:07 PM edu.yu.cs.com3800.UDPMessageSender run
FINE: Message sent:
Message Type: ELECTION
Sender Host: localhost
Sender port: 1040
Receiver Host: localhost
Receiver port: 990
Request ID: -1
Error Occurred: false
Message Contents: 
	Leader voted for: 5
	Sender server state: O
	Sender server ID: 5
	Sender peer epoch: 0
Jan 14, 2022 2:43:07 PM edu.yu.cs.com3800.UDPMessageSender run
FINE: Message sent:
Message Type: ELECTION
Sender Host: localhost
Sender port: 1040
Receiver Host: localhost
Receiver port: 1000
Request ID: -1
Error Occurred: false
Message Contents: 
	Leader voted for: 5
	Sender server state: O
	Sender server ID: 5
	Sender peer epoch: 0
Jan 14, 2022 2:43:07 PM edu.yu.cs.com3800.UDPMessageSender run
FINE: Message sent:
Message Type: ELECTION
Sender Host: localhost
Sender port: 1040
Receiver Host: localhost
Receiver port: 1010
Request ID: -1
Error Occurred: false
Message Contents: 
	Leader voted for: 5
	Sender server state: O
	Sender server ID: 5
	Sender peer epoch: 0
Jan 14, 2022 2:43:07 PM edu.yu.cs.com3800.UDPMessageSender run
FINE: Message sent:
Message Type: ELECTION
Sender Host: localhost
Sender port: 1040
Receiver Host: localhost
Receiver port: 1020
Request ID: -1
Error Occurred: false
Message Contents: 
	Leader voted for: 5
	Sender server state: O
	Sender server ID: 5
	Sender peer epoch: 0
Jan 14, 2022 2:43:07 PM edu.yu.cs.com3800.UDPMessageSender run
FINE: Message sent:
Message Type: ELECTION
Sender Host: localhost
Sender port: 1040
Receiver Host: localhost
Receiver port: 1030
Request ID: -1
Error Occurred: false
Message Contents: 
	Leader voted for: 5
	Sender server state: O
	Sender server ID: 5
	Sender peer epoch: 0
Jan 14, 2022 2:43:07 PM edu.yu.cs.com3800.UDPMessageSender run
FINE: Message sent:
Message Type: ELECTION
Sender Host: localhost
Sender port: 1040
Receiver Host: localhost
Receiver port: 1050
Request ID: -1
Error Occurred: false
Message Contents: 
	Leader voted for: 5
	Sender server state: O
	Sender server ID: 5
	Sender peer epoch: 0
Jan 14, 2022 2:43:07 PM edu.yu.cs.com3800.UDPMessageSender run
FINE: Message sent:
Message Type: ELECTION
Sender Host: localhost
Sender port: 1040
Receiver Host: localhost
Receiver port: 1060
Request ID: -1
Error Occurred: false
Message Contents: 
	Leader voted for: 5
	Sender server state: O
	Sender server ID: 5
	Sender peer epoch: 0
Jan 14, 2022 2:43:07 PM edu.yu.cs.com3800.UDPMessageSender run
FINE: Message sent:
Message Type: ELECTION
Sender Host: localhost
Sender port: 1040
Receiver Host: localhost
Receiver port: 990
Request ID: -1
Error Occurred: false
Message Contents: 
	Leader voted for: 7
	Sender server state: O
	Sender server ID: 5
	Sender peer epoch: 0
Jan 14, 2022 2:43:07 PM edu.yu.cs.com3800.UDPMessageSender run
FINE: Message sent:
Message Type: ELECTION
Sender Host: localhost
Sender port: 1040
Receiver Host: localhost
Receiver port: 1000
Request ID: -1
Error Occurred: false
Message Contents: 
	Leader voted for: 7
	Sender server state: O
	Sender server ID: 5
	Sender peer epoch: 0
Jan 14, 2022 2:43:07 PM edu.yu.cs.com3800.UDPMessageSender run
FINE: Message sent:
Message Type: ELECTION
Sender Host: localhost
Sender port: 1040
Receiver Host: localhost
Receiver port: 1010
Request ID: -1
Error Occurred: false
Message Contents: 
	Leader voted for: 7
	Sender server state: O
	Sender server ID: 5
	Sender peer epoch: 0
Jan 14, 2022 2:43:07 PM edu.yu.cs.com3800.UDPMessageSender run
FINE: Message sent:
Message Type: ELECTION
Sender Host: localhost
Sender port: 1040
Receiver Host: localhost
Receiver port: 1020
Request ID: -1
Error Occurred: false
Message Contents: 
	Leader voted for: 7
	Sender server state: O
	Sender server ID: 5
	Sender peer epoch: 0
Jan 14, 2022 2:43:07 PM edu.yu.cs.com3800.UDPMessageSender run
FINE: Message sent:
Message Type: ELECTION
Sender Host: localhost
Sender port: 1040
Receiver Host: localhost
Receiver port: 1030
Request ID: -1
Error Occurred: false
Message Contents: 
	Leader voted for: 7
	Sender server state: O
	Sender server ID: 5
	Sender peer epoch: 0
Jan 14, 2022 2:43:07 PM edu.yu.cs.com3800.UDPMessageSender run
FINE: Message sent:
Message Type: ELECTION
Sender Host: localhost
Sender port: 1040
Receiver Host: localhost
Receiver port: 1050
Request ID: -1
Error Occurred: false
Message Contents: 
	Leader voted for: 7
	Sender server state: O
	Sender server ID: 5
	Sender peer epoch: 0
Jan 14, 2022 2:43:07 PM edu.yu.cs.com3800.UDPMessageSender run
FINE: Message sent:
Message Type: ELECTION
Sender Host: localhost
Sender port: 1040
Receiver Host: localhost
Receiver port: 1060
Request ID: -1
Error Occurred: false
Message Contents: 
	Leader voted for: 7
	Sender server state: O
	Sender server ID: 5
	Sender peer epoch: 0
Jan 14, 2022 2:43:08 PM edu.yu.cs.com3800.UDPMessageSender run
FINE: Message sent:
Message Type: GOSSIP
Sender Host: localhost
Sender port: 1040
Receiver Host: localhost
Receiver port: 1000
Request ID: -1
Error Occurred: false
Message Contents: 
	Server: 5
	  Heartbeat: 1
Jan 14, 2022 2:43:10 PM edu.yu.cs.com3800.UDPMessageSender run
FINE: Message sent:
Message Type: GOSSIP
Sender Host: localhost
Sender port: 1040
Receiver Host: localhost
Receiver port: 1020
Request ID: -1
Error Occurred: false
Message Contents: 
	Server: 2
	  Heartbeat: 1	Server: 4
	  Heartbeat: 1	Server: 5
	  Heartbeat: 2
Jan 14, 2022 2:43:12 PM edu.yu.cs.com3800.UDPMessageSender run
FINE: Message sent:
Message Type: GOSSIP
Sender Host: localhost
Sender port: 1040
Receiver Host: localhost
Receiver port: 1000
Request ID: -1
Error Occurred: false
Message Contents: 
	Server: 1
	  Heartbeat: 1	Server: 2
	  Heartbeat: 1	Server: 3
	  Heartbeat: 2	Server: 4
	  Heartbeat: 1	Server: 5
	  Heartbeat: 3
Jan 14, 2022 2:43:14 PM edu.yu.cs.com3800.UDPMessageSender run
FINE: Message sent:
Message Type: GOSSIP
Sender Host: localhost
Sender port: 1040
Receiver Host: localhost
Receiver port: 990
Request ID: -1
Error Occurred: false
Message Contents: 
	Server: 0
	  Heartbeat: 2	Server: 1
	  Heartbeat: 3	Server: 2
	  Heartbeat: 3	Server: 3
	  Heartbeat: 2	Server: 4
	  Heartbeat: 2	Server: 5
	  Heartbeat: 4	Server: 6
	  Heartbeat: 1	Server: 7
	  Heartbeat: 1
Jan 14, 2022 2:43:17 PM edu.yu.cs.com3800.UDPMessageSender run
FINE: Message sent:
Message Type: GOSSIP
Sender Host: localhost
Sender port: 1040
Receiver Host: localhost
Receiver port: 1020
Request ID: -1
Error Occurred: false
Message Contents: 
	Server: 0
	  Heartbeat: 3	Server: 1
	  Heartbeat: 3	Server: 2
	  Heartbeat: 3	Server: 3
	  Heartbeat: 5	Server: 4
	  Heartbeat: 3	Server: 5
	  Heartbeat: 5	Server: 6
	  Heartbeat: 4	Server: 7
	  Heartbeat: 3
Jan 14, 2022 2:43:19 PM edu.yu.cs.com3800.UDPMessageSender run
FINE: Message sent:
Message Type: GOSSIP
Sender Host: localhost
Sender port: 1040
Receiver Host: localhost
Receiver port: 1050
Request ID: -1
Error Occurred: false
Message Contents: 
	Server: 0
	  Heartbeat: 3	Server: 1
	  Heartbeat: 3	Server: 2
	  Heartbeat: 3	Server: 3
	  Heartbeat: 5	Server: 4
	  Heartbeat: 3	Server: 5
	  Heartbeat: 6	Server: 6
	  Heartbeat: 4	Server: 7
	  Heartbeat: 3
Jan 14, 2022 2:43:21 PM edu.yu.cs.com3800.UDPMessageSender run
FINE: Message sent:
Message Type: GOSSIP
Sender Host: localhost
Sender port: 1040
Receiver Host: localhost
Receiver port: 1020
Request ID: -1
Error Occurred: false
Message Contents: 
	Server: 0
	  Heartbeat: 3	Server: 1
	  Heartbeat: 3	Server: 2
	  Heartbeat: 3	Server: 3
	  Heartbeat: 6	Server: 4
	  Heartbeat: 3	Server: 5
	  Heartbeat: 7	Server: 6
	  Heartbeat: 4	Server: 7
	  Heartbeat: 6
Jan 14, 2022 2:43:23 PM edu.yu.cs.com3800.UDPMessageSender run
FINE: Message sent:
Message Type: GOSSIP
Sender Host: localhost
Sender port: 1040
Receiver Host: localhost
Receiver port: 1010
Request ID: -1
Error Occurred: false
Message Contents: 
	Server: 0
	  Heartbeat: 4	Server: 1
	  Heartbeat: 6	Server: 2
	  Heartbeat: 5	Server: 3
	  Heartbeat: 6	Server: 4
	  Heartbeat: 6	Server: 5
	  Heartbeat: 8	Server: 6
	  Heartbeat: 8	Server: 7
	  Heartbeat: 6
Jan 14, 2022 2:43:25 PM edu.yu.cs.com3800.UDPMessageSender run
FINE: Message sent:
Message Type: GOSSIP
Sender Host: localhost
Sender port: 1040
Receiver Host: localhost
Receiver port: 1050
Request ID: -1
Error Occurred: false
Message Contents: 
	Server: 0
	  Heartbeat: 4	Server: 1
	  Heartbeat: 6	Server: 2
	  Heartbeat: 5	Server: 3
	  Heartbeat: 6	Server: 4
	  Heartbeat: 6	Server: 5
	  Heartbeat: 9	Server: 6
	  Heartbeat: 8	Server: 7
	  Heartbeat: 6
Jan 14, 2022 2:43:27 PM edu.yu.cs.com3800.UDPMessageSender run
FINE: Message sent:
Message Type: GOSSIP
Sender Host: localhost
Sender port: 1040
Receiver Host: localhost
Receiver port: 1050
Request ID: -1
Error Occurred: false
Message Contents: 
	Server: 0
	  Heartbeat: 7	Server: 1
	  Heartbeat: 8	Server: 2
	  Heartbeat: 8	Server: 3
	  Heartbeat: 10	Server: 4
	  Heartbeat: 10	Server: 5
	  Heartbeat: 10	Server: 6
	  Heartbeat: 8	Server: 7
	  Heartbeat: 8
Jan 14, 2022 2:43:29 PM edu.yu.cs.com3800.UDPMessageSender run
FINE: Message sent:
Message Type: GOSSIP
Sender Host: localhost
Sender port: 1040
Receiver Host: localhost
Receiver port: 1050
Request ID: -1
Error Occurred: false
Message Contents: 
	Server: 0
	  Heartbeat: 10	Server: 1
	  Heartbeat: 11	Server: 2
	  Heartbeat: 9	Server: 3
	  Heartbeat: 11	Server: 4
	  Heartbeat: 10	Server: 5
	  Heartbeat: 11	Server: 6
	  Heartbeat: 11	Server: 7
	  Heartbeat: 10
Jan 14, 2022 2:43:31 PM edu.yu.cs.com3800.UDPMessageSender run
FINE: Message sent:
Message Type: GOSSIP
Sender Host: localhost
Sender port: 1040
Receiver Host: localhost
Receiver port: 1000
Request ID: -1
Error Occurred: false
Message Contents: 
	Server: 0
	  Heartbeat: 10	Server: 1
	  Heartbeat: 11	Server: 2
	  Heartbeat: 9	Server: 3
	  Heartbeat: 11	Server: 4
	  Heartbeat: 10	Server: 5
	  Heartbeat: 12	Server: 6
	  Heartbeat: 12	Server: 7
	  Heartbeat: 10
Jan 14, 2022 2:43:34 PM edu.yu.cs.com3800.UDPMessageSender run
FINE: Message sent:
Message Type: GOSSIP
Sender Host: localhost
Sender port: 1040
Receiver Host: localhost
Receiver port: 1050
Request ID: -1
Error Occurred: false
Message Contents: 
	Server: 0
	  Heartbeat: 10	Server: 1
	  Heartbeat: 11	Server: 2
	  Heartbeat: 9	Server: 3
	  Heartbeat: 11	Server: 4
	  Heartbeat: 10	Server: 5
	  Heartbeat: 13	Server: 6
	  Heartbeat: 12	Server: 7
	  Heartbeat: 10
Jan 14, 2022 2:43:35 PM edu.yu.cs.com3800.UDPMessageSender run
FINE: Message sent:
Message Type: GOSSIP
Sender Host: localhost
Sender port: 1040
Receiver Host: localhost
Receiver port: 1060
Request ID: -1
Error Occurred: false
Message Contents: 
	Server: 0
	  Heartbeat: 14	Server: 1
	  Heartbeat: 13	Server: 2
	  Heartbeat: 13	Server: 3
	  Heartbeat: 14	Server: 4
	  Heartbeat: 12	Server: 5
	  Heartbeat: 14	Server: 6
	  Heartbeat: 14	Server: 7
	  Heartbeat: 13
Jan 14, 2022 2:43:38 PM edu.yu.cs.com3800.UDPMessageSender run
FINE: Message sent:
Message Type: GOSSIP
Sender Host: localhost
Sender port: 1040
Receiver Host: localhost
Receiver port: 990
Request ID: -1
Error Occurred: false
Message Contents: 
	Server: 0
	  Heartbeat: 14	Server: 1
	  Heartbeat: 13	Server: 2
	  Heartbeat: 13	Server: 3
	  Heartbeat: 15	Server: 4
	  Heartbeat: 12	Server: 5
	  Heartbeat: 15	Server: 6
	  Heartbeat: 14	Server: 7
	  Heartbeat: 13
Jan 14, 2022 2:43:40 PM edu.yu.cs.com3800.UDPMessageSender run
FINE: Message sent:
Message Type: GOSSIP
Sender Host: localhost
Sender port: 1040
Receiver Host: localhost
Receiver port: 1050
Request ID: -1
Error Occurred: false
Message Contents: 
	Server: 0
	  Heartbeat: 14	Server: 1
	  Heartbeat: 13	Server: 2
	  Heartbeat: 13	Server: 3
	  Heartbeat: 15	Server: 4
	  Heartbeat: 12	Server: 5
	  Heartbeat: 16	Server: 6
	  Heartbeat: 14	Server: 7
	  Heartbeat: 13
Jan 14, 2022 2:43:42 PM edu.yu.cs.com3800.UDPMessageSender run
FINE: Message sent:
Message Type: GOSSIP
Sender Host: localhost
Sender port: 1040
Receiver Host: localhost
Receiver port: 1010
Request ID: -1
Error Occurred: false
Message Contents: 
	Server: 0
	  Heartbeat: 14	Server: 1
	  Heartbeat: 13	Server: 2
	  Heartbeat: 13	Server: 3
	  Heartbeat: 15	Server: 4
	  Heartbeat: 12	Server: 5
	  Heartbeat: 17	Server: 6
	  Heartbeat: 14	Server: 7
	  Heartbeat: 13
Jan 14, 2022 2:43:44 PM edu.yu.cs.com3800.UDPMessageSender run
FINE: Message sent:
Message Type: GOSSIP
Sender Host: localhost
Sender port: 1040
Receiver Host: localhost
Receiver port: 1010
Request ID: -1
Error Occurred: false
Message Contents: 
	Server: 0
	  Heartbeat: 18	Server: 1
	  Heartbeat: 17	Server: 2
	  Heartbeat: 15	Server: 3
	  Heartbeat: 17	Server: 4
	  Heartbeat: 17	Server: 5
	  Heartbeat: 18	Server: 6
	  Heartbeat: 17	Server: 7
	  Heartbeat: 17
Jan 14, 2022 2:43:46 PM edu.yu.cs.com3800.UDPMessageSender run
FINE: Message sent:
Message Type: GOSSIP
Sender Host: localhost
Sender port: 1040
Receiver Host: localhost
Receiver port: 1060
Request ID: -1
Error Occurred: false
Message Contents: 
	Server: 0
	  Heartbeat: 19	Server: 1
	  Heartbeat: 18	Server: 2
	  Heartbeat: 15	Server: 3
	  Heartbeat: 19	Server: 4
	  Heartbeat: 19	Server: 5
	  Heartbeat: 19	Server: 6
	  Heartbeat: 19	Server: 7
	  Heartbeat: 17
Jan 14, 2022 2:43:48 PM edu.yu.cs.com3800.UDPMessageSender run
FINE: Message sent:
Message Type: GOSSIP
Sender Host: localhost
Sender port: 1040
Receiver Host: localhost
Receiver port: 990
Request ID: -1
Error Occurred: false
Message Contents: 
	Server: 0
	  Heartbeat: 19	Server: 1
	  Heartbeat: 18	Server: 2
	  Heartbeat: 15	Server: 3
	  Heartbeat: 19	Server: 4
	  Heartbeat: 19	Server: 5
	  Heartbeat: 20	Server: 6
	  Heartbeat: 19	Server: 7
	  Heartbeat: 17
Jan 14, 2022 2:43:50 PM edu.yu.cs.com3800.UDPMessageSender run
FINE: Message sent:
Message Type: GOSSIP
Sender Host: localhost
Sender port: 1040
Receiver Host: localhost
Receiver port: 1060
Request ID: -1
Error Occurred: false
Message Contents: 
	Server: 0
	  Heartbeat: 21	Server: 1
	  Heartbeat: 20	Server: 2
	  Heartbeat: 15	Server: 3
	  Heartbeat: 21	Server: 4
	  Heartbeat: 20	Server: 5
	  Heartbeat: 21	Server: 6
	  Heartbeat: 21	Server: 7
	  Heartbeat: 21
Jan 14, 2022 2:43:52 PM edu.yu.cs.com3800.UDPMessageSender run
FINE: Message sent:
Message Type: GOSSIP
Sender Host: localhost
Sender port: 1040
Receiver Host: localhost
Receiver port: 1000
Request ID: -1
Error Occurred: false
Message Contents: 
	Server: 0
	  Heartbeat: 21	Server: 1
	  Heartbeat: 22	Server: 2
	  Heartbeat: 15	Server: 3
	  Heartbeat: 21	Server: 4
	  Heartbeat: 20	Server: 5
	  Heartbeat: 22	Server: 6
	  Heartbeat: 21	Server: 7
	  Heartbeat: 22
Jan 14, 2022 2:43:54 PM edu.yu.cs.com3800.UDPMessageSender run
FINE: Message sent:
Message Type: GOSSIP
Sender Host: localhost
Sender port: 1040
Receiver Host: localhost
Receiver port: 1020
Request ID: -1
Error Occurred: false
Message Contents: 
	Server: 0
	  Heartbeat: 21	Server: 1
	  Heartbeat: 22	Server: 2
	  Heartbeat: 15	Server: 3
	  Heartbeat: 21	Server: 4
	  Heartbeat: 22	Server: 5
	  Heartbeat: 23	Server: 6
	  Heartbeat: 21	Server: 7
	  Heartbeat: 22
Jan 14, 2022 2:43:56 PM edu.yu.cs.com3800.UDPMessageSender run
FINE: Message sent:
Message Type: GOSSIP
Sender Host: localhost
Sender port: 1040
Receiver Host: localhost
Receiver port: 1050
Request ID: -1
Error Occurred: false
Message Contents: 
	Server: 0
	  Heartbeat: 22	Server: 1
	  Heartbeat: 23	Server: 2
	  Heartbeat: 15	Server: 3
	  Heartbeat: 22	Server: 4
	  Heartbeat: 23	Server: 5
	  Heartbeat: 24	Server: 6
	  Heartbeat: 24	Server: 7
	  Heartbeat: 24
Jan 14, 2022 2:43:58 PM edu.yu.cs.com3800.UDPMessageSender run
FINE: Message sent:
Message Type: GOSSIP
Sender Host: localhost
Sender port: 1040
Receiver Host: localhost
Receiver port: 990
Request ID: -1
Error Occurred: false
Message Contents: 
	Server: 0
	  Heartbeat: 22	Server: 1
	  Heartbeat: 23	Server: 2
	  Heartbeat: 15	Server: 3
	  Heartbeat: 22	Server: 4
	  Heartbeat: 24	Server: 5
	  Heartbeat: 25	Server: 6
	  Heartbeat: 24	Server: 7
	  Heartbeat: 24
Jan 14, 2022 2:44:00 PM edu.yu.cs.com3800.UDPMessageSender run
FINE: Message sent:
Message Type: GOSSIP
Sender Host: localhost
Sender port: 1040
Receiver Host: localhost
Receiver port: 1020
Request ID: -1
Error Occurred: false
Message Contents: 
	Server: 0
	  Heartbeat: 23	Server: 1
	  Heartbeat: 23	Server: 2
	  Heartbeat: 15	Server: 3
	  Heartbeat: 26	Server: 4
	  Heartbeat: 24	Server: 5
	  Heartbeat: 26	Server: 6
	  Heartbeat: 24	Server: 7
	  Heartbeat: 24
Jan 14, 2022 2:44:02 PM edu.yu.cs.com3800.UDPMessageSender run
FINE: Message sent:
Message Type: GOSSIP
Sender Host: localhost
Sender port: 1040
Receiver Host: localhost
Receiver port: 1030
Request ID: -1
Error Occurred: false
Message Contents: 
	Server: 0
	  Heartbeat: 23	Server: 1
	  Heartbeat: 23	Server: 2
	  Heartbeat: 15	Server: 3
	  Heartbeat: 26	Server: 4
	  Heartbeat: 24	Server: 5
	  Heartbeat: 27	Server: 6
	  Heartbeat: 24	Server: 7
	  Heartbeat: 24
Jan 14, 2022 2:44:04 PM edu.yu.cs.com3800.UDPMessageSender run
FINE: Message sent:
Message Type: GOSSIP
Sender Host: localhost
Sender port: 1040
Receiver Host: localhost
Receiver port: 1050
Request ID: -1
Error Occurred: false
Message Contents: 
	Server: 0
	  Heartbeat: 27	Server: 1
	  Heartbeat: 27	Server: 3
	  Heartbeat: 27	Server: 4
	  Heartbeat: 26	Server: 5
	  Heartbeat: 28	Server: 6
	  Heartbeat: 28	Server: 7
	  Heartbeat: 28
Jan 14, 2022 2:44:06 PM edu.yu.cs.com3800.UDPMessageSender run
FINE: Message sent:
Message Type: GOSSIP
Sender Host: localhost
Sender port: 1040
Receiver Host: localhost
Receiver port: 1050
Request ID: -1
Error Occurred: false
Message Contents: 
	Server: 0
	  Heartbeat: 27	Server: 1
	  Heartbeat: 27	Server: 2
	  Heartbeat: 15	Server: 3
	  Heartbeat: 28	Server: 4
	  Heartbeat: 26	Server: 5
	  Heartbeat: 29	Server: 6
	  Heartbeat: 28	Server: 7
	  Heartbeat: 29
Jan 14, 2022 2:44:08 PM edu.yu.cs.com3800.UDPMessageSender run
FINE: Message sent:
Message Type: GOSSIP
Sender Host: localhost
Sender port: 1040
Receiver Host: localhost
Receiver port: 1060
Request ID: -1
Error Occurred: false
Message Contents: 
	Server: 0
	  Heartbeat: 27	Server: 1
	  Heartbeat: 28	Server: 2
	  Heartbeat: 15	Server: 3
	  Heartbeat: 28	Server: 4
	  Heartbeat: 29	Server: 5
	  Heartbeat: 30	Server: 6
	  Heartbeat: 28	Server: 7
	  Heartbeat: 29
Jan 14, 2022 2:44:10 PM edu.yu.cs.com3800.UDPMessageSender run
FINE: Message sent:
Message Type: GOSSIP
Sender Host: localhost
Sender port: 1040
Receiver Host: localhost
Receiver port: 1000
Request ID: -1
Error Occurred: false
Message Contents: 
	Server: 0
	  Heartbeat: 27	Server: 1
	  Heartbeat: 28	Server: 2
	  Heartbeat: 15	Server: 3
	  Heartbeat: 28	Server: 4
	  Heartbeat: 29	Server: 5
	  Heartbeat: 31	Server: 6
	  Heartbeat: 28	Server: 7
	  Heartbeat: 29
Jan 14, 2022 2:44:12 PM edu.yu.cs.com3800.UDPMessageSender run
FINE: Message sent:
Message Type: GOSSIP
Sender Host: localhost
Sender port: 1040
Receiver Host: localhost
Receiver port: 1060
Request ID: -1
Error Occurred: false
Message Contents: 
	Server: 0
	  Heartbeat: 32	Server: 1
	  Heartbeat: 29	Server: 2
	  Heartbeat: 15	Server: 3
	  Heartbeat: 29	Server: 4
	  Heartbeat: 29	Server: 5
	  Heartbeat: 32	Server: 6
	  Heartbeat: 31	Server: 7
	  Heartbeat: 30
Jan 14, 2022 2:44:14 PM edu.yu.cs.com3800.UDPMessageSender run
FINE: Message sent:
Message Type: GOSSIP
Sender Host: localhost
Sender port: 1040
Receiver Host: localhost
Receiver port: 1030
Request ID: -1
Error Occurred: false
Message Contents: 
	Server: 0
	  Heartbeat: 32	Server: 1
	  Heartbeat: 30	Server: 2
	  Heartbeat: 15	Server: 3
	  Heartbeat: 31	Server: 4
	  Heartbeat: 32	Server: 5
	  Heartbeat: 33	Server: 6
	  Heartbeat: 32	Server: 7
	  Heartbeat: 33
Jan 14, 2022 2:44:16 PM edu.yu.cs.com3800.UDPMessageSender run
FINE: Message sent:
Message Type: GOSSIP
Sender Host: localhost
Sender port: 1040
Receiver Host: localhost
Receiver port: 1060
Request ID: -1
Error Occurred: false
Message Contents: 
	Server: 0
	  Heartbeat: 32	Server: 1
	  Heartbeat: 30	Server: 2
	  Heartbeat: 15	Server: 3
	  Heartbeat: 31	Server: 4
	  Heartbeat: 32	Server: 5
	  Heartbeat: 34	Server: 6
	  Heartbeat: 32	Server: 7
	  Heartbeat: 33
Jan 14, 2022 2:44:18 PM edu.yu.cs.com3800.UDPMessageSender run
FINE: Message sent:
Message Type: GOSSIP
Sender Host: localhost
Sender port: 1040
Receiver Host: localhost
Receiver port: 1050
Request ID: -1
Error Occurred: false
Message Contents: 
	Server: 0
	  Heartbeat: 32	Server: 1
	  Heartbeat: 30	Server: 2
	  Heartbeat: 15	Server: 3
	  Heartbeat: 31	Server: 4
	  Heartbeat: 32	Server: 5
	  Heartbeat: 35	Server: 6
	  Heartbeat: 32	Server: 7
	  Heartbeat: 33
Jan 14, 2022 2:44:20 PM edu.yu.cs.com3800.UDPMessageSender run
FINE: Message sent:
Message Type: GOSSIP
Sender Host: localhost
Sender port: 1040
Receiver Host: localhost
Receiver port: 1060
Request ID: -1
Error Occurred: false
Message Contents: 
	Server: 0
	  Heartbeat: 36	Server: 1
	  Heartbeat: 34	Server: 2
	  Heartbeat: 15	Server: 3
	  Heartbeat: 33	Server: 4
	  Heartbeat: 34	Server: 5
	  Heartbeat: 36	Server: 6
	  Heartbeat: 35	Server: 7
	  Heartbeat: 35
Jan 14, 2022 2:44:23 PM edu.yu.cs.com3800.UDPMessageSender run
FINE: Message sent:
Message Type: GOSSIP
Sender Host: localhost
Sender port: 1040
Receiver Host: localhost
Receiver port: 1000
Request ID: -1
Error Occurred: false
Message Contents: 
	Server: 0
	  Heartbeat: 36	Server: 1
	  Heartbeat: 34	Server: 2
	  Heartbeat: 15	Server: 3
	  Heartbeat: 33	Server: 4
	  Heartbeat: 34	Server: 5
	  Heartbeat: 37	Server: 6
	  Heartbeat: 35	Server: 7
	  Heartbeat: 35
Jan 14, 2022 2:44:25 PM edu.yu.cs.com3800.UDPMessageSender run
FINE: Message sent:
Message Type: GOSSIP
Sender Host: localhost
Sender port: 1040
Receiver Host: localhost
Receiver port: 1020
Request ID: -1
Error Occurred: false
Message Contents: 
	Server: 0
	  Heartbeat: 36	Server: 1
	  Heartbeat: 34	Server: 2
	  Heartbeat: 15	Server: 3
	  Heartbeat: 33	Server: 4
	  Heartbeat: 34	Server: 5
	  Heartbeat: 38	Server: 6
	  Heartbeat: 35	Server: 7
	  Heartbeat: 35
Jan 14, 2022 2:44:27 PM edu.yu.cs.com3800.UDPMessageSender run
FINE: Message sent:
Message Type: GOSSIP
Sender Host: localhost
Sender port: 1040
Receiver Host: localhost
Receiver port: 1000
Request ID: -1
Error Occurred: false
Message Contents: 
	Server: 0
	  Heartbeat: 37	Server: 1
	  Heartbeat: 37	Server: 3
	  Heartbeat: 38	Server: 4
	  Heartbeat: 39	Server: 5
	  Heartbeat: 39	Server: 6
	  Heartbeat: 39	Server: 7
	  Heartbeat: 35
Jan 14, 2022 2:44:29 PM edu.yu.cs.com3800.UDPMessageSender run
FINE: Message sent:
Message Type: GOSSIP
Sender Host: localhost
Sender port: 1040
Receiver Host: localhost
Receiver port: 1030
Request ID: -1
Error Occurred: false
Message Contents: 
	Server: 0
	  Heartbeat: 37	Server: 1
	  Heartbeat: 37	Server: 3
	  Heartbeat: 38	Server: 4
	  Heartbeat: 39	Server: 5
	  Heartbeat: 40	Server: 6
	  Heartbeat: 39	Server: 7
	  Heartbeat: 35
Jan 14, 2022 2:44:31 PM edu.yu.cs.com3800.UDPMessageSender run
FINE: Message sent:
Message Type: GOSSIP
Sender Host: localhost
Sender port: 1040
Receiver Host: localhost
Receiver port: 1060
Request ID: -1
Error Occurred: false
Message Contents: 
	Server: 0
	  Heartbeat: 37	Server: 1
	  Heartbeat: 37	Server: 3
	  Heartbeat: 38	Server: 4
	  Heartbeat: 39	Server: 5
	  Heartbeat: 41	Server: 6
	  Heartbeat: 39	Server: 7
	  Heartbeat: 35
Jan 14, 2022 2:44:33 PM edu.yu.cs.com3800.UDPMessageSender run
FINE: Message sent:
Message Type: GOSSIP
Sender Host: localhost
Sender port: 1040
Receiver Host: localhost
Receiver port: 1030
Request ID: -1
Error Occurred: false
Message Contents: 
	Server: 0
	  Heartbeat: 40	Server: 1
	  Heartbeat: 40	Server: 2
	  Heartbeat: 15	Server: 3
	  Heartbeat: 41	Server: 4
	  Heartbeat: 42	Server: 5
	  Heartbeat: 42	Server: 6
	  Heartbeat: 41	Server: 7
	  Heartbeat: 35
Jan 14, 2022 2:44:35 PM edu.yu.cs.com3800.UDPMessageSender run
FINE: Message sent:
Message Type: GOSSIP
Sender Host: localhost
Sender port: 1040
Receiver Host: localhost
Receiver port: 1000
Request ID: -1
Error Occurred: false
Message Contents: 
	Server: 0
	  Heartbeat: 43	Server: 1
	  Heartbeat: 43	Server: 2
	  Heartbeat: 15	Server: 3
	  Heartbeat: 41	Server: 4
	  Heartbeat: 42	Server: 5
	  Heartbeat: 43	Server: 6
	  Heartbeat: 43	Server: 7
	  Heartbeat: 35
Jan 14, 2022 2:44:38 PM edu.yu.cs.com3800.UDPMessageSender run
FINE: Message sent:
Message Type: GOSSIP
Sender Host: localhost
Sender port: 1040
Receiver Host: localhost
Receiver port: 1020
Request ID: -1
Error Occurred: false
Message Contents: 
	Server: 0
	  Heartbeat: 43	Server: 1
	  Heartbeat: 43	Server: 2
	  Heartbeat: 15	Server: 3
	  Heartbeat: 43	Server: 4
	  Heartbeat: 42	Server: 5
	  Heartbeat: 44	Server: 6
	  Heartbeat: 43	Server: 7
	  Heartbeat: 35
Jan 14, 2022 2:44:39 PM edu.yu.cs.com3800.UDPMessageSender run
FINE: Message sent:
Message Type: GOSSIP
Sender Host: localhost
Sender port: 1040
Receiver Host: localhost
Receiver port: 1000
Request ID: -1
Error Occurred: false
Message Contents: 
	Server: 0
	  Heartbeat: 43	Server: 1
	  Heartbeat: 44	Server: 2
	  Heartbeat: 15	Server: 3
	  Heartbeat: 43	Server: 4
	  Heartbeat: 45	Server: 5
	  Heartbeat: 45	Server: 6
	  Heartbeat: 43	Server: 7
	  Heartbeat: 35
Jan 14, 2022 2:44:42 PM edu.yu.cs.com3800.UDPMessageSender run
FINE: Message sent:
Message Type: GOSSIP
Sender Host: localhost
Sender port: 1040
Receiver Host: localhost
Receiver port: 1000
Request ID: -1
Error Occurred: false
Message Contents: 
	Server: 0
	  Heartbeat: 43	Server: 1
	  Heartbeat: 44	Server: 2
	  Heartbeat: 15	Server: 3
	  Heartbeat: 43	Server: 4
	  Heartbeat: 45	Server: 5
	  Heartbeat: 46	Server: 6
	  Heartbeat: 43
Jan 14, 2022 2:44:42 PM edu.yu.cs.com3800.UDPMessageSender run
FINE: Message sent:
Message Type: ELECTION
Sender Host: localhost
Sender port: 1040
Receiver Host: localhost
Receiver port: 990
Request ID: -1
Error Occurred: false
Message Contents: 
	Leader voted for: 5
	Sender server state: O
	Sender server ID: 5
	Sender peer epoch: 1
Jan 14, 2022 2:44:42 PM edu.yu.cs.com3800.UDPMessageSender run
FINE: Message sent:
Message Type: ELECTION
Sender Host: localhost
Sender port: 1040
Receiver Host: localhost
Receiver port: 1000
Request ID: -1
Error Occurred: false
Message Contents: 
	Leader voted for: 5
	Sender server state: O
	Sender server ID: 5
	Sender peer epoch: 1
Jan 14, 2022 2:44:42 PM edu.yu.cs.com3800.UDPMessageSender run
FINE: Message sent:
Message Type: ELECTION
Sender Host: localhost
Sender port: 1040
Receiver Host: localhost
Receiver port: 1020
Request ID: -1
Error Occurred: false
Message Contents: 
	Leader voted for: 5
	Sender server state: O
	Sender server ID: 5
	Sender peer epoch: 1
Jan 14, 2022 2:44:42 PM edu.yu.cs.com3800.UDPMessageSender run
FINE: Message sent:
Message Type: ELECTION
Sender Host: localhost
Sender port: 1040
Receiver Host: localhost
Receiver port: 1030
Request ID: -1
Error Occurred: false
Message Contents: 
	Leader voted for: 5
	Sender server state: O
	Sender server ID: 5
	Sender peer epoch: 1
Jan 14, 2022 2:44:42 PM edu.yu.cs.com3800.UDPMessageSender run
FINE: Message sent:
Message Type: ELECTION
Sender Host: localhost
Sender port: 1040
Receiver Host: localhost
Receiver port: 1050
Request ID: -1
Error Occurred: false
Message Contents: 
	Leader voted for: 5
	Sender server state: O
	Sender server ID: 5
	Sender peer epoch: 1
Jan 14, 2022 2:44:44 PM edu.yu.cs.com3800.UDPMessageSender run
FINE: Message sent:
Message Type: GOSSIP
Sender Host: localhost
Sender port: 1040
Receiver Host: localhost
Receiver port: 1020
Request ID: -1
Error Occurred: false
Message Contents: 
	Server: 0
	  Heartbeat: 43	Server: 1
	  Heartbeat: 44	Server: 2
	  Heartbeat: 15	Server: 3
	  Heartbeat: 43	Server: 4
	  Heartbeat: 45	Server: 5
	  Heartbeat: 47	Server: 6
	  Heartbeat: 43
Jan 14, 2022 2:44:46 PM edu.yu.cs.com3800.UDPMessageSender run
FINE: Message sent:
Message Type: GOSSIP
Sender Host: localhost
Sender port: 1040
Receiver Host: localhost
Receiver port: 1050
Request ID: -1
Error Occurred: false
Message Contents: 
	Server: 0
	  Heartbeat: 47	Server: 1
	  Heartbeat: 47	Server: 2
	  Heartbeat: 15	Server: 3
	  Heartbeat: 47	Server: 4
	  Heartbeat: 47	Server: 5
	  Heartbeat: 48	Server: 6
	  Heartbeat: 47	Server: 7
	  Heartbeat: 35
Jan 14, 2022 2:44:48 PM edu.yu.cs.com3800.UDPMessageSender run
FINE: Message sent:
Message Type: GOSSIP
Sender Host: localhost
Sender port: 1040
Receiver Host: localhost
Receiver port: 990
Request ID: -1
Error Occurred: false
Message Contents: 
	Server: 0
	  Heartbeat: 48	Server: 1
	  Heartbeat: 47	Server: 2
	  Heartbeat: 15	Server: 3
	  Heartbeat: 47	Server: 4
	  Heartbeat: 49	Server: 5
	  Heartbeat: 49	Server: 6
	  Heartbeat: 48	Server: 7
	  Heartbeat: 35
Jan 14, 2022 2:44:50 PM edu.yu.cs.com3800.UDPMessageSender run
FINE: Message sent:
Message Type: GOSSIP
Sender Host: localhost
Sender port: 1040
Receiver Host: localhost
Receiver port: 1050
Request ID: -1
Error Occurred: false
Message Contents: 
	Server: 0
	  Heartbeat: 48	Server: 1
	  Heartbeat: 47	Server: 2
	  Heartbeat: 15	Server: 3
	  Heartbeat: 47	Server: 4
	  Heartbeat: 49	Server: 5
	  Heartbeat: 50	Server: 6
	  Heartbeat: 48	Server: 7
	  Heartbeat: 35
Jan 14, 2022 2:44:52 PM edu.yu.cs.com3800.UDPMessageSender run
FINE: Message sent:
Message Type: GOSSIP
Sender Host: localhost
Sender port: 1040
Receiver Host: localhost
Receiver port: 1020
Request ID: -1
Error Occurred: false
Message Contents: 
	Server: 0
	  Heartbeat: 48	Server: 1
	  Heartbeat: 47	Server: 3
	  Heartbeat: 47	Server: 4
	  Heartbeat: 49	Server: 5
	  Heartbeat: 51	Server: 6
	  Heartbeat: 48	Server: 7
	  Heartbeat: 35
Jan 14, 2022 2:44:54 PM edu.yu.cs.com3800.UDPMessageSender run
FINE: Message sent:
Message Type: GOSSIP
Sender Host: localhost
Sender port: 1040
Receiver Host: localhost
Receiver port: 1030
Request ID: -1
Error Occurred: false
Message Contents: 
	Server: 0
	  Heartbeat: 50	Server: 1
	  Heartbeat: 52	Server: 2
	  Heartbeat: 15	Server: 3
	  Heartbeat: 50	Server: 4
	  Heartbeat: 51	Server: 5
	  Heartbeat: 52	Server: 6
	  Heartbeat: 51	Server: 7
	  Heartbeat: 35
Jan 14, 2022 2:44:56 PM edu.yu.cs.com3800.UDPMessageSender run
FINE: Message sent:
Message Type: GOSSIP
Sender Host: localhost
Sender port: 1040
Receiver Host: localhost
Receiver port: 1020
Request ID: -1
Error Occurred: false
Message Contents: 
	Server: 0
	  Heartbeat: 52	Server: 1
	  Heartbeat: 52	Server: 2
	  Heartbeat: 15	Server: 3
	  Heartbeat: 52	Server: 4
	  Heartbeat: 53	Server: 5
	  Heartbeat: 53	Server: 6
	  Heartbeat: 52	Server: 7
	  Heartbeat: 35
Jan 14, 2022 2:44:58 PM edu.yu.cs.com3800.UDPMessageSender run
FINE: Message sent:
Message Type: GOSSIP
Sender Host: localhost
Sender port: 1040
Receiver Host: localhost
Receiver port: 1030
Request ID: -1
Error Occurred: false
Message Contents: 
	Server: 0
	  Heartbeat: 53	Server: 1
	  Heartbeat: 54	Server: 2
	  Heartbeat: 15	Server: 3
	  Heartbeat: 53	Server: 4
	  Heartbeat: 54	Server: 5
	  Heartbeat: 54	Server: 6
	  Heartbeat: 54	Server: 7
	  Heartbeat: 35
Jan 14, 2022 2:45:00 PM edu.yu.cs.com3800.UDPMessageSender run
FINE: Message sent:
Message Type: GOSSIP
Sender Host: localhost
Sender port: 1040
Receiver Host: localhost
Receiver port: 1030
Request ID: -1
Error Occurred: false
Message Contents: 
	Server: 0
	  Heartbeat: 55	Server: 1
	  Heartbeat: 55	Server: 2
	  Heartbeat: 15	Server: 3
	  Heartbeat: 54	Server: 4
	  Heartbeat: 54	Server: 5
	  Heartbeat: 55	Server: 6
	  Heartbeat: 55	Server: 7
	  Heartbeat: 35
Jan 14, 2022 2:45:02 PM edu.yu.cs.com3800.UDPMessageSender run
FINE: Message sent:
Message Type: GOSSIP
Sender Host: localhost
Sender port: 1040
Receiver Host: localhost
Receiver port: 1020
Request ID: -1
Error Occurred: false
Message Contents: 
	Server: 0
	  Heartbeat: 56	Server: 1
	  Heartbeat: 56	Server: 2
	  Heartbeat: 15	Server: 3
	  Heartbeat: 55	Server: 4
	  Heartbeat: 56	Server: 5
	  Heartbeat: 56	Server: 6
	  Heartbeat: 56	Server: 7
	  Heartbeat: 35
Jan 14, 2022 2:45:03 PM edu.yu.cs.com3800.UDPMessageSender run
FINE: Exiting UDPMessageSender.run()
