Jan 14, 2022 2:43:06 PM edu.yu.cs.com3800.LoggingServer initializeLogging
FINE: Initialized at: 1642189386491 for server 1 

Jan 14, 2022 2:43:06 PM edu.yu.cs.com3800.stage5.GossipManager <init>
FINE: initialized...
Jan 14, 2022 2:43:08 PM edu.yu.cs.com3800.stage5.GossipManager sendGossip
FINE: Sending gossip to server 3
Jan 14, 2022 2:43:08 PM edu.yu.cs.com3800.stage5.GossipManager processIncomingMessages
FINE: Incoming message from server 5
Jan 14, 2022 2:43:08 PM edu.yu.cs.com3800.stage5.GossipManager processIncomingMessages
FINE: 1: updated 5's heartbeat sequence to 1 based on message from server 5 at time 1642189388783 (added)
Jan 14, 2022 2:43:10 PM edu.yu.cs.com3800.stage5.GossipManager sendGossip
FINE: Sending gossip to server 3
Jan 14, 2022 2:43:10 PM edu.yu.cs.com3800.stage5.GossipManager processIncomingMessages
FINE: Incoming message from server 4
Jan 14, 2022 2:43:10 PM edu.yu.cs.com3800.stage5.GossipManager processIncomingMessages
FINE: 1: updated 4's heartbeat sequence to 2 based on message from server 4 at time 1642189390770 (added)
Jan 14, 2022 2:43:12 PM edu.yu.cs.com3800.stage5.GossipManager sendGossip
FINE: Sending gossip to server 5
Jan 14, 2022 2:43:12 PM edu.yu.cs.com3800.stage5.GossipManager processIncomingMessages
FINE: Incoming message from server 5
Jan 14, 2022 2:43:12 PM edu.yu.cs.com3800.stage5.GossipManager processIncomingMessages
FINE: 1: updated 2's heartbeat sequence to 1 based on message from server 5 at time 1642189392768 (added)
Jan 14, 2022 2:43:12 PM edu.yu.cs.com3800.stage5.GossipManager processIncomingMessages
FINE: 1: updated 3's heartbeat sequence to 2 based on message from server 5 at time 1642189392768 (added)
Jan 14, 2022 2:43:12 PM edu.yu.cs.com3800.stage5.GossipManager processIncomingMessages
FINE: 1: updated 5's heartbeat sequence to 3 based on message from server 5 at time 1642189392768 (updated)
Jan 14, 2022 2:43:14 PM edu.yu.cs.com3800.stage5.GossipManager sendGossip
FINE: Sending gossip to server 4
Jan 14, 2022 2:43:14 PM edu.yu.cs.com3800.stage5.GossipManager processIncomingMessages
FINE: Incoming message from server 7
Jan 14, 2022 2:43:14 PM edu.yu.cs.com3800.stage5.GossipManager processIncomingMessages
FINE: 1: updated 6's heartbeat sequence to 2 based on message from server 7 at time 1642189394877 (added)
Jan 14, 2022 2:43:14 PM edu.yu.cs.com3800.stage5.GossipManager processIncomingMessages
FINE: 1: updated 7's heartbeat sequence to 4 based on message from server 7 at time 1642189394877 (added)
Jan 14, 2022 2:43:16 PM edu.yu.cs.com3800.stage5.GossipManager sendGossip
FINE: Sending gossip to server 4
Jan 14, 2022 2:43:16 PM edu.yu.cs.com3800.stage5.GossipManager processIncomingMessages
FINE: Incoming message from server 6
Jan 14, 2022 2:43:16 PM edu.yu.cs.com3800.stage5.GossipManager processIncomingMessages
FINE: 1: updated 0's heartbeat sequence to 3 based on message from server 6 at time 1642189396826 (added)
Jan 14, 2022 2:43:16 PM edu.yu.cs.com3800.stage5.GossipManager processIncomingMessages
FINE: 1: updated 2's heartbeat sequence to 2 based on message from server 6 at time 1642189396826 (updated)
Jan 14, 2022 2:43:16 PM edu.yu.cs.com3800.stage5.GossipManager processIncomingMessages
FINE: 1: updated 3's heartbeat sequence to 4 based on message from server 6 at time 1642189396826 (updated)
Jan 14, 2022 2:43:16 PM edu.yu.cs.com3800.stage5.GossipManager processIncomingMessages
FINE: 1: updated 4's heartbeat sequence to 4 based on message from server 6 at time 1642189396826 (updated)
Jan 14, 2022 2:43:16 PM edu.yu.cs.com3800.stage5.GossipManager processIncomingMessages
FINE: 1: updated 6's heartbeat sequence to 5 based on message from server 6 at time 1642189396826 (updated)
Jan 14, 2022 2:43:17 PM edu.yu.cs.com3800.stage5.GossipManager processIncomingMessages
FINE: Incoming message from server 4
Jan 14, 2022 2:43:17 PM edu.yu.cs.com3800.stage5.GossipManager processIncomingMessages
FINE: 1: updated 0's heartbeat sequence to 4 based on message from server 4 at time 1642189397066 (updated)
Jan 14, 2022 2:43:17 PM edu.yu.cs.com3800.stage5.GossipManager processIncomingMessages
FINE: 1: updated 4's heartbeat sequence to 5 based on message from server 4 at time 1642189397066 (updated)
Jan 14, 2022 2:43:19 PM edu.yu.cs.com3800.stage5.GossipManager sendGossip
FINE: Sending gossip to server 6
Jan 14, 2022 2:43:19 PM edu.yu.cs.com3800.stage5.GossipManager processIncomingMessages
FINE: Incoming message from server 6
Jan 14, 2022 2:43:19 PM edu.yu.cs.com3800.stage5.GossipManager processIncomingMessages
FINE: 1: updated 2's heartbeat sequence to 5 based on message from server 6 at time 1642189399274 (updated)
Jan 14, 2022 2:43:19 PM edu.yu.cs.com3800.stage5.GossipManager processIncomingMessages
FINE: 1: updated 6's heartbeat sequence to 6 based on message from server 6 at time 1642189399274 (updated)
Jan 14, 2022 2:43:20 PM edu.yu.cs.com3800.stage5.GossipManager processIncomingMessages
FINE: Incoming message from server 3
Jan 14, 2022 2:43:20 PM edu.yu.cs.com3800.stage5.GossipManager processIncomingMessages
FINE: 1: updated 3's heartbeat sequence to 7 based on message from server 3 at time 1642189400852 (updated)
Jan 14, 2022 2:43:20 PM edu.yu.cs.com3800.stage5.GossipManager processIncomingMessages
FINE: 1: updated 5's heartbeat sequence to 5 based on message from server 3 at time 1642189400852 (updated)
Jan 14, 2022 2:43:21 PM edu.yu.cs.com3800.stage5.GossipManager processIncomingMessages
FINE: Incoming message from server 0
Jan 14, 2022 2:43:21 PM edu.yu.cs.com3800.stage5.GossipManager processIncomingMessages
FINE: 1: updated 0's heartbeat sequence to 7 based on message from server 0 at time 1642189401171 (updated)
Jan 14, 2022 2:43:21 PM edu.yu.cs.com3800.stage5.GossipManager sendGossip
FINE: Sending gossip to server 2
Jan 14, 2022 2:43:23 PM edu.yu.cs.com3800.stage5.GossipManager processIncomingMessages
FINE: Incoming message from server 3
Jan 14, 2022 2:43:23 PM edu.yu.cs.com3800.stage5.GossipManager processIncomingMessages
FINE: 1: updated 3's heartbeat sequence to 8 based on message from server 3 at time 1642189403043 (updated)
Jan 14, 2022 2:43:23 PM edu.yu.cs.com3800.stage5.GossipManager processIncomingMessages
FINE: 1: updated 5's heartbeat sequence to 7 based on message from server 3 at time 1642189403043 (updated)
Jan 14, 2022 2:43:23 PM edu.yu.cs.com3800.stage5.GossipManager processIncomingMessages
FINE: 1: updated 7's heartbeat sequence to 6 based on message from server 3 at time 1642189403043 (updated)
Jan 14, 2022 2:43:23 PM edu.yu.cs.com3800.stage5.GossipManager sendGossip
FINE: Sending gossip to server 4
Jan 14, 2022 2:43:23 PM edu.yu.cs.com3800.stage5.GossipManager processIncomingMessages
FINE: Incoming message from server 4
Jan 14, 2022 2:43:23 PM edu.yu.cs.com3800.stage5.GossipManager processIncomingMessages
FINE: 1: updated 4's heartbeat sequence to 8 based on message from server 4 at time 1642189403358 (updated)
Jan 14, 2022 2:43:25 PM edu.yu.cs.com3800.stage5.GossipManager processIncomingMessages
FINE: Incoming message from server 6
Jan 14, 2022 2:43:25 PM edu.yu.cs.com3800.stage5.GossipManager processIncomingMessages
FINE: 1: updated 0's heartbeat sequence to 8 based on message from server 6 at time 1642189405049 (updated)
Jan 14, 2022 2:43:25 PM edu.yu.cs.com3800.stage5.GossipManager processIncomingMessages
FINE: 1: updated 2's heartbeat sequence to 7 based on message from server 6 at time 1642189405049 (updated)
Jan 14, 2022 2:43:25 PM edu.yu.cs.com3800.stage5.GossipManager processIncomingMessages
FINE: 1: updated 6's heartbeat sequence to 9 based on message from server 6 at time 1642189405049 (updated)
Jan 14, 2022 2:43:25 PM edu.yu.cs.com3800.stage5.GossipManager processIncomingMessages
FINE: 1: updated 7's heartbeat sequence to 7 based on message from server 6 at time 1642189405049 (updated)
Jan 14, 2022 2:43:25 PM edu.yu.cs.com3800.stage5.GossipManager processIncomingMessages
FINE: Incoming message from server 4
Jan 14, 2022 2:43:25 PM edu.yu.cs.com3800.stage5.GossipManager processIncomingMessages
FINE: 1: updated 2's heartbeat sequence to 8 based on message from server 4 at time 1642189405270 (updated)
Jan 14, 2022 2:43:25 PM edu.yu.cs.com3800.stage5.GossipManager processIncomingMessages
FINE: 1: updated 3's heartbeat sequence to 9 based on message from server 4 at time 1642189405270 (updated)
Jan 14, 2022 2:43:25 PM edu.yu.cs.com3800.stage5.GossipManager processIncomingMessages
FINE: 1: updated 4's heartbeat sequence to 9 based on message from server 4 at time 1642189405270 (updated)
Jan 14, 2022 2:43:25 PM edu.yu.cs.com3800.stage5.GossipManager processIncomingMessages
FINE: 1: updated 7's heartbeat sequence to 8 based on message from server 4 at time 1642189405270 (updated)
Jan 14, 2022 2:43:25 PM edu.yu.cs.com3800.stage5.GossipManager processIncomingMessages
FINE: Incoming message from server 7
Jan 14, 2022 2:43:25 PM edu.yu.cs.com3800.stage5.GossipManager processIncomingMessages
FINE: 1: updated 7's heartbeat sequence to 9 based on message from server 7 at time 1642189405473 (updated)
Jan 14, 2022 2:43:25 PM edu.yu.cs.com3800.stage5.GossipManager sendGossip
FINE: Sending gossip to server 7
Jan 14, 2022 2:43:27 PM edu.yu.cs.com3800.stage5.GossipManager sendGossip
FINE: Sending gossip to server 7
Jan 14, 2022 2:43:29 PM edu.yu.cs.com3800.stage5.GossipManager processIncomingMessages
FINE: Incoming message from server 6
Jan 14, 2022 2:43:29 PM edu.yu.cs.com3800.stage5.GossipManager processIncomingMessages
FINE: 1: updated 0's heartbeat sequence to 10 based on message from server 6 at time 1642189409063 (updated)
Jan 14, 2022 2:43:29 PM edu.yu.cs.com3800.stage5.GossipManager processIncomingMessages
FINE: 1: updated 2's heartbeat sequence to 9 based on message from server 6 at time 1642189409063 (updated)
Jan 14, 2022 2:43:29 PM edu.yu.cs.com3800.stage5.GossipManager processIncomingMessages
FINE: 1: updated 3's heartbeat sequence to 10 based on message from server 6 at time 1642189409063 (updated)
Jan 14, 2022 2:43:29 PM edu.yu.cs.com3800.stage5.GossipManager processIncomingMessages
FINE: 1: updated 4's heartbeat sequence to 10 based on message from server 6 at time 1642189409063 (updated)
Jan 14, 2022 2:43:29 PM edu.yu.cs.com3800.stage5.GossipManager processIncomingMessages
FINE: 1: updated 5's heartbeat sequence to 10 based on message from server 6 at time 1642189409063 (updated)
Jan 14, 2022 2:43:29 PM edu.yu.cs.com3800.stage5.GossipManager processIncomingMessages
FINE: 1: updated 6's heartbeat sequence to 11 based on message from server 6 at time 1642189409063 (updated)
Jan 14, 2022 2:43:29 PM edu.yu.cs.com3800.stage5.GossipManager processIncomingMessages
FINE: 1: updated 7's heartbeat sequence to 10 based on message from server 6 at time 1642189409063 (updated)
Jan 14, 2022 2:43:29 PM edu.yu.cs.com3800.stage5.GossipManager sendGossip
FINE: Sending gossip to server 5
Jan 14, 2022 2:43:29 PM edu.yu.cs.com3800.stage5.GossipManager processIncomingMessages
FINE: Incoming message from server 0
Jan 14, 2022 2:43:29 PM edu.yu.cs.com3800.stage5.GossipManager processIncomingMessages
FINE: 1: updated 0's heartbeat sequence to 11 based on message from server 0 at time 1642189409536 (updated)
Jan 14, 2022 2:43:29 PM edu.yu.cs.com3800.stage5.GossipManager processIncomingMessages
FINE: 1: updated 2's heartbeat sequence to 10 based on message from server 0 at time 1642189409536 (updated)
Jan 14, 2022 2:43:31 PM edu.yu.cs.com3800.stage5.GossipManager sendGossip
FINE: Sending gossip to server 2
Jan 14, 2022 2:43:31 PM edu.yu.cs.com3800.stage5.GossipManager processIncomingMessages
FINE: Incoming message from server 4
Jan 14, 2022 2:43:31 PM edu.yu.cs.com3800.stage5.GossipManager processIncomingMessages
FINE: 1: updated 0's heartbeat sequence to 12 based on message from server 4 at time 1642189411941 (updated)
Jan 14, 2022 2:43:31 PM edu.yu.cs.com3800.stage5.GossipManager processIncomingMessages
FINE: 1: updated 2's heartbeat sequence to 11 based on message from server 4 at time 1642189411941 (updated)
Jan 14, 2022 2:43:31 PM edu.yu.cs.com3800.stage5.GossipManager processIncomingMessages
FINE: 1: updated 4's heartbeat sequence to 12 based on message from server 4 at time 1642189411941 (updated)
Jan 14, 2022 2:43:31 PM edu.yu.cs.com3800.stage5.GossipManager processIncomingMessages
FINE: 1: updated 7's heartbeat sequence to 12 based on message from server 4 at time 1642189411941 (updated)
Jan 14, 2022 2:43:31 PM edu.yu.cs.com3800.stage5.GossipManager processIncomingMessages
FINE: Incoming message from server 5
Jan 14, 2022 2:43:31 PM edu.yu.cs.com3800.stage5.GossipManager processIncomingMessages
FINE: 1: updated 3's heartbeat sequence to 11 based on message from server 5 at time 1642189411941 (updated)
Jan 14, 2022 2:43:31 PM edu.yu.cs.com3800.stage5.GossipManager processIncomingMessages
FINE: 1: updated 5's heartbeat sequence to 12 based on message from server 5 at time 1642189411941 (updated)
Jan 14, 2022 2:43:31 PM edu.yu.cs.com3800.stage5.GossipManager processIncomingMessages
FINE: 1: updated 6's heartbeat sequence to 12 based on message from server 5 at time 1642189411941 (updated)
Jan 14, 2022 2:43:33 PM edu.yu.cs.com3800.stage5.GossipManager processIncomingMessages
FINE: Incoming message from server 2
Jan 14, 2022 2:43:33 PM edu.yu.cs.com3800.stage5.GossipManager processIncomingMessages
FINE: 1: updated 2's heartbeat sequence to 13 based on message from server 2 at time 1642189413640 (updated)
Jan 14, 2022 2:43:33 PM edu.yu.cs.com3800.stage5.GossipManager sendGossip
FINE: Sending gossip to server 0
Jan 14, 2022 2:43:35 PM edu.yu.cs.com3800.stage5.GossipManager sendGossip
FINE: Sending gossip to server 2
Jan 14, 2022 2:43:37 PM edu.yu.cs.com3800.stage5.GossipManager sendGossip
FINE: Sending gossip to server 7
Jan 14, 2022 2:43:39 PM edu.yu.cs.com3800.stage5.GossipManager processIncomingMessages
FINE: Incoming message from server 6
Jan 14, 2022 2:43:39 PM edu.yu.cs.com3800.stage5.GossipManager processIncomingMessages
FINE: 1: updated 3's heartbeat sequence to 12 based on message from server 6 at time 1642189419303 (updated)
Jan 14, 2022 2:43:39 PM edu.yu.cs.com3800.stage5.GossipManager processIncomingMessages
FINE: 1: updated 4's heartbeat sequence to 15 based on message from server 6 at time 1642189419303 (updated)
Jan 14, 2022 2:43:39 PM edu.yu.cs.com3800.stage5.GossipManager processIncomingMessages
FINE: 1: updated 5's heartbeat sequence to 13 based on message from server 6 at time 1642189419303 (updated)
Jan 14, 2022 2:43:39 PM edu.yu.cs.com3800.stage5.GossipManager processIncomingMessages
FINE: 1: updated 6's heartbeat sequence to 16 based on message from server 6 at time 1642189419303 (updated)
Jan 14, 2022 2:43:39 PM edu.yu.cs.com3800.stage5.GossipManager sendGossip
FINE: Sending gossip to server 3
Jan 14, 2022 2:43:39 PM edu.yu.cs.com3800.stage5.GossipManager processIncomingMessages
FINE: Incoming message from server 0
Jan 14, 2022 2:43:39 PM edu.yu.cs.com3800.stage5.GossipManager processIncomingMessages
FINE: 1: updated 0's heartbeat sequence to 16 based on message from server 0 at time 1642189419899 (updated)
Jan 14, 2022 2:43:39 PM edu.yu.cs.com3800.stage5.GossipManager processIncomingMessages
FINE: 1: updated 3's heartbeat sequence to 15 based on message from server 0 at time 1642189419899 (updated)
Jan 14, 2022 2:43:39 PM edu.yu.cs.com3800.stage5.GossipManager processIncomingMessages
FINE: 1: updated 5's heartbeat sequence to 15 based on message from server 0 at time 1642189419899 (updated)
Jan 14, 2022 2:43:39 PM edu.yu.cs.com3800.stage5.GossipManager processIncomingMessages
FINE: 1: updated 7's heartbeat sequence to 13 based on message from server 0 at time 1642189419899 (updated)
Jan 14, 2022 2:43:41 PM edu.yu.cs.com3800.stage5.GossipManager processIncomingMessages
FINE: Incoming message from server 6
Jan 14, 2022 2:43:41 PM edu.yu.cs.com3800.stage5.GossipManager processIncomingMessages
FINE: 1: updated 3's heartbeat sequence to 16 based on message from server 6 at time 1642189421384 (updated)
Jan 14, 2022 2:43:41 PM edu.yu.cs.com3800.stage5.GossipManager processIncomingMessages
FINE: 1: updated 4's heartbeat sequence to 16 based on message from server 6 at time 1642189421384 (updated)
Jan 14, 2022 2:43:41 PM edu.yu.cs.com3800.stage5.GossipManager processIncomingMessages
FINE: 1: updated 5's heartbeat sequence to 16 based on message from server 6 at time 1642189421384 (updated)
Jan 14, 2022 2:43:41 PM edu.yu.cs.com3800.stage5.GossipManager processIncomingMessages
FINE: 1: updated 6's heartbeat sequence to 17 based on message from server 6 at time 1642189421384 (updated)
Jan 14, 2022 2:43:41 PM edu.yu.cs.com3800.stage5.GossipManager sendGossip
FINE: Sending gossip to server 4
Jan 14, 2022 2:43:43 PM edu.yu.cs.com3800.stage5.GossipManager sendGossip
FINE: Sending gossip to server 3
Jan 14, 2022 2:43:46 PM edu.yu.cs.com3800.stage5.GossipManager sendGossip
FINE: Sending gossip to server 7
Jan 14, 2022 2:43:48 PM edu.yu.cs.com3800.stage5.GossipManager sendGossip
FINE: Sending gossip to server 0
Jan 14, 2022 2:43:50 PM edu.yu.cs.com3800.stage5.GossipManager sendGossip
FINE: Sending gossip to server 2
Jan 14, 2022 2:43:52 PM edu.yu.cs.com3800.stage5.GossipManager processIncomingMessages
FINE: Incoming message from server 7
Jan 14, 2022 2:43:52 PM edu.yu.cs.com3800.stage5.GossipManager processIncomingMessages
FINE: 1: updated 0's heartbeat sequence to 21 based on message from server 7 at time 1642189432052 (updated)
Jan 14, 2022 2:43:52 PM edu.yu.cs.com3800.stage5.GossipManager processIncomingMessages
FINE: 1: updated 2's heartbeat sequence to 15 based on message from server 7 at time 1642189432052 (updated)
Jan 14, 2022 2:43:52 PM edu.yu.cs.com3800.stage5.GossipManager processIncomingMessages
FINE: 1: updated 3's heartbeat sequence to 21 based on message from server 7 at time 1642189432052 (updated)
Jan 14, 2022 2:43:52 PM edu.yu.cs.com3800.stage5.GossipManager processIncomingMessages
FINE: 1: updated 4's heartbeat sequence to 20 based on message from server 7 at time 1642189432052 (updated)
Jan 14, 2022 2:43:52 PM edu.yu.cs.com3800.stage5.GossipManager processIncomingMessages
FINE: 1: updated 5's heartbeat sequence to 21 based on message from server 7 at time 1642189432052 (updated)
Jan 14, 2022 2:43:52 PM edu.yu.cs.com3800.stage5.GossipManager processIncomingMessages
FINE: 1: updated 6's heartbeat sequence to 21 based on message from server 7 at time 1642189432052 (updated)
Jan 14, 2022 2:43:52 PM edu.yu.cs.com3800.stage5.GossipManager processIncomingMessages
FINE: 1: updated 7's heartbeat sequence to 22 based on message from server 7 at time 1642189432052 (updated)
Jan 14, 2022 2:43:52 PM edu.yu.cs.com3800.stage5.GossipManager sendGossip
FINE: Sending gossip to server 5
Jan 14, 2022 2:43:52 PM edu.yu.cs.com3800.stage5.GossipManager processIncomingMessages
FINE: Incoming message from server 5
Jan 14, 2022 2:43:52 PM edu.yu.cs.com3800.stage5.GossipManager processIncomingMessages
FINE: 1: updated 5's heartbeat sequence to 22 based on message from server 5 at time 1642189432430 (updated)
Jan 14, 2022 2:43:53 PM edu.yu.cs.com3800.stage5.GossipManager processIncomingMessages
FINE: Incoming message from server 7
Jan 14, 2022 2:43:53 PM edu.yu.cs.com3800.stage5.GossipManager processIncomingMessages
FINE: 1: updated 0's heartbeat sequence to 22 based on message from server 7 at time 1642189433953 (updated)
Jan 14, 2022 2:43:53 PM edu.yu.cs.com3800.stage5.GossipManager processIncomingMessages
FINE: 1: updated 3's heartbeat sequence to 22 based on message from server 7 at time 1642189433953 (updated)
Jan 14, 2022 2:43:53 PM edu.yu.cs.com3800.stage5.GossipManager processIncomingMessages
FINE: 1: updated 4's heartbeat sequence to 21 based on message from server 7 at time 1642189433953 (updated)
Jan 14, 2022 2:43:53 PM edu.yu.cs.com3800.stage5.GossipManager processIncomingMessages
FINE: 1: updated 7's heartbeat sequence to 23 based on message from server 7 at time 1642189433953 (updated)
Jan 14, 2022 2:43:54 PM edu.yu.cs.com3800.stage5.GossipManager sendGossip
FINE: Sending gossip to server 4
Jan 14, 2022 2:43:56 PM edu.yu.cs.com3800.stage5.GossipManager sendGossip
FINE: Sending gossip to server 6
Jan 14, 2022 2:43:56 PM edu.yu.cs.com3800.stage5.GossipManager processIncomingMessages
FINE: Incoming message from server 3
Jan 14, 2022 2:43:56 PM edu.yu.cs.com3800.stage5.GossipManager processIncomingMessages
FINE: 1: updated 0's heartbeat sequence to 23 based on message from server 3 at time 1642189436168 (updated)
Jan 14, 2022 2:43:56 PM edu.yu.cs.com3800.stage5.GossipManager processIncomingMessages
FINE: 1: updated 3's heartbeat sequence to 24 based on message from server 3 at time 1642189436168 (updated)
Jan 14, 2022 2:43:56 PM edu.yu.cs.com3800.stage5.GossipManager processIncomingMessages
FINE: 1: updated 4's heartbeat sequence to 22 based on message from server 3 at time 1642189436168 (updated)
Jan 14, 2022 2:43:56 PM edu.yu.cs.com3800.stage5.GossipManager processIncomingMessages
FINE: 1: updated 5's heartbeat sequence to 23 based on message from server 3 at time 1642189436168 (updated)
Jan 14, 2022 2:43:56 PM edu.yu.cs.com3800.stage5.GossipManager processIncomingMessages
FINE: 1: updated 6's heartbeat sequence to 23 based on message from server 3 at time 1642189436168 (updated)
Jan 14, 2022 2:43:58 PM edu.yu.cs.com3800.stage5.GossipManager sendGossip
FINE: Sending gossip to server 0
Jan 14, 2022 2:44:00 PM edu.yu.cs.com3800.stage5.GossipManager sendGossip
FINE: Sending gossip to server 2
Jan 14, 2022 2:44:02 PM edu.yu.cs.com3800.stage5.GossipManager sendGossip
FINE: Sending gossip to server 0
Jan 14, 2022 2:44:02 PM edu.yu.cs.com3800.stage5.GossipManager processIncomingMessages
FINE: Incoming message from server 4
Jan 14, 2022 2:44:02 PM edu.yu.cs.com3800.stage5.GossipManager processIncomingMessages
FINE: 1: updated 0's heartbeat sequence to 24 based on message from server 4 at time 1642189442450 (updated)
Jan 14, 2022 2:44:02 PM edu.yu.cs.com3800.stage5.GossipManager processIncomingMessages
FINE: 1: updated 3's heartbeat sequence to 25 based on message from server 4 at time 1642189442450 (updated)
Jan 14, 2022 2:44:02 PM edu.yu.cs.com3800.stage5.GossipManager processIncomingMessages
FINE: 1: updated 4's heartbeat sequence to 27 based on message from server 4 at time 1642189442450 (updated)
Jan 14, 2022 2:44:02 PM edu.yu.cs.com3800.stage5.GossipManager processIncomingMessages
FINE: 1: updated 5's heartbeat sequence to 24 based on message from server 4 at time 1642189442450 (updated)
Jan 14, 2022 2:44:02 PM edu.yu.cs.com3800.stage5.GossipManager processIncomingMessages
FINE: 1: updated 6's heartbeat sequence to 26 based on message from server 4 at time 1642189442450 (updated)
Jan 14, 2022 2:44:02 PM edu.yu.cs.com3800.stage5.GossipManager processIncomingMessages
FINE: 1: updated 7's heartbeat sequence to 25 based on message from server 4 at time 1642189442450 (updated)
Jan 14, 2022 2:44:04 PM edu.yu.cs.com3800.stage5.GossipManager sendGossip
FINE: Sending gossip to server 4
Jan 14, 2022 2:44:04 PM edu.yu.cs.com3800.stage5.GossipManager processIncomingMessages
FINE: Incoming message from server 0
Jan 14, 2022 2:44:04 PM edu.yu.cs.com3800.stage5.GossipManager processIncomingMessages
FINE: 1: updated 0's heartbeat sequence to 28 based on message from server 0 at time 1642189444718 (updated)
Jan 14, 2022 2:44:04 PM edu.yu.cs.com3800.stage5.GossipManager processIncomingMessages
FINE: 1: updated 5's heartbeat sequence to 25 based on message from server 0 at time 1642189444718 (updated)
Jan 14, 2022 2:44:04 PM edu.yu.cs.com3800.stage5.GossipManager processIncomingMessages
FINE: 1: updated 7's heartbeat sequence to 26 based on message from server 0 at time 1642189444718 (updated)
Jan 14, 2022 2:44:06 PM edu.yu.cs.com3800.stage5.GossipManager sendGossip
FINE: Sending gossip to server 6
Jan 14, 2022 2:44:08 PM edu.yu.cs.com3800.stage5.GossipManager sendGossip
FINE: Sending gossip to server 3
Jan 14, 2022 2:44:08 PM edu.yu.cs.com3800.stage5.GossipManager processIncomingMessages
FINE: Incoming message from server 0
Jan 14, 2022 2:44:08 PM edu.yu.cs.com3800.stage5.GossipManager processIncomingMessages
FINE: 1: updated 0's heartbeat sequence to 30 based on message from server 0 at time 1642189448793 (updated)
Jan 14, 2022 2:44:08 PM edu.yu.cs.com3800.stage5.GossipManager processIncomingMessages
FINE: 1: updated 3's heartbeat sequence to 27 based on message from server 0 at time 1642189448793 (updated)
Jan 14, 2022 2:44:08 PM edu.yu.cs.com3800.stage5.GossipManager processIncomingMessages
FINE: 1: updated 4's heartbeat sequence to 28 based on message from server 0 at time 1642189448793 (updated)
Jan 14, 2022 2:44:08 PM edu.yu.cs.com3800.stage5.GossipManager processIncomingMessages
FINE: 1: updated 5's heartbeat sequence to 28 based on message from server 0 at time 1642189448793 (updated)
Jan 14, 2022 2:44:08 PM edu.yu.cs.com3800.stage5.GossipManager processIncomingMessages
FINE: 1: updated 6's heartbeat sequence to 29 based on message from server 0 at time 1642189448793 (updated)
Jan 14, 2022 2:44:08 PM edu.yu.cs.com3800.stage5.GossipManager processIncomingMessages
FINE: 1: updated 7's heartbeat sequence to 28 based on message from server 0 at time 1642189448793 (updated)
Jan 14, 2022 2:44:08 PM edu.yu.cs.com3800.stage5.GossipManager processIncomingMessages
FINE: Incoming message from server 3
Jan 14, 2022 2:44:08 PM edu.yu.cs.com3800.stage5.GossipManager processIncomingMessages
FINE: 1: updated 3's heartbeat sequence to 30 based on message from server 3 at time 1642189448919 (updated)
Jan 14, 2022 2:44:08 PM edu.yu.cs.com3800.stage5.GossipManager processIncomingMessages
FINE: 1: updated 5's heartbeat sequence to 29 based on message from server 3 at time 1642189448919 (updated)
Jan 14, 2022 2:44:08 PM edu.yu.cs.com3800.stage5.GossipManager processIncomingMessages
FINE: 1: updated 6's heartbeat sequence to 30 based on message from server 3 at time 1642189448919 (updated)
Jan 14, 2022 2:44:08 PM edu.yu.cs.com3800.stage5.GossipManager processIncomingMessages
FINE: 1: updated 7's heartbeat sequence to 29 based on message from server 3 at time 1642189448919 (updated)
Jan 14, 2022 2:44:10 PM edu.yu.cs.com3800.stage5.GossipManager sendGossip
FINE: Sending gossip to server 2
Jan 14, 2022 2:44:10 PM edu.yu.cs.com3800.stage5.GossipManager processIncomingMessages
FINE: Incoming message from server 5
Jan 14, 2022 2:44:10 PM edu.yu.cs.com3800.stage5.GossipManager processIncomingMessages
FINE: 1: updated 4's heartbeat sequence to 29 based on message from server 5 at time 1642189450791 (updated)
Jan 14, 2022 2:44:10 PM edu.yu.cs.com3800.stage5.GossipManager processIncomingMessages
FINE: 1: updated 5's heartbeat sequence to 31 based on message from server 5 at time 1642189450791 (updated)
Jan 14, 2022 2:44:10 PM edu.yu.cs.com3800.stage5.GossipManager processIncomingMessages
FINE: Incoming message from server 4
Jan 14, 2022 2:44:10 PM edu.yu.cs.com3800.stage5.GossipManager processIncomingMessages
FINE: 1: updated 4's heartbeat sequence to 31 based on message from server 4 at time 1642189450791 (updated)
Jan 14, 2022 2:44:12 PM edu.yu.cs.com3800.stage5.GossipManager checkForFailedAndCleanups
INFO: 1: no heartbeat from server 2 - server failed
Jan 14, 2022 2:44:12 PM edu.yu.cs.com3800.stage5.GossipManager sendGossip
FINE: Sending gossip to server 3
Jan 14, 2022 2:44:14 PM edu.yu.cs.com3800.stage5.GossipManager sendGossip
FINE: Sending gossip to server 0
Jan 14, 2022 2:44:16 PM edu.yu.cs.com3800.stage5.GossipManager processIncomingMessages
FINE: Incoming message from server 7
Jan 14, 2022 2:44:16 PM edu.yu.cs.com3800.stage5.GossipManager processIncomingMessages
FINE: 1: updated 0's heartbeat sequence to 32 based on message from server 7 at time 1642189456333 (updated)
Jan 14, 2022 2:44:16 PM edu.yu.cs.com3800.stage5.GossipManager processIncomingMessages
FINE: 1: updated 2's heartbeat sequence to 15 based on message from server 7 at time 1642189456333 (added)
Jan 14, 2022 2:44:16 PM edu.yu.cs.com3800.stage5.GossipManager processIncomingMessages
FINE: 1: updated 5's heartbeat sequence to 32 based on message from server 7 at time 1642189456333 (updated)
Jan 14, 2022 2:44:16 PM edu.yu.cs.com3800.stage5.GossipManager processIncomingMessages
FINE: 1: updated 6's heartbeat sequence to 31 based on message from server 7 at time 1642189456333 (updated)
Jan 14, 2022 2:44:16 PM edu.yu.cs.com3800.stage5.GossipManager processIncomingMessages
FINE: 1: updated 7's heartbeat sequence to 34 based on message from server 7 at time 1642189456333 (updated)
Jan 14, 2022 2:44:16 PM edu.yu.cs.com3800.stage5.GossipManager sendGossip
FINE: Sending gossip to server 6
Jan 14, 2022 2:44:17 PM edu.yu.cs.com3800.stage5.GossipManager processIncomingMessages
FINE: Incoming message from server 3
Jan 14, 2022 2:44:17 PM edu.yu.cs.com3800.stage5.GossipManager processIncomingMessages
FINE: 1: updated 0's heartbeat sequence to 33 based on message from server 3 at time 1642189457043 (updated)
Jan 14, 2022 2:44:17 PM edu.yu.cs.com3800.stage5.GossipManager processIncomingMessages
FINE: 1: updated 3's heartbeat sequence to 34 based on message from server 3 at time 1642189457043 (updated)
Jan 14, 2022 2:44:17 PM edu.yu.cs.com3800.stage5.GossipManager processIncomingMessages
FINE: 1: updated 4's heartbeat sequence to 33 based on message from server 3 at time 1642189457043 (updated)
Jan 14, 2022 2:44:17 PM edu.yu.cs.com3800.stage5.GossipManager processIncomingMessages
FINE: 1: updated 6's heartbeat sequence to 34 based on message from server 3 at time 1642189457043 (updated)
Jan 14, 2022 2:44:18 PM edu.yu.cs.com3800.stage5.GossipManager sendGossip
FINE: Sending gossip to server 6
Jan 14, 2022 2:44:19 PM edu.yu.cs.com3800.stage5.GossipManager processIncomingMessages
FINE: Incoming message from server 3
Jan 14, 2022 2:44:19 PM edu.yu.cs.com3800.stage5.GossipManager processIncomingMessages
FINE: 1: updated 0's heartbeat sequence to 35 based on message from server 3 at time 1642189459120 (updated)
Jan 14, 2022 2:44:19 PM edu.yu.cs.com3800.stage5.GossipManager processIncomingMessages
FINE: 1: updated 3's heartbeat sequence to 35 based on message from server 3 at time 1642189459121 (updated)
Jan 14, 2022 2:44:19 PM edu.yu.cs.com3800.stage5.GossipManager processIncomingMessages
FINE: 1: updated 4's heartbeat sequence to 34 based on message from server 3 at time 1642189459121 (updated)
Jan 14, 2022 2:44:19 PM edu.yu.cs.com3800.stage5.GossipManager processIncomingMessages
FINE: 1: updated 5's heartbeat sequence to 34 based on message from server 3 at time 1642189459121 (updated)
Jan 14, 2022 2:44:19 PM edu.yu.cs.com3800.stage5.GossipManager processIncomingMessages
FINE: 1: updated 6's heartbeat sequence to 35 based on message from server 3 at time 1642189459121 (updated)
Jan 14, 2022 2:44:19 PM edu.yu.cs.com3800.stage5.GossipManager processIncomingMessages
FINE: 1: updated 7's heartbeat sequence to 35 based on message from server 3 at time 1642189459121 (updated)
Jan 14, 2022 2:44:20 PM edu.yu.cs.com3800.stage5.GossipManager sendGossip
FINE: Sending gossip to server 7
Jan 14, 2022 2:44:22 PM edu.yu.cs.com3800.stage5.GossipManager sendGossip
FINE: Sending gossip to server 4
Jan 14, 2022 2:44:23 PM edu.yu.cs.com3800.stage5.GossipManager processIncomingMessages
FINE: Incoming message from server 5
Jan 14, 2022 2:44:23 PM edu.yu.cs.com3800.stage5.GossipManager processIncomingMessages
FINE: 1: updated 0's heartbeat sequence to 36 based on message from server 5 at time 1642189463049 (updated)
Jan 14, 2022 2:44:23 PM edu.yu.cs.com3800.stage5.GossipManager processIncomingMessages
FINE: 1: updated 5's heartbeat sequence to 37 based on message from server 5 at time 1642189463049 (updated)
Jan 14, 2022 2:44:23 PM edu.yu.cs.com3800.stage5.GossipManager processIncomingMessages
FINE: Incoming message from server 3
Jan 14, 2022 2:44:23 PM edu.yu.cs.com3800.stage5.GossipManager processIncomingMessages
FINE: 1: updated 0's heartbeat sequence to 37 based on message from server 3 at time 1642189463285 (updated)
Jan 14, 2022 2:44:23 PM edu.yu.cs.com3800.stage5.GossipManager processIncomingMessages
FINE: 1: updated 3's heartbeat sequence to 37 based on message from server 3 at time 1642189463285 (updated)
Jan 14, 2022 2:44:23 PM edu.yu.cs.com3800.stage5.GossipManager processIncomingMessages
FINE: 1: updated 4's heartbeat sequence to 37 based on message from server 3 at time 1642189463285 (updated)
Jan 14, 2022 2:44:23 PM edu.yu.cs.com3800.stage5.GossipManager processIncomingMessages
FINE: 1: updated 6's heartbeat sequence to 37 based on message from server 3 at time 1642189463285 (updated)
Jan 14, 2022 2:44:24 PM edu.yu.cs.com3800.stage5.GossipManager sendGossip
FINE: Sending gossip to server 7
Jan 14, 2022 2:44:25 PM edu.yu.cs.com3800.stage5.GossipManager processIncomingMessages
FINE: Incoming message from server 0
Jan 14, 2022 2:44:25 PM edu.yu.cs.com3800.stage5.GossipManager processIncomingMessages
FINE: 1: updated 0's heartbeat sequence to 38 based on message from server 0 at time 1642189465006 (updated)
Jan 14, 2022 2:44:25 PM edu.yu.cs.com3800.stage5.GossipManager processIncomingMessages
FINE: 1: updated 6's heartbeat sequence to 38 based on message from server 0 at time 1642189465006 (updated)
Jan 14, 2022 2:44:26 PM edu.yu.cs.com3800.stage5.GossipManager sendGossip
FINE: Sending gossip to server 7
Jan 14, 2022 2:44:27 PM edu.yu.cs.com3800.stage5.GossipManager processIncomingMessages
FINE: Incoming message from server 5
Jan 14, 2022 2:44:27 PM edu.yu.cs.com3800.stage5.GossipManager processIncomingMessages
FINE: 1: updated 3's heartbeat sequence to 38 based on message from server 5 at time 1642189467257 (updated)
Jan 14, 2022 2:44:27 PM edu.yu.cs.com3800.stage5.GossipManager processIncomingMessages
FINE: 1: updated 4's heartbeat sequence to 39 based on message from server 5 at time 1642189467257 (updated)
Jan 14, 2022 2:44:27 PM edu.yu.cs.com3800.stage5.GossipManager processIncomingMessages
FINE: 1: updated 5's heartbeat sequence to 39 based on message from server 5 at time 1642189467257 (updated)
Jan 14, 2022 2:44:27 PM edu.yu.cs.com3800.stage5.GossipManager processIncomingMessages
FINE: 1: updated 6's heartbeat sequence to 39 based on message from server 5 at time 1642189467257 (updated)
Jan 14, 2022 2:44:28 PM edu.yu.cs.com3800.stage5.GossipManager sendGossip
FINE: Sending gossip to server 6
Jan 14, 2022 2:44:30 PM edu.yu.cs.com3800.stage5.GossipManager sendGossip
FINE: Sending gossip to server 6
Jan 14, 2022 2:44:30 PM edu.yu.cs.com3800.stage5.GossipManager processIncomingMessages
FINE: Incoming message from server 4
Jan 14, 2022 2:44:30 PM edu.yu.cs.com3800.stage5.GossipManager processIncomingMessages
FINE: 1: updated 4's heartbeat sequence to 41 based on message from server 4 at time 1642189470922 (updated)
Jan 14, 2022 2:44:30 PM edu.yu.cs.com3800.stage5.GossipManager processIncomingMessages
FINE: 1: updated 5's heartbeat sequence to 40 based on message from server 4 at time 1642189470922 (updated)
Jan 14, 2022 2:44:32 PM edu.yu.cs.com3800.stage5.GossipManager processIncomingMessages
FINE: Incoming message from server 6
Jan 14, 2022 2:44:32 PM edu.yu.cs.com3800.stage5.GossipManager processIncomingMessages
FINE: 1: updated 0's heartbeat sequence to 39 based on message from server 6 at time 1642189472258 (updated)
Jan 14, 2022 2:44:32 PM edu.yu.cs.com3800.stage5.GossipManager processIncomingMessages
FINE: 1: updated 6's heartbeat sequence to 42 based on message from server 6 at time 1642189472258 (updated)
Jan 14, 2022 2:44:32 PM edu.yu.cs.com3800.stage5.GossipManager sendGossip
FINE: Sending gossip to server 3
Jan 14, 2022 2:44:34 PM edu.yu.cs.com3800.stage5.GossipManager processIncomingMessages
FINE: Incoming message from server 6
Jan 14, 2022 2:44:34 PM edu.yu.cs.com3800.stage5.GossipManager processIncomingMessages
FINE: 1: updated 6's heartbeat sequence to 43 based on message from server 6 at time 1642189474395 (updated)
Jan 14, 2022 2:44:34 PM edu.yu.cs.com3800.stage5.GossipManager sendGossip
FINE: Sending gossip to server 5
Jan 14, 2022 2:44:35 PM edu.yu.cs.com3800.stage5.GossipManager processIncomingMessages
FINE: Incoming message from server 4
Jan 14, 2022 2:44:35 PM edu.yu.cs.com3800.stage5.GossipManager processIncomingMessages
FINE: 1: updated 0's heartbeat sequence to 40 based on message from server 4 at time 1642189475082 (updated)
Jan 14, 2022 2:44:35 PM edu.yu.cs.com3800.stage5.GossipManager processIncomingMessages
FINE: 1: updated 3's heartbeat sequence to 41 based on message from server 4 at time 1642189475082 (updated)
Jan 14, 2022 2:44:35 PM edu.yu.cs.com3800.stage5.GossipManager processIncomingMessages
FINE: 1: updated 4's heartbeat sequence to 43 based on message from server 4 at time 1642189475082 (updated)
Jan 14, 2022 2:44:35 PM edu.yu.cs.com3800.stage5.GossipManager processIncomingMessages
FINE: 1: updated 5's heartbeat sequence to 42 based on message from server 4 at time 1642189475082 (updated)
Jan 14, 2022 2:44:35 PM edu.yu.cs.com3800.stage5.GossipManager processIncomingMessages
FINE: Incoming message from server 5
Jan 14, 2022 2:44:35 PM edu.yu.cs.com3800.stage5.GossipManager processIncomingMessages
FINE: 1: updated 0's heartbeat sequence to 43 based on message from server 5 at time 1642189475804 (updated)
Jan 14, 2022 2:44:35 PM edu.yu.cs.com3800.stage5.GossipManager processIncomingMessages
FINE: 1: updated 5's heartbeat sequence to 43 based on message from server 5 at time 1642189475804 (updated)
Jan 14, 2022 2:44:36 PM edu.yu.cs.com3800.stage5.GossipManager checkForFailedAndCleanups
INFO: 1: no heartbeat from server 2 - server failed
Jan 14, 2022 2:44:36 PM edu.yu.cs.com3800.stage5.GossipManager sendGossip
FINE: Sending gossip to server 4
Jan 14, 2022 2:44:37 PM edu.yu.cs.com3800.stage5.GossipManager processIncomingMessages
FINE: Incoming message from server 0
Jan 14, 2022 2:44:37 PM edu.yu.cs.com3800.stage5.GossipManager processIncomingMessages
FINE: 1: updated 0's heartbeat sequence to 44 based on message from server 0 at time 1642189477501 (updated)
Jan 14, 2022 2:44:37 PM edu.yu.cs.com3800.stage5.GossipManager processIncomingMessages
FINE: 1: updated 2's heartbeat sequence to 15 based on message from server 0 at time 1642189477501 (added)
Jan 14, 2022 2:44:38 PM edu.yu.cs.com3800.stage5.GossipManager sendGossip
FINE: Sending gossip to server 3
Jan 14, 2022 2:44:39 PM edu.yu.cs.com3800.stage5.GossipManager processIncomingMessages
FINE: Incoming message from server 5
Jan 14, 2022 2:44:39 PM edu.yu.cs.com3800.stage5.GossipManager processIncomingMessages
FINE: 1: updated 3's heartbeat sequence to 43 based on message from server 5 at time 1642189479745 (updated)
Jan 14, 2022 2:44:39 PM edu.yu.cs.com3800.stage5.GossipManager processIncomingMessages
FINE: 1: updated 4's heartbeat sequence to 45 based on message from server 5 at time 1642189479745 (updated)
Jan 14, 2022 2:44:39 PM edu.yu.cs.com3800.stage5.GossipManager processIncomingMessages
FINE: 1: updated 5's heartbeat sequence to 45 based on message from server 5 at time 1642189479745 (updated)
Jan 14, 2022 2:44:40 PM edu.yu.cs.com3800.stage5.GossipManager checkForFailedAndCleanups
INFO: 1: no heartbeat from server 7 - server failed
Jan 14, 2022 2:44:40 PM edu.yu.cs.com3800.stage5.GossipManager checkForFailedAndCleanups
INFO: Leader died. Entering new election...
Jan 14, 2022 2:44:40 PM edu.yu.cs.com3800.stage5.GossipManager sendGossip
FINE: Sending gossip to server 6
Jan 14, 2022 2:44:41 PM edu.yu.cs.com3800.stage5.GossipManager processIncomingMessages
FINE: Incoming message from server 4
Jan 14, 2022 2:44:41 PM edu.yu.cs.com3800.stage5.GossipManager processIncomingMessages
FINE: 1: updated 4's heartbeat sequence to 46 based on message from server 4 at time 1642189481197 (updated)
Jan 14, 2022 2:44:41 PM edu.yu.cs.com3800.stage5.GossipManager processIncomingMessages
FINE: 1: updated 7's heartbeat sequence to 35 based on message from server 4 at time 1642189481197 (added)
Jan 14, 2022 2:44:42 PM edu.yu.cs.com3800.stage5.GossipManager processIncomingMessages
FINE: Incoming message from server 5
Jan 14, 2022 2:44:42 PM edu.yu.cs.com3800.stage5.GossipManager processIncomingMessages
FINE: 1: updated 5's heartbeat sequence to 46 based on message from server 5 at time 1642189482040 (updated)
Jan 14, 2022 2:44:42 PM edu.yu.cs.com3800.stage5.GossipManager sendGossip
FINE: Sending gossip to server 0
Jan 14, 2022 2:44:45 PM edu.yu.cs.com3800.stage5.GossipManager sendGossip
FINE: Sending gossip to server 6
Jan 14, 2022 2:44:45 PM edu.yu.cs.com3800.stage5.GossipManager processIncomingMessages
FINE: Incoming message from server 4
Jan 14, 2022 2:44:45 PM edu.yu.cs.com3800.stage5.GossipManager processIncomingMessages
FINE: 1: updated 0's heartbeat sequence to 46 based on message from server 4 at time 1642189485350 (updated)
Jan 14, 2022 2:44:45 PM edu.yu.cs.com3800.stage5.GossipManager processIncomingMessages
FINE: 1: updated 3's heartbeat sequence to 46 based on message from server 4 at time 1642189485350 (updated)
Jan 14, 2022 2:44:45 PM edu.yu.cs.com3800.stage5.GossipManager processIncomingMessages
FINE: 1: updated 4's heartbeat sequence to 48 based on message from server 4 at time 1642189485350 (updated)
Jan 14, 2022 2:44:45 PM edu.yu.cs.com3800.stage5.GossipManager processIncomingMessages
FINE: 1: updated 6's heartbeat sequence to 48 based on message from server 4 at time 1642189485350 (updated)
Jan 14, 2022 2:44:45 PM edu.yu.cs.com3800.stage5.GossipManager processIncomingMessages
FINE: Incoming message from server 3
Jan 14, 2022 2:44:45 PM edu.yu.cs.com3800.stage5.GossipManager processIncomingMessages
FINE: 1: updated 0's heartbeat sequence to 47 based on message from server 3 at time 1642189485951 (updated)
Jan 14, 2022 2:44:45 PM edu.yu.cs.com3800.stage5.GossipManager processIncomingMessages
FINE: 1: updated 3's heartbeat sequence to 48 based on message from server 3 at time 1642189485951 (updated)
Jan 14, 2022 2:44:45 PM edu.yu.cs.com3800.stage5.GossipManager processIncomingMessages
FINE: 1: updated 5's heartbeat sequence to 47 based on message from server 3 at time 1642189485951 (updated)
Jan 14, 2022 2:44:47 PM edu.yu.cs.com3800.stage5.GossipManager sendGossip
FINE: Sending gossip to server 6
Jan 14, 2022 2:44:49 PM edu.yu.cs.com3800.stage5.GossipManager sendGossip
FINE: Sending gossip to server 6
Jan 14, 2022 2:44:50 PM edu.yu.cs.com3800.stage5.GossipManager processIncomingMessages
FINE: Incoming message from server 3
Jan 14, 2022 2:44:50 PM edu.yu.cs.com3800.stage5.GossipManager processIncomingMessages
FINE: 1: updated 0's heartbeat sequence to 50 based on message from server 3 at time 1642189490254 (updated)
Jan 14, 2022 2:44:50 PM edu.yu.cs.com3800.stage5.GossipManager processIncomingMessages
FINE: 1: updated 3's heartbeat sequence to 50 based on message from server 3 at time 1642189490254 (updated)
Jan 14, 2022 2:44:50 PM edu.yu.cs.com3800.stage5.GossipManager processIncomingMessages
FINE: 1: updated 4's heartbeat sequence to 50 based on message from server 3 at time 1642189490254 (updated)
Jan 14, 2022 2:44:50 PM edu.yu.cs.com3800.stage5.GossipManager processIncomingMessages
FINE: 1: updated 5's heartbeat sequence to 49 based on message from server 3 at time 1642189490254 (updated)
Jan 14, 2022 2:44:50 PM edu.yu.cs.com3800.stage5.GossipManager processIncomingMessages
FINE: 1: updated 6's heartbeat sequence to 50 based on message from server 3 at time 1642189490255 (updated)
Jan 14, 2022 2:44:51 PM edu.yu.cs.com3800.stage5.GossipManager sendGossip
FINE: Sending gossip to server 3
Jan 14, 2022 2:44:51 PM edu.yu.cs.com3800.stage5.GossipManager processIncomingMessages
FINE: Incoming message from server 4
Jan 14, 2022 2:44:51 PM edu.yu.cs.com3800.stage5.GossipManager processIncomingMessages
FINE: 1: updated 4's heartbeat sequence to 51 based on message from server 4 at time 1642189491322 (updated)
Jan 14, 2022 2:44:51 PM edu.yu.cs.com3800.stage5.GossipManager processIncomingMessages
FINE: 1: updated 5's heartbeat sequence to 50 based on message from server 4 at time 1642189491322 (updated)
Jan 14, 2022 2:44:51 PM edu.yu.cs.com3800.stage5.GossipManager processIncomingMessages
FINE: 1: updated 6's heartbeat sequence to 51 based on message from server 4 at time 1642189491322 (updated)
Jan 14, 2022 2:44:53 PM edu.yu.cs.com3800.stage5.GossipManager sendGossip
FINE: Sending gossip to server 5
Jan 14, 2022 2:44:55 PM edu.yu.cs.com3800.stage5.GossipManager sendGossip
FINE: Sending gossip to server 6
Jan 14, 2022 2:44:55 PM edu.yu.cs.com3800.stage5.GossipManager processIncomingMessages
FINE: Incoming message from server 0
Jan 14, 2022 2:44:55 PM edu.yu.cs.com3800.stage5.GossipManager processIncomingMessages
FINE: 1: updated 0's heartbeat sequence to 53 based on message from server 0 at time 1642189495798 (updated)
Jan 14, 2022 2:44:55 PM edu.yu.cs.com3800.stage5.GossipManager processIncomingMessages
FINE: 1: updated 3's heartbeat sequence to 51 based on message from server 0 at time 1642189495798 (updated)
Jan 14, 2022 2:44:55 PM edu.yu.cs.com3800.stage5.GossipManager processIncomingMessages
FINE: 1: updated 4's heartbeat sequence to 52 based on message from server 0 at time 1642189495798 (updated)
Jan 14, 2022 2:44:55 PM edu.yu.cs.com3800.stage5.GossipManager processIncomingMessages
FINE: 1: updated 6's heartbeat sequence to 53 based on message from server 0 at time 1642189495924 (updated)
Jan 14, 2022 2:44:57 PM edu.yu.cs.com3800.stage5.GossipManager sendGossip
FINE: Sending gossip to server 5
Jan 14, 2022 2:44:59 PM edu.yu.cs.com3800.stage5.GossipManager checkForFailedAndCleanups
INFO: 1: no heartbeat from server 2 - server failed
Jan 14, 2022 2:44:59 PM edu.yu.cs.com3800.stage5.GossipManager sendGossip
FINE: Sending gossip to server 0
Jan 14, 2022 2:45:01 PM edu.yu.cs.com3800.stage5.GossipManager checkForFailedAndCleanups
INFO: 1: no heartbeat from server 7 - server failed
Jan 14, 2022 2:45:01 PM edu.yu.cs.com3800.stage5.GossipManager sendGossip
FINE: Sending gossip to server 5
