Jan 14, 2022 2:43:06 PM edu.yu.cs.com3800.LoggingServer initializeLogging
FINE: Initialized at: 1642189386509 for server 2 

Jan 14, 2022 2:43:06 PM edu.yu.cs.com3800.stage5.GossipManager <init>
FINE: initialized...
Jan 14, 2022 2:43:08 PM edu.yu.cs.com3800.stage5.GossipManager sendGossip
FINE: Sending gossip to server 5
Jan 14, 2022 2:43:08 PM edu.yu.cs.com3800.stage5.GossipManager processIncomingMessages
FINE: Incoming message from server 6
Jan 14, 2022 2:43:08 PM edu.yu.cs.com3800.stage5.GossipManager processIncomingMessages
FINE: 2: updated 6's heartbeat sequence to 1 based on message from server 6 at time 1642189388953 (added)
Jan 14, 2022 2:43:08 PM edu.yu.cs.com3800.stage5.GossipManager processIncomingMessages
FINE: Incoming message from server 0
Jan 14, 2022 2:43:08 PM edu.yu.cs.com3800.stage5.GossipManager processIncomingMessages
FINE: 2: updated 0's heartbeat sequence to 1 based on message from server 0 at time 1642189388958 (added)
Jan 14, 2022 2:43:08 PM edu.yu.cs.com3800.stage5.GossipManager processIncomingMessages
FINE: Incoming message from server 7
Jan 14, 2022 2:43:08 PM edu.yu.cs.com3800.stage5.GossipManager processIncomingMessages
FINE: 2: updated 7's heartbeat sequence to 1 based on message from server 7 at time 1642189388958 (added)
Jan 14, 2022 2:43:10 PM edu.yu.cs.com3800.stage5.GossipManager sendGossip
FINE: Sending gossip to server 6
Jan 14, 2022 2:43:10 PM edu.yu.cs.com3800.stage5.GossipManager processIncomingMessages
FINE: Incoming message from server 0
Jan 14, 2022 2:43:10 PM edu.yu.cs.com3800.stage5.GossipManager processIncomingMessages
FINE: 2: updated 0's heartbeat sequence to 2 based on message from server 0 at time 1642189390770 (updated)
Jan 14, 2022 2:43:12 PM edu.yu.cs.com3800.stage5.GossipManager sendGossip
FINE: Sending gossip to server 5
Jan 14, 2022 2:43:14 PM edu.yu.cs.com3800.stage5.GossipManager sendGossip
FINE: Sending gossip to server 0
Jan 14, 2022 2:43:17 PM edu.yu.cs.com3800.stage5.GossipManager sendGossip
FINE: Sending gossip to server 6
Jan 14, 2022 2:43:17 PM edu.yu.cs.com3800.stage5.GossipManager processIncomingMessages
FINE: Incoming message from server 7
Jan 14, 2022 2:43:17 PM edu.yu.cs.com3800.stage5.GossipManager processIncomingMessages
FINE: 2: updated 3's heartbeat sequence to 1 based on message from server 7 at time 1642189397004 (added)
Jan 14, 2022 2:43:17 PM edu.yu.cs.com3800.stage5.GossipManager processIncomingMessages
FINE: 2: updated 6's heartbeat sequence to 2 based on message from server 7 at time 1642189397004 (updated)
Jan 14, 2022 2:43:17 PM edu.yu.cs.com3800.stage5.GossipManager processIncomingMessages
FINE: 2: updated 7's heartbeat sequence to 5 based on message from server 7 at time 1642189397004 (updated)
Jan 14, 2022 2:43:17 PM edu.yu.cs.com3800.stage5.GossipManager processIncomingMessages
FINE: Incoming message from server 0
Jan 14, 2022 2:43:17 PM edu.yu.cs.com3800.stage5.GossipManager processIncomingMessages
FINE: 2: updated 0's heartbeat sequence to 5 based on message from server 0 at time 1642189397004 (updated)
Jan 14, 2022 2:43:17 PM edu.yu.cs.com3800.stage5.GossipManager processIncomingMessages
FINE: 2: updated 1's heartbeat sequence to 3 based on message from server 0 at time 1642189397004 (added)
Jan 14, 2022 2:43:17 PM edu.yu.cs.com3800.stage5.GossipManager processIncomingMessages
FINE: 2: updated 3's heartbeat sequence to 3 based on message from server 0 at time 1642189397004 (updated)
Jan 14, 2022 2:43:17 PM edu.yu.cs.com3800.stage5.GossipManager processIncomingMessages
FINE: 2: updated 4's heartbeat sequence to 2 based on message from server 0 at time 1642189397004 (added)
Jan 14, 2022 2:43:17 PM edu.yu.cs.com3800.stage5.GossipManager processIncomingMessages
FINE: 2: updated 5's heartbeat sequence to 4 based on message from server 0 at time 1642189397004 (added)
Jan 14, 2022 2:43:19 PM edu.yu.cs.com3800.stage5.GossipManager sendGossip
FINE: Sending gossip to server 7
Jan 14, 2022 2:43:19 PM edu.yu.cs.com3800.stage5.GossipManager processIncomingMessages
FINE: Incoming message from server 0
Jan 14, 2022 2:43:19 PM edu.yu.cs.com3800.stage5.GossipManager processIncomingMessages
FINE: 2: updated 0's heartbeat sequence to 6 based on message from server 0 at time 1642189399321 (updated)
Jan 14, 2022 2:43:20 PM edu.yu.cs.com3800.stage5.GossipManager processIncomingMessages
FINE: Incoming message from server 6
Jan 14, 2022 2:43:20 PM edu.yu.cs.com3800.stage5.GossipManager processIncomingMessages
FINE: 2: updated 1's heartbeat sequence to 6 based on message from server 6 at time 1642189400899 (updated)
Jan 14, 2022 2:43:20 PM edu.yu.cs.com3800.stage5.GossipManager processIncomingMessages
FINE: 2: updated 3's heartbeat sequence to 5 based on message from server 6 at time 1642189400899 (updated)
Jan 14, 2022 2:43:20 PM edu.yu.cs.com3800.stage5.GossipManager processIncomingMessages
FINE: 2: updated 4's heartbeat sequence to 6 based on message from server 6 at time 1642189400899 (updated)
Jan 14, 2022 2:43:20 PM edu.yu.cs.com3800.stage5.GossipManager processIncomingMessages
FINE: 2: updated 5's heartbeat sequence to 6 based on message from server 6 at time 1642189400899 (updated)
Jan 14, 2022 2:43:20 PM edu.yu.cs.com3800.stage5.GossipManager processIncomingMessages
FINE: 2: updated 6's heartbeat sequence to 7 based on message from server 6 at time 1642189400899 (updated)
Jan 14, 2022 2:43:21 PM edu.yu.cs.com3800.stage5.GossipManager sendGossip
FINE: Sending gossip to server 7
Jan 14, 2022 2:43:21 PM edu.yu.cs.com3800.stage5.GossipManager processIncomingMessages
FINE: Incoming message from server 1
Jan 14, 2022 2:43:21 PM edu.yu.cs.com3800.stage5.GossipManager processIncomingMessages
FINE: 2: updated 0's heartbeat sequence to 7 based on message from server 1 at time 1642189401484 (updated)
Jan 14, 2022 2:43:21 PM edu.yu.cs.com3800.stage5.GossipManager processIncomingMessages
FINE: 2: updated 1's heartbeat sequence to 7 based on message from server 1 at time 1642189401484 (updated)
Jan 14, 2022 2:43:21 PM edu.yu.cs.com3800.stage5.GossipManager processIncomingMessages
FINE: 2: updated 3's heartbeat sequence to 7 based on message from server 1 at time 1642189401484 (updated)
Jan 14, 2022 2:43:23 PM edu.yu.cs.com3800.stage5.GossipManager sendGossip
FINE: Sending gossip to server 7
Jan 14, 2022 2:43:23 PM edu.yu.cs.com3800.stage5.GossipManager processIncomingMessages
FINE: Incoming message from server 5
Jan 14, 2022 2:43:23 PM edu.yu.cs.com3800.stage5.GossipManager processIncomingMessages
FINE: 2: updated 5's heartbeat sequence to 8 based on message from server 5 at time 1642189403609 (updated)
Jan 14, 2022 2:43:23 PM edu.yu.cs.com3800.stage5.GossipManager processIncomingMessages
FINE: 2: updated 6's heartbeat sequence to 8 based on message from server 5 at time 1642189403609 (updated)
Jan 14, 2022 2:43:23 PM edu.yu.cs.com3800.stage5.GossipManager processIncomingMessages
FINE: 2: updated 7's heartbeat sequence to 6 based on message from server 5 at time 1642189403609 (updated)
Jan 14, 2022 2:43:25 PM edu.yu.cs.com3800.stage5.GossipManager sendGossip
FINE: Sending gossip to server 6
Jan 14, 2022 2:43:27 PM edu.yu.cs.com3800.stage5.GossipManager sendGossip
FINE: Sending gossip to server 0
Jan 14, 2022 2:43:29 PM edu.yu.cs.com3800.stage5.GossipManager sendGossip
FINE: Sending gossip to server 4
Jan 14, 2022 2:43:29 PM edu.yu.cs.com3800.stage5.GossipManager processIncomingMessages
FINE: Incoming message from server 7
Jan 14, 2022 2:43:29 PM edu.yu.cs.com3800.stage5.GossipManager processIncomingMessages
FINE: 2: updated 0's heartbeat sequence to 10 based on message from server 7 at time 1642189409600 (updated)
Jan 14, 2022 2:43:29 PM edu.yu.cs.com3800.stage5.GossipManager processIncomingMessages
FINE: 2: updated 1's heartbeat sequence to 10 based on message from server 7 at time 1642189409600 (updated)
Jan 14, 2022 2:43:29 PM edu.yu.cs.com3800.stage5.GossipManager processIncomingMessages
FINE: 2: updated 3's heartbeat sequence to 9 based on message from server 7 at time 1642189409600 (updated)
Jan 14, 2022 2:43:29 PM edu.yu.cs.com3800.stage5.GossipManager processIncomingMessages
FINE: 2: updated 4's heartbeat sequence to 9 based on message from server 7 at time 1642189409600 (updated)
Jan 14, 2022 2:43:29 PM edu.yu.cs.com3800.stage5.GossipManager processIncomingMessages
FINE: 2: updated 6's heartbeat sequence to 9 based on message from server 7 at time 1642189409600 (updated)
Jan 14, 2022 2:43:29 PM edu.yu.cs.com3800.stage5.GossipManager processIncomingMessages
FINE: 2: updated 7's heartbeat sequence to 11 based on message from server 7 at time 1642189409600 (updated)
Jan 14, 2022 2:43:31 PM edu.yu.cs.com3800.stage5.GossipManager sendGossip
FINE: Sending gossip to server 3
Jan 14, 2022 2:43:31 PM edu.yu.cs.com3800.stage5.GossipManager processIncomingMessages
FINE: Incoming message from server 1
Jan 14, 2022 2:43:31 PM edu.yu.cs.com3800.stage5.GossipManager processIncomingMessages
FINE: 2: updated 0's heartbeat sequence to 11 based on message from server 1 at time 1642189411637 (updated)
Jan 14, 2022 2:43:31 PM edu.yu.cs.com3800.stage5.GossipManager processIncomingMessages
FINE: 2: updated 1's heartbeat sequence to 12 based on message from server 1 at time 1642189411637 (updated)
Jan 14, 2022 2:43:31 PM edu.yu.cs.com3800.stage5.GossipManager processIncomingMessages
FINE: 2: updated 3's heartbeat sequence to 10 based on message from server 1 at time 1642189411637 (updated)
Jan 14, 2022 2:43:31 PM edu.yu.cs.com3800.stage5.GossipManager processIncomingMessages
FINE: 2: updated 4's heartbeat sequence to 10 based on message from server 1 at time 1642189411637 (updated)
Jan 14, 2022 2:43:31 PM edu.yu.cs.com3800.stage5.GossipManager processIncomingMessages
FINE: 2: updated 5's heartbeat sequence to 10 based on message from server 1 at time 1642189411637 (updated)
Jan 14, 2022 2:43:31 PM edu.yu.cs.com3800.stage5.GossipManager processIncomingMessages
FINE: 2: updated 6's heartbeat sequence to 11 based on message from server 1 at time 1642189411637 (updated)
Jan 14, 2022 2:43:33 PM edu.yu.cs.com3800.stage5.GossipManager sendGossip
FINE: Sending gossip to server 1
Jan 14, 2022 2:43:35 PM edu.yu.cs.com3800.stage5.GossipManager sendGossip
FINE: Sending gossip to server 7
Jan 14, 2022 2:43:35 PM edu.yu.cs.com3800.stage5.GossipManager processIncomingMessages
FINE: Incoming message from server 7
Jan 14, 2022 2:43:35 PM edu.yu.cs.com3800.stage5.GossipManager processIncomingMessages
FINE: 2: updated 0's heartbeat sequence to 12 based on message from server 7 at time 1642189415731 (updated)
Jan 14, 2022 2:43:35 PM edu.yu.cs.com3800.stage5.GossipManager processIncomingMessages
FINE: 2: updated 4's heartbeat sequence to 13 based on message from server 7 at time 1642189415731 (updated)
Jan 14, 2022 2:43:35 PM edu.yu.cs.com3800.stage5.GossipManager processIncomingMessages
FINE: 2: updated 7's heartbeat sequence to 14 based on message from server 7 at time 1642189415731 (updated)
Jan 14, 2022 2:43:35 PM edu.yu.cs.com3800.stage5.GossipManager processIncomingMessages
FINE: Incoming message from server 1
Jan 14, 2022 2:43:35 PM edu.yu.cs.com3800.stage5.GossipManager processIncomingMessages
FINE: 2: updated 1's heartbeat sequence to 14 based on message from server 1 at time 1642189415935 (updated)
Jan 14, 2022 2:43:35 PM edu.yu.cs.com3800.stage5.GossipManager processIncomingMessages
FINE: 2: updated 3's heartbeat sequence to 11 based on message from server 1 at time 1642189415935 (updated)
Jan 14, 2022 2:43:35 PM edu.yu.cs.com3800.stage5.GossipManager processIncomingMessages
FINE: 2: updated 5's heartbeat sequence to 12 based on message from server 1 at time 1642189415935 (updated)
Jan 14, 2022 2:43:35 PM edu.yu.cs.com3800.stage5.GossipManager processIncomingMessages
FINE: 2: updated 6's heartbeat sequence to 12 based on message from server 1 at time 1642189415935 (updated)
Jan 14, 2022 2:43:35 PM edu.yu.cs.com3800.stage5.GossipManager processIncomingMessages
FINE: Incoming message from server 4
Jan 14, 2022 2:43:35 PM edu.yu.cs.com3800.stage5.GossipManager processIncomingMessages
FINE: 2: updated 4's heartbeat sequence to 14 based on message from server 4 at time 1642189415935 (updated)
Jan 14, 2022 2:43:37 PM edu.yu.cs.com3800.stage5.GossipManager sendGossip
FINE: Sending gossip to server 7
Jan 14, 2022 2:43:37 PM edu.yu.cs.com3800.stage5.GossipManager processIncomingMessages
FINE: Incoming message from server 7
Jan 14, 2022 2:43:37 PM edu.yu.cs.com3800.stage5.GossipManager processIncomingMessages
FINE: 2: updated 0's heartbeat sequence to 14 based on message from server 7 at time 1642189417880 (updated)
Jan 14, 2022 2:43:37 PM edu.yu.cs.com3800.stage5.GossipManager processIncomingMessages
FINE: 2: updated 3's heartbeat sequence to 14 based on message from server 7 at time 1642189417880 (updated)
Jan 14, 2022 2:43:37 PM edu.yu.cs.com3800.stage5.GossipManager processIncomingMessages
FINE: 2: updated 5's heartbeat sequence to 14 based on message from server 7 at time 1642189417880 (updated)
Jan 14, 2022 2:43:37 PM edu.yu.cs.com3800.stage5.GossipManager processIncomingMessages
FINE: 2: updated 6's heartbeat sequence to 14 based on message from server 7 at time 1642189417881 (updated)
Jan 14, 2022 2:43:37 PM edu.yu.cs.com3800.stage5.GossipManager processIncomingMessages
FINE: 2: updated 7's heartbeat sequence to 15 based on message from server 7 at time 1642189417881 (updated)
