Jan 14, 2022 2:43:06 PM edu.yu.cs.com3800.LoggingServer initializeLogging
FINE: Initialized at: 1642189386545 for server 3 

Jan 14, 2022 2:43:06 PM edu.yu.cs.com3800.stage5.GossipManager <init>
FINE: initialized...
Jan 14, 2022 2:43:08 PM edu.yu.cs.com3800.stage5.GossipManager sendGossip
FINE: Sending gossip to server 7
Jan 14, 2022 2:43:08 PM edu.yu.cs.com3800.stage5.GossipManager processIncomingMessages
FINE: Incoming message from server 1
Jan 14, 2022 2:43:08 PM edu.yu.cs.com3800.stage5.GossipManager processIncomingMessages
FINE: 3: updated 1's heartbeat sequence to 1 based on message from server 1 at time 1642189388846 (added)
Jan 14, 2022 2:43:10 PM edu.yu.cs.com3800.stage5.GossipManager sendGossip
FINE: Sending gossip to server 5
Jan 14, 2022 2:43:10 PM edu.yu.cs.com3800.stage5.GossipManager processIncomingMessages
FINE: Incoming message from server 1
Jan 14, 2022 2:43:10 PM edu.yu.cs.com3800.stage5.GossipManager processIncomingMessages
FINE: 3: updated 1's heartbeat sequence to 2 based on message from server 1 at time 1642189390824 (updated)
Jan 14, 2022 2:43:10 PM edu.yu.cs.com3800.stage5.GossipManager processIncomingMessages
FINE: 3: updated 5's heartbeat sequence to 1 based on message from server 1 at time 1642189390824 (added)
Jan 14, 2022 2:43:10 PM edu.yu.cs.com3800.stage5.GossipManager processIncomingMessages
FINE: Incoming message from server 5
Jan 14, 2022 2:43:10 PM edu.yu.cs.com3800.stage5.GossipManager processIncomingMessages
FINE: 3: updated 2's heartbeat sequence to 1 based on message from server 5 at time 1642189390824 (added)
Jan 14, 2022 2:43:10 PM edu.yu.cs.com3800.stage5.GossipManager processIncomingMessages
FINE: 3: updated 4's heartbeat sequence to 1 based on message from server 5 at time 1642189390824 (added)
Jan 14, 2022 2:43:10 PM edu.yu.cs.com3800.stage5.GossipManager processIncomingMessages
FINE: 3: updated 5's heartbeat sequence to 2 based on message from server 5 at time 1642189390824 (updated)
Jan 14, 2022 2:43:12 PM edu.yu.cs.com3800.stage5.GossipManager sendGossip
FINE: Sending gossip to server 0
Jan 14, 2022 2:43:12 PM edu.yu.cs.com3800.stage5.GossipManager processIncomingMessages
FINE: Incoming message from server 6
Jan 14, 2022 2:43:12 PM edu.yu.cs.com3800.stage5.GossipManager processIncomingMessages
FINE: 3: updated 0's heartbeat sequence to 1 based on message from server 6 at time 1642189392799 (added)
Jan 14, 2022 2:43:12 PM edu.yu.cs.com3800.stage5.GossipManager processIncomingMessages
FINE: 3: updated 2's heartbeat sequence to 2 based on message from server 6 at time 1642189392799 (updated)
Jan 14, 2022 2:43:12 PM edu.yu.cs.com3800.stage5.GossipManager processIncomingMessages
FINE: 3: updated 6's heartbeat sequence to 3 based on message from server 6 at time 1642189392799 (added)
Jan 14, 2022 2:43:12 PM edu.yu.cs.com3800.stage5.GossipManager processIncomingMessages
FINE: 3: updated 7's heartbeat sequence to 1 based on message from server 6 at time 1642189392799 (added)
Jan 14, 2022 2:43:14 PM edu.yu.cs.com3800.stage5.GossipManager sendGossip
FINE: Sending gossip to server 6
Jan 14, 2022 2:43:14 PM edu.yu.cs.com3800.stage5.GossipManager processIncomingMessages
FINE: Incoming message from server 6
Jan 14, 2022 2:43:14 PM edu.yu.cs.com3800.stage5.GossipManager processIncomingMessages
FINE: 3: updated 0's heartbeat sequence to 3 based on message from server 6 at time 1642189394704 (updated)
Jan 14, 2022 2:43:14 PM edu.yu.cs.com3800.stage5.GossipManager processIncomingMessages
FINE: 3: updated 4's heartbeat sequence to 3 based on message from server 6 at time 1642189394704 (updated)
Jan 14, 2022 2:43:14 PM edu.yu.cs.com3800.stage5.GossipManager processIncomingMessages
FINE: 3: updated 6's heartbeat sequence to 4 based on message from server 6 at time 1642189394704 (updated)
Jan 14, 2022 2:43:14 PM edu.yu.cs.com3800.stage5.GossipManager processIncomingMessages
FINE: 3: updated 7's heartbeat sequence to 3 based on message from server 6 at time 1642189394704 (updated)
Jan 14, 2022 2:43:16 PM edu.yu.cs.com3800.stage5.GossipManager sendGossip
FINE: Sending gossip to server 5
Jan 14, 2022 2:43:17 PM edu.yu.cs.com3800.stage5.GossipManager processIncomingMessages
FINE: Incoming message from server 5
Jan 14, 2022 2:43:17 PM edu.yu.cs.com3800.stage5.GossipManager processIncomingMessages
FINE: 3: updated 1's heartbeat sequence to 3 based on message from server 5 at time 1642189397145 (updated)
Jan 14, 2022 2:43:17 PM edu.yu.cs.com3800.stage5.GossipManager processIncomingMessages
FINE: 3: updated 2's heartbeat sequence to 3 based on message from server 5 at time 1642189397145 (updated)
Jan 14, 2022 2:43:17 PM edu.yu.cs.com3800.stage5.GossipManager processIncomingMessages
FINE: 3: updated 5's heartbeat sequence to 5 based on message from server 5 at time 1642189397145 (updated)
Jan 14, 2022 2:43:18 PM edu.yu.cs.com3800.stage5.GossipManager sendGossip
FINE: Sending gossip to server 5
Jan 14, 2022 2:43:20 PM edu.yu.cs.com3800.stage5.GossipManager sendGossip
FINE: Sending gossip to server 1
Jan 14, 2022 2:43:21 PM edu.yu.cs.com3800.stage5.GossipManager processIncomingMessages
FINE: Incoming message from server 5
Jan 14, 2022 2:43:21 PM edu.yu.cs.com3800.stage5.GossipManager processIncomingMessages
FINE: 3: updated 5's heartbeat sequence to 7 based on message from server 5 at time 1642189401453 (updated)
Jan 14, 2022 2:43:21 PM edu.yu.cs.com3800.stage5.GossipManager processIncomingMessages
FINE: 3: updated 7's heartbeat sequence to 6 based on message from server 5 at time 1642189401453 (updated)
Jan 14, 2022 2:43:22 PM edu.yu.cs.com3800.stage5.GossipManager sendGossip
FINE: Sending gossip to server 1
Jan 14, 2022 2:43:24 PM edu.yu.cs.com3800.stage5.GossipManager sendGossip
FINE: Sending gossip to server 4
Jan 14, 2022 2:43:27 PM edu.yu.cs.com3800.stage5.GossipManager sendGossip
FINE: Sending gossip to server 5
Jan 14, 2022 2:43:27 PM edu.yu.cs.com3800.stage5.GossipManager processIncomingMessages
FINE: Incoming message from server 6
Jan 14, 2022 2:43:27 PM edu.yu.cs.com3800.stage5.GossipManager processIncomingMessages
FINE: 3: updated 0's heartbeat sequence to 9 based on message from server 6 at time 1642189407252 (updated)
Jan 14, 2022 2:43:27 PM edu.yu.cs.com3800.stage5.GossipManager processIncomingMessages
FINE: 3: updated 1's heartbeat sequence to 7 based on message from server 6 at time 1642189407252 (updated)
Jan 14, 2022 2:43:27 PM edu.yu.cs.com3800.stage5.GossipManager processIncomingMessages
FINE: 3: updated 2's heartbeat sequence to 9 based on message from server 6 at time 1642189407252 (updated)
Jan 14, 2022 2:43:27 PM edu.yu.cs.com3800.stage5.GossipManager processIncomingMessages
FINE: 3: updated 4's heartbeat sequence to 7 based on message from server 6 at time 1642189407252 (updated)
Jan 14, 2022 2:43:27 PM edu.yu.cs.com3800.stage5.GossipManager processIncomingMessages
FINE: 3: updated 5's heartbeat sequence to 9 based on message from server 6 at time 1642189407252 (updated)
Jan 14, 2022 2:43:27 PM edu.yu.cs.com3800.stage5.GossipManager processIncomingMessages
FINE: 3: updated 6's heartbeat sequence to 10 based on message from server 6 at time 1642189407252 (updated)
Jan 14, 2022 2:43:27 PM edu.yu.cs.com3800.stage5.GossipManager processIncomingMessages
FINE: 3: updated 7's heartbeat sequence to 7 based on message from server 6 at time 1642189407252 (updated)
Jan 14, 2022 2:43:29 PM edu.yu.cs.com3800.stage5.GossipManager sendGossip
FINE: Sending gossip to server 5
Jan 14, 2022 2:43:31 PM edu.yu.cs.com3800.stage5.GossipManager sendGossip
FINE: Sending gossip to server 6
Jan 14, 2022 2:43:31 PM edu.yu.cs.com3800.stage5.GossipManager processIncomingMessages
FINE: Incoming message from server 2
Jan 14, 2022 2:43:31 PM edu.yu.cs.com3800.stage5.GossipManager processIncomingMessages
FINE: 3: updated 0's heartbeat sequence to 10 based on message from server 2 at time 1642189411621 (updated)
Jan 14, 2022 2:43:31 PM edu.yu.cs.com3800.stage5.GossipManager processIncomingMessages
FINE: 3: updated 1's heartbeat sequence to 10 based on message from server 2 at time 1642189411621 (updated)
Jan 14, 2022 2:43:31 PM edu.yu.cs.com3800.stage5.GossipManager processIncomingMessages
FINE: 3: updated 2's heartbeat sequence to 12 based on message from server 2 at time 1642189411621 (updated)
Jan 14, 2022 2:43:31 PM edu.yu.cs.com3800.stage5.GossipManager processIncomingMessages
FINE: 3: updated 4's heartbeat sequence to 9 based on message from server 2 at time 1642189411621 (updated)
Jan 14, 2022 2:43:31 PM edu.yu.cs.com3800.stage5.GossipManager processIncomingMessages
FINE: 3: updated 7's heartbeat sequence to 11 based on message from server 2 at time 1642189411621 (updated)
Jan 14, 2022 2:43:33 PM edu.yu.cs.com3800.stage5.GossipManager sendGossip
FINE: Sending gossip to server 0
Jan 14, 2022 2:43:33 PM edu.yu.cs.com3800.stage5.GossipManager processIncomingMessages
FINE: Incoming message from server 0
Jan 14, 2022 2:43:33 PM edu.yu.cs.com3800.stage5.GossipManager processIncomingMessages
FINE: 3: updated 0's heartbeat sequence to 13 based on message from server 0 at time 1642189413941 (updated)
Jan 14, 2022 2:43:33 PM edu.yu.cs.com3800.stage5.GossipManager processIncomingMessages
FINE: 3: updated 1's heartbeat sequence to 11 based on message from server 0 at time 1642189413941 (updated)
Jan 14, 2022 2:43:33 PM edu.yu.cs.com3800.stage5.GossipManager processIncomingMessages
FINE: 3: updated 4's heartbeat sequence to 11 based on message from server 0 at time 1642189413941 (updated)
Jan 14, 2022 2:43:33 PM edu.yu.cs.com3800.stage5.GossipManager processIncomingMessages
FINE: 3: updated 5's heartbeat sequence to 11 based on message from server 0 at time 1642189413941 (updated)
Jan 14, 2022 2:43:33 PM edu.yu.cs.com3800.stage5.GossipManager processIncomingMessages
FINE: 3: updated 6's heartbeat sequence to 13 based on message from server 0 at time 1642189413941 (updated)
Jan 14, 2022 2:43:33 PM edu.yu.cs.com3800.stage5.GossipManager processIncomingMessages
FINE: 3: updated 7's heartbeat sequence to 13 based on message from server 0 at time 1642189413941 (updated)
Jan 14, 2022 2:43:35 PM edu.yu.cs.com3800.stage5.GossipManager sendGossip
FINE: Sending gossip to server 0
Jan 14, 2022 2:43:37 PM edu.yu.cs.com3800.stage5.GossipManager sendGossip
FINE: Sending gossip to server 5
Jan 14, 2022 2:43:38 PM edu.yu.cs.com3800.stage5.GossipManager processIncomingMessages
FINE: Incoming message from server 0
Jan 14, 2022 2:43:38 PM edu.yu.cs.com3800.stage5.GossipManager processIncomingMessages
FINE: 3: updated 0's heartbeat sequence to 15 based on message from server 0 at time 1642189418059 (updated)
Jan 14, 2022 2:43:38 PM edu.yu.cs.com3800.stage5.GossipManager processIncomingMessages
FINE: 3: updated 1's heartbeat sequence to 13 based on message from server 0 at time 1642189418059 (updated)
Jan 14, 2022 2:43:38 PM edu.yu.cs.com3800.stage5.GossipManager processIncomingMessages
FINE: 3: updated 2's heartbeat sequence to 13 based on message from server 0 at time 1642189418059 (updated)
Jan 14, 2022 2:43:38 PM edu.yu.cs.com3800.stage5.GossipManager processIncomingMessages
FINE: 3: updated 4's heartbeat sequence to 12 based on message from server 0 at time 1642189418059 (updated)
Jan 14, 2022 2:43:38 PM edu.yu.cs.com3800.stage5.GossipManager processIncomingMessages
FINE: 3: updated 5's heartbeat sequence to 13 based on message from server 0 at time 1642189418059 (updated)
Jan 14, 2022 2:43:38 PM edu.yu.cs.com3800.stage5.GossipManager processIncomingMessages
FINE: 3: updated 6's heartbeat sequence to 14 based on message from server 0 at time 1642189418059 (updated)
Jan 14, 2022 2:43:39 PM edu.yu.cs.com3800.stage5.GossipManager sendGossip
FINE: Sending gossip to server 4
Jan 14, 2022 2:43:39 PM edu.yu.cs.com3800.stage5.GossipManager processIncomingMessages
FINE: Incoming message from server 7
Jan 14, 2022 2:43:39 PM edu.yu.cs.com3800.stage5.GossipManager processIncomingMessages
FINE: 3: updated 1's heartbeat sequence to 15 based on message from server 7 at time 1642189419773 (updated)
Jan 14, 2022 2:43:39 PM edu.yu.cs.com3800.stage5.GossipManager processIncomingMessages
FINE: 3: updated 2's heartbeat sequence to 15 based on message from server 7 at time 1642189419773 (updated)
Jan 14, 2022 2:43:39 PM edu.yu.cs.com3800.stage5.GossipManager processIncomingMessages
FINE: 3: updated 4's heartbeat sequence to 14 based on message from server 7 at time 1642189419773 (updated)
Jan 14, 2022 2:43:39 PM edu.yu.cs.com3800.stage5.GossipManager processIncomingMessages
FINE: 3: updated 5's heartbeat sequence to 14 based on message from server 7 at time 1642189419773 (updated)
Jan 14, 2022 2:43:39 PM edu.yu.cs.com3800.stage5.GossipManager processIncomingMessages
FINE: 3: updated 7's heartbeat sequence to 16 based on message from server 7 at time 1642189419773 (updated)
Jan 14, 2022 2:43:39 PM edu.yu.cs.com3800.stage5.GossipManager processIncomingMessages
FINE: Incoming message from server 1
Jan 14, 2022 2:43:39 PM edu.yu.cs.com3800.stage5.GossipManager processIncomingMessages
FINE: 3: updated 1's heartbeat sequence to 16 based on message from server 1 at time 1642189419899 (updated)
Jan 14, 2022 2:43:39 PM edu.yu.cs.com3800.stage5.GossipManager processIncomingMessages
FINE: 3: updated 4's heartbeat sequence to 15 based on message from server 1 at time 1642189419899 (updated)
Jan 14, 2022 2:43:39 PM edu.yu.cs.com3800.stage5.GossipManager processIncomingMessages
FINE: 3: updated 6's heartbeat sequence to 16 based on message from server 1 at time 1642189419899 (updated)
Jan 14, 2022 2:43:41 PM edu.yu.cs.com3800.stage5.GossipManager sendGossip
FINE: Sending gossip to server 4
Jan 14, 2022 2:43:43 PM edu.yu.cs.com3800.stage5.GossipManager processIncomingMessages
FINE: Incoming message from server 6
Jan 14, 2022 2:43:43 PM edu.yu.cs.com3800.stage5.GossipManager processIncomingMessages
FINE: 3: updated 4's heartbeat sequence to 16 based on message from server 6 at time 1642189423411 (updated)
Jan 14, 2022 2:43:43 PM edu.yu.cs.com3800.stage5.GossipManager processIncomingMessages
FINE: 3: updated 5's heartbeat sequence to 16 based on message from server 6 at time 1642189423411 (updated)
Jan 14, 2022 2:43:43 PM edu.yu.cs.com3800.stage5.GossipManager processIncomingMessages
FINE: 3: updated 6's heartbeat sequence to 18 based on message from server 6 at time 1642189423411 (updated)
Jan 14, 2022 2:43:43 PM edu.yu.cs.com3800.stage5.GossipManager sendGossip
FINE: Sending gossip to server 2
Jan 14, 2022 2:43:44 PM edu.yu.cs.com3800.stage5.GossipManager processIncomingMessages
FINE: Incoming message from server 1
Jan 14, 2022 2:43:44 PM edu.yu.cs.com3800.stage5.GossipManager processIncomingMessages
FINE: 3: updated 0's heartbeat sequence to 16 based on message from server 1 at time 1642189424083 (updated)
Jan 14, 2022 2:43:44 PM edu.yu.cs.com3800.stage5.GossipManager processIncomingMessages
FINE: 3: updated 1's heartbeat sequence to 18 based on message from server 1 at time 1642189424083 (updated)
Jan 14, 2022 2:43:45 PM edu.yu.cs.com3800.stage5.GossipManager sendGossip
FINE: Sending gossip to server 5
Jan 14, 2022 2:43:47 PM edu.yu.cs.com3800.stage5.GossipManager sendGossip
FINE: Sending gossip to server 7
Jan 14, 2022 2:43:48 PM edu.yu.cs.com3800.stage5.GossipManager processIncomingMessages
FINE: Incoming message from server 4
Jan 14, 2022 2:43:48 PM edu.yu.cs.com3800.stage5.GossipManager processIncomingMessages
FINE: 3: updated 0's heartbeat sequence to 19 based on message from server 4 at time 1642189428412 (updated)
Jan 14, 2022 2:43:48 PM edu.yu.cs.com3800.stage5.GossipManager processIncomingMessages
FINE: 3: updated 1's heartbeat sequence to 19 based on message from server 4 at time 1642189428412 (updated)
Jan 14, 2022 2:43:48 PM edu.yu.cs.com3800.stage5.GossipManager processIncomingMessages
FINE: 3: updated 4's heartbeat sequence to 20 based on message from server 4 at time 1642189428412 (updated)
Jan 14, 2022 2:43:48 PM edu.yu.cs.com3800.stage5.GossipManager processIncomingMessages
FINE: 3: updated 5's heartbeat sequence to 19 based on message from server 4 at time 1642189428413 (updated)
Jan 14, 2022 2:43:48 PM edu.yu.cs.com3800.stage5.GossipManager processIncomingMessages
FINE: 3: updated 6's heartbeat sequence to 19 based on message from server 4 at time 1642189428413 (updated)
Jan 14, 2022 2:43:48 PM edu.yu.cs.com3800.stage5.GossipManager processIncomingMessages
FINE: 3: updated 7's heartbeat sequence to 20 based on message from server 4 at time 1642189428500 (updated)
Jan 14, 2022 2:43:49 PM edu.yu.cs.com3800.stage5.GossipManager sendGossip
FINE: Sending gossip to server 5
Jan 14, 2022 2:43:52 PM edu.yu.cs.com3800.stage5.GossipManager sendGossip
FINE: Sending gossip to server 7
Jan 14, 2022 2:43:54 PM edu.yu.cs.com3800.stage5.GossipManager sendGossip
FINE: Sending gossip to server 2
Jan 14, 2022 2:43:54 PM edu.yu.cs.com3800.stage5.GossipManager processIncomingMessages
FINE: Incoming message from server 0
Jan 14, 2022 2:43:54 PM edu.yu.cs.com3800.stage5.GossipManager processIncomingMessages
FINE: 3: updated 0's heartbeat sequence to 23 based on message from server 0 at time 1642189434374 (updated)
Jan 14, 2022 2:43:54 PM edu.yu.cs.com3800.stage5.GossipManager processIncomingMessages
FINE: 3: updated 1's heartbeat sequence to 20 based on message from server 0 at time 1642189434374 (updated)
Jan 14, 2022 2:43:54 PM edu.yu.cs.com3800.stage5.GossipManager processIncomingMessages
FINE: 3: updated 4's heartbeat sequence to 21 based on message from server 0 at time 1642189434374 (updated)
Jan 14, 2022 2:43:54 PM edu.yu.cs.com3800.stage5.GossipManager processIncomingMessages
FINE: 3: updated 5's heartbeat sequence to 20 based on message from server 0 at time 1642189434374 (updated)
Jan 14, 2022 2:43:54 PM edu.yu.cs.com3800.stage5.GossipManager processIncomingMessages
FINE: 3: updated 6's heartbeat sequence to 23 based on message from server 0 at time 1642189434374 (updated)
Jan 14, 2022 2:43:54 PM edu.yu.cs.com3800.stage5.GossipManager processIncomingMessages
FINE: Incoming message from server 5
Jan 14, 2022 2:43:54 PM edu.yu.cs.com3800.stage5.GossipManager processIncomingMessages
FINE: 3: updated 1's heartbeat sequence to 22 based on message from server 5 at time 1642189434581 (updated)
Jan 14, 2022 2:43:54 PM edu.yu.cs.com3800.stage5.GossipManager processIncomingMessages
FINE: 3: updated 4's heartbeat sequence to 22 based on message from server 5 at time 1642189434581 (updated)
Jan 14, 2022 2:43:54 PM edu.yu.cs.com3800.stage5.GossipManager processIncomingMessages
FINE: 3: updated 5's heartbeat sequence to 23 based on message from server 5 at time 1642189434581 (updated)
Jan 14, 2022 2:43:54 PM edu.yu.cs.com3800.stage5.GossipManager processIncomingMessages
FINE: 3: updated 7's heartbeat sequence to 22 based on message from server 5 at time 1642189434581 (updated)
Jan 14, 2022 2:43:56 PM edu.yu.cs.com3800.stage5.GossipManager sendGossip
FINE: Sending gossip to server 1
Jan 14, 2022 2:43:58 PM edu.yu.cs.com3800.stage5.GossipManager sendGossip
FINE: Sending gossip to server 4
Jan 14, 2022 2:44:00 PM edu.yu.cs.com3800.stage5.GossipManager checkForFailedAndCleanups
INFO: 3: no heartbeat from server 2 - server failed
Jan 14, 2022 2:44:00 PM edu.yu.cs.com3800.stage5.GossipManager sendGossip
FINE: Sending gossip to server 5
Jan 14, 2022 2:44:00 PM edu.yu.cs.com3800.stage5.GossipManager processIncomingMessages
FINE: Incoming message from server 5
Jan 14, 2022 2:44:00 PM edu.yu.cs.com3800.stage5.GossipManager processIncomingMessages
FINE: 3: updated 1's heartbeat sequence to 23 based on message from server 5 at time 1642189440607 (updated)
Jan 14, 2022 2:44:00 PM edu.yu.cs.com3800.stage5.GossipManager processIncomingMessages
FINE: 3: updated 2's heartbeat sequence to 15 based on message from server 5 at time 1642189440607 (added)
Jan 14, 2022 2:44:00 PM edu.yu.cs.com3800.stage5.GossipManager processIncomingMessages
FINE: 3: updated 4's heartbeat sequence to 24 based on message from server 5 at time 1642189440607 (updated)
Jan 14, 2022 2:44:00 PM edu.yu.cs.com3800.stage5.GossipManager processIncomingMessages
FINE: 3: updated 5's heartbeat sequence to 26 based on message from server 5 at time 1642189440607 (updated)
Jan 14, 2022 2:44:00 PM edu.yu.cs.com3800.stage5.GossipManager processIncomingMessages
FINE: 3: updated 6's heartbeat sequence to 24 based on message from server 5 at time 1642189440607 (updated)
Jan 14, 2022 2:44:00 PM edu.yu.cs.com3800.stage5.GossipManager processIncomingMessages
FINE: 3: updated 7's heartbeat sequence to 24 based on message from server 5 at time 1642189440607 (updated)
Jan 14, 2022 2:44:00 PM edu.yu.cs.com3800.stage5.GossipManager processIncomingMessages
FINE: Incoming message from server 4
Jan 14, 2022 2:44:00 PM edu.yu.cs.com3800.stage5.GossipManager processIncomingMessages
FINE: 3: updated 0's heartbeat sequence to 24 based on message from server 4 at time 1642189440607 (updated)
Jan 14, 2022 2:44:00 PM edu.yu.cs.com3800.stage5.GossipManager processIncomingMessages
FINE: 3: updated 1's heartbeat sequence to 24 based on message from server 4 at time 1642189440607 (updated)
Jan 14, 2022 2:44:00 PM edu.yu.cs.com3800.stage5.GossipManager processIncomingMessages
FINE: 3: updated 4's heartbeat sequence to 26 based on message from server 4 at time 1642189440607 (updated)
Jan 14, 2022 2:44:00 PM edu.yu.cs.com3800.stage5.GossipManager processIncomingMessages
FINE: 3: updated 6's heartbeat sequence to 26 based on message from server 4 at time 1642189440607 (updated)
Jan 14, 2022 2:44:00 PM edu.yu.cs.com3800.stage5.GossipManager processIncomingMessages
FINE: 3: updated 7's heartbeat sequence to 25 based on message from server 4 at time 1642189440607 (updated)
Jan 14, 2022 2:44:02 PM edu.yu.cs.com3800.stage5.GossipManager sendGossip
FINE: Sending gossip to server 7
Jan 14, 2022 2:44:04 PM edu.yu.cs.com3800.stage5.GossipManager sendGossip
FINE: Sending gossip to server 7
Jan 14, 2022 2:44:06 PM edu.yu.cs.com3800.stage5.GossipManager sendGossip
FINE: Sending gossip to server 7
Jan 14, 2022 2:44:07 PM edu.yu.cs.com3800.stage5.GossipManager processIncomingMessages
FINE: Incoming message from server 6
Jan 14, 2022 2:44:07 PM edu.yu.cs.com3800.stage5.GossipManager processIncomingMessages
FINE: 3: updated 0's heartbeat sequence to 28 based on message from server 6 at time 1642189447763 (updated)
Jan 14, 2022 2:44:07 PM edu.yu.cs.com3800.stage5.GossipManager processIncomingMessages
FINE: 3: updated 1's heartbeat sequence to 29 based on message from server 6 at time 1642189447763 (updated)
Jan 14, 2022 2:44:07 PM edu.yu.cs.com3800.stage5.GossipManager processIncomingMessages
FINE: 3: updated 4's heartbeat sequence to 28 based on message from server 6 at time 1642189447763 (updated)
Jan 14, 2022 2:44:07 PM edu.yu.cs.com3800.stage5.GossipManager processIncomingMessages
FINE: 3: updated 5's heartbeat sequence to 29 based on message from server 6 at time 1642189447763 (updated)
Jan 14, 2022 2:44:07 PM edu.yu.cs.com3800.stage5.GossipManager processIncomingMessages
FINE: 3: updated 6's heartbeat sequence to 30 based on message from server 6 at time 1642189447763 (updated)
Jan 14, 2022 2:44:07 PM edu.yu.cs.com3800.stage5.GossipManager processIncomingMessages
FINE: 3: updated 7's heartbeat sequence to 29 based on message from server 6 at time 1642189447763 (updated)
Jan 14, 2022 2:44:08 PM edu.yu.cs.com3800.stage5.GossipManager processIncomingMessages
FINE: Incoming message from server 1
Jan 14, 2022 2:44:08 PM edu.yu.cs.com3800.stage5.GossipManager processIncomingMessages
FINE: 3: updated 1's heartbeat sequence to 30 based on message from server 1 at time 1642189448368 (updated)
Jan 14, 2022 2:44:08 PM edu.yu.cs.com3800.stage5.GossipManager sendGossip
FINE: Sending gossip to server 1
Jan 14, 2022 2:44:10 PM edu.yu.cs.com3800.stage5.GossipManager sendGossip
FINE: Sending gossip to server 4
Jan 14, 2022 2:44:12 PM edu.yu.cs.com3800.stage5.GossipManager processIncomingMessages
FINE: Incoming message from server 1
Jan 14, 2022 2:44:12 PM edu.yu.cs.com3800.stage5.GossipManager processIncomingMessages
FINE: 3: updated 0's heartbeat sequence to 30 based on message from server 1 at time 1642189452402 (updated)
Jan 14, 2022 2:44:12 PM edu.yu.cs.com3800.stage5.GossipManager processIncomingMessages
FINE: 3: updated 1's heartbeat sequence to 32 based on message from server 1 at time 1642189452402 (updated)
Jan 14, 2022 2:44:12 PM edu.yu.cs.com3800.stage5.GossipManager processIncomingMessages
FINE: 3: updated 4's heartbeat sequence to 31 based on message from server 1 at time 1642189452402 (updated)
Jan 14, 2022 2:44:12 PM edu.yu.cs.com3800.stage5.GossipManager processIncomingMessages
FINE: 3: updated 5's heartbeat sequence to 31 based on message from server 1 at time 1642189452402 (updated)
Jan 14, 2022 2:44:12 PM edu.yu.cs.com3800.stage5.GossipManager sendGossip
FINE: Sending gossip to server 6
Jan 14, 2022 2:44:14 PM edu.yu.cs.com3800.stage5.GossipManager sendGossip
FINE: Sending gossip to server 0
Jan 14, 2022 2:44:15 PM edu.yu.cs.com3800.stage5.GossipManager processIncomingMessages
FINE: Incoming message from server 6
Jan 14, 2022 2:44:15 PM edu.yu.cs.com3800.stage5.GossipManager processIncomingMessages
FINE: 3: updated 0's heartbeat sequence to 33 based on message from server 6 at time 1642189455969 (updated)
Jan 14, 2022 2:44:15 PM edu.yu.cs.com3800.stage5.GossipManager processIncomingMessages
FINE: 3: updated 1's heartbeat sequence to 33 based on message from server 6 at time 1642189455969 (updated)
Jan 14, 2022 2:44:15 PM edu.yu.cs.com3800.stage5.GossipManager processIncomingMessages
FINE: 3: updated 4's heartbeat sequence to 33 based on message from server 6 at time 1642189455969 (updated)
Jan 14, 2022 2:44:15 PM edu.yu.cs.com3800.stage5.GossipManager processIncomingMessages
FINE: 3: updated 6's heartbeat sequence to 34 based on message from server 6 at time 1642189455969 (updated)
Jan 14, 2022 2:44:15 PM edu.yu.cs.com3800.stage5.GossipManager processIncomingMessages
FINE: 3: updated 7's heartbeat sequence to 32 based on message from server 6 at time 1642189455969 (updated)
Jan 14, 2022 2:44:16 PM edu.yu.cs.com3800.stage5.GossipManager sendGossip
FINE: Sending gossip to server 1
Jan 14, 2022 2:44:18 PM edu.yu.cs.com3800.stage5.GossipManager processIncomingMessages
FINE: Incoming message from server 0
Jan 14, 2022 2:44:19 PM edu.yu.cs.com3800.stage5.GossipManager processIncomingMessages
FINE: 3: updated 0's heartbeat sequence to 35 based on message from server 0 at time 1642189459058 (updated)
Jan 14, 2022 2:44:19 PM edu.yu.cs.com3800.stage5.GossipManager processIncomingMessages
FINE: 3: updated 1's heartbeat sequence to 34 based on message from server 0 at time 1642189459058 (updated)
Jan 14, 2022 2:44:19 PM edu.yu.cs.com3800.stage5.GossipManager processIncomingMessages
FINE: 3: updated 4's heartbeat sequence to 34 based on message from server 0 at time 1642189459058 (updated)
Jan 14, 2022 2:44:19 PM edu.yu.cs.com3800.stage5.GossipManager processIncomingMessages
FINE: 3: updated 5's heartbeat sequence to 34 based on message from server 0 at time 1642189459058 (updated)
Jan 14, 2022 2:44:19 PM edu.yu.cs.com3800.stage5.GossipManager processIncomingMessages
FINE: 3: updated 6's heartbeat sequence to 35 based on message from server 0 at time 1642189459058 (updated)
Jan 14, 2022 2:44:19 PM edu.yu.cs.com3800.stage5.GossipManager processIncomingMessages
FINE: 3: updated 7's heartbeat sequence to 35 based on message from server 0 at time 1642189459058 (updated)
Jan 14, 2022 2:44:19 PM edu.yu.cs.com3800.stage5.GossipManager sendGossip
FINE: Sending gossip to server 1
Jan 14, 2022 2:44:21 PM edu.yu.cs.com3800.stage5.GossipManager checkForFailedAndCleanups
INFO: 3: no heartbeat from server 2 - server failed
Jan 14, 2022 2:44:21 PM edu.yu.cs.com3800.stage5.GossipManager sendGossip
FINE: Sending gossip to server 4
Jan 14, 2022 2:44:22 PM edu.yu.cs.com3800.stage5.GossipManager processIncomingMessages
FINE: Incoming message from server 6
Jan 14, 2022 2:44:22 PM edu.yu.cs.com3800.stage5.GossipManager processIncomingMessages
FINE: 3: updated 1's heartbeat sequence to 35 based on message from server 6 at time 1642189462074 (updated)
Jan 14, 2022 2:44:22 PM edu.yu.cs.com3800.stage5.GossipManager processIncomingMessages
FINE: 3: updated 2's heartbeat sequence to 15 based on message from server 6 at time 1642189462074 (added)
Jan 14, 2022 2:44:22 PM edu.yu.cs.com3800.stage5.GossipManager processIncomingMessages
FINE: 3: updated 5's heartbeat sequence to 35 based on message from server 6 at time 1642189462074 (updated)
Jan 14, 2022 2:44:22 PM edu.yu.cs.com3800.stage5.GossipManager processIncomingMessages
FINE: 3: updated 6's heartbeat sequence to 37 based on message from server 6 at time 1642189462074 (updated)
Jan 14, 2022 2:44:22 PM edu.yu.cs.com3800.stage5.GossipManager processIncomingMessages
FINE: Incoming message from server 4
Jan 14, 2022 2:44:22 PM edu.yu.cs.com3800.stage5.GossipManager processIncomingMessages
FINE: 3: updated 1's heartbeat sequence to 37 based on message from server 4 at time 1642189462798 (updated)
Jan 14, 2022 2:44:22 PM edu.yu.cs.com3800.stage5.GossipManager processIncomingMessages
FINE: 3: updated 4's heartbeat sequence to 37 based on message from server 4 at time 1642189462798 (updated)
Jan 14, 2022 2:44:22 PM edu.yu.cs.com3800.stage5.GossipManager processIncomingMessages
FINE: Incoming message from server 0
Jan 14, 2022 2:44:22 PM edu.yu.cs.com3800.stage5.GossipManager processIncomingMessages
FINE: 3: updated 0's heartbeat sequence to 37 based on message from server 0 at time 1642189462939 (updated)
Jan 14, 2022 2:44:23 PM edu.yu.cs.com3800.stage5.GossipManager sendGossip
FINE: Sending gossip to server 1
Jan 14, 2022 2:44:24 PM edu.yu.cs.com3800.stage5.GossipManager processIncomingMessages
FINE: Incoming message from server 4
Jan 14, 2022 2:44:24 PM edu.yu.cs.com3800.stage5.GossipManager processIncomingMessages
FINE: 3: updated 4's heartbeat sequence to 38 based on message from server 4 at time 1642189464994 (updated)
Jan 14, 2022 2:44:25 PM edu.yu.cs.com3800.stage5.GossipManager processIncomingMessages
FINE: Incoming message from server 5
Jan 14, 2022 2:44:25 PM edu.yu.cs.com3800.stage5.GossipManager processIncomingMessages
FINE: 3: updated 5's heartbeat sequence to 38 based on message from server 5 at time 1642189465278 (updated)
Jan 14, 2022 2:44:25 PM edu.yu.cs.com3800.stage5.GossipManager sendGossip
FINE: Sending gossip to server 5
Jan 14, 2022 2:44:27 PM edu.yu.cs.com3800.stage5.GossipManager sendGossip
FINE: Sending gossip to server 0
Jan 14, 2022 2:44:29 PM edu.yu.cs.com3800.stage5.GossipManager processIncomingMessages
FINE: Incoming message from server 0
Jan 14, 2022 2:44:29 PM edu.yu.cs.com3800.stage5.GossipManager processIncomingMessages
FINE: 3: updated 0's heartbeat sequence to 40 based on message from server 0 at time 1642189469028 (updated)
Jan 14, 2022 2:44:29 PM edu.yu.cs.com3800.stage5.GossipManager processIncomingMessages
FINE: 3: updated 6's heartbeat sequence to 40 based on message from server 0 at time 1642189469028 (updated)
Jan 14, 2022 2:44:29 PM edu.yu.cs.com3800.stage5.GossipManager processIncomingMessages
FINE: Incoming message from server 4
Jan 14, 2022 2:44:29 PM edu.yu.cs.com3800.stage5.GossipManager processIncomingMessages
FINE: 3: updated 4's heartbeat sequence to 40 based on message from server 4 at time 1642189469028 (updated)
Jan 14, 2022 2:44:29 PM edu.yu.cs.com3800.stage5.GossipManager sendGossip
FINE: Sending gossip to server 7
Jan 14, 2022 2:44:30 PM edu.yu.cs.com3800.stage5.GossipManager processIncomingMessages
FINE: Incoming message from server 6
Jan 14, 2022 2:44:30 PM edu.yu.cs.com3800.stage5.GossipManager processIncomingMessages
FINE: 3: updated 1's heartbeat sequence to 40 based on message from server 6 at time 1642189470075 (updated)
Jan 14, 2022 2:44:30 PM edu.yu.cs.com3800.stage5.GossipManager processIncomingMessages
FINE: 3: updated 5's heartbeat sequence to 39 based on message from server 6 at time 1642189470075 (updated)
Jan 14, 2022 2:44:30 PM edu.yu.cs.com3800.stage5.GossipManager processIncomingMessages
FINE: 3: updated 6's heartbeat sequence to 41 based on message from server 6 at time 1642189470075 (updated)
Jan 14, 2022 2:44:31 PM edu.yu.cs.com3800.stage5.GossipManager sendGossip
FINE: Sending gossip to server 5
Jan 14, 2022 2:44:32 PM edu.yu.cs.com3800.stage5.GossipManager processIncomingMessages
FINE: Incoming message from server 1
Jan 14, 2022 2:44:32 PM edu.yu.cs.com3800.stage5.GossipManager processIncomingMessages
FINE: 3: updated 1's heartbeat sequence to 42 based on message from server 1 at time 1642189472874 (updated)
Jan 14, 2022 2:44:32 PM edu.yu.cs.com3800.stage5.GossipManager processIncomingMessages
FINE: 3: updated 4's heartbeat sequence to 41 based on message from server 1 at time 1642189472874 (updated)
Jan 14, 2022 2:44:32 PM edu.yu.cs.com3800.stage5.GossipManager processIncomingMessages
FINE: 3: updated 5's heartbeat sequence to 40 based on message from server 1 at time 1642189472874 (updated)
Jan 14, 2022 2:44:32 PM edu.yu.cs.com3800.stage5.GossipManager processIncomingMessages
FINE: 3: updated 6's heartbeat sequence to 42 based on message from server 1 at time 1642189472874 (updated)
Jan 14, 2022 2:44:33 PM edu.yu.cs.com3800.stage5.GossipManager processIncomingMessages
FINE: Incoming message from server 0
Jan 14, 2022 2:44:33 PM edu.yu.cs.com3800.stage5.GossipManager processIncomingMessages
FINE: 3: updated 0's heartbeat sequence to 42 based on message from server 0 at time 1642189473310 (updated)
Jan 14, 2022 2:44:33 PM edu.yu.cs.com3800.stage5.GossipManager sendGossip
FINE: Sending gossip to server 7
Jan 14, 2022 2:44:35 PM edu.yu.cs.com3800.stage5.GossipManager sendGossip
FINE: Sending gossip to server 5
Jan 14, 2022 2:44:36 PM edu.yu.cs.com3800.stage5.GossipManager processIncomingMessages
FINE: Incoming message from server 6
Jan 14, 2022 2:44:36 PM edu.yu.cs.com3800.stage5.GossipManager processIncomingMessages
FINE: 3: updated 6's heartbeat sequence to 44 based on message from server 6 at time 1642189476381 (updated)
Jan 14, 2022 2:44:37 PM edu.yu.cs.com3800.stage5.GossipManager sendGossip
FINE: Sending gossip to server 0
Jan 14, 2022 2:44:38 PM edu.yu.cs.com3800.stage5.GossipManager processIncomingMessages
FINE: Incoming message from server 5
Jan 14, 2022 2:44:38 PM edu.yu.cs.com3800.stage5.GossipManager processIncomingMessages
FINE: 3: updated 0's heartbeat sequence to 43 based on message from server 5 at time 1642189478180 (updated)
Jan 14, 2022 2:44:38 PM edu.yu.cs.com3800.stage5.GossipManager processIncomingMessages
FINE: 3: updated 1's heartbeat sequence to 43 based on message from server 5 at time 1642189478180 (updated)
Jan 14, 2022 2:44:38 PM edu.yu.cs.com3800.stage5.GossipManager processIncomingMessages
FINE: 3: updated 4's heartbeat sequence to 42 based on message from server 5 at time 1642189478180 (updated)
Jan 14, 2022 2:44:38 PM edu.yu.cs.com3800.stage5.GossipManager processIncomingMessages
FINE: 3: updated 5's heartbeat sequence to 44 based on message from server 5 at time 1642189478180 (updated)
Jan 14, 2022 2:44:38 PM edu.yu.cs.com3800.stage5.GossipManager processIncomingMessages
FINE: Incoming message from server 6
Jan 14, 2022 2:44:38 PM edu.yu.cs.com3800.stage5.GossipManager processIncomingMessages
FINE: 3: updated 4's heartbeat sequence to 44 based on message from server 6 at time 1642189478426 (updated)
Jan 14, 2022 2:44:38 PM edu.yu.cs.com3800.stage5.GossipManager processIncomingMessages
FINE: 3: updated 6's heartbeat sequence to 45 based on message from server 6 at time 1642189478426 (updated)
Jan 14, 2022 2:44:38 PM edu.yu.cs.com3800.stage5.GossipManager processIncomingMessages
FINE: Incoming message from server 1
Jan 14, 2022 2:44:38 PM edu.yu.cs.com3800.stage5.GossipManager processIncomingMessages
FINE: 3: updated 0's heartbeat sequence to 44 based on message from server 1 at time 1642189478981 (updated)
Jan 14, 2022 2:44:38 PM edu.yu.cs.com3800.stage5.GossipManager processIncomingMessages
FINE: 3: updated 1's heartbeat sequence to 45 based on message from server 1 at time 1642189478981 (updated)
Jan 14, 2022 2:44:39 PM edu.yu.cs.com3800.stage5.GossipManager processIncomingMessages
FINE: Incoming message from server 0
Jan 14, 2022 2:44:39 PM edu.yu.cs.com3800.stage5.GossipManager processIncomingMessages
FINE: 3: updated 0's heartbeat sequence to 45 based on message from server 0 at time 1642189479414 (updated)
Jan 14, 2022 2:44:39 PM edu.yu.cs.com3800.stage5.GossipManager checkForFailedAndCleanups
INFO: 3: no heartbeat from server 7 - server failed
Jan 14, 2022 2:44:39 PM edu.yu.cs.com3800.stage5.GossipManager checkForFailedAndCleanups
INFO: Leader died. Entering new election...
Jan 14, 2022 2:44:39 PM edu.yu.cs.com3800.stage5.GossipManager sendGossip
FINE: Sending gossip to server 6
Jan 14, 2022 2:44:40 PM edu.yu.cs.com3800.stage5.GossipManager processIncomingMessages
FINE: Incoming message from server 6
Jan 14, 2022 2:44:40 PM edu.yu.cs.com3800.stage5.GossipManager processIncomingMessages
FINE: 3: updated 6's heartbeat sequence to 46 based on message from server 6 at time 1642189480460 (updated)
Jan 14, 2022 2:44:40 PM edu.yu.cs.com3800.stage5.GossipManager processIncomingMessages
FINE: 3: updated 7's heartbeat sequence to 35 based on message from server 6 at time 1642189480460 (added)
Jan 14, 2022 2:44:41 PM edu.yu.cs.com3800.stage5.GossipManager sendGossip
FINE: Sending gossip to server 6
Jan 14, 2022 2:44:43 PM edu.yu.cs.com3800.stage5.GossipManager processIncomingMessages
FINE: Incoming message from server 4
Jan 14, 2022 2:44:43 PM edu.yu.cs.com3800.stage5.GossipManager processIncomingMessages
FINE: 3: updated 4's heartbeat sequence to 47 based on message from server 4 at time 1642189483130 (updated)
Jan 14, 2022 2:44:43 PM edu.yu.cs.com3800.stage5.GossipManager processIncomingMessages
FINE: Incoming message from server 0
Jan 14, 2022 2:44:43 PM edu.yu.cs.com3800.stage5.GossipManager processIncomingMessages
FINE: 3: updated 0's heartbeat sequence to 47 based on message from server 0 at time 1642189483525 (updated)
Jan 14, 2022 2:44:43 PM edu.yu.cs.com3800.stage5.GossipManager processIncomingMessages
FINE: 3: updated 1's heartbeat sequence to 47 based on message from server 0 at time 1642189483525 (updated)
Jan 14, 2022 2:44:43 PM edu.yu.cs.com3800.stage5.GossipManager processIncomingMessages
FINE: 3: updated 5's heartbeat sequence to 46 based on message from server 0 at time 1642189483525 (updated)
Jan 14, 2022 2:44:43 PM edu.yu.cs.com3800.stage5.GossipManager processIncomingMessages
FINE: 3: updated 6's heartbeat sequence to 47 based on message from server 0 at time 1642189483525 (updated)
Jan 14, 2022 2:44:43 PM edu.yu.cs.com3800.stage5.GossipManager checkForFailedAndCleanups
INFO: 3: no heartbeat from server 2 - server failed
Jan 14, 2022 2:44:43 PM edu.yu.cs.com3800.stage5.GossipManager sendGossip
FINE: Sending gossip to server 5
Jan 14, 2022 2:44:44 PM edu.yu.cs.com3800.stage5.GossipManager processIncomingMessages
FINE: Incoming message from server 5
Jan 14, 2022 2:44:44 PM edu.yu.cs.com3800.stage5.GossipManager processIncomingMessages
FINE: 3: updated 2's heartbeat sequence to 15 based on message from server 5 at time 1642189484101 (added)
Jan 14, 2022 2:44:44 PM edu.yu.cs.com3800.stage5.GossipManager processIncomingMessages
FINE: 3: updated 5's heartbeat sequence to 47 based on message from server 5 at time 1642189484101 (updated)
Jan 14, 2022 2:44:45 PM edu.yu.cs.com3800.stage5.GossipManager sendGossip
FINE: Sending gossip to server 1
Jan 14, 2022 2:44:47 PM edu.yu.cs.com3800.stage5.GossipManager processIncomingMessages
FINE: Incoming message from server 0
Jan 14, 2022 2:44:47 PM edu.yu.cs.com3800.stage5.GossipManager processIncomingMessages
FINE: 3: updated 0's heartbeat sequence to 49 based on message from server 0 at time 1642189487500 (updated)
Jan 14, 2022 2:44:48 PM edu.yu.cs.com3800.stage5.GossipManager sendGossip
FINE: Sending gossip to server 0
Jan 14, 2022 2:44:49 PM edu.yu.cs.com3800.stage5.GossipManager processIncomingMessages
FINE: Incoming message from server 4
Jan 14, 2022 2:44:49 PM edu.yu.cs.com3800.stage5.GossipManager processIncomingMessages
FINE: 3: updated 1's heartbeat sequence to 49 based on message from server 4 at time 1642189489301 (updated)
Jan 14, 2022 2:44:49 PM edu.yu.cs.com3800.stage5.GossipManager processIncomingMessages
FINE: 3: updated 4's heartbeat sequence to 50 based on message from server 4 at time 1642189489301 (updated)
Jan 14, 2022 2:44:49 PM edu.yu.cs.com3800.stage5.GossipManager processIncomingMessages
FINE: 3: updated 5's heartbeat sequence to 48 based on message from server 4 at time 1642189489301 (updated)
Jan 14, 2022 2:44:49 PM edu.yu.cs.com3800.stage5.GossipManager processIncomingMessages
FINE: 3: updated 6's heartbeat sequence to 50 based on message from server 4 at time 1642189489301 (updated)
Jan 14, 2022 2:44:49 PM edu.yu.cs.com3800.stage5.GossipManager processIncomingMessages
FINE: Incoming message from server 0
Jan 14, 2022 2:44:49 PM edu.yu.cs.com3800.stage5.GossipManager processIncomingMessages
FINE: 3: updated 0's heartbeat sequence to 50 based on message from server 0 at time 1642189489483 (updated)
Jan 14, 2022 2:44:49 PM edu.yu.cs.com3800.stage5.GossipManager processIncomingMessages
FINE: 3: updated 5's heartbeat sequence to 49 based on message from server 0 at time 1642189489483 (updated)
Jan 14, 2022 2:44:50 PM edu.yu.cs.com3800.stage5.GossipManager sendGossip
FINE: Sending gossip to server 1
Jan 14, 2022 2:44:51 PM edu.yu.cs.com3800.stage5.GossipManager processIncomingMessages
FINE: Incoming message from server 1
Jan 14, 2022 2:44:51 PM edu.yu.cs.com3800.stage5.GossipManager processIncomingMessages
FINE: 3: updated 1's heartbeat sequence to 51 based on message from server 1 at time 1642189491238 (updated)
Jan 14, 2022 2:44:51 PM edu.yu.cs.com3800.stage5.GossipManager processIncomingMessages
FINE: Incoming message from server 0
Jan 14, 2022 2:44:51 PM edu.yu.cs.com3800.stage5.GossipManager processIncomingMessages
FINE: 3: updated 0's heartbeat sequence to 51 based on message from server 0 at time 1642189491750 (updated)
Jan 14, 2022 2:44:52 PM edu.yu.cs.com3800.stage5.GossipManager sendGossip
FINE: Sending gossip to server 4
Jan 14, 2022 2:44:52 PM edu.yu.cs.com3800.stage5.GossipManager processIncomingMessages
FINE: Incoming message from server 5
Jan 14, 2022 2:44:52 PM edu.yu.cs.com3800.stage5.GossipManager processIncomingMessages
FINE: 3: updated 5's heartbeat sequence to 51 based on message from server 5 at time 1642189492413 (updated)
Jan 14, 2022 2:44:54 PM edu.yu.cs.com3800.stage5.GossipManager sendGossip
FINE: Sending gossip to server 4
Jan 14, 2022 2:44:56 PM edu.yu.cs.com3800.stage5.GossipManager sendGossip
FINE: Sending gossip to server 5
Jan 14, 2022 2:44:56 PM edu.yu.cs.com3800.stage5.GossipManager processIncomingMessages
FINE: Incoming message from server 5
Jan 14, 2022 2:44:56 PM edu.yu.cs.com3800.stage5.GossipManager processIncomingMessages
FINE: 3: updated 0's heartbeat sequence to 52 based on message from server 5 at time 1642189496494 (updated)
Jan 14, 2022 2:44:56 PM edu.yu.cs.com3800.stage5.GossipManager processIncomingMessages
FINE: 3: updated 1's heartbeat sequence to 52 based on message from server 5 at time 1642189496494 (updated)
Jan 14, 2022 2:44:56 PM edu.yu.cs.com3800.stage5.GossipManager processIncomingMessages
FINE: 3: updated 4's heartbeat sequence to 53 based on message from server 5 at time 1642189496494 (updated)
Jan 14, 2022 2:44:56 PM edu.yu.cs.com3800.stage5.GossipManager processIncomingMessages
FINE: 3: updated 5's heartbeat sequence to 53 based on message from server 5 at time 1642189496494 (updated)
Jan 14, 2022 2:44:56 PM edu.yu.cs.com3800.stage5.GossipManager processIncomingMessages
FINE: 3: updated 6's heartbeat sequence to 52 based on message from server 5 at time 1642189496494 (updated)
Jan 14, 2022 2:44:58 PM edu.yu.cs.com3800.stage5.GossipManager sendGossip
FINE: Sending gossip to server 0
Jan 14, 2022 2:45:00 PM edu.yu.cs.com3800.stage5.GossipManager checkForFailedAndCleanups
INFO: 3: no heartbeat from server 7 - server failed
Jan 14, 2022 2:45:00 PM edu.yu.cs.com3800.stage5.GossipManager sendGossip
FINE: Sending gossip to server 0
Jan 14, 2022 2:45:02 PM edu.yu.cs.com3800.stage5.GossipManager sendGossip
FINE: Sending gossip to server 5
Jan 14, 2022 2:45:02 PM edu.yu.cs.com3800.stage5.GossipManager processIncomingMessages
FINE: Incoming message from server 5
Jan 14, 2022 2:45:02 PM edu.yu.cs.com3800.stage5.GossipManager processIncomingMessages
FINE: 3: updated 0's heartbeat sequence to 56 based on message from server 5 at time 1642189502723 (updated)
Jan 14, 2022 2:45:02 PM edu.yu.cs.com3800.stage5.GossipManager processIncomingMessages
FINE: 3: updated 1's heartbeat sequence to 56 based on message from server 5 at time 1642189502723 (updated)
Jan 14, 2022 2:45:02 PM edu.yu.cs.com3800.stage5.GossipManager processIncomingMessages
FINE: 3: updated 4's heartbeat sequence to 56 based on message from server 5 at time 1642189502723 (updated)
Jan 14, 2022 2:45:02 PM edu.yu.cs.com3800.stage5.GossipManager processIncomingMessages
FINE: 3: updated 5's heartbeat sequence to 56 based on message from server 5 at time 1642189502723 (updated)
Jan 14, 2022 2:45:02 PM edu.yu.cs.com3800.stage5.GossipManager processIncomingMessages
FINE: 3: updated 6's heartbeat sequence to 56 based on message from server 5 at time 1642189502849 (updated)
Jan 14, 2022 2:45:02 PM edu.yu.cs.com3800.stage5.GossipManager processIncomingMessages
FINE: 3: updated 7's heartbeat sequence to 35 based on message from server 5 at time 1642189502850 (added)
Jan 14, 2022 2:45:03 PM edu.yu.cs.com3800.stage5.GossipManager processIncomingMessages
FINE: Incoming message from server 6
Jan 14, 2022 2:45:03 PM edu.yu.cs.com3800.stage5.GossipManager processIncomingMessages
FINE: 3: updated 6's heartbeat sequence to 57 based on message from server 6 at time 1642189503189 (updated)
