Jan 14, 2022 2:43:06 PM edu.yu.cs.com3800.LoggingServer initializeLogging
FINE: Initialized at: 1642189386573 for server 5 

Jan 14, 2022 2:43:06 PM edu.yu.cs.com3800.stage5.GossipManager <init>
FINE: initialized...
Jan 14, 2022 2:43:08 PM edu.yu.cs.com3800.stage5.GossipManager sendGossip
FINE: Sending gossip to server 1
Jan 14, 2022 2:43:08 PM edu.yu.cs.com3800.stage5.GossipManager processIncomingMessages
FINE: Incoming message from server 2
Jan 14, 2022 2:43:08 PM edu.yu.cs.com3800.stage5.GossipManager processIncomingMessages
FINE: 5: updated 2's heartbeat sequence to 1 based on message from server 2 at time 1642189388846 (added)
Jan 14, 2022 2:43:08 PM edu.yu.cs.com3800.stage5.GossipManager processIncomingMessages
FINE: Incoming message from server 4
Jan 14, 2022 2:43:08 PM edu.yu.cs.com3800.stage5.GossipManager processIncomingMessages
FINE: 5: updated 4's heartbeat sequence to 1 based on message from server 4 at time 1642189388884 (added)
Jan 14, 2022 2:43:10 PM edu.yu.cs.com3800.stage5.GossipManager sendGossip
FINE: Sending gossip to server 3
Jan 14, 2022 2:43:10 PM edu.yu.cs.com3800.stage5.GossipManager processIncomingMessages
FINE: Incoming message from server 3
Jan 14, 2022 2:43:10 PM edu.yu.cs.com3800.stage5.GossipManager processIncomingMessages
FINE: 5: updated 1's heartbeat sequence to 1 based on message from server 3 at time 1642189390821 (added)
Jan 14, 2022 2:43:10 PM edu.yu.cs.com3800.stage5.GossipManager processIncomingMessages
FINE: 5: updated 3's heartbeat sequence to 2 based on message from server 3 at time 1642189390821 (added)
Jan 14, 2022 2:43:12 PM edu.yu.cs.com3800.stage5.GossipManager sendGossip
FINE: Sending gossip to server 1
Jan 14, 2022 2:43:12 PM edu.yu.cs.com3800.stage5.GossipManager processIncomingMessages
FINE: Incoming message from server 1
Jan 14, 2022 2:43:12 PM edu.yu.cs.com3800.stage5.GossipManager processIncomingMessages
FINE: 5: updated 1's heartbeat sequence to 3 based on message from server 1 at time 1642189392847 (updated)
Jan 14, 2022 2:43:12 PM edu.yu.cs.com3800.stage5.GossipManager processIncomingMessages
FINE: 5: updated 4's heartbeat sequence to 2 based on message from server 1 at time 1642189392847 (updated)
Jan 14, 2022 2:43:12 PM edu.yu.cs.com3800.stage5.GossipManager processIncomingMessages
FINE: Incoming message from server 2
Jan 14, 2022 2:43:12 PM edu.yu.cs.com3800.stage5.GossipManager processIncomingMessages
FINE: 5: updated 0's heartbeat sequence to 2 based on message from server 2 at time 1642189392847 (added)
Jan 14, 2022 2:43:12 PM edu.yu.cs.com3800.stage5.GossipManager processIncomingMessages
FINE: 5: updated 2's heartbeat sequence to 3 based on message from server 2 at time 1642189392847 (updated)
Jan 14, 2022 2:43:12 PM edu.yu.cs.com3800.stage5.GossipManager processIncomingMessages
FINE: 5: updated 6's heartbeat sequence to 1 based on message from server 2 at time 1642189392847 (added)
Jan 14, 2022 2:43:12 PM edu.yu.cs.com3800.stage5.GossipManager processIncomingMessages
FINE: 5: updated 7's heartbeat sequence to 1 based on message from server 2 at time 1642189392847 (added)
Jan 14, 2022 2:43:14 PM edu.yu.cs.com3800.stage5.GossipManager sendGossip
FINE: Sending gossip to server 0
Jan 14, 2022 2:43:16 PM edu.yu.cs.com3800.stage5.GossipManager processIncomingMessages
FINE: Incoming message from server 3
Jan 14, 2022 2:43:16 PM edu.yu.cs.com3800.stage5.GossipManager processIncomingMessages
FINE: 5: updated 0's heartbeat sequence to 3 based on message from server 3 at time 1642189396910 (updated)
Jan 14, 2022 2:43:16 PM edu.yu.cs.com3800.stage5.GossipManager processIncomingMessages
FINE: 5: updated 3's heartbeat sequence to 5 based on message from server 3 at time 1642189396910 (updated)
Jan 14, 2022 2:43:16 PM edu.yu.cs.com3800.stage5.GossipManager processIncomingMessages
FINE: 5: updated 4's heartbeat sequence to 3 based on message from server 3 at time 1642189396910 (updated)
Jan 14, 2022 2:43:16 PM edu.yu.cs.com3800.stage5.GossipManager processIncomingMessages
FINE: 5: updated 6's heartbeat sequence to 4 based on message from server 3 at time 1642189396910 (updated)
Jan 14, 2022 2:43:16 PM edu.yu.cs.com3800.stage5.GossipManager processIncomingMessages
FINE: 5: updated 7's heartbeat sequence to 3 based on message from server 3 at time 1642189396910 (updated)
Jan 14, 2022 2:43:16 PM edu.yu.cs.com3800.stage5.GossipManager sendGossip
FINE: Sending gossip to server 3
Jan 14, 2022 2:43:19 PM edu.yu.cs.com3800.stage5.GossipManager sendGossip
FINE: Sending gossip to server 6
Jan 14, 2022 2:43:19 PM edu.yu.cs.com3800.stage5.GossipManager processIncomingMessages
FINE: Incoming message from server 3
Jan 14, 2022 2:43:19 PM edu.yu.cs.com3800.stage5.GossipManager processIncomingMessages
FINE: 5: updated 3's heartbeat sequence to 6 based on message from server 3 at time 1642189399274 (updated)
Jan 14, 2022 2:43:19 PM edu.yu.cs.com3800.stage5.GossipManager processIncomingMessages
FINE: Incoming message from server 7
Jan 14, 2022 2:43:19 PM edu.yu.cs.com3800.stage5.GossipManager processIncomingMessages
FINE: 5: updated 7's heartbeat sequence to 6 based on message from server 7 at time 1642189399510 (updated)
Jan 14, 2022 2:43:21 PM edu.yu.cs.com3800.stage5.GossipManager sendGossip
FINE: Sending gossip to server 3
Jan 14, 2022 2:43:23 PM edu.yu.cs.com3800.stage5.GossipManager processIncomingMessages
FINE: Incoming message from server 6
Jan 14, 2022 2:43:23 PM edu.yu.cs.com3800.stage5.GossipManager processIncomingMessages
FINE: 5: updated 0's heartbeat sequence to 4 based on message from server 6 at time 1642189403043 (updated)
Jan 14, 2022 2:43:23 PM edu.yu.cs.com3800.stage5.GossipManager processIncomingMessages
FINE: 5: updated 1's heartbeat sequence to 6 based on message from server 6 at time 1642189403043 (updated)
Jan 14, 2022 2:43:23 PM edu.yu.cs.com3800.stage5.GossipManager processIncomingMessages
FINE: 5: updated 2's heartbeat sequence to 5 based on message from server 6 at time 1642189403043 (updated)
Jan 14, 2022 2:43:23 PM edu.yu.cs.com3800.stage5.GossipManager processIncomingMessages
FINE: 5: updated 4's heartbeat sequence to 6 based on message from server 6 at time 1642189403043 (updated)
Jan 14, 2022 2:43:23 PM edu.yu.cs.com3800.stage5.GossipManager processIncomingMessages
FINE: 5: updated 6's heartbeat sequence to 8 based on message from server 6 at time 1642189403043 (updated)
Jan 14, 2022 2:43:23 PM edu.yu.cs.com3800.stage5.GossipManager sendGossip
FINE: Sending gossip to server 2
Jan 14, 2022 2:43:25 PM edu.yu.cs.com3800.stage5.GossipManager sendGossip
FINE: Sending gossip to server 6
Jan 14, 2022 2:43:27 PM edu.yu.cs.com3800.stage5.GossipManager processIncomingMessages
FINE: Incoming message from server 3
Jan 14, 2022 2:43:27 PM edu.yu.cs.com3800.stage5.GossipManager processIncomingMessages
FINE: 5: updated 3's heartbeat sequence to 10 based on message from server 3 at time 1642189407472 (updated)
Jan 14, 2022 2:43:27 PM edu.yu.cs.com3800.stage5.GossipManager processIncomingMessages
FINE: Incoming message from server 4
Jan 14, 2022 2:43:27 PM edu.yu.cs.com3800.stage5.GossipManager processIncomingMessages
FINE: 5: updated 0's heartbeat sequence to 7 based on message from server 4 at time 1642189407694 (updated)
Jan 14, 2022 2:43:27 PM edu.yu.cs.com3800.stage5.GossipManager processIncomingMessages
FINE: 5: updated 1's heartbeat sequence to 8 based on message from server 4 at time 1642189407694 (updated)
Jan 14, 2022 2:43:27 PM edu.yu.cs.com3800.stage5.GossipManager processIncomingMessages
FINE: 5: updated 2's heartbeat sequence to 8 based on message from server 4 at time 1642189407694 (updated)
Jan 14, 2022 2:43:27 PM edu.yu.cs.com3800.stage5.GossipManager processIncomingMessages
FINE: 5: updated 4's heartbeat sequence to 10 based on message from server 4 at time 1642189407694 (updated)
Jan 14, 2022 2:43:27 PM edu.yu.cs.com3800.stage5.GossipManager processIncomingMessages
FINE: 5: updated 7's heartbeat sequence to 8 based on message from server 4 at time 1642189407694 (updated)
Jan 14, 2022 2:43:27 PM edu.yu.cs.com3800.stage5.GossipManager sendGossip
FINE: Sending gossip to server 6
Jan 14, 2022 2:43:29 PM edu.yu.cs.com3800.stage5.GossipManager processIncomingMessages
FINE: Incoming message from server 3
Jan 14, 2022 2:43:29 PM edu.yu.cs.com3800.stage5.GossipManager processIncomingMessages
FINE: 5: updated 0's heartbeat sequence to 9 based on message from server 3 at time 1642189409128 (updated)
Jan 14, 2022 2:43:29 PM edu.yu.cs.com3800.stage5.GossipManager processIncomingMessages
FINE: 5: updated 2's heartbeat sequence to 9 based on message from server 3 at time 1642189409128 (updated)
Jan 14, 2022 2:43:29 PM edu.yu.cs.com3800.stage5.GossipManager processIncomingMessages
FINE: 5: updated 3's heartbeat sequence to 11 based on message from server 3 at time 1642189409128 (updated)
Jan 14, 2022 2:43:29 PM edu.yu.cs.com3800.stage5.GossipManager processIncomingMessages
FINE: 5: updated 6's heartbeat sequence to 10 based on message from server 3 at time 1642189409128 (updated)
Jan 14, 2022 2:43:29 PM edu.yu.cs.com3800.stage5.GossipManager processIncomingMessages
FINE: Incoming message from server 1
Jan 14, 2022 2:43:29 PM edu.yu.cs.com3800.stage5.GossipManager processIncomingMessages
FINE: 5: updated 0's heartbeat sequence to 10 based on message from server 1 at time 1642189409600 (updated)
Jan 14, 2022 2:43:29 PM edu.yu.cs.com3800.stage5.GossipManager processIncomingMessages
FINE: 5: updated 1's heartbeat sequence to 11 based on message from server 1 at time 1642189409600 (updated)
Jan 14, 2022 2:43:29 PM edu.yu.cs.com3800.stage5.GossipManager processIncomingMessages
FINE: 5: updated 6's heartbeat sequence to 11 based on message from server 1 at time 1642189409600 (updated)
Jan 14, 2022 2:43:29 PM edu.yu.cs.com3800.stage5.GossipManager processIncomingMessages
FINE: 5: updated 7's heartbeat sequence to 10 based on message from server 1 at time 1642189409600 (updated)
Jan 14, 2022 2:43:29 PM edu.yu.cs.com3800.stage5.GossipManager sendGossip
FINE: Sending gossip to server 6
Jan 14, 2022 2:43:31 PM edu.yu.cs.com3800.stage5.GossipManager processIncomingMessages
FINE: Incoming message from server 6
Jan 14, 2022 2:43:31 PM edu.yu.cs.com3800.stage5.GossipManager processIncomingMessages
FINE: 5: updated 6's heartbeat sequence to 12 based on message from server 6 at time 1642189411197 (updated)
Jan 14, 2022 2:43:31 PM edu.yu.cs.com3800.stage5.GossipManager sendGossip
FINE: Sending gossip to server 1
Jan 14, 2022 2:43:33 PM edu.yu.cs.com3800.stage5.GossipManager sendGossip
FINE: Sending gossip to server 6
Jan 14, 2022 2:43:35 PM edu.yu.cs.com3800.stage5.GossipManager processIncomingMessages
FINE: Incoming message from server 0
Jan 14, 2022 2:43:35 PM edu.yu.cs.com3800.stage5.GossipManager processIncomingMessages
FINE: 5: updated 0's heartbeat sequence to 14 based on message from server 0 at time 1642189415982 (updated)
Jan 14, 2022 2:43:35 PM edu.yu.cs.com3800.stage5.GossipManager processIncomingMessages
FINE: 5: updated 1's heartbeat sequence to 13 based on message from server 0 at time 1642189415982 (updated)
Jan 14, 2022 2:43:35 PM edu.yu.cs.com3800.stage5.GossipManager processIncomingMessages
FINE: 5: updated 2's heartbeat sequence to 13 based on message from server 0 at time 1642189415982 (updated)
Jan 14, 2022 2:43:35 PM edu.yu.cs.com3800.stage5.GossipManager processIncomingMessages
FINE: 5: updated 3's heartbeat sequence to 14 based on message from server 0 at time 1642189415982 (updated)
Jan 14, 2022 2:43:35 PM edu.yu.cs.com3800.stage5.GossipManager processIncomingMessages
FINE: 5: updated 4's heartbeat sequence to 12 based on message from server 0 at time 1642189415983 (updated)
Jan 14, 2022 2:43:35 PM edu.yu.cs.com3800.stage5.GossipManager processIncomingMessages
FINE: 5: updated 6's heartbeat sequence to 14 based on message from server 0 at time 1642189415983 (updated)
Jan 14, 2022 2:43:35 PM edu.yu.cs.com3800.stage5.GossipManager processIncomingMessages
FINE: 5: updated 7's heartbeat sequence to 13 based on message from server 0 at time 1642189415983 (updated)
Jan 14, 2022 2:43:35 PM edu.yu.cs.com3800.stage5.GossipManager sendGossip
FINE: Sending gossip to server 7
Jan 14, 2022 2:43:37 PM edu.yu.cs.com3800.stage5.GossipManager processIncomingMessages
FINE: Incoming message from server 3
Jan 14, 2022 2:43:37 PM edu.yu.cs.com3800.stage5.GossipManager processIncomingMessages
FINE: 5: updated 3's heartbeat sequence to 15 based on message from server 3 at time 1642189417700 (updated)
Jan 14, 2022 2:43:38 PM edu.yu.cs.com3800.stage5.GossipManager sendGossip
FINE: Sending gossip to server 0
Jan 14, 2022 2:43:40 PM edu.yu.cs.com3800.stage5.GossipManager sendGossip
FINE: Sending gossip to server 6
Jan 14, 2022 2:43:42 PM edu.yu.cs.com3800.stage5.GossipManager sendGossip
FINE: Sending gossip to server 2
Jan 14, 2022 2:43:44 PM edu.yu.cs.com3800.stage5.GossipManager processIncomingMessages
FINE: Incoming message from server 0
Jan 14, 2022 2:43:44 PM edu.yu.cs.com3800.stage5.GossipManager processIncomingMessages
FINE: 5: updated 0's heartbeat sequence to 18 based on message from server 0 at time 1642189424083 (updated)
Jan 14, 2022 2:43:44 PM edu.yu.cs.com3800.stage5.GossipManager processIncomingMessages
FINE: 5: updated 1's heartbeat sequence to 17 based on message from server 0 at time 1642189424083 (updated)
Jan 14, 2022 2:43:44 PM edu.yu.cs.com3800.stage5.GossipManager processIncomingMessages
FINE: 5: updated 2's heartbeat sequence to 15 based on message from server 0 at time 1642189424083 (updated)
Jan 14, 2022 2:43:44 PM edu.yu.cs.com3800.stage5.GossipManager processIncomingMessages
FINE: 5: updated 3's heartbeat sequence to 17 based on message from server 0 at time 1642189424083 (updated)
Jan 14, 2022 2:43:44 PM edu.yu.cs.com3800.stage5.GossipManager processIncomingMessages
FINE: 5: updated 4's heartbeat sequence to 17 based on message from server 0 at time 1642189424083 (updated)
Jan 14, 2022 2:43:44 PM edu.yu.cs.com3800.stage5.GossipManager processIncomingMessages
FINE: 5: updated 6's heartbeat sequence to 17 based on message from server 0 at time 1642189424083 (updated)
Jan 14, 2022 2:43:44 PM edu.yu.cs.com3800.stage5.GossipManager processIncomingMessages
FINE: 5: updated 7's heartbeat sequence to 17 based on message from server 0 at time 1642189424083 (updated)
Jan 14, 2022 2:43:44 PM edu.yu.cs.com3800.stage5.GossipManager sendGossip
FINE: Sending gossip to server 2
Jan 14, 2022 2:43:45 PM edu.yu.cs.com3800.stage5.GossipManager processIncomingMessages
FINE: Incoming message from server 6
Jan 14, 2022 2:43:45 PM edu.yu.cs.com3800.stage5.GossipManager processIncomingMessages
FINE: 5: updated 6's heartbeat sequence to 19 based on message from server 6 at time 1642189425455 (updated)
Jan 14, 2022 2:43:45 PM edu.yu.cs.com3800.stage5.GossipManager processIncomingMessages
FINE: Incoming message from server 3
Jan 14, 2022 2:43:45 PM edu.yu.cs.com3800.stage5.GossipManager processIncomingMessages
FINE: 5: updated 1's heartbeat sequence to 18 based on message from server 3 at time 1642189425944 (updated)
Jan 14, 2022 2:43:45 PM edu.yu.cs.com3800.stage5.GossipManager processIncomingMessages
FINE: 5: updated 3's heartbeat sequence to 19 based on message from server 3 at time 1642189425944 (updated)
Jan 14, 2022 2:43:46 PM edu.yu.cs.com3800.stage5.GossipManager processIncomingMessages
FINE: Incoming message from server 0
Jan 14, 2022 2:43:46 PM edu.yu.cs.com3800.stage5.GossipManager processIncomingMessages
FINE: 5: updated 0's heartbeat sequence to 19 based on message from server 0 at time 1642189426243 (updated)
Jan 14, 2022 2:43:46 PM edu.yu.cs.com3800.stage5.GossipManager processIncomingMessages
FINE: Incoming message from server 4
Jan 14, 2022 2:43:46 PM edu.yu.cs.com3800.stage5.GossipManager processIncomingMessages
FINE: 5: updated 4's heartbeat sequence to 19 based on message from server 4 at time 1642189426243 (updated)
Jan 14, 2022 2:43:46 PM edu.yu.cs.com3800.stage5.GossipManager sendGossip
FINE: Sending gossip to server 7
Jan 14, 2022 2:43:48 PM edu.yu.cs.com3800.stage5.GossipManager sendGossip
FINE: Sending gossip to server 0
Jan 14, 2022 2:43:49 PM edu.yu.cs.com3800.stage5.GossipManager processIncomingMessages
FINE: Incoming message from server 7
Jan 14, 2022 2:43:49 PM edu.yu.cs.com3800.stage5.GossipManager processIncomingMessages
FINE: 5: updated 0's heartbeat sequence to 20 based on message from server 7 at time 1642189429950 (updated)
Jan 14, 2022 2:43:49 PM edu.yu.cs.com3800.stage5.GossipManager processIncomingMessages
FINE: 5: updated 1's heartbeat sequence to 20 based on message from server 7 at time 1642189429950 (updated)
Jan 14, 2022 2:43:49 PM edu.yu.cs.com3800.stage5.GossipManager processIncomingMessages
FINE: 5: updated 3's heartbeat sequence to 20 based on message from server 7 at time 1642189429950 (updated)
Jan 14, 2022 2:43:49 PM edu.yu.cs.com3800.stage5.GossipManager processIncomingMessages
FINE: 5: updated 6's heartbeat sequence to 21 based on message from server 7 at time 1642189429950 (updated)
Jan 14, 2022 2:43:49 PM edu.yu.cs.com3800.stage5.GossipManager processIncomingMessages
FINE: 5: updated 7's heartbeat sequence to 21 based on message from server 7 at time 1642189429950 (updated)
Jan 14, 2022 2:43:50 PM edu.yu.cs.com3800.stage5.GossipManager processIncomingMessages
FINE: Incoming message from server 3
Jan 14, 2022 2:43:50 PM edu.yu.cs.com3800.stage5.GossipManager processIncomingMessages
FINE: 5: updated 3's heartbeat sequence to 21 based on message from server 3 at time 1642189430137 (updated)
Jan 14, 2022 2:43:50 PM edu.yu.cs.com3800.stage5.GossipManager processIncomingMessages
FINE: 5: updated 4's heartbeat sequence to 20 based on message from server 3 at time 1642189430137 (updated)
Jan 14, 2022 2:43:50 PM edu.yu.cs.com3800.stage5.GossipManager processIncomingMessages
FINE: Incoming message from server 0
Jan 14, 2022 2:43:50 PM edu.yu.cs.com3800.stage5.GossipManager processIncomingMessages
FINE: 5: updated 0's heartbeat sequence to 21 based on message from server 0 at time 1642189430294 (updated)
Jan 14, 2022 2:43:50 PM edu.yu.cs.com3800.stage5.GossipManager sendGossip
FINE: Sending gossip to server 7
Jan 14, 2022 2:43:52 PM edu.yu.cs.com3800.stage5.GossipManager processIncomingMessages
FINE: Incoming message from server 1
Jan 14, 2022 2:43:52 PM edu.yu.cs.com3800.stage5.GossipManager processIncomingMessages
FINE: 5: updated 1's heartbeat sequence to 22 based on message from server 1 at time 1642189432177 (updated)
Jan 14, 2022 2:43:52 PM edu.yu.cs.com3800.stage5.GossipManager processIncomingMessages
FINE: 5: updated 7's heartbeat sequence to 22 based on message from server 1 at time 1642189432177 (updated)
Jan 14, 2022 2:43:52 PM edu.yu.cs.com3800.stage5.GossipManager sendGossip
FINE: Sending gossip to server 1
Jan 14, 2022 2:43:52 PM edu.yu.cs.com3800.stage5.GossipManager processIncomingMessages
FINE: Incoming message from server 4
Jan 14, 2022 2:43:52 PM edu.yu.cs.com3800.stage5.GossipManager processIncomingMessages
FINE: 5: updated 4's heartbeat sequence to 22 based on message from server 4 at time 1642189432462 (updated)
Jan 14, 2022 2:43:54 PM edu.yu.cs.com3800.stage5.GossipManager sendGossip
FINE: Sending gossip to server 3
Jan 14, 2022 2:43:56 PM edu.yu.cs.com3800.stage5.GossipManager processIncomingMessages
FINE: Incoming message from server 7
Jan 14, 2022 2:43:56 PM edu.yu.cs.com3800.stage5.GossipManager processIncomingMessages
FINE: 5: updated 0's heartbeat sequence to 22 based on message from server 7 at time 1642189436074 (updated)
Jan 14, 2022 2:43:56 PM edu.yu.cs.com3800.stage5.GossipManager processIncomingMessages
FINE: 5: updated 1's heartbeat sequence to 23 based on message from server 7 at time 1642189436074 (updated)
Jan 14, 2022 2:43:56 PM edu.yu.cs.com3800.stage5.GossipManager processIncomingMessages
FINE: 5: updated 3's heartbeat sequence to 22 based on message from server 7 at time 1642189436074 (updated)
Jan 14, 2022 2:43:56 PM edu.yu.cs.com3800.stage5.GossipManager processIncomingMessages
FINE: 5: updated 4's heartbeat sequence to 23 based on message from server 7 at time 1642189436074 (updated)
Jan 14, 2022 2:43:56 PM edu.yu.cs.com3800.stage5.GossipManager processIncomingMessages
FINE: 5: updated 6's heartbeat sequence to 24 based on message from server 7 at time 1642189436074 (updated)
Jan 14, 2022 2:43:56 PM edu.yu.cs.com3800.stage5.GossipManager processIncomingMessages
FINE: 5: updated 7's heartbeat sequence to 24 based on message from server 7 at time 1642189436074 (updated)
Jan 14, 2022 2:43:56 PM edu.yu.cs.com3800.stage5.GossipManager sendGossip
FINE: Sending gossip to server 6
Jan 14, 2022 2:43:56 PM edu.yu.cs.com3800.stage5.GossipManager processIncomingMessages
FINE: Incoming message from server 4
Jan 14, 2022 2:43:56 PM edu.yu.cs.com3800.stage5.GossipManager processIncomingMessages
FINE: 5: updated 4's heartbeat sequence to 24 based on message from server 4 at time 1642189436452 (updated)
Jan 14, 2022 2:43:58 PM edu.yu.cs.com3800.stage5.GossipManager sendGossip
FINE: Sending gossip to server 0
Jan 14, 2022 2:44:00 PM edu.yu.cs.com3800.stage5.GossipManager processIncomingMessages
FINE: Incoming message from server 3
Jan 14, 2022 2:44:00 PM edu.yu.cs.com3800.stage5.GossipManager processIncomingMessages
FINE: 5: updated 0's heartbeat sequence to 23 based on message from server 3 at time 1642189440450 (updated)
Jan 14, 2022 2:44:00 PM edu.yu.cs.com3800.stage5.GossipManager processIncomingMessages
FINE: 5: updated 3's heartbeat sequence to 26 based on message from server 3 at time 1642189440450 (updated)
Jan 14, 2022 2:44:00 PM edu.yu.cs.com3800.stage5.GossipManager sendGossip
FINE: Sending gossip to server 3
Jan 14, 2022 2:44:02 PM edu.yu.cs.com3800.stage5.GossipManager sendGossip
FINE: Sending gossip to server 4
Jan 14, 2022 2:44:03 PM edu.yu.cs.com3800.stage5.GossipManager processIncomingMessages
FINE: Incoming message from server 6
Jan 14, 2022 2:44:03 PM edu.yu.cs.com3800.stage5.GossipManager processIncomingMessages
FINE: 5: updated 0's heartbeat sequence to 26 based on message from server 6 at time 1642189443933 (updated)
Jan 14, 2022 2:44:03 PM edu.yu.cs.com3800.stage5.GossipManager processIncomingMessages
FINE: 5: updated 1's heartbeat sequence to 25 based on message from server 6 at time 1642189443933 (updated)
Jan 14, 2022 2:44:03 PM edu.yu.cs.com3800.stage5.GossipManager processIncomingMessages
FINE: 5: updated 6's heartbeat sequence to 28 based on message from server 6 at time 1642189443933 (updated)
Jan 14, 2022 2:44:03 PM edu.yu.cs.com3800.stage5.GossipManager processIncomingMessages
FINE: 5: updated 7's heartbeat sequence to 27 based on message from server 6 at time 1642189443933 (updated)
Jan 14, 2022 2:44:04 PM edu.yu.cs.com3800.stage5.GossipManager processIncomingMessages
FINE: Incoming message from server 7
Jan 14, 2022 2:44:04 PM edu.yu.cs.com3800.stage5.GossipManager processIncomingMessages
FINE: 5: updated 0's heartbeat sequence to 27 based on message from server 7 at time 1642189444278 (updated)
Jan 14, 2022 2:44:04 PM edu.yu.cs.com3800.stage5.GossipManager processIncomingMessages
FINE: 5: updated 1's heartbeat sequence to 27 based on message from server 7 at time 1642189444278 (updated)
Jan 14, 2022 2:44:04 PM edu.yu.cs.com3800.stage5.GossipManager processIncomingMessages
FINE: 5: updated 3's heartbeat sequence to 27 based on message from server 7 at time 1642189444278 (updated)
Jan 14, 2022 2:44:04 PM edu.yu.cs.com3800.stage5.GossipManager processIncomingMessages
FINE: 5: updated 4's heartbeat sequence to 26 based on message from server 7 at time 1642189444278 (updated)
Jan 14, 2022 2:44:04 PM edu.yu.cs.com3800.stage5.GossipManager processIncomingMessages
FINE: 5: updated 7's heartbeat sequence to 28 based on message from server 7 at time 1642189444278 (updated)
Jan 14, 2022 2:44:04 PM edu.yu.cs.com3800.stage5.GossipManager checkForFailedAndCleanups
INFO: 5: no heartbeat from server 2 - server failed
Jan 14, 2022 2:44:04 PM edu.yu.cs.com3800.stage5.GossipManager sendGossip
FINE: Sending gossip to server 6
Jan 14, 2022 2:44:06 PM edu.yu.cs.com3800.stage5.GossipManager processIncomingMessages
FINE: Incoming message from server 7
Jan 14, 2022 2:44:06 PM edu.yu.cs.com3800.stage5.GossipManager processIncomingMessages
FINE: 5: updated 2's heartbeat sequence to 15 based on message from server 7 at time 1642189446144 (added)
Jan 14, 2022 2:44:06 PM edu.yu.cs.com3800.stage5.GossipManager processIncomingMessages
FINE: 5: updated 3's heartbeat sequence to 28 based on message from server 7 at time 1642189446144 (updated)
Jan 14, 2022 2:44:06 PM edu.yu.cs.com3800.stage5.GossipManager processIncomingMessages
FINE: 5: updated 7's heartbeat sequence to 29 based on message from server 7 at time 1642189446144 (updated)
Jan 14, 2022 2:44:06 PM edu.yu.cs.com3800.stage5.GossipManager sendGossip
FINE: Sending gossip to server 6
Jan 14, 2022 2:44:06 PM edu.yu.cs.com3800.stage5.GossipManager processIncomingMessages
FINE: Incoming message from server 4
Jan 14, 2022 2:44:06 PM edu.yu.cs.com3800.stage5.GossipManager processIncomingMessages
FINE: 5: updated 1's heartbeat sequence to 28 based on message from server 4 at time 1642189446818 (updated)
Jan 14, 2022 2:44:06 PM edu.yu.cs.com3800.stage5.GossipManager processIncomingMessages
FINE: 5: updated 4's heartbeat sequence to 29 based on message from server 4 at time 1642189446818 (updated)
Jan 14, 2022 2:44:08 PM edu.yu.cs.com3800.stage5.GossipManager sendGossip
FINE: Sending gossip to server 7
Jan 14, 2022 2:44:10 PM edu.yu.cs.com3800.stage5.GossipManager sendGossip
FINE: Sending gossip to server 1
Jan 14, 2022 2:44:12 PM edu.yu.cs.com3800.stage5.GossipManager processIncomingMessages
FINE: Incoming message from server 0
Jan 14, 2022 2:44:12 PM edu.yu.cs.com3800.stage5.GossipManager processIncomingMessages
FINE: 5: updated 0's heartbeat sequence to 32 based on message from server 0 at time 1642189452700 (updated)
Jan 14, 2022 2:44:12 PM edu.yu.cs.com3800.stage5.GossipManager processIncomingMessages
FINE: 5: updated 1's heartbeat sequence to 29 based on message from server 0 at time 1642189452700 (updated)
Jan 14, 2022 2:44:12 PM edu.yu.cs.com3800.stage5.GossipManager processIncomingMessages
FINE: 5: updated 3's heartbeat sequence to 29 based on message from server 0 at time 1642189452700 (updated)
Jan 14, 2022 2:44:12 PM edu.yu.cs.com3800.stage5.GossipManager processIncomingMessages
FINE: 5: updated 6's heartbeat sequence to 31 based on message from server 0 at time 1642189452700 (updated)
Jan 14, 2022 2:44:12 PM edu.yu.cs.com3800.stage5.GossipManager processIncomingMessages
FINE: 5: updated 7's heartbeat sequence to 30 based on message from server 0 at time 1642189452700 (updated)
Jan 14, 2022 2:44:12 PM edu.yu.cs.com3800.stage5.GossipManager sendGossip
FINE: Sending gossip to server 7
Jan 14, 2022 2:44:12 PM edu.yu.cs.com3800.stage5.GossipManager processIncomingMessages
FINE: Incoming message from server 4
Jan 14, 2022 2:44:12 PM edu.yu.cs.com3800.stage5.GossipManager processIncomingMessages
FINE: 5: updated 1's heartbeat sequence to 30 based on message from server 4 at time 1642189452849 (updated)
Jan 14, 2022 2:44:12 PM edu.yu.cs.com3800.stage5.GossipManager processIncomingMessages
FINE: 5: updated 3's heartbeat sequence to 31 based on message from server 4 at time 1642189452849 (updated)
Jan 14, 2022 2:44:12 PM edu.yu.cs.com3800.stage5.GossipManager processIncomingMessages
FINE: 5: updated 4's heartbeat sequence to 32 based on message from server 4 at time 1642189452849 (updated)
Jan 14, 2022 2:44:12 PM edu.yu.cs.com3800.stage5.GossipManager processIncomingMessages
FINE: 5: updated 6's heartbeat sequence to 32 based on message from server 4 at time 1642189452849 (updated)
Jan 14, 2022 2:44:12 PM edu.yu.cs.com3800.stage5.GossipManager processIncomingMessages
FINE: 5: updated 7's heartbeat sequence to 32 based on message from server 4 at time 1642189452849 (updated)
Jan 14, 2022 2:44:14 PM edu.yu.cs.com3800.stage5.GossipManager processIncomingMessages
FINE: Incoming message from server 7
Jan 14, 2022 2:44:14 PM edu.yu.cs.com3800.stage5.GossipManager processIncomingMessages
FINE: 5: updated 7's heartbeat sequence to 33 based on message from server 7 at time 1642189454296 (updated)
Jan 14, 2022 2:44:14 PM edu.yu.cs.com3800.stage5.GossipManager sendGossip
FINE: Sending gossip to server 4
Jan 14, 2022 2:44:16 PM edu.yu.cs.com3800.stage5.GossipManager sendGossip
FINE: Sending gossip to server 7
Jan 14, 2022 2:44:18 PM edu.yu.cs.com3800.stage5.GossipManager sendGossip
FINE: Sending gossip to server 6
Jan 14, 2022 2:44:20 PM edu.yu.cs.com3800.stage5.GossipManager processIncomingMessages
FINE: Incoming message from server 0
Jan 14, 2022 2:44:20 PM edu.yu.cs.com3800.stage5.GossipManager processIncomingMessages
FINE: 5: updated 0's heartbeat sequence to 36 based on message from server 0 at time 1642189460982 (updated)
Jan 14, 2022 2:44:20 PM edu.yu.cs.com3800.stage5.GossipManager processIncomingMessages
FINE: 5: updated 1's heartbeat sequence to 34 based on message from server 0 at time 1642189460982 (updated)
Jan 14, 2022 2:44:20 PM edu.yu.cs.com3800.stage5.GossipManager processIncomingMessages
FINE: 5: updated 3's heartbeat sequence to 33 based on message from server 0 at time 1642189460982 (updated)
Jan 14, 2022 2:44:20 PM edu.yu.cs.com3800.stage5.GossipManager processIncomingMessages
FINE: 5: updated 4's heartbeat sequence to 34 based on message from server 0 at time 1642189460982 (updated)
Jan 14, 2022 2:44:20 PM edu.yu.cs.com3800.stage5.GossipManager processIncomingMessages
FINE: 5: updated 6's heartbeat sequence to 35 based on message from server 0 at time 1642189460982 (updated)
Jan 14, 2022 2:44:20 PM edu.yu.cs.com3800.stage5.GossipManager processIncomingMessages
FINE: 5: updated 7's heartbeat sequence to 35 based on message from server 0 at time 1642189460982 (updated)
Jan 14, 2022 2:44:20 PM edu.yu.cs.com3800.stage5.GossipManager sendGossip
FINE: Sending gossip to server 7
Jan 14, 2022 2:44:23 PM edu.yu.cs.com3800.stage5.GossipManager sendGossip
FINE: Sending gossip to server 1
Jan 14, 2022 2:44:25 PM edu.yu.cs.com3800.stage5.GossipManager sendGossip
FINE: Sending gossip to server 3
Jan 14, 2022 2:44:25 PM edu.yu.cs.com3800.stage5.GossipManager processIncomingMessages
FINE: Incoming message from server 3
Jan 14, 2022 2:44:25 PM edu.yu.cs.com3800.stage5.GossipManager processIncomingMessages
FINE: 5: updated 0's heartbeat sequence to 37 based on message from server 3 at time 1642189465278 (updated)
Jan 14, 2022 2:44:25 PM edu.yu.cs.com3800.stage5.GossipManager processIncomingMessages
FINE: 5: updated 1's heartbeat sequence to 37 based on message from server 3 at time 1642189465278 (updated)
Jan 14, 2022 2:44:25 PM edu.yu.cs.com3800.stage5.GossipManager processIncomingMessages
FINE: 5: updated 3's heartbeat sequence to 38 based on message from server 3 at time 1642189465278 (updated)
Jan 14, 2022 2:44:25 PM edu.yu.cs.com3800.stage5.GossipManager processIncomingMessages
FINE: 5: updated 4's heartbeat sequence to 38 based on message from server 3 at time 1642189465278 (updated)
Jan 14, 2022 2:44:25 PM edu.yu.cs.com3800.stage5.GossipManager processIncomingMessages
FINE: 5: updated 6's heartbeat sequence to 37 based on message from server 3 at time 1642189465278 (updated)
Jan 14, 2022 2:44:26 PM edu.yu.cs.com3800.stage5.GossipManager processIncomingMessages
FINE: Incoming message from server 4
Jan 14, 2022 2:44:26 PM edu.yu.cs.com3800.stage5.GossipManager processIncomingMessages
FINE: 5: updated 4's heartbeat sequence to 39 based on message from server 4 at time 1642189466914 (updated)
Jan 14, 2022 2:44:26 PM edu.yu.cs.com3800.stage5.GossipManager processIncomingMessages
FINE: 5: updated 6's heartbeat sequence to 39 based on message from server 4 at time 1642189466914 (updated)
Jan 14, 2022 2:44:27 PM edu.yu.cs.com3800.stage5.GossipManager checkForFailedAndCleanups
INFO: 5: no heartbeat from server 2 - server failed
Jan 14, 2022 2:44:27 PM edu.yu.cs.com3800.stage5.GossipManager sendGossip
FINE: Sending gossip to server 1
Jan 14, 2022 2:44:29 PM edu.yu.cs.com3800.stage5.GossipManager sendGossip
FINE: Sending gossip to server 4
Jan 14, 2022 2:44:31 PM edu.yu.cs.com3800.stage5.GossipManager sendGossip
FINE: Sending gossip to server 7
Jan 14, 2022 2:44:31 PM edu.yu.cs.com3800.stage5.GossipManager processIncomingMessages
FINE: Incoming message from server 3
Jan 14, 2022 2:44:31 PM edu.yu.cs.com3800.stage5.GossipManager processIncomingMessages
FINE: 5: updated 0's heartbeat sequence to 40 based on message from server 3 at time 1642189471658 (updated)
Jan 14, 2022 2:44:31 PM edu.yu.cs.com3800.stage5.GossipManager processIncomingMessages
FINE: 5: updated 1's heartbeat sequence to 40 based on message from server 3 at time 1642189471658 (updated)
Jan 14, 2022 2:44:31 PM edu.yu.cs.com3800.stage5.GossipManager processIncomingMessages
FINE: 5: updated 2's heartbeat sequence to 15 based on message from server 3 at time 1642189471658 (added)
Jan 14, 2022 2:44:31 PM edu.yu.cs.com3800.stage5.GossipManager processIncomingMessages
FINE: 5: updated 3's heartbeat sequence to 41 based on message from server 3 at time 1642189471658 (updated)
Jan 14, 2022 2:44:31 PM edu.yu.cs.com3800.stage5.GossipManager processIncomingMessages
FINE: 5: updated 4's heartbeat sequence to 40 based on message from server 3 at time 1642189471658 (updated)
Jan 14, 2022 2:44:31 PM edu.yu.cs.com3800.stage5.GossipManager processIncomingMessages
FINE: 5: updated 6's heartbeat sequence to 41 based on message from server 3 at time 1642189471658 (updated)
Jan 14, 2022 2:44:32 PM edu.yu.cs.com3800.stage5.GossipManager processIncomingMessages
FINE: Incoming message from server 4
Jan 14, 2022 2:44:32 PM edu.yu.cs.com3800.stage5.GossipManager processIncomingMessages
FINE: 5: updated 4's heartbeat sequence to 42 based on message from server 4 at time 1642189472973 (updated)
Jan 14, 2022 2:44:33 PM edu.yu.cs.com3800.stage5.GossipManager sendGossip
FINE: Sending gossip to server 4
Jan 14, 2022 2:44:35 PM edu.yu.cs.com3800.stage5.GossipManager processIncomingMessages
FINE: Incoming message from server 1
Jan 14, 2022 2:44:35 PM edu.yu.cs.com3800.stage5.GossipManager processIncomingMessages
FINE: 5: updated 1's heartbeat sequence to 43 based on message from server 1 at time 1642189475001 (updated)
Jan 14, 2022 2:44:35 PM edu.yu.cs.com3800.stage5.GossipManager processIncomingMessages
FINE: 5: updated 6's heartbeat sequence to 43 based on message from server 1 at time 1642189475001 (updated)
Jan 14, 2022 2:44:35 PM edu.yu.cs.com3800.stage5.GossipManager processIncomingMessages
FINE: Incoming message from server 0
Jan 14, 2022 2:44:35 PM edu.yu.cs.com3800.stage5.GossipManager processIncomingMessages
FINE: 5: updated 0's heartbeat sequence to 43 based on message from server 0 at time 1642189475526 (updated)
Jan 14, 2022 2:44:35 PM edu.yu.cs.com3800.stage5.GossipManager sendGossip
FINE: Sending gossip to server 1
Jan 14, 2022 2:44:35 PM edu.yu.cs.com3800.stage5.GossipManager processIncomingMessages
FINE: Incoming message from server 3
Jan 14, 2022 2:44:35 PM edu.yu.cs.com3800.stage5.GossipManager processIncomingMessages
FINE: 5: updated 3's heartbeat sequence to 43 based on message from server 3 at time 1642189475783 (updated)
Jan 14, 2022 2:44:37 PM edu.yu.cs.com3800.stage5.GossipManager sendGossip
FINE: Sending gossip to server 3
Jan 14, 2022 2:44:39 PM edu.yu.cs.com3800.stage5.GossipManager processIncomingMessages
FINE: Incoming message from server 4
Jan 14, 2022 2:44:39 PM edu.yu.cs.com3800.stage5.GossipManager processIncomingMessages
FINE: 5: updated 1's heartbeat sequence to 44 based on message from server 4 at time 1642189479169 (updated)
Jan 14, 2022 2:44:39 PM edu.yu.cs.com3800.stage5.GossipManager processIncomingMessages
FINE: 5: updated 4's heartbeat sequence to 45 based on message from server 4 at time 1642189479169 (updated)
Jan 14, 2022 2:44:39 PM edu.yu.cs.com3800.stage5.GossipManager sendGossip
FINE: Sending gossip to server 1
Jan 14, 2022 2:44:41 PM edu.yu.cs.com3800.stage5.GossipManager checkForFailedAndCleanups
INFO: 5: no heartbeat from server 7 - server failed
Jan 14, 2022 2:44:41 PM edu.yu.cs.com3800.stage5.GossipManager checkForFailedAndCleanups
INFO: Leader died. Entering new election...
Jan 14, 2022 2:44:41 PM edu.yu.cs.com3800.stage5.GossipManager sendGossip
FINE: Sending gossip to server 1
Jan 14, 2022 2:44:43 PM edu.yu.cs.com3800.stage5.GossipManager sendGossip
FINE: Sending gossip to server 3
Jan 14, 2022 2:44:43 PM edu.yu.cs.com3800.stage5.GossipManager processIncomingMessages
FINE: Incoming message from server 3
Jan 14, 2022 2:44:43 PM edu.yu.cs.com3800.stage5.GossipManager processIncomingMessages
FINE: 5: updated 0's heartbeat sequence to 47 based on message from server 3 at time 1642189483913 (updated)
Jan 14, 2022 2:44:43 PM edu.yu.cs.com3800.stage5.GossipManager processIncomingMessages
FINE: 5: updated 1's heartbeat sequence to 47 based on message from server 3 at time 1642189483913 (updated)
Jan 14, 2022 2:44:43 PM edu.yu.cs.com3800.stage5.GossipManager processIncomingMessages
FINE: 5: updated 3's heartbeat sequence to 47 based on message from server 3 at time 1642189483913 (updated)
Jan 14, 2022 2:44:43 PM edu.yu.cs.com3800.stage5.GossipManager processIncomingMessages
FINE: 5: updated 4's heartbeat sequence to 47 based on message from server 3 at time 1642189483913 (updated)
Jan 14, 2022 2:44:43 PM edu.yu.cs.com3800.stage5.GossipManager processIncomingMessages
FINE: 5: updated 6's heartbeat sequence to 47 based on message from server 3 at time 1642189483913 (updated)
Jan 14, 2022 2:44:43 PM edu.yu.cs.com3800.stage5.GossipManager processIncomingMessages
FINE: 5: updated 7's heartbeat sequence to 35 based on message from server 3 at time 1642189483913 (added)
Jan 14, 2022 2:44:45 PM edu.yu.cs.com3800.stage5.GossipManager sendGossip
FINE: Sending gossip to server 6
Jan 14, 2022 2:44:47 PM edu.yu.cs.com3800.stage5.GossipManager processIncomingMessages
FINE: Incoming message from server 4
Jan 14, 2022 2:44:47 PM edu.yu.cs.com3800.stage5.GossipManager processIncomingMessages
FINE: 5: updated 0's heartbeat sequence to 48 based on message from server 4 at time 1642189487400 (updated)
Jan 14, 2022 2:44:47 PM edu.yu.cs.com3800.stage5.GossipManager processIncomingMessages
FINE: 5: updated 4's heartbeat sequence to 49 based on message from server 4 at time 1642189487400 (updated)
Jan 14, 2022 2:44:47 PM edu.yu.cs.com3800.stage5.GossipManager processIncomingMessages
FINE: 5: updated 6's heartbeat sequence to 48 based on message from server 4 at time 1642189487400 (updated)
Jan 14, 2022 2:44:48 PM edu.yu.cs.com3800.stage5.GossipManager sendGossip
FINE: Sending gossip to server 0
Jan 14, 2022 2:44:50 PM edu.yu.cs.com3800.stage5.GossipManager sendGossip
FINE: Sending gossip to server 6
Jan 14, 2022 2:44:52 PM edu.yu.cs.com3800.stage5.GossipManager checkForFailedAndCleanups
INFO: 5: no heartbeat from server 2 - server failed
Jan 14, 2022 2:44:52 PM edu.yu.cs.com3800.stage5.GossipManager sendGossip
FINE: Sending gossip to server 3
Jan 14, 2022 2:44:53 PM edu.yu.cs.com3800.stage5.GossipManager processIncomingMessages
FINE: Incoming message from server 1
Jan 14, 2022 2:44:53 PM edu.yu.cs.com3800.stage5.GossipManager processIncomingMessages
FINE: 5: updated 0's heartbeat sequence to 50 based on message from server 1 at time 1642189493393 (updated)
Jan 14, 2022 2:44:53 PM edu.yu.cs.com3800.stage5.GossipManager processIncomingMessages
FINE: 5: updated 1's heartbeat sequence to 52 based on message from server 1 at time 1642189493393 (updated)
Jan 14, 2022 2:44:53 PM edu.yu.cs.com3800.stage5.GossipManager processIncomingMessages
FINE: 5: updated 2's heartbeat sequence to 15 based on message from server 1 at time 1642189493393 (added)
Jan 14, 2022 2:44:53 PM edu.yu.cs.com3800.stage5.GossipManager processIncomingMessages
FINE: 5: updated 3's heartbeat sequence to 50 based on message from server 1 at time 1642189493393 (updated)
Jan 14, 2022 2:44:53 PM edu.yu.cs.com3800.stage5.GossipManager processIncomingMessages
FINE: 5: updated 4's heartbeat sequence to 51 based on message from server 1 at time 1642189493393 (updated)
Jan 14, 2022 2:44:53 PM edu.yu.cs.com3800.stage5.GossipManager processIncomingMessages
FINE: 5: updated 6's heartbeat sequence to 51 based on message from server 1 at time 1642189493393 (updated)
Jan 14, 2022 2:44:54 PM edu.yu.cs.com3800.stage5.GossipManager sendGossip
FINE: Sending gossip to server 4
Jan 14, 2022 2:44:55 PM edu.yu.cs.com3800.stage5.GossipManager processIncomingMessages
FINE: Incoming message from server 4
Jan 14, 2022 2:44:55 PM edu.yu.cs.com3800.stage5.GossipManager processIncomingMessages
FINE: 5: updated 0's heartbeat sequence to 52 based on message from server 4 at time 1642189495459 (updated)
Jan 14, 2022 2:44:55 PM edu.yu.cs.com3800.stage5.GossipManager processIncomingMessages
FINE: 5: updated 3's heartbeat sequence to 52 based on message from server 4 at time 1642189495459 (updated)
Jan 14, 2022 2:44:55 PM edu.yu.cs.com3800.stage5.GossipManager processIncomingMessages
FINE: 5: updated 4's heartbeat sequence to 53 based on message from server 4 at time 1642189495459 (updated)
Jan 14, 2022 2:44:55 PM edu.yu.cs.com3800.stage5.GossipManager processIncomingMessages
FINE: 5: updated 6's heartbeat sequence to 52 based on message from server 4 at time 1642189495459 (updated)
Jan 14, 2022 2:44:56 PM edu.yu.cs.com3800.stage5.GossipManager sendGossip
FINE: Sending gossip to server 3
Jan 14, 2022 2:44:56 PM edu.yu.cs.com3800.stage5.GossipManager processIncomingMessages
FINE: Incoming message from server 3
Jan 14, 2022 2:44:56 PM edu.yu.cs.com3800.stage5.GossipManager processIncomingMessages
FINE: 5: updated 3's heartbeat sequence to 53 based on message from server 3 at time 1642189496527 (updated)
Jan 14, 2022 2:44:57 PM edu.yu.cs.com3800.stage5.GossipManager processIncomingMessages
FINE: Incoming message from server 1
Jan 14, 2022 2:44:57 PM edu.yu.cs.com3800.stage5.GossipManager processIncomingMessages
FINE: 5: updated 0's heartbeat sequence to 53 based on message from server 1 at time 1642189497485 (updated)
Jan 14, 2022 2:44:57 PM edu.yu.cs.com3800.stage5.GossipManager processIncomingMessages
FINE: 5: updated 1's heartbeat sequence to 54 based on message from server 1 at time 1642189497485 (updated)
Jan 14, 2022 2:44:57 PM edu.yu.cs.com3800.stage5.GossipManager processIncomingMessages
FINE: 5: updated 6's heartbeat sequence to 53 based on message from server 1 at time 1642189497485 (updated)
Jan 14, 2022 2:44:57 PM edu.yu.cs.com3800.stage5.GossipManager processIncomingMessages
FINE: Incoming message from server 4
Jan 14, 2022 2:44:57 PM edu.yu.cs.com3800.stage5.GossipManager processIncomingMessages
FINE: 5: updated 4's heartbeat sequence to 54 based on message from server 4 at time 1642189497486 (updated)
Jan 14, 2022 2:44:57 PM edu.yu.cs.com3800.stage5.GossipManager processIncomingMessages
FINE: 5: updated 6's heartbeat sequence to 54 based on message from server 4 at time 1642189497486 (updated)
Jan 14, 2022 2:44:58 PM edu.yu.cs.com3800.stage5.GossipManager sendGossip
FINE: Sending gossip to server 4
Jan 14, 2022 2:44:58 PM edu.yu.cs.com3800.stage5.GossipManager processIncomingMessages
FINE: Incoming message from server 6
Jan 14, 2022 2:44:58 PM edu.yu.cs.com3800.stage5.GossipManager processIncomingMessages
FINE: 5: updated 0's heartbeat sequence to 54 based on message from server 6 at time 1642189498902 (updated)
Jan 14, 2022 2:44:58 PM edu.yu.cs.com3800.stage5.GossipManager processIncomingMessages
FINE: 5: updated 6's heartbeat sequence to 55 based on message from server 6 at time 1642189498902 (updated)
Jan 14, 2022 2:44:59 PM edu.yu.cs.com3800.stage5.GossipManager processIncomingMessages
FINE: Incoming message from server 0
Jan 14, 2022 2:44:59 PM edu.yu.cs.com3800.stage5.GossipManager processIncomingMessages
FINE: 5: updated 0's heartbeat sequence to 55 based on message from server 0 at time 1642189499892 (updated)
Jan 14, 2022 2:44:59 PM edu.yu.cs.com3800.stage5.GossipManager processIncomingMessages
FINE: 5: updated 1's heartbeat sequence to 55 based on message from server 0 at time 1642189499892 (updated)
Jan 14, 2022 2:44:59 PM edu.yu.cs.com3800.stage5.GossipManager processIncomingMessages
FINE: 5: updated 3's heartbeat sequence to 54 based on message from server 0 at time 1642189499892 (updated)
Jan 14, 2022 2:45:00 PM edu.yu.cs.com3800.stage5.GossipManager sendGossip
FINE: Sending gossip to server 4
Jan 14, 2022 2:45:01 PM edu.yu.cs.com3800.stage5.GossipManager processIncomingMessages
FINE: Incoming message from server 4
Jan 14, 2022 2:45:01 PM edu.yu.cs.com3800.stage5.GossipManager processIncomingMessages
FINE: 5: updated 4's heartbeat sequence to 56 based on message from server 4 at time 1642189501531 (updated)
Jan 14, 2022 2:45:01 PM edu.yu.cs.com3800.stage5.GossipManager processIncomingMessages
FINE: Incoming message from server 1
Jan 14, 2022 2:45:01 PM edu.yu.cs.com3800.stage5.GossipManager processIncomingMessages
FINE: 5: updated 1's heartbeat sequence to 56 based on message from server 1 at time 1642189501531 (updated)
Jan 14, 2022 2:45:01 PM edu.yu.cs.com3800.stage5.GossipManager processIncomingMessages
FINE: Incoming message from server 0
Jan 14, 2022 2:45:01 PM edu.yu.cs.com3800.stage5.GossipManager processIncomingMessages
FINE: 5: updated 0's heartbeat sequence to 56 based on message from server 0 at time 1642189501960 (updated)
Jan 14, 2022 2:45:01 PM edu.yu.cs.com3800.stage5.GossipManager processIncomingMessages
FINE: 5: updated 3's heartbeat sequence to 55 based on message from server 0 at time 1642189501960 (updated)
Jan 14, 2022 2:45:01 PM edu.yu.cs.com3800.stage5.GossipManager processIncomingMessages
FINE: 5: updated 6's heartbeat sequence to 56 based on message from server 0 at time 1642189501960 (updated)
Jan 14, 2022 2:45:02 PM edu.yu.cs.com3800.stage5.GossipManager sendGossip
FINE: Sending gossip to server 3
Jan 14, 2022 2:45:02 PM edu.yu.cs.com3800.stage5.GossipManager processIncomingMessages
FINE: Incoming message from server 3
Jan 14, 2022 2:45:02 PM edu.yu.cs.com3800.stage5.GossipManager processIncomingMessages
FINE: 5: updated 3's heartbeat sequence to 56 based on message from server 3 at time 1642189502595 (updated)
