Jan 14, 2022 2:43:06 PM edu.yu.cs.com3800.LoggingServer initializeLogging
FINE: Initialized at: 1642189386561 for server 6 

Jan 14, 2022 2:43:06 PM edu.yu.cs.com3800.stage5.GossipManager <init>
FINE: initialized...
Jan 14, 2022 2:43:08 PM edu.yu.cs.com3800.stage5.GossipManager sendGossip
FINE: Sending gossip to server 2
Jan 14, 2022 2:43:10 PM edu.yu.cs.com3800.stage5.GossipManager sendGossip
FINE: Sending gossip to server 7
Jan 14, 2022 2:43:10 PM edu.yu.cs.com3800.stage5.GossipManager processIncomingMessages
FINE: Incoming message from server 2
Jan 14, 2022 2:43:10 PM edu.yu.cs.com3800.stage5.GossipManager processIncomingMessages
FINE: 6: updated 0's heartbeat sequence to 1 based on message from server 2 at time 1642189390871 (added)
Jan 14, 2022 2:43:10 PM edu.yu.cs.com3800.stage5.GossipManager processIncomingMessages
FINE: 6: updated 2's heartbeat sequence to 2 based on message from server 2 at time 1642189390871 (added)
Jan 14, 2022 2:43:10 PM edu.yu.cs.com3800.stage5.GossipManager processIncomingMessages
FINE: 6: updated 7's heartbeat sequence to 1 based on message from server 2 at time 1642189390871 (added)
Jan 14, 2022 2:43:12 PM edu.yu.cs.com3800.stage5.GossipManager sendGossip
FINE: Sending gossip to server 3
Jan 14, 2022 2:43:12 PM edu.yu.cs.com3800.stage5.GossipManager processIncomingMessages
FINE: Incoming message from server 7
Jan 14, 2022 2:43:12 PM edu.yu.cs.com3800.stage5.GossipManager processIncomingMessages
FINE: 6: updated 3's heartbeat sequence to 1 based on message from server 7 at time 1642189392799 (added)
Jan 14, 2022 2:43:12 PM edu.yu.cs.com3800.stage5.GossipManager processIncomingMessages
FINE: 6: updated 7's heartbeat sequence to 3 based on message from server 7 at time 1642189392799 (updated)
Jan 14, 2022 2:43:12 PM edu.yu.cs.com3800.stage5.GossipManager processIncomingMessages
FINE: Incoming message from server 0
Jan 14, 2022 2:43:12 PM edu.yu.cs.com3800.stage5.GossipManager processIncomingMessages
FINE: 6: updated 0's heartbeat sequence to 3 based on message from server 0 at time 1642189392910 (updated)
Jan 14, 2022 2:43:12 PM edu.yu.cs.com3800.stage5.GossipManager processIncomingMessages
FINE: Incoming message from server 4
Jan 14, 2022 2:43:12 PM edu.yu.cs.com3800.stage5.GossipManager processIncomingMessages
FINE: 6: updated 4's heartbeat sequence to 3 based on message from server 4 at time 1642189392910 (added)
Jan 14, 2022 2:43:14 PM edu.yu.cs.com3800.stage5.GossipManager sendGossip
FINE: Sending gossip to server 3
Jan 14, 2022 2:43:14 PM edu.yu.cs.com3800.stage5.GossipManager processIncomingMessages
FINE: Incoming message from server 3
Jan 14, 2022 2:43:14 PM edu.yu.cs.com3800.stage5.GossipManager processIncomingMessages
FINE: 6: updated 1's heartbeat sequence to 2 based on message from server 3 at time 1642189394830 (added)
Jan 14, 2022 2:43:14 PM edu.yu.cs.com3800.stage5.GossipManager processIncomingMessages
FINE: 6: updated 3's heartbeat sequence to 4 based on message from server 3 at time 1642189394830 (updated)
Jan 14, 2022 2:43:14 PM edu.yu.cs.com3800.stage5.GossipManager processIncomingMessages
FINE: 6: updated 5's heartbeat sequence to 2 based on message from server 3 at time 1642189394830 (added)
Jan 14, 2022 2:43:14 PM edu.yu.cs.com3800.stage5.GossipManager processIncomingMessages
FINE: Incoming message from server 4
Jan 14, 2022 2:43:14 PM edu.yu.cs.com3800.stage5.GossipManager processIncomingMessages
FINE: 6: updated 1's heartbeat sequence to 4 based on message from server 4 at time 1642189394940 (updated)
Jan 14, 2022 2:43:14 PM edu.yu.cs.com3800.stage5.GossipManager processIncomingMessages
FINE: 6: updated 4's heartbeat sequence to 4 based on message from server 4 at time 1642189394940 (updated)
Jan 14, 2022 2:43:14 PM edu.yu.cs.com3800.stage5.GossipManager processIncomingMessages
FINE: 6: updated 5's heartbeat sequence to 3 based on message from server 4 at time 1642189394940 (updated)
Jan 14, 2022 2:43:16 PM edu.yu.cs.com3800.stage5.GossipManager sendGossip
FINE: Sending gossip to server 1
Jan 14, 2022 2:43:17 PM edu.yu.cs.com3800.stage5.GossipManager processIncomingMessages
FINE: Incoming message from server 2
Jan 14, 2022 2:43:17 PM edu.yu.cs.com3800.stage5.GossipManager processIncomingMessages
FINE: 6: updated 2's heartbeat sequence to 5 based on message from server 2 at time 1642189397066 (updated)
Jan 14, 2022 2:43:18 PM edu.yu.cs.com3800.stage5.GossipManager sendGossip
FINE: Sending gossip to server 1
Jan 14, 2022 2:43:19 PM edu.yu.cs.com3800.stage5.GossipManager processIncomingMessages
FINE: Incoming message from server 4
Jan 14, 2022 2:43:19 PM edu.yu.cs.com3800.stage5.GossipManager processIncomingMessages
FINE: 6: updated 0's heartbeat sequence to 4 based on message from server 4 at time 1642189399306 (updated)
Jan 14, 2022 2:43:19 PM edu.yu.cs.com3800.stage5.GossipManager processIncomingMessages
FINE: 6: updated 1's heartbeat sequence to 5 based on message from server 4 at time 1642189399306 (updated)
Jan 14, 2022 2:43:19 PM edu.yu.cs.com3800.stage5.GossipManager processIncomingMessages
FINE: 6: updated 4's heartbeat sequence to 6 based on message from server 4 at time 1642189399306 (updated)
Jan 14, 2022 2:43:19 PM edu.yu.cs.com3800.stage5.GossipManager processIncomingMessages
FINE: 6: updated 7's heartbeat sequence to 4 based on message from server 4 at time 1642189399306 (updated)
Jan 14, 2022 2:43:19 PM edu.yu.cs.com3800.stage5.GossipManager processIncomingMessages
FINE: Incoming message from server 5
Jan 14, 2022 2:43:19 PM edu.yu.cs.com3800.stage5.GossipManager processIncomingMessages
FINE: 6: updated 3's heartbeat sequence to 5 based on message from server 5 at time 1642189399306 (updated)
Jan 14, 2022 2:43:19 PM edu.yu.cs.com3800.stage5.GossipManager processIncomingMessages
FINE: 6: updated 5's heartbeat sequence to 6 based on message from server 5 at time 1642189399306 (updated)
Jan 14, 2022 2:43:19 PM edu.yu.cs.com3800.stage5.GossipManager processIncomingMessages
FINE: Incoming message from server 1
Jan 14, 2022 2:43:19 PM edu.yu.cs.com3800.stage5.GossipManager processIncomingMessages
FINE: 6: updated 1's heartbeat sequence to 6 based on message from server 1 at time 1642189399337 (updated)
Jan 14, 2022 2:43:20 PM edu.yu.cs.com3800.stage5.GossipManager sendGossip
FINE: Sending gossip to server 2
Jan 14, 2022 2:43:22 PM edu.yu.cs.com3800.stage5.GossipManager sendGossip
FINE: Sending gossip to server 5
Jan 14, 2022 2:43:23 PM edu.yu.cs.com3800.stage5.GossipManager processIncomingMessages
FINE: Incoming message from server 0
Jan 14, 2022 2:43:23 PM edu.yu.cs.com3800.stage5.GossipManager processIncomingMessages
FINE: 6: updated 0's heartbeat sequence to 8 based on message from server 0 at time 1642189403248 (updated)
Jan 14, 2022 2:43:23 PM edu.yu.cs.com3800.stage5.GossipManager processIncomingMessages
FINE: 6: updated 2's heartbeat sequence to 7 based on message from server 0 at time 1642189403248 (updated)
Jan 14, 2022 2:43:23 PM edu.yu.cs.com3800.stage5.GossipManager processIncomingMessages
FINE: 6: updated 4's heartbeat sequence to 7 based on message from server 0 at time 1642189403248 (updated)
Jan 14, 2022 2:43:23 PM edu.yu.cs.com3800.stage5.GossipManager processIncomingMessages
FINE: 6: updated 7's heartbeat sequence to 7 based on message from server 0 at time 1642189403248 (updated)
Jan 14, 2022 2:43:24 PM edu.yu.cs.com3800.stage5.GossipManager sendGossip
FINE: Sending gossip to server 1
Jan 14, 2022 2:43:25 PM edu.yu.cs.com3800.stage5.GossipManager processIncomingMessages
FINE: Incoming message from server 0
Jan 14, 2022 2:43:25 PM edu.yu.cs.com3800.stage5.GossipManager processIncomingMessages
FINE: 6: updated 0's heartbeat sequence to 9 based on message from server 0 at time 1642189405223 (updated)
Jan 14, 2022 2:43:25 PM edu.yu.cs.com3800.stage5.GossipManager processIncomingMessages
FINE: Incoming message from server 2
Jan 14, 2022 2:43:25 PM edu.yu.cs.com3800.stage5.GossipManager processIncomingMessages
FINE: 6: updated 1's heartbeat sequence to 7 based on message from server 2 at time 1642189405458 (updated)
Jan 14, 2022 2:43:25 PM edu.yu.cs.com3800.stage5.GossipManager processIncomingMessages
FINE: 6: updated 2's heartbeat sequence to 9 based on message from server 2 at time 1642189405458 (updated)
Jan 14, 2022 2:43:25 PM edu.yu.cs.com3800.stage5.GossipManager processIncomingMessages
FINE: 6: updated 3's heartbeat sequence to 7 based on message from server 2 at time 1642189405458 (updated)
Jan 14, 2022 2:43:25 PM edu.yu.cs.com3800.stage5.GossipManager processIncomingMessages
FINE: 6: updated 5's heartbeat sequence to 8 based on message from server 2 at time 1642189405458 (updated)
Jan 14, 2022 2:43:25 PM edu.yu.cs.com3800.stage5.GossipManager processIncomingMessages
FINE: Incoming message from server 5
Jan 14, 2022 2:43:25 PM edu.yu.cs.com3800.stage5.GossipManager processIncomingMessages
FINE: 6: updated 5's heartbeat sequence to 9 based on message from server 5 at time 1642189405583 (updated)
Jan 14, 2022 2:43:27 PM edu.yu.cs.com3800.stage5.GossipManager sendGossip
FINE: Sending gossip to server 3
Jan 14, 2022 2:43:27 PM edu.yu.cs.com3800.stage5.GossipManager processIncomingMessages
FINE: Incoming message from server 7
Jan 14, 2022 2:43:27 PM edu.yu.cs.com3800.stage5.GossipManager processIncomingMessages
FINE: 6: updated 0's heartbeat sequence to 10 based on message from server 7 at time 1642189407632 (updated)
Jan 14, 2022 2:43:27 PM edu.yu.cs.com3800.stage5.GossipManager processIncomingMessages
FINE: 6: updated 1's heartbeat sequence to 9 based on message from server 7 at time 1642189407632 (updated)
Jan 14, 2022 2:43:27 PM edu.yu.cs.com3800.stage5.GossipManager processIncomingMessages
FINE: 6: updated 3's heartbeat sequence to 9 based on message from server 7 at time 1642189407632 (updated)
Jan 14, 2022 2:43:27 PM edu.yu.cs.com3800.stage5.GossipManager processIncomingMessages
FINE: 6: updated 4's heartbeat sequence to 9 based on message from server 7 at time 1642189407632 (updated)
Jan 14, 2022 2:43:27 PM edu.yu.cs.com3800.stage5.GossipManager processIncomingMessages
FINE: 6: updated 7's heartbeat sequence to 10 based on message from server 7 at time 1642189407632 (updated)
Jan 14, 2022 2:43:27 PM edu.yu.cs.com3800.stage5.GossipManager processIncomingMessages
FINE: Incoming message from server 5
Jan 14, 2022 2:43:27 PM edu.yu.cs.com3800.stage5.GossipManager processIncomingMessages
FINE: 6: updated 3's heartbeat sequence to 10 based on message from server 5 at time 1642189407924 (updated)
Jan 14, 2022 2:43:27 PM edu.yu.cs.com3800.stage5.GossipManager processIncomingMessages
FINE: 6: updated 4's heartbeat sequence to 10 based on message from server 5 at time 1642189407924 (updated)
Jan 14, 2022 2:43:27 PM edu.yu.cs.com3800.stage5.GossipManager processIncomingMessages
FINE: 6: updated 5's heartbeat sequence to 10 based on message from server 5 at time 1642189407924 (updated)
Jan 14, 2022 2:43:29 PM edu.yu.cs.com3800.stage5.GossipManager sendGossip
FINE: Sending gossip to server 1
Jan 14, 2022 2:43:29 PM edu.yu.cs.com3800.stage5.GossipManager processIncomingMessages
FINE: Incoming message from server 5
Jan 14, 2022 2:43:29 PM edu.yu.cs.com3800.stage5.GossipManager processIncomingMessages
FINE: 6: updated 1's heartbeat sequence to 11 based on message from server 5 at time 1642189409918 (updated)
Jan 14, 2022 2:43:29 PM edu.yu.cs.com3800.stage5.GossipManager processIncomingMessages
FINE: 6: updated 3's heartbeat sequence to 11 based on message from server 5 at time 1642189409918 (updated)
Jan 14, 2022 2:43:29 PM edu.yu.cs.com3800.stage5.GossipManager processIncomingMessages
FINE: 6: updated 5's heartbeat sequence to 11 based on message from server 5 at time 1642189409918 (updated)
Jan 14, 2022 2:43:31 PM edu.yu.cs.com3800.stage5.GossipManager sendGossip
FINE: Sending gossip to server 5
Jan 14, 2022 2:43:31 PM edu.yu.cs.com3800.stage5.GossipManager processIncomingMessages
FINE: Incoming message from server 3
Jan 14, 2022 2:43:31 PM edu.yu.cs.com3800.stage5.GossipManager processIncomingMessages
FINE: 6: updated 3's heartbeat sequence to 12 based on message from server 3 at time 1642189411196 (updated)
Jan 14, 2022 2:43:33 PM edu.yu.cs.com3800.stage5.GossipManager sendGossip
FINE: Sending gossip to server 0
Jan 14, 2022 2:43:34 PM edu.yu.cs.com3800.stage5.GossipManager processIncomingMessages
FINE: Incoming message from server 5
Jan 14, 2022 2:43:34 PM edu.yu.cs.com3800.stage5.GossipManager processIncomingMessages
FINE: 6: updated 5's heartbeat sequence to 13 based on message from server 5 at time 1642189414019 (updated)
Jan 14, 2022 2:43:35 PM edu.yu.cs.com3800.stage5.GossipManager sendGossip
FINE: Sending gossip to server 0
Jan 14, 2022 2:43:37 PM edu.yu.cs.com3800.stage5.GossipManager sendGossip
FINE: Sending gossip to server 4
Jan 14, 2022 2:43:37 PM edu.yu.cs.com3800.stage5.GossipManager processIncomingMessages
FINE: Incoming message from server 4
Jan 14, 2022 2:43:37 PM edu.yu.cs.com3800.stage5.GossipManager processIncomingMessages
FINE: 6: updated 0's heartbeat sequence to 12 based on message from server 4 at time 1642189417996 (updated)
Jan 14, 2022 2:43:37 PM edu.yu.cs.com3800.stage5.GossipManager processIncomingMessages
FINE: 6: updated 2's heartbeat sequence to 11 based on message from server 4 at time 1642189417996 (updated)
Jan 14, 2022 2:43:37 PM edu.yu.cs.com3800.stage5.GossipManager processIncomingMessages
FINE: 6: updated 4's heartbeat sequence to 15 based on message from server 4 at time 1642189417996 (updated)
Jan 14, 2022 2:43:37 PM edu.yu.cs.com3800.stage5.GossipManager processIncomingMessages
FINE: 6: updated 7's heartbeat sequence to 12 based on message from server 4 at time 1642189417996 (updated)
Jan 14, 2022 2:43:39 PM edu.yu.cs.com3800.stage5.GossipManager sendGossip
FINE: Sending gossip to server 1
Jan 14, 2022 2:43:40 PM edu.yu.cs.com3800.stage5.GossipManager processIncomingMessages
FINE: Incoming message from server 4
Jan 14, 2022 2:43:40 PM edu.yu.cs.com3800.stage5.GossipManager processIncomingMessages
FINE: 6: updated 0's heartbeat sequence to 15 based on message from server 4 at time 1642189420182 (updated)
Jan 14, 2022 2:43:40 PM edu.yu.cs.com3800.stage5.GossipManager processIncomingMessages
FINE: 6: updated 1's heartbeat sequence to 13 based on message from server 4 at time 1642189420182 (updated)
Jan 14, 2022 2:43:40 PM edu.yu.cs.com3800.stage5.GossipManager processIncomingMessages
FINE: 6: updated 2's heartbeat sequence to 13 based on message from server 4 at time 1642189420182 (updated)
Jan 14, 2022 2:43:40 PM edu.yu.cs.com3800.stage5.GossipManager processIncomingMessages
FINE: 6: updated 3's heartbeat sequence to 16 based on message from server 4 at time 1642189420182 (updated)
Jan 14, 2022 2:43:40 PM edu.yu.cs.com3800.stage5.GossipManager processIncomingMessages
FINE: 6: updated 4's heartbeat sequence to 16 based on message from server 4 at time 1642189420182 (updated)
Jan 14, 2022 2:43:40 PM edu.yu.cs.com3800.stage5.GossipManager processIncomingMessages
FINE: 6: updated 7's heartbeat sequence to 13 based on message from server 4 at time 1642189420182 (updated)
Jan 14, 2022 2:43:40 PM edu.yu.cs.com3800.stage5.GossipManager processIncomingMessages
FINE: Incoming message from server 5
Jan 14, 2022 2:43:40 PM edu.yu.cs.com3800.stage5.GossipManager processIncomingMessages
FINE: 6: updated 5's heartbeat sequence to 16 based on message from server 5 at time 1642189420182 (updated)
Jan 14, 2022 2:43:41 PM edu.yu.cs.com3800.stage5.GossipManager sendGossip
FINE: Sending gossip to server 1
Jan 14, 2022 2:43:43 PM edu.yu.cs.com3800.stage5.GossipManager sendGossip
FINE: Sending gossip to server 3
Jan 14, 2022 2:43:45 PM edu.yu.cs.com3800.stage5.GossipManager sendGossip
FINE: Sending gossip to server 5
Jan 14, 2022 2:43:47 PM edu.yu.cs.com3800.stage5.GossipManager sendGossip
FINE: Sending gossip to server 0
Jan 14, 2022 2:43:49 PM edu.yu.cs.com3800.stage5.GossipManager sendGossip
FINE: Sending gossip to server 7
Jan 14, 2022 2:43:51 PM edu.yu.cs.com3800.stage5.GossipManager sendGossip
FINE: Sending gossip to server 2
Jan 14, 2022 2:43:53 PM edu.yu.cs.com3800.stage5.GossipManager sendGossip
FINE: Sending gossip to server 0
Jan 14, 2022 2:43:55 PM edu.yu.cs.com3800.stage5.GossipManager sendGossip
FINE: Sending gossip to server 7
Jan 14, 2022 2:43:56 PM edu.yu.cs.com3800.stage5.GossipManager processIncomingMessages
FINE: Incoming message from server 1
Jan 14, 2022 2:43:56 PM edu.yu.cs.com3800.stage5.GossipManager processIncomingMessages
FINE: 6: updated 0's heartbeat sequence to 22 based on message from server 1 at time 1642189436246 (updated)
Jan 14, 2022 2:43:56 PM edu.yu.cs.com3800.stage5.GossipManager processIncomingMessages
FINE: 6: updated 1's heartbeat sequence to 24 based on message from server 1 at time 1642189436246 (updated)
Jan 14, 2022 2:43:56 PM edu.yu.cs.com3800.stage5.GossipManager processIncomingMessages
FINE: 6: updated 2's heartbeat sequence to 15 based on message from server 1 at time 1642189436246 (updated)
Jan 14, 2022 2:43:56 PM edu.yu.cs.com3800.stage5.GossipManager processIncomingMessages
FINE: 6: updated 3's heartbeat sequence to 22 based on message from server 1 at time 1642189436246 (updated)
Jan 14, 2022 2:43:56 PM edu.yu.cs.com3800.stage5.GossipManager processIncomingMessages
FINE: 6: updated 4's heartbeat sequence to 21 based on message from server 1 at time 1642189436246 (updated)
Jan 14, 2022 2:43:56 PM edu.yu.cs.com3800.stage5.GossipManager processIncomingMessages
FINE: 6: updated 5's heartbeat sequence to 22 based on message from server 1 at time 1642189436246 (updated)
Jan 14, 2022 2:43:56 PM edu.yu.cs.com3800.stage5.GossipManager processIncomingMessages
FINE: 6: updated 7's heartbeat sequence to 23 based on message from server 1 at time 1642189436246 (updated)
Jan 14, 2022 2:43:56 PM edu.yu.cs.com3800.stage5.GossipManager processIncomingMessages
FINE: Incoming message from server 5
Jan 14, 2022 2:43:56 PM edu.yu.cs.com3800.stage5.GossipManager processIncomingMessages
FINE: 6: updated 4's heartbeat sequence to 23 based on message from server 5 at time 1642189436499 (updated)
Jan 14, 2022 2:43:56 PM edu.yu.cs.com3800.stage5.GossipManager processIncomingMessages
FINE: 6: updated 5's heartbeat sequence to 24 based on message from server 5 at time 1642189436499 (updated)
Jan 14, 2022 2:43:56 PM edu.yu.cs.com3800.stage5.GossipManager processIncomingMessages
FINE: 6: updated 7's heartbeat sequence to 24 based on message from server 5 at time 1642189436499 (updated)
Jan 14, 2022 2:43:57 PM edu.yu.cs.com3800.stage5.GossipManager sendGossip
FINE: Sending gossip to server 0
Jan 14, 2022 2:43:58 PM edu.yu.cs.com3800.stage5.GossipManager processIncomingMessages
FINE: Incoming message from server 7
Jan 14, 2022 2:43:58 PM edu.yu.cs.com3800.stage5.GossipManager processIncomingMessages
FINE: 6: updated 0's heartbeat sequence to 24 based on message from server 7 at time 1642189438168 (updated)
Jan 14, 2022 2:43:58 PM edu.yu.cs.com3800.stage5.GossipManager processIncomingMessages
FINE: 6: updated 7's heartbeat sequence to 25 based on message from server 7 at time 1642189438168 (updated)
Jan 14, 2022 2:43:59 PM edu.yu.cs.com3800.stage5.GossipManager sendGossip
FINE: Sending gossip to server 4
Jan 14, 2022 2:44:01 PM edu.yu.cs.com3800.stage5.GossipManager sendGossip
FINE: Sending gossip to server 2
Jan 14, 2022 2:44:02 PM edu.yu.cs.com3800.stage5.GossipManager processIncomingMessages
FINE: Incoming message from server 7
Jan 14, 2022 2:44:02 PM edu.yu.cs.com3800.stage5.GossipManager processIncomingMessages
FINE: 6: updated 0's heartbeat sequence to 26 based on message from server 7 at time 1642189442165 (updated)
Jan 14, 2022 2:44:02 PM edu.yu.cs.com3800.stage5.GossipManager processIncomingMessages
FINE: 6: updated 1's heartbeat sequence to 25 based on message from server 7 at time 1642189442165 (updated)
Jan 14, 2022 2:44:02 PM edu.yu.cs.com3800.stage5.GossipManager processIncomingMessages
FINE: 6: updated 3's heartbeat sequence to 24 based on message from server 7 at time 1642189442165 (updated)
Jan 14, 2022 2:44:02 PM edu.yu.cs.com3800.stage5.GossipManager processIncomingMessages
FINE: 6: updated 4's heartbeat sequence to 24 based on message from server 7 at time 1642189442165 (updated)
Jan 14, 2022 2:44:02 PM edu.yu.cs.com3800.stage5.GossipManager processIncomingMessages
FINE: 6: updated 5's heartbeat sequence to 25 based on message from server 7 at time 1642189442165 (updated)
Jan 14, 2022 2:44:02 PM edu.yu.cs.com3800.stage5.GossipManager processIncomingMessages
FINE: 6: updated 7's heartbeat sequence to 27 based on message from server 7 at time 1642189442165 (updated)
Jan 14, 2022 2:44:03 PM edu.yu.cs.com3800.stage5.GossipManager sendGossip
FINE: Sending gossip to server 5
Jan 14, 2022 2:44:04 PM edu.yu.cs.com3800.stage5.GossipManager processIncomingMessages
FINE: Incoming message from server 4
Jan 14, 2022 2:44:04 PM edu.yu.cs.com3800.stage5.GossipManager processIncomingMessages
FINE: 6: updated 1's heartbeat sequence to 28 based on message from server 4 at time 1642189444547 (updated)
Jan 14, 2022 2:44:04 PM edu.yu.cs.com3800.stage5.GossipManager processIncomingMessages
FINE: 6: updated 3's heartbeat sequence to 26 based on message from server 4 at time 1642189444547 (updated)
Jan 14, 2022 2:44:04 PM edu.yu.cs.com3800.stage5.GossipManager processIncomingMessages
FINE: 6: updated 4's heartbeat sequence to 28 based on message from server 4 at time 1642189444547 (updated)
Jan 14, 2022 2:44:04 PM edu.yu.cs.com3800.stage5.GossipManager processIncomingMessages
FINE: 6: updated 5's heartbeat sequence to 27 based on message from server 4 at time 1642189444547 (updated)
Jan 14, 2022 2:44:04 PM edu.yu.cs.com3800.stage5.GossipManager processIncomingMessages
FINE: Incoming message from server 5
Jan 14, 2022 2:44:04 PM edu.yu.cs.com3800.stage5.GossipManager processIncomingMessages
FINE: 6: updated 0's heartbeat sequence to 27 based on message from server 5 at time 1642189444766 (updated)
Jan 14, 2022 2:44:04 PM edu.yu.cs.com3800.stage5.GossipManager processIncomingMessages
FINE: 6: updated 3's heartbeat sequence to 27 based on message from server 5 at time 1642189444766 (updated)
Jan 14, 2022 2:44:04 PM edu.yu.cs.com3800.stage5.GossipManager processIncomingMessages
FINE: 6: updated 5's heartbeat sequence to 28 based on message from server 5 at time 1642189444766 (updated)
Jan 14, 2022 2:44:04 PM edu.yu.cs.com3800.stage5.GossipManager processIncomingMessages
FINE: 6: updated 7's heartbeat sequence to 28 based on message from server 5 at time 1642189444766 (updated)
Jan 14, 2022 2:44:05 PM edu.yu.cs.com3800.stage5.GossipManager sendGossip
FINE: Sending gossip to server 0
Jan 14, 2022 2:44:06 PM edu.yu.cs.com3800.stage5.GossipManager processIncomingMessages
FINE: Incoming message from server 1
Jan 14, 2022 2:44:06 PM edu.yu.cs.com3800.stage5.GossipManager processIncomingMessages
FINE: 6: updated 0's heartbeat sequence to 28 based on message from server 1 at time 1642189446410 (updated)
Jan 14, 2022 2:44:06 PM edu.yu.cs.com3800.stage5.GossipManager processIncomingMessages
FINE: 6: updated 1's heartbeat sequence to 29 based on message from server 1 at time 1642189446410 (updated)
Jan 14, 2022 2:44:06 PM edu.yu.cs.com3800.stage5.GossipManager processIncomingMessages
FINE: Incoming message from server 5
Jan 14, 2022 2:44:06 PM edu.yu.cs.com3800.stage5.GossipManager processIncomingMessages
FINE: 6: updated 3's heartbeat sequence to 28 based on message from server 5 at time 1642189446643 (updated)
Jan 14, 2022 2:44:06 PM edu.yu.cs.com3800.stage5.GossipManager processIncomingMessages
FINE: 6: updated 5's heartbeat sequence to 29 based on message from server 5 at time 1642189446643 (updated)
Jan 14, 2022 2:44:06 PM edu.yu.cs.com3800.stage5.GossipManager processIncomingMessages
FINE: 6: updated 7's heartbeat sequence to 29 based on message from server 5 at time 1642189446643 (updated)
Jan 14, 2022 2:44:07 PM edu.yu.cs.com3800.stage5.GossipManager sendGossip
FINE: Sending gossip to server 3
Jan 14, 2022 2:44:08 PM edu.yu.cs.com3800.stage5.GossipManager processIncomingMessages
FINE: Incoming message from server 7
Jan 14, 2022 2:44:08 PM edu.yu.cs.com3800.stage5.GossipManager processIncomingMessages
FINE: 6: updated 0's heartbeat sequence to 29 based on message from server 7 at time 1642189448162 (updated)
Jan 14, 2022 2:44:08 PM edu.yu.cs.com3800.stage5.GossipManager processIncomingMessages
FINE: 6: updated 3's heartbeat sequence to 29 based on message from server 7 at time 1642189448162 (updated)
Jan 14, 2022 2:44:08 PM edu.yu.cs.com3800.stage5.GossipManager processIncomingMessages
FINE: 6: updated 7's heartbeat sequence to 30 based on message from server 7 at time 1642189448162 (updated)
Jan 14, 2022 2:44:09 PM edu.yu.cs.com3800.stage5.GossipManager sendGossip
FINE: Sending gossip to server 0
Jan 14, 2022 2:44:10 PM edu.yu.cs.com3800.stage5.GossipManager processIncomingMessages
FINE: Incoming message from server 7
Jan 14, 2022 2:44:10 PM edu.yu.cs.com3800.stage5.GossipManager processIncomingMessages
FINE: 6: updated 4's heartbeat sequence to 30 based on message from server 7 at time 1642189450288 (updated)
Jan 14, 2022 2:44:10 PM edu.yu.cs.com3800.stage5.GossipManager processIncomingMessages
FINE: 6: updated 5's heartbeat sequence to 30 based on message from server 7 at time 1642189450288 (updated)
Jan 14, 2022 2:44:10 PM edu.yu.cs.com3800.stage5.GossipManager processIncomingMessages
FINE: 6: updated 7's heartbeat sequence to 31 based on message from server 7 at time 1642189450288 (updated)
Jan 14, 2022 2:44:10 PM edu.yu.cs.com3800.stage5.GossipManager processIncomingMessages
FINE: Incoming message from server 0
Jan 14, 2022 2:44:10 PM edu.yu.cs.com3800.stage5.GossipManager processIncomingMessages
FINE: 6: updated 0's heartbeat sequence to 31 based on message from server 0 at time 1642189450775 (updated)
Jan 14, 2022 2:44:11 PM edu.yu.cs.com3800.stage5.GossipManager sendGossip
FINE: Sending gossip to server 4
Jan 14, 2022 2:44:12 PM edu.yu.cs.com3800.stage5.GossipManager processIncomingMessages
FINE: Incoming message from server 3
Jan 14, 2022 2:44:12 PM edu.yu.cs.com3800.stage5.GossipManager processIncomingMessages
FINE: 6: updated 1's heartbeat sequence to 32 based on message from server 3 at time 1642189452912 (updated)
Jan 14, 2022 2:44:12 PM edu.yu.cs.com3800.stage5.GossipManager processIncomingMessages
FINE: 6: updated 3's heartbeat sequence to 32 based on message from server 3 at time 1642189452912 (updated)
Jan 14, 2022 2:44:12 PM edu.yu.cs.com3800.stage5.GossipManager processIncomingMessages
FINE: 6: updated 4's heartbeat sequence to 31 based on message from server 3 at time 1642189452912 (updated)
Jan 14, 2022 2:44:12 PM edu.yu.cs.com3800.stage5.GossipManager processIncomingMessages
FINE: 6: updated 5's heartbeat sequence to 31 based on message from server 3 at time 1642189452912 (updated)
Jan 14, 2022 2:44:13 PM edu.yu.cs.com3800.stage5.GossipManager sendGossip
FINE: Sending gossip to server 4
Jan 14, 2022 2:44:14 PM edu.yu.cs.com3800.stage5.GossipManager processIncomingMessages
FINE: Incoming message from server 4
Jan 14, 2022 2:44:14 PM edu.yu.cs.com3800.stage5.GossipManager processIncomingMessages
FINE: 6: updated 4's heartbeat sequence to 33 based on message from server 4 at time 1642189454703 (updated)
Jan 14, 2022 2:44:14 PM edu.yu.cs.com3800.stage5.GossipManager processIncomingMessages
FINE: 6: updated 7's heartbeat sequence to 32 based on message from server 4 at time 1642189454703 (updated)
Jan 14, 2022 2:44:14 PM edu.yu.cs.com3800.stage5.GossipManager processIncomingMessages
FINE: Incoming message from server 0
Jan 14, 2022 2:44:14 PM edu.yu.cs.com3800.stage5.GossipManager processIncomingMessages
FINE: 6: updated 0's heartbeat sequence to 33 based on message from server 0 at time 1642189454829 (updated)
Jan 14, 2022 2:44:14 PM edu.yu.cs.com3800.stage5.GossipManager processIncomingMessages
FINE: 6: updated 1's heartbeat sequence to 33 based on message from server 0 at time 1642189454829 (updated)
Jan 14, 2022 2:44:15 PM edu.yu.cs.com3800.stage5.GossipManager sendGossip
FINE: Sending gossip to server 3
Jan 14, 2022 2:44:16 PM edu.yu.cs.com3800.stage5.GossipManager processIncomingMessages
FINE: Incoming message from server 1
Jan 14, 2022 2:44:16 PM edu.yu.cs.com3800.stage5.GossipManager processIncomingMessages
FINE: 6: updated 1's heartbeat sequence to 34 based on message from server 1 at time 1642189456520 (updated)
Jan 14, 2022 2:44:16 PM edu.yu.cs.com3800.stage5.GossipManager processIncomingMessages
FINE: 6: updated 5's heartbeat sequence to 32 based on message from server 1 at time 1642189456520 (updated)
Jan 14, 2022 2:44:16 PM edu.yu.cs.com3800.stage5.GossipManager processIncomingMessages
FINE: 6: updated 7's heartbeat sequence to 34 based on message from server 1 at time 1642189456520 (updated)
Jan 14, 2022 2:44:16 PM edu.yu.cs.com3800.stage5.GossipManager processIncomingMessages
FINE: Incoming message from server 0
Jan 14, 2022 2:44:16 PM edu.yu.cs.com3800.stage5.GossipManager processIncomingMessages
FINE: 6: updated 0's heartbeat sequence to 34 based on message from server 0 at time 1642189456917 (updated)
Jan 14, 2022 2:44:16 PM edu.yu.cs.com3800.stage5.GossipManager processIncomingMessages
FINE: 6: updated 3's heartbeat sequence to 33 based on message from server 0 at time 1642189456917 (updated)
Jan 14, 2022 2:44:16 PM edu.yu.cs.com3800.stage5.GossipManager processIncomingMessages
FINE: 6: updated 4's heartbeat sequence to 34 based on message from server 0 at time 1642189456917 (updated)
Jan 14, 2022 2:44:16 PM edu.yu.cs.com3800.stage5.GossipManager processIncomingMessages
FINE: 6: updated 5's heartbeat sequence to 33 based on message from server 0 at time 1642189456917 (updated)
Jan 14, 2022 2:44:17 PM edu.yu.cs.com3800.stage5.GossipManager checkForFailedAndCleanups
INFO: 6: no heartbeat from server 2 - server failed
Jan 14, 2022 2:44:17 PM edu.yu.cs.com3800.stage5.GossipManager sendGossip
FINE: Sending gossip to server 0
Jan 14, 2022 2:44:18 PM edu.yu.cs.com3800.stage5.GossipManager processIncomingMessages
FINE: Incoming message from server 1
Jan 14, 2022 2:44:18 PM edu.yu.cs.com3800.stage5.GossipManager processIncomingMessages
FINE: 6: updated 1's heartbeat sequence to 35 based on message from server 1 at time 1642189458583 (updated)
Jan 14, 2022 2:44:18 PM edu.yu.cs.com3800.stage5.GossipManager processIncomingMessages
FINE: 6: updated 2's heartbeat sequence to 15 based on message from server 1 at time 1642189458583 (added)
Jan 14, 2022 2:44:18 PM edu.yu.cs.com3800.stage5.GossipManager processIncomingMessages
FINE: 6: updated 3's heartbeat sequence to 34 based on message from server 1 at time 1642189458583 (updated)
Jan 14, 2022 2:44:19 PM edu.yu.cs.com3800.stage5.GossipManager processIncomingMessages
FINE: Incoming message from server 5
Jan 14, 2022 2:44:19 PM edu.yu.cs.com3800.stage5.GossipManager processIncomingMessages
FINE: 6: updated 5's heartbeat sequence to 35 based on message from server 5 at time 1642189459029 (updated)
Jan 14, 2022 2:44:20 PM edu.yu.cs.com3800.stage5.GossipManager sendGossip
FINE: Sending gossip to server 4
Jan 14, 2022 2:44:22 PM edu.yu.cs.com3800.stage5.GossipManager sendGossip
FINE: Sending gossip to server 3
Jan 14, 2022 2:44:24 PM edu.yu.cs.com3800.stage5.GossipManager sendGossip
FINE: Sending gossip to server 0
Jan 14, 2022 2:44:26 PM edu.yu.cs.com3800.stage5.GossipManager sendGossip
FINE: Sending gossip to server 4
Jan 14, 2022 2:44:26 PM edu.yu.cs.com3800.stage5.GossipManager processIncomingMessages
FINE: Incoming message from server 0
Jan 14, 2022 2:44:26 PM edu.yu.cs.com3800.stage5.GossipManager processIncomingMessages
FINE: 6: updated 0's heartbeat sequence to 39 based on message from server 0 at time 1642189466963 (updated)
Jan 14, 2022 2:44:26 PM edu.yu.cs.com3800.stage5.GossipManager processIncomingMessages
FINE: 6: updated 7's heartbeat sequence to 35 based on message from server 0 at time 1642189466963 (updated)
Jan 14, 2022 2:44:28 PM edu.yu.cs.com3800.stage5.GossipManager sendGossip
FINE: Sending gossip to server 0
Jan 14, 2022 2:44:28 PM edu.yu.cs.com3800.stage5.GossipManager processIncomingMessages
FINE: Incoming message from server 1
Jan 14, 2022 2:44:28 PM edu.yu.cs.com3800.stage5.GossipManager processIncomingMessages
FINE: 6: updated 1's heartbeat sequence to 40 based on message from server 1 at time 1642189468744 (updated)
Jan 14, 2022 2:44:28 PM edu.yu.cs.com3800.stage5.GossipManager processIncomingMessages
FINE: 6: updated 3's heartbeat sequence to 38 based on message from server 1 at time 1642189468744 (updated)
Jan 14, 2022 2:44:28 PM edu.yu.cs.com3800.stage5.GossipManager processIncomingMessages
FINE: 6: updated 4's heartbeat sequence to 39 based on message from server 1 at time 1642189468744 (updated)
Jan 14, 2022 2:44:28 PM edu.yu.cs.com3800.stage5.GossipManager processIncomingMessages
FINE: 6: updated 5's heartbeat sequence to 39 based on message from server 1 at time 1642189468744 (updated)
Jan 14, 2022 2:44:30 PM edu.yu.cs.com3800.stage5.GossipManager sendGossip
FINE: Sending gossip to server 3
Jan 14, 2022 2:44:30 PM edu.yu.cs.com3800.stage5.GossipManager processIncomingMessages
FINE: Incoming message from server 1
Jan 14, 2022 2:44:30 PM edu.yu.cs.com3800.stage5.GossipManager processIncomingMessages
FINE: 6: updated 1's heartbeat sequence to 41 based on message from server 1 at time 1642189470728 (updated)
Jan 14, 2022 2:44:32 PM edu.yu.cs.com3800.stage5.GossipManager sendGossip
FINE: Sending gossip to server 1
Jan 14, 2022 2:44:34 PM edu.yu.cs.com3800.stage5.GossipManager sendGossip
FINE: Sending gossip to server 1
Jan 14, 2022 2:44:36 PM edu.yu.cs.com3800.stage5.GossipManager sendGossip
FINE: Sending gossip to server 3
Jan 14, 2022 2:44:37 PM edu.yu.cs.com3800.stage5.GossipManager processIncomingMessages
FINE: Incoming message from server 4
Jan 14, 2022 2:44:37 PM edu.yu.cs.com3800.stage5.GossipManager processIncomingMessages
FINE: 6: updated 0's heartbeat sequence to 40 based on message from server 4 at time 1642189477212 (updated)
Jan 14, 2022 2:44:37 PM edu.yu.cs.com3800.stage5.GossipManager processIncomingMessages
FINE: 6: updated 3's heartbeat sequence to 41 based on message from server 4 at time 1642189477212 (updated)
Jan 14, 2022 2:44:37 PM edu.yu.cs.com3800.stage5.GossipManager processIncomingMessages
FINE: 6: updated 4's heartbeat sequence to 44 based on message from server 4 at time 1642189477212 (updated)
Jan 14, 2022 2:44:37 PM edu.yu.cs.com3800.stage5.GossipManager processIncomingMessages
FINE: 6: updated 5's heartbeat sequence to 42 based on message from server 4 at time 1642189477212 (updated)
Jan 14, 2022 2:44:38 PM edu.yu.cs.com3800.stage5.GossipManager sendGossip
FINE: Sending gossip to server 3
Jan 14, 2022 2:44:39 PM edu.yu.cs.com3800.stage5.GossipManager processIncomingMessages
FINE: Incoming message from server 3
Jan 14, 2022 2:44:39 PM edu.yu.cs.com3800.stage5.GossipManager processIncomingMessages
FINE: 6: updated 0's heartbeat sequence to 45 based on message from server 3 at time 1642189479772 (updated)
Jan 14, 2022 2:44:39 PM edu.yu.cs.com3800.stage5.GossipManager processIncomingMessages
FINE: 6: updated 1's heartbeat sequence to 45 based on message from server 3 at time 1642189479772 (updated)
Jan 14, 2022 2:44:39 PM edu.yu.cs.com3800.stage5.GossipManager processIncomingMessages
FINE: 6: updated 3's heartbeat sequence to 45 based on message from server 3 at time 1642189479772 (updated)
Jan 14, 2022 2:44:39 PM edu.yu.cs.com3800.stage5.GossipManager processIncomingMessages
FINE: 6: updated 5's heartbeat sequence to 44 based on message from server 3 at time 1642189479772 (updated)
Jan 14, 2022 2:44:40 PM edu.yu.cs.com3800.stage5.GossipManager checkForFailedAndCleanups
INFO: 6: no heartbeat from server 2 - server failed
Jan 14, 2022 2:44:40 PM edu.yu.cs.com3800.stage5.GossipManager sendGossip
FINE: Sending gossip to server 3
Jan 14, 2022 2:44:41 PM edu.yu.cs.com3800.stage5.GossipManager processIncomingMessages
FINE: Incoming message from server 1
Jan 14, 2022 2:44:41 PM edu.yu.cs.com3800.stage5.GossipManager processIncomingMessages
FINE: 6: updated 1's heartbeat sequence to 46 based on message from server 1 at time 1642189481014 (updated)
Jan 14, 2022 2:44:41 PM edu.yu.cs.com3800.stage5.GossipManager processIncomingMessages
FINE: 6: updated 2's heartbeat sequence to 15 based on message from server 1 at time 1642189481014 (added)
Jan 14, 2022 2:44:41 PM edu.yu.cs.com3800.stage5.GossipManager processIncomingMessages
FINE: 6: updated 4's heartbeat sequence to 45 based on message from server 1 at time 1642189481014 (updated)
Jan 14, 2022 2:44:41 PM edu.yu.cs.com3800.stage5.GossipManager processIncomingMessages
FINE: 6: updated 5's heartbeat sequence to 45 based on message from server 1 at time 1642189481014 (updated)
Jan 14, 2022 2:44:41 PM edu.yu.cs.com3800.stage5.GossipManager processIncomingMessages
FINE: Incoming message from server 0
Jan 14, 2022 2:44:41 PM edu.yu.cs.com3800.stage5.GossipManager processIncomingMessages
FINE: 6: updated 0's heartbeat sequence to 46 based on message from server 0 at time 1642189481403 (updated)
Jan 14, 2022 2:44:41 PM edu.yu.cs.com3800.stage5.GossipManager processIncomingMessages
FINE: Incoming message from server 3
Jan 14, 2022 2:44:41 PM edu.yu.cs.com3800.stage5.GossipManager processIncomingMessages
FINE: 6: updated 3's heartbeat sequence to 46 based on message from server 3 at time 1642189481745 (updated)
Jan 14, 2022 2:44:42 PM edu.yu.cs.com3800.stage5.GossipManager sendGossip
FINE: Sending gossip to server 0
Jan 14, 2022 2:44:44 PM edu.yu.cs.com3800.stage5.GossipManager sendGossip
FINE: Sending gossip to server 4
Jan 14, 2022 2:44:45 PM edu.yu.cs.com3800.stage5.GossipManager processIncomingMessages
FINE: Incoming message from server 1
Jan 14, 2022 2:44:45 PM edu.yu.cs.com3800.stage5.GossipManager processIncomingMessages
FINE: 6: updated 1's heartbeat sequence to 48 based on message from server 1 at time 1642189485097 (updated)
Jan 14, 2022 2:44:45 PM edu.yu.cs.com3800.stage5.GossipManager processIncomingMessages
FINE: 6: updated 4's heartbeat sequence to 46 based on message from server 1 at time 1642189485097 (updated)
Jan 14, 2022 2:44:45 PM edu.yu.cs.com3800.stage5.GossipManager processIncomingMessages
FINE: 6: updated 5's heartbeat sequence to 46 based on message from server 1 at time 1642189485097 (updated)
Jan 14, 2022 2:44:46 PM edu.yu.cs.com3800.stage5.GossipManager processIncomingMessages
FINE: Incoming message from server 5
Jan 14, 2022 2:44:46 PM edu.yu.cs.com3800.stage5.GossipManager processIncomingMessages
FINE: 6: updated 0's heartbeat sequence to 47 based on message from server 5 at time 1642189486032 (updated)
Jan 14, 2022 2:44:46 PM edu.yu.cs.com3800.stage5.GossipManager processIncomingMessages
FINE: 6: updated 3's heartbeat sequence to 47 based on message from server 5 at time 1642189486032 (updated)
Jan 14, 2022 2:44:46 PM edu.yu.cs.com3800.stage5.GossipManager processIncomingMessages
FINE: 6: updated 4's heartbeat sequence to 47 based on message from server 5 at time 1642189486032 (updated)
Jan 14, 2022 2:44:46 PM edu.yu.cs.com3800.stage5.GossipManager processIncomingMessages
FINE: 6: updated 5's heartbeat sequence to 48 based on message from server 5 at time 1642189486032 (updated)
Jan 14, 2022 2:44:46 PM edu.yu.cs.com3800.stage5.GossipManager sendGossip
FINE: Sending gossip to server 7
Jan 14, 2022 2:44:47 PM edu.yu.cs.com3800.stage5.GossipManager processIncomingMessages
FINE: Incoming message from server 1
Jan 14, 2022 2:44:47 PM edu.yu.cs.com3800.stage5.GossipManager processIncomingMessages
FINE: 6: updated 1's heartbeat sequence to 49 based on message from server 1 at time 1642189487085 (updated)
Jan 14, 2022 2:44:47 PM edu.yu.cs.com3800.stage5.GossipManager processIncomingMessages
FINE: 6: updated 3's heartbeat sequence to 48 based on message from server 1 at time 1642189487085 (updated)
Jan 14, 2022 2:44:47 PM edu.yu.cs.com3800.stage5.GossipManager processIncomingMessages
FINE: 6: updated 4's heartbeat sequence to 48 based on message from server 1 at time 1642189487085 (updated)
Jan 14, 2022 2:44:48 PM edu.yu.cs.com3800.stage5.GossipManager checkForFailedAndCleanups
INFO: 6: no heartbeat from server 7 - server failed
Jan 14, 2022 2:44:48 PM edu.yu.cs.com3800.stage5.GossipManager checkForFailedAndCleanups
INFO: Leader died. Entering new election...
Jan 14, 2022 2:44:48 PM edu.yu.cs.com3800.stage5.GossipManager sendGossip
FINE: Sending gossip to server 4
Jan 14, 2022 2:44:49 PM edu.yu.cs.com3800.stage5.GossipManager processIncomingMessages
FINE: Incoming message from server 1
Jan 14, 2022 2:44:49 PM edu.yu.cs.com3800.stage5.GossipManager processIncomingMessages
FINE: 6: updated 1's heartbeat sequence to 50 based on message from server 1 at time 1642189489108 (updated)
Jan 14, 2022 2:44:49 PM edu.yu.cs.com3800.stage5.GossipManager processIncomingMessages
FINE: 6: updated 7's heartbeat sequence to 35 based on message from server 1 at time 1642189489108 (added)
Jan 14, 2022 2:44:50 PM edu.yu.cs.com3800.stage5.GossipManager processIncomingMessages
FINE: Incoming message from server 5
Jan 14, 2022 2:44:50 PM edu.yu.cs.com3800.stage5.GossipManager processIncomingMessages
FINE: 6: updated 0's heartbeat sequence to 48 based on message from server 5 at time 1642189490292 (updated)
Jan 14, 2022 2:44:50 PM edu.yu.cs.com3800.stage5.GossipManager processIncomingMessages
FINE: 6: updated 4's heartbeat sequence to 49 based on message from server 5 at time 1642189490292 (updated)
Jan 14, 2022 2:44:50 PM edu.yu.cs.com3800.stage5.GossipManager processIncomingMessages
FINE: 6: updated 5's heartbeat sequence to 50 based on message from server 5 at time 1642189490292 (updated)
Jan 14, 2022 2:44:50 PM edu.yu.cs.com3800.stage5.GossipManager sendGossip
FINE: Sending gossip to server 4
Jan 14, 2022 2:44:52 PM edu.yu.cs.com3800.stage5.GossipManager sendGossip
FINE: Sending gossip to server 0
Jan 14, 2022 2:44:53 PM edu.yu.cs.com3800.stage5.GossipManager processIncomingMessages
FINE: Incoming message from server 4
Jan 14, 2022 2:44:53 PM edu.yu.cs.com3800.stage5.GossipManager processIncomingMessages
FINE: 6: updated 0's heartbeat sequence to 51 based on message from server 4 at time 1642189493343 (updated)
Jan 14, 2022 2:44:53 PM edu.yu.cs.com3800.stage5.GossipManager processIncomingMessages
FINE: 6: updated 1's heartbeat sequence to 51 based on message from server 4 at time 1642189493343 (updated)
Jan 14, 2022 2:44:53 PM edu.yu.cs.com3800.stage5.GossipManager processIncomingMessages
FINE: 6: updated 3's heartbeat sequence to 51 based on message from server 4 at time 1642189493343 (updated)
Jan 14, 2022 2:44:53 PM edu.yu.cs.com3800.stage5.GossipManager processIncomingMessages
FINE: 6: updated 4's heartbeat sequence to 52 based on message from server 4 at time 1642189493343 (updated)
Jan 14, 2022 2:44:54 PM edu.yu.cs.com3800.stage5.GossipManager sendGossip
FINE: Sending gossip to server 0
Jan 14, 2022 2:44:55 PM edu.yu.cs.com3800.stage5.GossipManager processIncomingMessages
FINE: Incoming message from server 1
Jan 14, 2022 2:44:55 PM edu.yu.cs.com3800.stage5.GossipManager processIncomingMessages
FINE: 6: updated 1's heartbeat sequence to 53 based on message from server 1 at time 1642189495459 (updated)
Jan 14, 2022 2:44:56 PM edu.yu.cs.com3800.stage5.GossipManager sendGossip
FINE: Sending gossip to server 4
Jan 14, 2022 2:44:57 PM edu.yu.cs.com3800.stage5.GossipManager processIncomingMessages
FINE: Incoming message from server 0
Jan 14, 2022 2:44:57 PM edu.yu.cs.com3800.stage5.GossipManager processIncomingMessages
FINE: 6: updated 0's heartbeat sequence to 54 based on message from server 0 at time 1642189497847 (updated)
Jan 14, 2022 2:44:58 PM edu.yu.cs.com3800.stage5.GossipManager sendGossip
FINE: Sending gossip to server 5
Jan 14, 2022 2:44:59 PM edu.yu.cs.com3800.stage5.GossipManager processIncomingMessages
FINE: Incoming message from server 4
Jan 14, 2022 2:44:59 PM edu.yu.cs.com3800.stage5.GossipManager processIncomingMessages
FINE: 6: updated 1's heartbeat sequence to 54 based on message from server 4 at time 1642189499359 (updated)
Jan 14, 2022 2:44:59 PM edu.yu.cs.com3800.stage5.GossipManager processIncomingMessages
FINE: 6: updated 3's heartbeat sequence to 53 based on message from server 4 at time 1642189499359 (updated)
Jan 14, 2022 2:44:59 PM edu.yu.cs.com3800.stage5.GossipManager processIncomingMessages
FINE: 6: updated 4's heartbeat sequence to 55 based on message from server 4 at time 1642189499359 (updated)
Jan 14, 2022 2:44:59 PM edu.yu.cs.com3800.stage5.GossipManager processIncomingMessages
FINE: 6: updated 5's heartbeat sequence to 54 based on message from server 4 at time 1642189499359 (updated)
Jan 14, 2022 2:45:00 PM edu.yu.cs.com3800.stage5.GossipManager sendGossip
FINE: Sending gossip to server 0
Jan 14, 2022 2:45:03 PM edu.yu.cs.com3800.stage5.GossipManager checkForFailedAndCleanups
INFO: 6: no heartbeat from server 2 - server failed
Jan 14, 2022 2:45:03 PM edu.yu.cs.com3800.stage5.GossipManager sendGossip
FINE: Sending gossip to server 3
