Jan 14, 2022 2:43:07 PM edu.yu.cs.com3800.LoggingServer initializeLogging
FINE: Initialized at: 1642189387449 for server 7 

Jan 14, 2022 2:43:07 PM edu.yu.cs.com3800.stage5.GossipManager <init>
FINE: initialized...
Jan 14, 2022 2:43:08 PM edu.yu.cs.com3800.stage5.GossipManager sendGossip
FINE: Sending gossip to server 2
Jan 14, 2022 2:43:08 PM edu.yu.cs.com3800.stage5.GossipManager processIncomingMessages
FINE: Incoming message from server 3
Jan 14, 2022 2:43:08 PM edu.yu.cs.com3800.stage5.GossipManager processIncomingMessages
FINE: 7: updated 3's heartbeat sequence to 1 based on message from server 3 at time 1642189388783 (added)
Jan 14, 2022 2:43:10 PM edu.yu.cs.com3800.stage5.GossipManager processIncomingMessages
FINE: Incoming message from server 6
Jan 14, 2022 2:43:10 PM edu.yu.cs.com3800.stage5.GossipManager processIncomingMessages
FINE: 7: updated 6's heartbeat sequence to 2 based on message from server 6 at time 1642189390722 (added)
Jan 14, 2022 2:43:10 PM edu.yu.cs.com3800.stage5.GossipManager sendGossip
FINE: Sending gossip to server 0
Jan 14, 2022 2:43:12 PM edu.yu.cs.com3800.stage5.GossipManager sendGossip
FINE: Sending gossip to server 6
Jan 14, 2022 2:43:14 PM edu.yu.cs.com3800.stage5.GossipManager sendGossip
FINE: Sending gossip to server 1
Jan 14, 2022 2:43:16 PM edu.yu.cs.com3800.stage5.GossipManager sendGossip
FINE: Sending gossip to server 2
Jan 14, 2022 2:43:19 PM edu.yu.cs.com3800.stage5.GossipManager sendGossip
FINE: Sending gossip to server 5
Jan 14, 2022 2:43:19 PM edu.yu.cs.com3800.stage5.GossipManager processIncomingMessages
FINE: Incoming message from server 2
Jan 14, 2022 2:43:19 PM edu.yu.cs.com3800.stage5.GossipManager processIncomingMessages
FINE: 7: updated 0's heartbeat sequence to 5 based on message from server 2 at time 1642189399274 (added)
Jan 14, 2022 2:43:19 PM edu.yu.cs.com3800.stage5.GossipManager processIncomingMessages
FINE: 7: updated 1's heartbeat sequence to 3 based on message from server 2 at time 1642189399274 (added)
Jan 14, 2022 2:43:19 PM edu.yu.cs.com3800.stage5.GossipManager processIncomingMessages
FINE: 7: updated 2's heartbeat sequence to 6 based on message from server 2 at time 1642189399274 (added)
Jan 14, 2022 2:43:19 PM edu.yu.cs.com3800.stage5.GossipManager processIncomingMessages
FINE: 7: updated 3's heartbeat sequence to 3 based on message from server 2 at time 1642189399274 (updated)
Jan 14, 2022 2:43:19 PM edu.yu.cs.com3800.stage5.GossipManager processIncomingMessages
FINE: 7: updated 4's heartbeat sequence to 2 based on message from server 2 at time 1642189399274 (added)
Jan 14, 2022 2:43:19 PM edu.yu.cs.com3800.stage5.GossipManager processIncomingMessages
FINE: 7: updated 5's heartbeat sequence to 4 based on message from server 2 at time 1642189399274 (added)
Jan 14, 2022 2:43:21 PM edu.yu.cs.com3800.stage5.GossipManager processIncomingMessages
FINE: Incoming message from server 2
Jan 14, 2022 2:43:21 PM edu.yu.cs.com3800.stage5.GossipManager processIncomingMessages
FINE: 7: updated 0's heartbeat sequence to 6 based on message from server 2 at time 1642189401171 (updated)
Jan 14, 2022 2:43:21 PM edu.yu.cs.com3800.stage5.GossipManager processIncomingMessages
FINE: 7: updated 1's heartbeat sequence to 6 based on message from server 2 at time 1642189401171 (updated)
Jan 14, 2022 2:43:21 PM edu.yu.cs.com3800.stage5.GossipManager processIncomingMessages
FINE: 7: updated 2's heartbeat sequence to 7 based on message from server 2 at time 1642189401171 (updated)
Jan 14, 2022 2:43:21 PM edu.yu.cs.com3800.stage5.GossipManager processIncomingMessages
FINE: 7: updated 3's heartbeat sequence to 5 based on message from server 2 at time 1642189401171 (updated)
Jan 14, 2022 2:43:21 PM edu.yu.cs.com3800.stage5.GossipManager processIncomingMessages
FINE: 7: updated 4's heartbeat sequence to 6 based on message from server 2 at time 1642189401171 (updated)
Jan 14, 2022 2:43:21 PM edu.yu.cs.com3800.stage5.GossipManager processIncomingMessages
FINE: 7: updated 5's heartbeat sequence to 6 based on message from server 2 at time 1642189401171 (updated)
Jan 14, 2022 2:43:21 PM edu.yu.cs.com3800.stage5.GossipManager processIncomingMessages
FINE: 7: updated 6's heartbeat sequence to 7 based on message from server 2 at time 1642189401171 (updated)
Jan 14, 2022 2:43:21 PM edu.yu.cs.com3800.stage5.GossipManager sendGossip
FINE: Sending gossip to server 0
Jan 14, 2022 2:43:23 PM edu.yu.cs.com3800.stage5.GossipManager processIncomingMessages
FINE: Incoming message from server 2
Jan 14, 2022 2:43:23 PM edu.yu.cs.com3800.stage5.GossipManager processIncomingMessages
FINE: 7: updated 0's heartbeat sequence to 7 based on message from server 2 at time 1642189403342 (updated)
Jan 14, 2022 2:43:23 PM edu.yu.cs.com3800.stage5.GossipManager processIncomingMessages
FINE: 7: updated 1's heartbeat sequence to 7 based on message from server 2 at time 1642189403342 (updated)
Jan 14, 2022 2:43:23 PM edu.yu.cs.com3800.stage5.GossipManager processIncomingMessages
FINE: 7: updated 2's heartbeat sequence to 8 based on message from server 2 at time 1642189403342 (updated)
Jan 14, 2022 2:43:23 PM edu.yu.cs.com3800.stage5.GossipManager processIncomingMessages
FINE: 7: updated 3's heartbeat sequence to 7 based on message from server 2 at time 1642189403342 (updated)
Jan 14, 2022 2:43:23 PM edu.yu.cs.com3800.stage5.GossipManager sendGossip
FINE: Sending gossip to server 4
Jan 14, 2022 2:43:25 PM edu.yu.cs.com3800.stage5.GossipManager sendGossip
FINE: Sending gossip to server 1
Jan 14, 2022 2:43:25 PM edu.yu.cs.com3800.stage5.GossipManager processIncomingMessages
FINE: Incoming message from server 1
Jan 14, 2022 2:43:25 PM edu.yu.cs.com3800.stage5.GossipManager processIncomingMessages
FINE: 7: updated 0's heartbeat sequence to 8 based on message from server 1 at time 1642189405631 (updated)
Jan 14, 2022 2:43:25 PM edu.yu.cs.com3800.stage5.GossipManager processIncomingMessages
FINE: 7: updated 1's heartbeat sequence to 9 based on message from server 1 at time 1642189405631 (updated)
Jan 14, 2022 2:43:25 PM edu.yu.cs.com3800.stage5.GossipManager processIncomingMessages
FINE: 7: updated 3's heartbeat sequence to 9 based on message from server 1 at time 1642189405631 (updated)
Jan 14, 2022 2:43:25 PM edu.yu.cs.com3800.stage5.GossipManager processIncomingMessages
FINE: 7: updated 4's heartbeat sequence to 9 based on message from server 1 at time 1642189405631 (updated)
Jan 14, 2022 2:43:25 PM edu.yu.cs.com3800.stage5.GossipManager processIncomingMessages
FINE: 7: updated 5's heartbeat sequence to 7 based on message from server 1 at time 1642189405631 (updated)
Jan 14, 2022 2:43:25 PM edu.yu.cs.com3800.stage5.GossipManager processIncomingMessages
FINE: 7: updated 6's heartbeat sequence to 9 based on message from server 1 at time 1642189405631 (updated)
Jan 14, 2022 2:43:27 PM edu.yu.cs.com3800.stage5.GossipManager processIncomingMessages
FINE: Incoming message from server 0
Jan 14, 2022 2:43:27 PM edu.yu.cs.com3800.stage5.GossipManager processIncomingMessages
FINE: 7: updated 0's heartbeat sequence to 10 based on message from server 0 at time 1642189407252 (updated)
Jan 14, 2022 2:43:27 PM edu.yu.cs.com3800.stage5.GossipManager sendGossip
FINE: Sending gossip to server 6
Jan 14, 2022 2:43:27 PM edu.yu.cs.com3800.stage5.GossipManager processIncomingMessages
FINE: Incoming message from server 1
Jan 14, 2022 2:43:27 PM edu.yu.cs.com3800.stage5.GossipManager processIncomingMessages
FINE: 7: updated 1's heartbeat sequence to 10 based on message from server 1 at time 1642189407553 (updated)
Jan 14, 2022 2:43:29 PM edu.yu.cs.com3800.stage5.GossipManager sendGossip
FINE: Sending gossip to server 2
Jan 14, 2022 2:43:29 PM edu.yu.cs.com3800.stage5.GossipManager processIncomingMessages
FINE: Incoming message from server 4
Jan 14, 2022 2:43:29 PM edu.yu.cs.com3800.stage5.GossipManager processIncomingMessages
FINE: 7: updated 2's heartbeat sequence to 11 based on message from server 4 at time 1642189409762 (updated)
Jan 14, 2022 2:43:29 PM edu.yu.cs.com3800.stage5.GossipManager processIncomingMessages
FINE: 7: updated 4's heartbeat sequence to 11 based on message from server 4 at time 1642189409762 (updated)
Jan 14, 2022 2:43:29 PM edu.yu.cs.com3800.stage5.GossipManager processIncomingMessages
FINE: 7: updated 5's heartbeat sequence to 8 based on message from server 4 at time 1642189409762 (updated)
Jan 14, 2022 2:43:31 PM edu.yu.cs.com3800.stage5.GossipManager processIncomingMessages
FINE: Incoming message from server 0
Jan 14, 2022 2:43:31 PM edu.yu.cs.com3800.stage5.GossipManager processIncomingMessages
FINE: 7: updated 0's heartbeat sequence to 12 based on message from server 0 at time 1642189411199 (updated)
Jan 14, 2022 2:43:31 PM edu.yu.cs.com3800.stage5.GossipManager sendGossip
FINE: Sending gossip to server 4
Jan 14, 2022 2:43:33 PM edu.yu.cs.com3800.stage5.GossipManager sendGossip
FINE: Sending gossip to server 0
Jan 14, 2022 2:43:33 PM edu.yu.cs.com3800.stage5.GossipManager processIncomingMessages
FINE: Incoming message from server 4
Jan 14, 2022 2:43:33 PM edu.yu.cs.com3800.stage5.GossipManager processIncomingMessages
FINE: 7: updated 4's heartbeat sequence to 13 based on message from server 4 at time 1642189413988 (updated)
Jan 14, 2022 2:43:35 PM edu.yu.cs.com3800.stage5.GossipManager processIncomingMessages
FINE: Incoming message from server 2
Jan 14, 2022 2:43:35 PM edu.yu.cs.com3800.stage5.GossipManager processIncomingMessages
FINE: 7: updated 1's heartbeat sequence to 12 based on message from server 2 at time 1642189415635 (updated)
Jan 14, 2022 2:43:35 PM edu.yu.cs.com3800.stage5.GossipManager processIncomingMessages
FINE: 7: updated 2's heartbeat sequence to 14 based on message from server 2 at time 1642189415635 (updated)
Jan 14, 2022 2:43:35 PM edu.yu.cs.com3800.stage5.GossipManager processIncomingMessages
FINE: 7: updated 3's heartbeat sequence to 10 based on message from server 2 at time 1642189415635 (updated)
Jan 14, 2022 2:43:35 PM edu.yu.cs.com3800.stage5.GossipManager processIncomingMessages
FINE: 7: updated 5's heartbeat sequence to 10 based on message from server 2 at time 1642189415635 (updated)
Jan 14, 2022 2:43:35 PM edu.yu.cs.com3800.stage5.GossipManager processIncomingMessages
FINE: 7: updated 6's heartbeat sequence to 11 based on message from server 2 at time 1642189415635 (updated)
Jan 14, 2022 2:43:35 PM edu.yu.cs.com3800.stage5.GossipManager sendGossip
FINE: Sending gossip to server 2
Jan 14, 2022 2:43:36 PM edu.yu.cs.com3800.stage5.GossipManager processIncomingMessages
FINE: Incoming message from server 5
Jan 14, 2022 2:43:36 PM edu.yu.cs.com3800.stage5.GossipManager processIncomingMessages
FINE: 7: updated 0's heartbeat sequence to 14 based on message from server 5 at time 1642189416092 (updated)
Jan 14, 2022 2:43:36 PM edu.yu.cs.com3800.stage5.GossipManager processIncomingMessages
FINE: 7: updated 1's heartbeat sequence to 13 based on message from server 5 at time 1642189416092 (updated)
Jan 14, 2022 2:43:36 PM edu.yu.cs.com3800.stage5.GossipManager processIncomingMessages
FINE: 7: updated 3's heartbeat sequence to 14 based on message from server 5 at time 1642189416092 (updated)
Jan 14, 2022 2:43:36 PM edu.yu.cs.com3800.stage5.GossipManager processIncomingMessages
FINE: 7: updated 5's heartbeat sequence to 14 based on message from server 5 at time 1642189416092 (updated)
Jan 14, 2022 2:43:36 PM edu.yu.cs.com3800.stage5.GossipManager processIncomingMessages
FINE: 7: updated 6's heartbeat sequence to 14 based on message from server 5 at time 1642189416093 (updated)
Jan 14, 2022 2:43:37 PM edu.yu.cs.com3800.stage5.GossipManager sendGossip
FINE: Sending gossip to server 2
Jan 14, 2022 2:43:37 PM edu.yu.cs.com3800.stage5.GossipManager processIncomingMessages
FINE: Incoming message from server 2
Jan 14, 2022 2:43:37 PM edu.yu.cs.com3800.stage5.GossipManager processIncomingMessages
FINE: 7: updated 1's heartbeat sequence to 14 based on message from server 2 at time 1642189417811 (updated)
Jan 14, 2022 2:43:37 PM edu.yu.cs.com3800.stage5.GossipManager processIncomingMessages
FINE: 7: updated 2's heartbeat sequence to 15 based on message from server 2 at time 1642189417811 (updated)
Jan 14, 2022 2:43:37 PM edu.yu.cs.com3800.stage5.GossipManager processIncomingMessages
FINE: 7: updated 4's heartbeat sequence to 14 based on message from server 2 at time 1642189417811 (updated)
Jan 14, 2022 2:43:37 PM edu.yu.cs.com3800.stage5.GossipManager processIncomingMessages
FINE: Incoming message from server 1
Jan 14, 2022 2:43:37 PM edu.yu.cs.com3800.stage5.GossipManager processIncomingMessages
FINE: 7: updated 1's heartbeat sequence to 15 based on message from server 1 at time 1642189417880 (updated)
Jan 14, 2022 2:43:39 PM edu.yu.cs.com3800.stage5.GossipManager sendGossip
FINE: Sending gossip to server 3
Jan 14, 2022 2:43:41 PM edu.yu.cs.com3800.stage5.GossipManager sendGossip
FINE: Sending gossip to server 4
Jan 14, 2022 2:43:43 PM edu.yu.cs.com3800.stage5.GossipManager sendGossip
FINE: Sending gossip to server 2
Jan 14, 2022 2:43:44 PM edu.yu.cs.com3800.stage5.GossipManager processIncomingMessages
FINE: Incoming message from server 4
Jan 14, 2022 2:43:44 PM edu.yu.cs.com3800.stage5.GossipManager processIncomingMessages
FINE: 7: updated 0's heartbeat sequence to 17 based on message from server 4 at time 1642189424178 (updated)
Jan 14, 2022 2:43:44 PM edu.yu.cs.com3800.stage5.GossipManager processIncomingMessages
FINE: 7: updated 1's heartbeat sequence to 17 based on message from server 4 at time 1642189424178 (updated)
Jan 14, 2022 2:43:44 PM edu.yu.cs.com3800.stage5.GossipManager processIncomingMessages
FINE: 7: updated 3's heartbeat sequence to 17 based on message from server 4 at time 1642189424178 (updated)
Jan 14, 2022 2:43:44 PM edu.yu.cs.com3800.stage5.GossipManager processIncomingMessages
FINE: 7: updated 4's heartbeat sequence to 18 based on message from server 4 at time 1642189424178 (updated)
Jan 14, 2022 2:43:44 PM edu.yu.cs.com3800.stage5.GossipManager processIncomingMessages
FINE: 7: updated 5's heartbeat sequence to 16 based on message from server 4 at time 1642189424178 (updated)
Jan 14, 2022 2:43:44 PM edu.yu.cs.com3800.stage5.GossipManager processIncomingMessages
FINE: 7: updated 6's heartbeat sequence to 17 based on message from server 4 at time 1642189424178 (updated)
Jan 14, 2022 2:43:45 PM edu.yu.cs.com3800.stage5.GossipManager sendGossip
FINE: Sending gossip to server 2
Jan 14, 2022 2:43:46 PM edu.yu.cs.com3800.stage5.GossipManager processIncomingMessages
FINE: Incoming message from server 1
Jan 14, 2022 2:43:46 PM edu.yu.cs.com3800.stage5.GossipManager processIncomingMessages
FINE: 7: updated 1's heartbeat sequence to 19 based on message from server 1 at time 1642189426212 (updated)
Jan 14, 2022 2:43:46 PM edu.yu.cs.com3800.stage5.GossipManager processIncomingMessages
FINE: Incoming message from server 5
Jan 14, 2022 2:43:46 PM edu.yu.cs.com3800.stage5.GossipManager processIncomingMessages
FINE: 7: updated 0's heartbeat sequence to 19 based on message from server 5 at time 1642189426323 (updated)
Jan 14, 2022 2:43:46 PM edu.yu.cs.com3800.stage5.GossipManager processIncomingMessages
FINE: 7: updated 3's heartbeat sequence to 19 based on message from server 5 at time 1642189426323 (updated)
Jan 14, 2022 2:43:46 PM edu.yu.cs.com3800.stage5.GossipManager processIncomingMessages
FINE: 7: updated 4's heartbeat sequence to 19 based on message from server 5 at time 1642189426323 (updated)
Jan 14, 2022 2:43:46 PM edu.yu.cs.com3800.stage5.GossipManager processIncomingMessages
FINE: 7: updated 5's heartbeat sequence to 19 based on message from server 5 at time 1642189426323 (updated)
Jan 14, 2022 2:43:46 PM edu.yu.cs.com3800.stage5.GossipManager processIncomingMessages
FINE: 7: updated 6's heartbeat sequence to 19 based on message from server 5 at time 1642189426323 (updated)
Jan 14, 2022 2:43:47 PM edu.yu.cs.com3800.stage5.GossipManager sendGossip
FINE: Sending gossip to server 4
Jan 14, 2022 2:43:48 PM edu.yu.cs.com3800.stage5.GossipManager processIncomingMessages
FINE: Incoming message from server 3
Jan 14, 2022 2:43:48 PM edu.yu.cs.com3800.stage5.GossipManager processIncomingMessages
FINE: 7: updated 3's heartbeat sequence to 20 based on message from server 3 at time 1642189428020 (updated)
Jan 14, 2022 2:43:48 PM edu.yu.cs.com3800.stage5.GossipManager processIncomingMessages
FINE: Incoming message from server 0
Jan 14, 2022 2:43:48 PM edu.yu.cs.com3800.stage5.GossipManager processIncomingMessages
FINE: 7: updated 0's heartbeat sequence to 20 based on message from server 0 at time 1642189428145 (updated)
Jan 14, 2022 2:43:48 PM edu.yu.cs.com3800.stage5.GossipManager processIncomingMessages
FINE: 7: updated 1's heartbeat sequence to 20 based on message from server 0 at time 1642189428145 (updated)
Jan 14, 2022 2:43:48 PM edu.yu.cs.com3800.stage5.GossipManager processIncomingMessages
FINE: 7: updated 6's heartbeat sequence to 20 based on message from server 0 at time 1642189428145 (updated)
Jan 14, 2022 2:43:49 PM edu.yu.cs.com3800.stage5.GossipManager processIncomingMessages
FINE: Incoming message from server 6
Jan 14, 2022 2:43:49 PM edu.yu.cs.com3800.stage5.GossipManager processIncomingMessages
FINE: 7: updated 6's heartbeat sequence to 21 based on message from server 6 at time 1642189429543 (updated)
Jan 14, 2022 2:43:49 PM edu.yu.cs.com3800.stage5.GossipManager sendGossip
FINE: Sending gossip to server 5
Jan 14, 2022 2:43:50 PM edu.yu.cs.com3800.stage5.GossipManager processIncomingMessages
FINE: Incoming message from server 5
Jan 14, 2022 2:43:50 PM edu.yu.cs.com3800.stage5.GossipManager processIncomingMessages
FINE: 7: updated 0's heartbeat sequence to 21 based on message from server 5 at time 1642189430421 (updated)
Jan 14, 2022 2:43:50 PM edu.yu.cs.com3800.stage5.GossipManager processIncomingMessages
FINE: 7: updated 3's heartbeat sequence to 21 based on message from server 5 at time 1642189430421 (updated)
Jan 14, 2022 2:43:50 PM edu.yu.cs.com3800.stage5.GossipManager processIncomingMessages
FINE: 7: updated 4's heartbeat sequence to 20 based on message from server 5 at time 1642189430421 (updated)
Jan 14, 2022 2:43:50 PM edu.yu.cs.com3800.stage5.GossipManager processIncomingMessages
FINE: 7: updated 5's heartbeat sequence to 21 based on message from server 5 at time 1642189430421 (updated)
Jan 14, 2022 2:43:51 PM edu.yu.cs.com3800.stage5.GossipManager sendGossip
FINE: Sending gossip to server 1
Jan 14, 2022 2:43:52 PM edu.yu.cs.com3800.stage5.GossipManager processIncomingMessages
FINE: Incoming message from server 3
Jan 14, 2022 2:43:52 PM edu.yu.cs.com3800.stage5.GossipManager processIncomingMessages
FINE: 7: updated 3's heartbeat sequence to 22 based on message from server 3 at time 1642189432161 (updated)
Jan 14, 2022 2:43:52 PM edu.yu.cs.com3800.stage5.GossipManager processIncomingMessages
FINE: Incoming message from server 0
Jan 14, 2022 2:43:52 PM edu.yu.cs.com3800.stage5.GossipManager processIncomingMessages
FINE: 7: updated 0's heartbeat sequence to 22 based on message from server 0 at time 1642189432272 (updated)
Jan 14, 2022 2:43:52 PM edu.yu.cs.com3800.stage5.GossipManager processIncomingMessages
FINE: 7: updated 4's heartbeat sequence to 21 based on message from server 0 at time 1642189432272 (updated)
Jan 14, 2022 2:43:53 PM edu.yu.cs.com3800.stage5.GossipManager sendGossip
FINE: Sending gossip to server 1
Jan 14, 2022 2:43:54 PM edu.yu.cs.com3800.stage5.GossipManager processIncomingMessages
FINE: Incoming message from server 4
Jan 14, 2022 2:43:54 PM edu.yu.cs.com3800.stage5.GossipManager processIncomingMessages
FINE: 7: updated 1's heartbeat sequence to 23 based on message from server 4 at time 1642189434374 (updated)
Jan 14, 2022 2:43:54 PM edu.yu.cs.com3800.stage5.GossipManager processIncomingMessages
FINE: 7: updated 4's heartbeat sequence to 23 based on message from server 4 at time 1642189434374 (updated)
Jan 14, 2022 2:43:54 PM edu.yu.cs.com3800.stage5.GossipManager processIncomingMessages
FINE: 7: updated 5's heartbeat sequence to 22 based on message from server 4 at time 1642189434374 (updated)
Jan 14, 2022 2:43:55 PM edu.yu.cs.com3800.stage5.GossipManager processIncomingMessages
FINE: Incoming message from server 6
Jan 14, 2022 2:43:55 PM edu.yu.cs.com3800.stage5.GossipManager processIncomingMessages
FINE: 7: updated 6's heartbeat sequence to 24 based on message from server 6 at time 1642189435697 (updated)
Jan 14, 2022 2:43:55 PM edu.yu.cs.com3800.stage5.GossipManager sendGossip
FINE: Sending gossip to server 5
Jan 14, 2022 2:43:56 PM edu.yu.cs.com3800.stage5.GossipManager processIncomingMessages
FINE: Incoming message from server 0
Jan 14, 2022 2:43:56 PM edu.yu.cs.com3800.stage5.GossipManager processIncomingMessages
FINE: 7: updated 0's heartbeat sequence to 24 based on message from server 0 at time 1642189436436 (updated)
Jan 14, 2022 2:43:58 PM edu.yu.cs.com3800.stage5.GossipManager checkForFailedAndCleanups
INFO: 7: no heartbeat from server 2 - server failed
Jan 14, 2022 2:43:58 PM edu.yu.cs.com3800.stage5.GossipManager sendGossip
FINE: Sending gossip to server 6
Jan 14, 2022 2:43:58 PM edu.yu.cs.com3800.stage5.GossipManager processIncomingMessages
FINE: Incoming message from server 0
Jan 14, 2022 2:43:58 PM edu.yu.cs.com3800.stage5.GossipManager processIncomingMessages
FINE: 7: updated 0's heartbeat sequence to 25 based on message from server 0 at time 1642189438485 (updated)
Jan 14, 2022 2:43:58 PM edu.yu.cs.com3800.stage5.GossipManager processIncomingMessages
FINE: 7: updated 1's heartbeat sequence to 25 based on message from server 0 at time 1642189438485 (updated)
Jan 14, 2022 2:43:58 PM edu.yu.cs.com3800.stage5.GossipManager processIncomingMessages
FINE: 7: updated 2's heartbeat sequence to 15 based on message from server 0 at time 1642189438485 (added)
Jan 14, 2022 2:43:58 PM edu.yu.cs.com3800.stage5.GossipManager processIncomingMessages
FINE: 7: updated 3's heartbeat sequence to 24 based on message from server 0 at time 1642189438485 (updated)
Jan 14, 2022 2:43:58 PM edu.yu.cs.com3800.stage5.GossipManager processIncomingMessages
FINE: 7: updated 5's heartbeat sequence to 24 based on message from server 0 at time 1642189438485 (updated)
Jan 14, 2022 2:43:58 PM edu.yu.cs.com3800.stage5.GossipManager processIncomingMessages
FINE: 7: updated 6's heartbeat sequence to 25 based on message from server 0 at time 1642189438485 (updated)
Jan 14, 2022 2:44:00 PM edu.yu.cs.com3800.stage5.GossipManager sendGossip
FINE: Sending gossip to server 0
Jan 14, 2022 2:44:00 PM edu.yu.cs.com3800.stage5.GossipManager processIncomingMessages
FINE: Incoming message from server 0
Jan 14, 2022 2:44:00 PM edu.yu.cs.com3800.stage5.GossipManager processIncomingMessages
FINE: 7: updated 0's heartbeat sequence to 26 based on message from server 0 at time 1642189440497 (updated)
Jan 14, 2022 2:44:00 PM edu.yu.cs.com3800.stage5.GossipManager processIncomingMessages
FINE: 7: updated 4's heartbeat sequence to 24 based on message from server 0 at time 1642189440497 (updated)
Jan 14, 2022 2:44:00 PM edu.yu.cs.com3800.stage5.GossipManager processIncomingMessages
FINE: 7: updated 5's heartbeat sequence to 25 based on message from server 0 at time 1642189440497 (updated)
Jan 14, 2022 2:44:02 PM edu.yu.cs.com3800.stage5.GossipManager sendGossip
FINE: Sending gossip to server 6
Jan 14, 2022 2:44:02 PM edu.yu.cs.com3800.stage5.GossipManager processIncomingMessages
FINE: Incoming message from server 0
Jan 14, 2022 2:44:02 PM edu.yu.cs.com3800.stage5.GossipManager processIncomingMessages
FINE: 7: updated 0's heartbeat sequence to 27 based on message from server 0 at time 1642189442513 (updated)
Jan 14, 2022 2:44:02 PM edu.yu.cs.com3800.stage5.GossipManager processIncomingMessages
FINE: 7: updated 1's heartbeat sequence to 27 based on message from server 0 at time 1642189442513 (updated)
Jan 14, 2022 2:44:02 PM edu.yu.cs.com3800.stage5.GossipManager processIncomingMessages
FINE: Incoming message from server 3
Jan 14, 2022 2:44:02 PM edu.yu.cs.com3800.stage5.GossipManager processIncomingMessages
FINE: 7: updated 3's heartbeat sequence to 27 based on message from server 3 at time 1642189442723 (updated)
Jan 14, 2022 2:44:02 PM edu.yu.cs.com3800.stage5.GossipManager processIncomingMessages
FINE: 7: updated 4's heartbeat sequence to 26 based on message from server 3 at time 1642189442723 (updated)
Jan 14, 2022 2:44:02 PM edu.yu.cs.com3800.stage5.GossipManager processIncomingMessages
FINE: 7: updated 5's heartbeat sequence to 26 based on message from server 3 at time 1642189442723 (updated)
Jan 14, 2022 2:44:02 PM edu.yu.cs.com3800.stage5.GossipManager processIncomingMessages
FINE: 7: updated 6's heartbeat sequence to 26 based on message from server 3 at time 1642189442723 (updated)
Jan 14, 2022 2:44:04 PM edu.yu.cs.com3800.stage5.GossipManager sendGossip
FINE: Sending gossip to server 5
Jan 14, 2022 2:44:04 PM edu.yu.cs.com3800.stage5.GossipManager processIncomingMessages
FINE: Incoming message from server 3
Jan 14, 2022 2:44:04 PM edu.yu.cs.com3800.stage5.GossipManager processIncomingMessages
FINE: 7: updated 3's heartbeat sequence to 28 based on message from server 3 at time 1642189444734 (updated)
Jan 14, 2022 2:44:06 PM edu.yu.cs.com3800.stage5.GossipManager sendGossip
FINE: Sending gossip to server 5
Jan 14, 2022 2:44:06 PM edu.yu.cs.com3800.stage5.GossipManager processIncomingMessages
FINE: Incoming message from server 3
Jan 14, 2022 2:44:06 PM edu.yu.cs.com3800.stage5.GossipManager processIncomingMessages
FINE: 7: updated 3's heartbeat sequence to 29 based on message from server 3 at time 1642189446611 (updated)
Jan 14, 2022 2:44:06 PM edu.yu.cs.com3800.stage5.GossipManager processIncomingMessages
FINE: Incoming message from server 0
Jan 14, 2022 2:44:06 PM edu.yu.cs.com3800.stage5.GossipManager processIncomingMessages
FINE: 7: updated 0's heartbeat sequence to 29 based on message from server 0 at time 1642189446724 (updated)
Jan 14, 2022 2:44:06 PM edu.yu.cs.com3800.stage5.GossipManager processIncomingMessages
FINE: 7: updated 1's heartbeat sequence to 28 based on message from server 0 at time 1642189446724 (updated)
Jan 14, 2022 2:44:06 PM edu.yu.cs.com3800.stage5.GossipManager processIncomingMessages
FINE: 7: updated 4's heartbeat sequence to 28 based on message from server 0 at time 1642189446724 (updated)
Jan 14, 2022 2:44:06 PM edu.yu.cs.com3800.stage5.GossipManager processIncomingMessages
FINE: 7: updated 5's heartbeat sequence to 28 based on message from server 0 at time 1642189446724 (updated)
Jan 14, 2022 2:44:06 PM edu.yu.cs.com3800.stage5.GossipManager processIncomingMessages
FINE: 7: updated 6's heartbeat sequence to 29 based on message from server 0 at time 1642189446724 (updated)
Jan 14, 2022 2:44:08 PM edu.yu.cs.com3800.stage5.GossipManager sendGossip
FINE: Sending gossip to server 6
Jan 14, 2022 2:44:08 PM edu.yu.cs.com3800.stage5.GossipManager processIncomingMessages
FINE: Incoming message from server 4
Jan 14, 2022 2:44:08 PM edu.yu.cs.com3800.stage5.GossipManager processIncomingMessages
FINE: 7: updated 4's heartbeat sequence to 30 based on message from server 4 at time 1642189448793 (updated)
Jan 14, 2022 2:44:08 PM edu.yu.cs.com3800.stage5.GossipManager processIncomingMessages
FINE: Incoming message from server 5
Jan 14, 2022 2:44:08 PM edu.yu.cs.com3800.stage5.GossipManager processIncomingMessages
FINE: 7: updated 5's heartbeat sequence to 30 based on message from server 5 at time 1642189448793 (updated)
Jan 14, 2022 2:44:10 PM edu.yu.cs.com3800.stage5.GossipManager sendGossip
FINE: Sending gossip to server 6
Jan 14, 2022 2:44:12 PM edu.yu.cs.com3800.stage5.GossipManager sendGossip
FINE: Sending gossip to server 4
Jan 14, 2022 2:44:12 PM edu.yu.cs.com3800.stage5.GossipManager processIncomingMessages
FINE: Incoming message from server 5
Jan 14, 2022 2:44:12 PM edu.yu.cs.com3800.stage5.GossipManager processIncomingMessages
FINE: 7: updated 0's heartbeat sequence to 32 based on message from server 5 at time 1642189452880 (updated)
Jan 14, 2022 2:44:12 PM edu.yu.cs.com3800.stage5.GossipManager processIncomingMessages
FINE: 7: updated 1's heartbeat sequence to 29 based on message from server 5 at time 1642189452880 (updated)
Jan 14, 2022 2:44:12 PM edu.yu.cs.com3800.stage5.GossipManager processIncomingMessages
FINE: 7: updated 5's heartbeat sequence to 32 based on message from server 5 at time 1642189452880 (updated)
Jan 14, 2022 2:44:12 PM edu.yu.cs.com3800.stage5.GossipManager processIncomingMessages
FINE: 7: updated 6's heartbeat sequence to 31 based on message from server 5 at time 1642189452880 (updated)
Jan 14, 2022 2:44:14 PM edu.yu.cs.com3800.stage5.GossipManager sendGossip
FINE: Sending gossip to server 5
Jan 14, 2022 2:44:16 PM edu.yu.cs.com3800.stage5.GossipManager sendGossip
FINE: Sending gossip to server 1
Jan 14, 2022 2:44:16 PM edu.yu.cs.com3800.stage5.GossipManager processIncomingMessages
FINE: Incoming message from server 5
Jan 14, 2022 2:44:16 PM edu.yu.cs.com3800.stage5.GossipManager processIncomingMessages
FINE: 7: updated 1's heartbeat sequence to 30 based on message from server 5 at time 1642189456964 (updated)
Jan 14, 2022 2:44:16 PM edu.yu.cs.com3800.stage5.GossipManager processIncomingMessages
FINE: 7: updated 3's heartbeat sequence to 31 based on message from server 5 at time 1642189456964 (updated)
Jan 14, 2022 2:44:16 PM edu.yu.cs.com3800.stage5.GossipManager processIncomingMessages
FINE: 7: updated 4's heartbeat sequence to 32 based on message from server 5 at time 1642189456964 (updated)
Jan 14, 2022 2:44:16 PM edu.yu.cs.com3800.stage5.GossipManager processIncomingMessages
FINE: 7: updated 5's heartbeat sequence to 34 based on message from server 5 at time 1642189456964 (updated)
Jan 14, 2022 2:44:16 PM edu.yu.cs.com3800.stage5.GossipManager processIncomingMessages
FINE: 7: updated 6's heartbeat sequence to 32 based on message from server 5 at time 1642189456964 (updated)
Jan 14, 2022 2:44:18 PM edu.yu.cs.com3800.stage5.GossipManager sendGossip
FINE: Sending gossip to server 0
Jan 14, 2022 2:44:18 PM edu.yu.cs.com3800.stage5.GossipManager processIncomingMessages
FINE: Incoming message from server 4
Jan 14, 2022 2:44:18 PM edu.yu.cs.com3800.stage5.GossipManager processIncomingMessages
FINE: 7: updated 1's heartbeat sequence to 32 based on message from server 4 at time 1642189458855 (updated)
Jan 14, 2022 2:44:18 PM edu.yu.cs.com3800.stage5.GossipManager processIncomingMessages
FINE: 7: updated 3's heartbeat sequence to 32 based on message from server 4 at time 1642189458855 (updated)
Jan 14, 2022 2:44:18 PM edu.yu.cs.com3800.stage5.GossipManager processIncomingMessages
FINE: 7: updated 4's heartbeat sequence to 35 based on message from server 4 at time 1642189458855 (updated)
Jan 14, 2022 2:44:18 PM edu.yu.cs.com3800.stage5.GossipManager processIncomingMessages
FINE: 7: updated 6's heartbeat sequence to 33 based on message from server 4 at time 1642189458855 (updated)
