Jan 14, 2022 2:43:08 PM edu.yu.cs.com3800.LoggingServer initializeLogging
FINE: Initialized at: 1642189388998 for server 1 

Jan 14, 2022 2:43:13 PM edu.yu.cs.com3800.stage5.JavaRunnerFollower <init>
FINE: initialized at 1642189393340
Jan 14, 2022 2:43:27 PM edu.yu.cs.com3800.stage5.JavaRunnerFollower run
FINE: incoming message...
Jan 14, 2022 2:43:30 PM edu.yu.cs.com3800.stage5.JavaRunnerFollower run
INFO: sending to leader completed work of request #2
Jan 14, 2022 2:43:31 PM edu.yu.cs.com3800.stage5.JavaRunnerFollower run
FINE: incoming message...
Jan 14, 2022 2:43:33 PM edu.yu.cs.com3800.stage5.JavaRunnerFollower run
INFO: sending to leader completed work of request #7
Jan 14, 2022 2:44:44 PM edu.yu.cs.com3800.LoggingServer initializeLogging
FINE: Initialized at: 1642189484326 for server 1 

Jan 14, 2022 2:44:44 PM edu.yu.cs.com3800.stage5.JavaRunnerFollower <init>
FINE: initialized at 1642189484326
Jan 14, 2022 2:44:51 PM edu.yu.cs.com3800.stage5.JavaRunnerFollower run
FINE: incoming message...
Jan 14, 2022 2:44:52 PM edu.yu.cs.com3800.stage5.JavaRunnerFollower run
INFO: sending to leader completed work of request #13
Jan 14, 2022 2:44:52 PM edu.yu.cs.com3800.stage5.JavaRunnerFollower run
FINE: incoming message...
Jan 14, 2022 2:44:53 PM edu.yu.cs.com3800.stage5.JavaRunnerFollower run
INFO: sending to leader completed work of request #10
Jan 14, 2022 2:44:54 PM edu.yu.cs.com3800.stage5.JavaRunnerFollower run
FINE: incoming message...
Jan 14, 2022 2:44:54 PM edu.yu.cs.com3800.stage5.JavaRunnerFollower run
INFO: sending to leader completed work of request #14
Jan 14, 2022 2:44:54 PM edu.yu.cs.com3800.stage5.JavaRunnerFollower run
FINE: incoming message...
Jan 14, 2022 2:44:55 PM edu.yu.cs.com3800.stage5.JavaRunnerFollower run
INFO: sending to leader completed work of request #17
Jan 14, 2022 2:45:03 PM edu.yu.cs.com3800.stage5.JavaRunnerFollower shutdown
FINE: shutdown
