Jan 14, 2022 2:44:40 PM edu.yu.cs.com3800.LoggingServer initializeLogging
FINE: Initialized at: 1642189480873 for server 3 

Jan 14, 2022 2:44:40 PM edu.yu.cs.com3800.stage5.TCPListener <init>
FINE: Initialized
Jan 14, 2022 2:44:41 PM edu.yu.cs.com3800.stage5.TCPListener run
FINE: socket listening
Jan 14, 2022 2:44:50 PM edu.yu.cs.com3800.stage5.TCPListener run
FINE: socket connecting
Jan 14, 2022 2:44:50 PM edu.yu.cs.com3800.stage5.TCPListener run
FINE: payload read
Jan 14, 2022 2:44:50 PM edu.yu.cs.com3800.stage5.TCPListener run
FINE: sharing class
Jan 14, 2022 2:44:50 PM edu.yu.cs.com3800.stage5.TCPListener run
FINE: message shared with handling sibling class: true
Jan 14, 2022 2:44:50 PM edu.yu.cs.com3800.stage5.TCPListener run
FINE: socket listening
Jan 14, 2022 2:44:50 PM edu.yu.cs.com3800.stage5.TCPListener run
FINE: socket connecting
Jan 14, 2022 2:44:50 PM edu.yu.cs.com3800.stage5.TCPListener run
FINE: payload read
Jan 14, 2022 2:44:50 PM edu.yu.cs.com3800.stage5.TCPListener run
FINE: sharing class
Jan 14, 2022 2:44:50 PM edu.yu.cs.com3800.stage5.TCPListener run
FINE: message shared with handling sibling class: true
Jan 14, 2022 2:44:50 PM edu.yu.cs.com3800.stage5.TCPListener run
FINE: socket listening
Jan 14, 2022 2:44:59 PM edu.yu.cs.com3800.stage5.TCPListener run
FINE: socket connecting
Jan 14, 2022 2:44:59 PM edu.yu.cs.com3800.stage5.TCPListener run
FINE: payload read
Jan 14, 2022 2:44:59 PM edu.yu.cs.com3800.stage5.TCPListener run
FINE: sharing class
Jan 14, 2022 2:44:59 PM edu.yu.cs.com3800.stage5.TCPListener run
FINE: message shared with handling sibling class: true
Jan 14, 2022 2:44:59 PM edu.yu.cs.com3800.stage5.TCPListener run
FINE: socket listening
Jan 14, 2022 2:45:03 PM edu.yu.cs.com3800.stage5.TCPListener shutdown
FINE: shutdown commencing
Jan 14, 2022 2:45:03 PM edu.yu.cs.com3800.stage5.TCPListener shutdown
FINE: shutdown complete
