Jan 14, 2022 2:43:09 PM edu.yu.cs.com3800.LoggingServer initializeLogging
FINE: Initialized at: 1642189389495 for server 5 

Jan 14, 2022 2:43:09 PM edu.yu.cs.com3800.stage5.TCPListener <init>
FINE: Initialized
Jan 14, 2022 2:43:09 PM edu.yu.cs.com3800.stage5.TCPListener run
FINE: socket listening
Jan 14, 2022 2:43:27 PM edu.yu.cs.com3800.stage5.TCPListener run
FINE: socket connecting
Jan 14, 2022 2:43:27 PM edu.yu.cs.com3800.stage5.TCPListener run
FINE: payload read
Jan 14, 2022 2:43:27 PM edu.yu.cs.com3800.stage5.TCPListener run
FINE: sharing class
Jan 14, 2022 2:43:27 PM edu.yu.cs.com3800.stage5.TCPListener run
FINE: message shared with handling sibling class: true
Jan 14, 2022 2:43:27 PM edu.yu.cs.com3800.stage5.TCPListener run
FINE: socket listening
Jan 14, 2022 2:44:43 PM edu.yu.cs.com3800.stage5.TCPListener shutdown
FINE: shutdown commencing
Jan 14, 2022 2:44:43 PM edu.yu.cs.com3800.stage5.TCPListener shutdown
FINE: shutdown complete
Jan 14, 2022 2:44:43 PM edu.yu.cs.com3800.LoggingServer initializeLogging
FINE: Initialized at: 1642189483175 for server 5 

Jan 14, 2022 2:44:43 PM edu.yu.cs.com3800.stage5.TCPListener <init>
FINE: Initialized
Jan 14, 2022 2:44:43 PM edu.yu.cs.com3800.stage5.TCPListener run
FINE: socket listening
Jan 14, 2022 2:44:49 PM edu.yu.cs.com3800.stage5.TCPListener run
FINE: socket connecting
Jan 14, 2022 2:44:50 PM edu.yu.cs.com3800.stage5.TCPListener run
FINE: payload read
Jan 14, 2022 2:44:50 PM edu.yu.cs.com3800.stage5.TCPListener run
FINE: sharing class
Jan 14, 2022 2:44:50 PM edu.yu.cs.com3800.stage5.TCPListener run
FINE: message shared with handling sibling class: true
Jan 14, 2022 2:44:50 PM edu.yu.cs.com3800.stage5.TCPListener run
FINE: socket listening
Jan 14, 2022 2:44:50 PM edu.yu.cs.com3800.stage5.TCPListener run
FINE: socket connecting
Jan 14, 2022 2:44:50 PM edu.yu.cs.com3800.stage5.TCPListener run
FINE: payload read
Jan 14, 2022 2:44:50 PM edu.yu.cs.com3800.stage5.TCPListener run
FINE: sharing class
Jan 14, 2022 2:44:50 PM edu.yu.cs.com3800.stage5.TCPListener run
FINE: message shared with handling sibling class: true
Jan 14, 2022 2:44:50 PM edu.yu.cs.com3800.stage5.TCPListener run
FINE: socket listening
Jan 14, 2022 2:44:50 PM edu.yu.cs.com3800.stage5.TCPListener run
FINE: socket connecting
Jan 14, 2022 2:44:50 PM edu.yu.cs.com3800.stage5.TCPListener run
FINE: payload read
Jan 14, 2022 2:44:50 PM edu.yu.cs.com3800.stage5.TCPListener run
FINE: sharing class
Jan 14, 2022 2:44:50 PM edu.yu.cs.com3800.stage5.TCPListener run
FINE: message shared with handling sibling class: true
Jan 14, 2022 2:44:50 PM edu.yu.cs.com3800.stage5.TCPListener run
FINE: socket listening
Jan 14, 2022 2:44:50 PM edu.yu.cs.com3800.stage5.TCPListener run
FINE: socket connecting
Jan 14, 2022 2:44:50 PM edu.yu.cs.com3800.stage5.TCPListener run
FINE: payload read
Jan 14, 2022 2:44:50 PM edu.yu.cs.com3800.stage5.TCPListener run
FINE: sharing class
Jan 14, 2022 2:44:50 PM edu.yu.cs.com3800.stage5.TCPListener run
FINE: message shared with handling sibling class: true
Jan 14, 2022 2:44:50 PM edu.yu.cs.com3800.stage5.TCPListener run
FINE: socket listening
Jan 14, 2022 2:44:50 PM edu.yu.cs.com3800.stage5.TCPListener run
FINE: socket connecting
Jan 14, 2022 2:44:50 PM edu.yu.cs.com3800.stage5.TCPListener run
FINE: payload read
Jan 14, 2022 2:44:50 PM edu.yu.cs.com3800.stage5.TCPListener run
FINE: sharing class
Jan 14, 2022 2:44:50 PM edu.yu.cs.com3800.stage5.TCPListener run
FINE: message shared with handling sibling class: true
Jan 14, 2022 2:44:50 PM edu.yu.cs.com3800.stage5.TCPListener run
FINE: socket listening
Jan 14, 2022 2:44:50 PM edu.yu.cs.com3800.stage5.TCPListener run
FINE: socket connecting
Jan 14, 2022 2:44:50 PM edu.yu.cs.com3800.stage5.TCPListener run
FINE: payload read
Jan 14, 2022 2:44:50 PM edu.yu.cs.com3800.stage5.TCPListener run
FINE: sharing class
Jan 14, 2022 2:44:50 PM edu.yu.cs.com3800.stage5.TCPListener run
FINE: message shared with handling sibling class: true
Jan 14, 2022 2:44:50 PM edu.yu.cs.com3800.stage5.TCPListener run
FINE: socket listening
Jan 14, 2022 2:44:50 PM edu.yu.cs.com3800.stage5.TCPListener run
FINE: socket connecting
Jan 14, 2022 2:44:50 PM edu.yu.cs.com3800.stage5.TCPListener run
FINE: payload read
Jan 14, 2022 2:44:50 PM edu.yu.cs.com3800.stage5.TCPListener run
FINE: sharing class
Jan 14, 2022 2:44:50 PM edu.yu.cs.com3800.stage5.TCPListener run
FINE: message shared with handling sibling class: true
Jan 14, 2022 2:44:50 PM edu.yu.cs.com3800.stage5.TCPListener run
FINE: socket listening
Jan 14, 2022 2:44:50 PM edu.yu.cs.com3800.stage5.TCPListener run
FINE: socket connecting
Jan 14, 2022 2:44:50 PM edu.yu.cs.com3800.stage5.TCPListener run
FINE: payload read
Jan 14, 2022 2:44:50 PM edu.yu.cs.com3800.stage5.TCPListener run
FINE: sharing class
Jan 14, 2022 2:44:50 PM edu.yu.cs.com3800.stage5.TCPListener run
FINE: message shared with handling sibling class: true
Jan 14, 2022 2:44:50 PM edu.yu.cs.com3800.stage5.TCPListener run
FINE: socket listening
Jan 14, 2022 2:44:53 PM edu.yu.cs.com3800.stage5.TCPListener run
FINE: socket connecting
Jan 14, 2022 2:44:54 PM edu.yu.cs.com3800.stage5.TCPListener run
FINE: payload read
Jan 14, 2022 2:44:54 PM edu.yu.cs.com3800.stage5.TCPListener run
FINE: sharing class
Jan 14, 2022 2:44:54 PM edu.yu.cs.com3800.stage5.TCPListener run
FINE: message shared with handling sibling class: true
Jan 14, 2022 2:44:54 PM edu.yu.cs.com3800.stage5.TCPListener run
FINE: socket listening
Jan 14, 2022 2:44:58 PM edu.yu.cs.com3800.stage5.TCPListener run
FINE: socket connecting
Jan 14, 2022 2:44:58 PM edu.yu.cs.com3800.stage5.TCPListener run
FINE: payload read
Jan 14, 2022 2:44:58 PM edu.yu.cs.com3800.stage5.TCPListener run
FINE: sharing class
Jan 14, 2022 2:44:58 PM edu.yu.cs.com3800.stage5.TCPListener run
FINE: message shared with handling sibling class: true
Jan 14, 2022 2:44:58 PM edu.yu.cs.com3800.stage5.TCPListener run
FINE: socket listening
Jan 14, 2022 2:44:59 PM edu.yu.cs.com3800.stage5.TCPListener run
FINE: socket connecting
Jan 14, 2022 2:44:59 PM edu.yu.cs.com3800.stage5.TCPListener run
FINE: payload read
Jan 14, 2022 2:44:59 PM edu.yu.cs.com3800.stage5.TCPListener run
FINE: sharing class
Jan 14, 2022 2:44:59 PM edu.yu.cs.com3800.stage5.TCPListener run
FINE: message shared with handling sibling class: true
Jan 14, 2022 2:44:59 PM edu.yu.cs.com3800.stage5.TCPListener run
FINE: socket listening
Jan 14, 2022 2:45:03 PM edu.yu.cs.com3800.stage5.TCPListener shutdown
FINE: shutdown commencing
Jan 14, 2022 2:45:03 PM edu.yu.cs.com3800.stage5.TCPListener shutdown
FINE: shutdown complete
